#
# A fatal error has been detected by the Java Runtime Environment:
#
#  SIGSEGV (0xb) at pc=0x00007fff8ca540dd, pid=1423, tid=1811
#
# JRE version: Java(TM) SE Runtime Environment (8.0_60-b27) (build 1.8.0_60-b27)
# Java VM: Java HotSpot(TM) 64-Bit Server VM (25.60-b23 mixed mode bsd-amd64 compressed oops)
# Problematic frame:
# C  [libobjc.A.dylib+0x10dd]  objc_msgSend+0x1d
#
# Failed to write core dump. Core dumps have been disabled. To enable core dumping, try "ulimit -c unlimited" before starting Java again
#
# If you would like to submit a bug report, please visit:
#   http://bugreport.java.com/bugreport/crash.jsp
# The crash happened outside the Java Virtual Machine in native code.
# See problematic frame for where to report the bug.
#

---------------  T H R E A D  ---------------

Current thread (0x00007fe0cd984800):  JavaThread "AWT-AppKit" daemon [_thread_in_native, id=1811, stack(0x00007fff58ab5000,0x00007fff592b5000)]

siginfo: si_signo: 11 (SIGSEGV), si_code: 1 (SEGV_MAPERR), si_addr: 0x0000000000000018

Registers:
RAX=0x00007fe0cbc9f080, RBX=0x00000001839ea450, RCX=0x000000012469cc80, RDX=0x000000012469c380
RSP=0x00007fff592b0548, RBP=0x00007fff592b0600, RSI=0x00007fff8d18540f, RDI=0x00007fe0cff30e10
R8 =0x0000000000000000, R9 =0x0000000000000f50, R10=0x00007fff8d18540f, R11=0x0000000000000000
R12=0x0000000000000000, R13=0x00000001858207b8, R14=0x00000001839ea440, R15=0x00007fe0cd984800
RIP=0x00007fff8ca540dd, EFLAGS=0x0000000000010246, ERR=0x0000000000000004
  TRAPNO=0x000000000000000e

Top of Stack: (sp=0x00007fff592b0548)
0x00007fff592b0548:   00000001839e8157 00007fff592b05a0
0x00007fff592b0558:   0000000000000003 00007fff592b0580
0x00007fff592b0568:   0000000106c3b992 00000001858207b8
0x00007fff592b0578:   00000001858207b8 00007fe0cbc9f080
0x00007fff592b0588:   00000001839ea6a0 00000001839ea710
0x00007fff592b0598:   00007fff77e39550 00007fff76bfcc80
0x00007fff592b05a8:   00000001839ea450 00000001839ea690
0x00007fff592b05b8:   00007fe0cbc9f080 00007fe0cff30e10
0x00007fff592b05c8:   00007fe0cbd740c0 00007fe0cbc9f080
0x00007fff592b05d8:   00007fe0cff30e10 00007fff592b0680
0x00007fff592b05e8:   00007fe0cd9849f8 00000001858207b8
0x00007fff592b05f8:   00007fff592b06a8 00007fff592b0670
0x00007fff592b0608:   000000010835e954 00007fff592b0670
0x00007fff592b0618:   000000010835e6d9 000000010836a823
0x00007fff592b0628:   000000010835e6a2 00007fff592b0630
0x00007fff592b0638:   00000001858207b8 00007fff592b06a8
0x00007fff592b0648:   00000001858233f0 0000000000000000
0x00007fff592b0658:   00000001858207b8 0000000000000000
0x00007fff592b0668:   00007fff592b0690 00007fff592b06f0
0x00007fff592b0678:   0000000108350c4d 00000007ac593ea8
0x00007fff592b0688:   0000000108358578 00007fe0cbc9f080
0x00007fff592b0698:   0000000108359db9 00007fe0cff30e10
0x00007fff592b06a8:   0000000108359d82 00007fff592b06b0
0x00007fff592b06b8:   0000000185820982 00007fff592b0718
0x00007fff592b06c8:   00000001858233f0 0000000000000000
0x00007fff592b06d8:   0000000185820990 00007fff592b0690
0x00007fff592b06e8:   00007fff592b0700 00007fff592b0760
0x00007fff592b06f8:   0000000108350c4d 00007fe0cbc9f080
0x00007fff592b0708:   00000007ac6339f0 00007fe0cff30e10
0x00007fff592b0718:   00000007ac6339f0 00007fff592b0720
0x00007fff592b0728:   000000018c2165e6 00007fff592b0770
0x00007fff592b0738:   000000018c2166a0 0000000000000000 

Instructions: (pc=0x00007fff8ca540dd)
0x00007fff8ca540bd:   00 00 00 48 85 ff 2e 74 7a 40 f6 c7 01 2e 75 7e
0x00007fff8ca540cd:   49 bb f8 ff ff ff ff 7f 00 00 4c 23 1f 49 89 f2
0x00007fff8ca540dd:   45 23 53 18 49 c1 e2 04 4d 03 53 10 49 3b 32 75
0x00007fff8ca540ed:   04 41 ff 62 08 49 83 3a 00 74 6a 4d 3b 53 10 74 

Register to memory mapping:

RAX=0x00007fe0cbc9f080 is an unknown value
RBX=0x00000001839ea450: Java_jogamp_nativewindow_macosx_OSXUtil_GetScreenRefreshRate0+0x1cf0 in /private/var/folders/kq/rmq3xm_n5gb1c7xnh6sk0dkr0000gn/T/jogamp_0000/file_cache/jln7841015864750317202/jln2068765350366869413/libnativewindow_macosx.jnilib at 0x00000001839e3000
RCX=0x000000012469cc80 is an unknown value
RDX=0x000000012469c380 is an unknown value
RSP=0x00007fff592b0548 is pointing into the stack for thread: 0x00007fe0cd984800
RBP=0x00007fff592b0600 is pointing into the stack for thread: 0x00007fe0cd984800
RSI=0x00007fff8d18540f is an unknown value
RDI=0x00007fe0cff30e10 is an unknown value
R8 =0x0000000000000000 is an unknown value
R9 =0x0000000000000f50 is an unknown value
R10=0x00007fff8d18540f is an unknown value
R11=0x0000000000000000 is an unknown value
R12=0x0000000000000000 is an unknown value
R13={method} {0x00000001858207b8} 'UnsetJAWTRootSurfaceLayer0' '(JJ)V' in 'jogamp/nativewindow/jawt/macosx/MacOSXJAWTWindow'
R14=0x00000001839ea440: Java_jogamp_nativewindow_macosx_OSXUtil_GetScreenRefreshRate0+0x1ce0 in /private/var/folders/kq/rmq3xm_n5gb1c7xnh6sk0dkr0000gn/T/jogamp_0000/file_cache/jln7841015864750317202/jln2068765350366869413/libnativewindow_macosx.jnilib at 0x00000001839e3000
R15=0x00007fe0cd984800 is a thread


Stack: [0x00007fff58ab5000,0x00007fff592b5000],  sp=0x00007fff592b0548,  free space=8173k
Native frames: (J=compiled Java code, j=interpreted, Vv=VM code, C=native code)
C  [libobjc.A.dylib+0x10dd]  objc_msgSend+0x1d
j  jogamp.nativewindow.jawt.macosx.MacOSXJAWTWindow.UnsetJAWTRootSurfaceLayer0(JJ)V+0
j  jogamp.nativewindow.jawt.macosx.MacOSXJAWTWindow.access$200(JJ)V+2
j  jogamp.nativewindow.jawt.macosx.MacOSXJAWTWindow$1.run()V+38
j  com.jogamp.common.util.RunnableTask.run()V+24
v  ~StubRoutines::call_stub
V  [libjvm.dylib+0x2eab0e]
V  [libjvm.dylib+0x321bb7]
V  [libjvm.dylib+0x31438b]
C  [libnativewindow_macosx.jnilib+0x5326]  Java_jogamp_nativewindow_jawt_macosx_MacOSXJAWTWindow_UnsetJAWTRootSurfaceLayer0+0x2b6
C  [Foundation+0x92dd0]  __NSThreadPerformPerform+0x125
C  [CoreFoundation+0x80a01]  __CFRUNLOOP_IS_CALLING_OUT_TO_A_SOURCE0_PERFORM_FUNCTION__+0x11
C  [CoreFoundation+0x72c5c]  __CFRunLoopDoSources0+0x1dc
C  [CoreFoundation+0x721bf]  __CFRunLoopRun+0x39f
C  [CoreFoundation+0x71bd8]  CFRunLoopRunSpecific+0x128
C  [HIToolbox+0x3256f]  RunCurrentEventLoopInMode+0xeb
C  [HIToolbox+0x321ee]  ReceiveNextEventCommon+0xb3
C  [HIToolbox+0x3212b]  _BlockUntilNextEventMatchingListInModeWithFilter+0x47
C  [AppKit+0x918ab]  _DPSNextEvent+0x3d2
C  [AppKit+0x90e58]  -[NSApplication nextEventMatchingMask:untilDate:inMode:dequeue:]+0x15a
C  [libosxapp.dylib+0x23aa]  -[NSApplicationAWT nextEventMatchingMask:untilDate:inMode:dequeue:]+0x7c
C  [AppKit+0x86af3]  -[NSApplication run]+0x252
C  [libosxapp.dylib+0x214d]  +[NSApplicationAWT runAWTLoopWithApp:]+0x9c
C  [libawt_lwawt.dylib+0x44517]  -[AWTStarter starter:]+0x389
C  [Foundation+0x92dd0]  __NSThreadPerformPerform+0x125
C  [CoreFoundation+0x80a01]  __CFRUNLOOP_IS_CALLING_OUT_TO_A_SOURCE0_PERFORM_FUNCTION__+0x11
C  [CoreFoundation+0x72b8d]  __CFRunLoopDoSources0+0x10d
C  [CoreFoundation+0x721bf]  __CFRunLoopRun+0x39f
C  [CoreFoundation+0x71bd8]  CFRunLoopRunSpecific+0x128
C  [java+0x6463]  CreateExecutionEnvironment+0x367
C  [java+0x21ac]  JLI_Launch+0x7a0
C  [java+0x84c0]  main+0x65
C  [java+0x1a04]  start+0x34
C  0x0000000000000007

Java frames: (J=compiled Java code, j=interpreted, Vv=VM code)
j  jogamp.nativewindow.jawt.macosx.MacOSXJAWTWindow.UnsetJAWTRootSurfaceLayer0(JJ)V+0
j  jogamp.nativewindow.jawt.macosx.MacOSXJAWTWindow.access$200(JJ)V+2
j  jogamp.nativewindow.jawt.macosx.MacOSXJAWTWindow$1.run()V+38
j  com.jogamp.common.util.RunnableTask.run()V+24
v  ~StubRoutines::call_stub

---------------  P R O C E S S  ---------------

Java Threads: ( => current thread )
  0x00007fe0cd0ad800 JavaThread "Thread-19" [_thread_blocked, id=61255, stack(0x000000018cf66000,0x000000018d066000)]
  0x00007fe0cd45b800 JavaThread "Image Fetcher 2" daemon [_thread_blocked, id=64003, stack(0x000000018baad000,0x000000018bbad000)]
  0x00007fe0d0aaf000 JavaThread "Image Fetcher 1" daemon [_thread_blocked, id=63491, stack(0x000000018b9aa000,0x000000018baaa000)]
  0x00007fe0cd4b9800 JavaThread "Image Fetcher 0" daemon [_thread_blocked, id=62979, stack(0x000000018b8a7000,0x000000018b9a7000)]
  0x00007fe0ccdb4000 JavaThread "Keep-Alive-Timer" daemon [_thread_blocked, id=62727, stack(0x000000018b7a4000,0x000000018b8a4000)]
  0x00007fe0cdc0e000 JavaThread "AWT-EventQueue-1" [_thread_in_native, id=56595, stack(0x0000000184083000,0x0000000184183000)]
  0x00007fe0cd04d800 JavaThread "DestroyJavaVM" [_thread_blocked, id=4867, stack(0x0000000108201000,0x0000000108301000)]
  0x00007fe0cda7a800 JavaThread "AWT-EventQueue-0" [_thread_blocked, id=54019, stack(0x0000000124729000,0x0000000124829000)]
  0x00007fe0ccab9000 JavaThread "Java2D Disposer" daemon [_thread_blocked, id=50967, stack(0x00000001234a5000,0x00000001235a5000)]
  0x00007fe0cda08000 JavaThread "Java2D Queue Flusher" daemon [_thread_blocked, id=49415, stack(0x000000012229a000,0x000000012239a000)]
  0x00007fe0cd998000 JavaThread "AWT-Shutdown" [_thread_blocked, id=28179, stack(0x000000011f875000,0x000000011f975000)]
=>0x00007fe0cd984800 JavaThread "AWT-AppKit" daemon [_thread_in_native, id=1811, stack(0x00007fff58ab5000,0x00007fff592b5000)]
  0x00007fe0cd80b000 JavaThread "Service Thread" daemon [_thread_blocked, id=18179, stack(0x000000011db82000,0x000000011dc82000)]
  0x00007fe0cd80a800 JavaThread "C1 CompilerThread2" daemon [_thread_blocked, id=17667, stack(0x000000011da7f000,0x000000011db7f000)]
  0x00007fe0cd809800 JavaThread "C2 CompilerThread1" daemon [_thread_blocked, id=17155, stack(0x000000011d97c000,0x000000011da7c000)]
  0x00007fe0cc012800 JavaThread "C2 CompilerThread0" daemon [_thread_blocked, id=16643, stack(0x000000011d879000,0x000000011d979000)]
  0x00007fe0cc011000 JavaThread "Signal Dispatcher" daemon [_thread_blocked, id=13335, stack(0x000000011d776000,0x000000011d876000)]
  0x00007fe0cd006000 JavaThread "Finalizer" daemon [_thread_blocked, id=11523, stack(0x000000011bd55000,0x000000011be55000)]
  0x00007fe0cd003000 JavaThread "Reference Handler" daemon [_thread_blocked, id=11011, stack(0x000000011bc52000,0x000000011bd52000)]

Other Threads:
  0x00007fe0cc00b000 VMThread [stack: 0x000000011bb4f000,0x000000011bc4f000] [id=10499]
  0x00007fe0cd80c000 WatcherThread [stack: 0x000000011dc85000,0x000000011dd85000] [id=18691]

VM state:not at safepoint (normal execution)

VM Mutex/Monitor currently owned by a thread: None

Heap:
 PSYoungGen      total 25088K, used 13781K [0x00000007aab00000, 0x00000007acd00000, 0x00000007c0000000)
  eden space 16384K, 54% used [0x00000007aab00000,0x00000007ab3a95b0,0x00000007abb00000)
  from space 8704K, 56% used [0x00000007ac480000,0x00000007ac94c0a0,0x00000007acd00000)
  to   space 9216K, 0% used [0x00000007abb00000,0x00000007abb00000,0x00000007ac400000)
 ParOldGen       total 44032K, used 16782K [0x0000000780000000, 0x0000000782b00000, 0x00000007aab00000)
  object space 44032K, 38% used [0x0000000780000000,0x00000007810639c8,0x0000000782b00000)
 Metaspace       used 20670K, capacity 20889K, committed 21120K, reserved 1069056K
  class space    used 2047K, capacity 2111K, committed 2176K, reserved 1048576K

Card table byte_map: [0x0000000117709000,0x000000011790a000] byte_map_base: 0x0000000113b09000

Marking Bits: (ParMarkBitMap*) 0x0000000107328e20
 Begin Bits: [0x0000000117e6c000, 0x0000000118e6c000)
 End Bits:   [0x0000000118e6c000, 0x0000000119e6c000)

Polling page: 0x00000001079f8000

CodeCache: size=245760Kb used=7574Kb max_used=7574Kb free=238185Kb
 bounds [0x0000000108349000, 0x0000000108ab9000, 0x0000000117349000]
 total_blobs=2953 nmethods=2063 adapters=803
 compilation: enabled

Compilation events (10 events):
Event: 9.253 Thread 0x00007fe0cd80a800 2275       3       java.lang.Object::wait (6 bytes)
Event: 9.253 Thread 0x00007fe0cd80a800 nmethod 2275 0x0000000108ab2b10 code [0x0000000108ab2c80, 0x0000000108ab2e88]
Event: 9.300 Thread 0x00007fe0cd80a800 2276       3       java.util.HashSet::remove (20 bytes)
Event: 9.301 Thread 0x00007fe0cd80a800 nmethod 2276 0x0000000108ab2f10 code [0x0000000108ab30c0, 0x0000000108ab3638]
Event: 9.301 Thread 0x00007fe0cd80a800 2277   !   3       java.awt.EventQueue::postEventPrivate (104 bytes)
Event: 9.302 Thread 0x00007fe0cd80a800 nmethod 2277 0x0000000108ab3810 code [0x0000000108ab3a60, 0x0000000108ab4888]
Event: 9.302 Thread 0x00007fe0cd80a800 2278       1       sun.java2d.SurfaceData::isValid (5 bytes)
Event: 9.302 Thread 0x00007fe0cd80a800 nmethod 2278 0x0000000108ab4e90 code [0x0000000108ab4fe0, 0x0000000108ab50f0]
Event: 9.314 Thread 0x00007fe0cd80a800 2279   !   3       java.awt.EventQueue::setCurrentEventAndMostRecentTimeImpl (185 bytes)
Event: 9.315 Thread 0x00007fe0cd80a800 nmethod 2279 0x0000000108ab5150 code [0x0000000108ab5400, 0x0000000108ab6eb8]

GC Heap History (10 events):
Event: 3.328 GC heap before
{Heap before GC invocations=2 (full 0):
 PSYoungGen      total 18944K, used 18924K [0x00000007aab00000, 0x00000007ac000000, 0x00000007c0000000)
  eden space 16384K, 100% used [0x00000007aab00000,0x00000007abb00000,0x00000007abb00000)
  from space 2560K, 99% used [0x00000007abb00000,0x00000007abd7b160,0x00000007abd80000)
  to   space 2560K, 0% used [0x00000007abd80000,0x00000007abd80000,0x00000007ac000000)
 ParOldGen       total 44032K, used 946K [0x0000000780000000, 0x0000000782b00000, 0x00000007aab00000)
  object space 44032K, 2% used [0x0000000780000000,0x00000007800ecbb8,0x0000000782b00000)
 Metaspace       used 15941K, capacity 16157K, committed 16384K, reserved 1064960K
  class space    used 1619K, capacity 1691K, committed 1792K, reserved 1048576K
Event: 3.333 GC heap after
Heap after GC invocations=2 (full 0):
 PSYoungGen      total 18944K, used 2544K [0x00000007aab00000, 0x00000007ac000000, 0x00000007c0000000)
  eden space 16384K, 0% used [0x00000007aab00000,0x00000007aab00000,0x00000007abb00000)
  from space 2560K, 99% used [0x00000007abd80000,0x00000007abffc030,0x00000007ac000000)
  to   space 2560K, 0% used [0x00000007abb00000,0x00000007abb00000,0x00000007abd80000)
 ParOldGen       total 44032K, used 2432K [0x0000000780000000, 0x0000000782b00000, 0x00000007aab00000)
  object space 44032K, 5% used [0x0000000780000000,0x0000000780260050,0x0000000782b00000)
 Metaspace       used 15941K, capacity 16157K, committed 16384K, reserved 1064960K
  class space    used 1619K, capacity 1691K, committed 1792K, reserved 1048576K
}
Event: 4.157 GC heap before
{Heap before GC invocations=3 (full 0):
 PSYoungGen      total 18944K, used 18928K [0x00000007aab00000, 0x00000007ac000000, 0x00000007c0000000)
  eden space 16384K, 100% used [0x00000007aab00000,0x00000007abb00000,0x00000007abb00000)
  from space 2560K, 99% used [0x00000007abd80000,0x00000007abffc030,0x00000007ac000000)
  to   space 2560K, 0% used [0x00000007abb00000,0x00000007abb00000,0x00000007abd80000)
 ParOldGen       total 44032K, used 2432K [0x0000000780000000, 0x0000000782b00000, 0x00000007aab00000)
  object space 44032K, 5% used [0x0000000780000000,0x0000000780260050,0x0000000782b00000)
 Metaspace       used 17521K, capacity 17763K, committed 18048K, reserved 1064960K
  class space    used 1789K, capacity 1884K, committed 1920K, reserved 1048576K
Event: 4.164 GC heap after
Heap after GC invocations=3 (full 0):
 PSYoungGen      total 18944K, used 2528K [0x00000007aab00000, 0x00000007ac000000, 0x00000007c0000000)
  eden space 16384K, 0% used [0x00000007aab00000,0x00000007aab00000,0x00000007abb00000)
  from space 2560K, 98% used [0x00000007abb00000,0x00000007abd78060,0x00000007abd80000)
  to   space 2560K, 0% used [0x00000007abd80000,0x00000007abd80000,0x00000007ac000000)
 ParOldGen       total 44032K, used 6158K [0x0000000780000000, 0x0000000782b00000, 0x00000007aab00000)
  object space 44032K, 13% used [0x0000000780000000,0x0000000780603bc0,0x0000000782b00000)
 Metaspace       used 17521K, capacity 17763K, committed 18048K, reserved 1064960K
  class space    used 1789K, capacity 1884K, committed 1920K, reserved 1048576K
}
Event: 4.970 GC heap before
{Heap before GC invocations=4 (full 0):
 PSYoungGen      total 18944K, used 18848K [0x00000007aab00000, 0x00000007ac000000, 0x00000007c0000000)
  eden space 16384K, 99% used [0x00000007aab00000,0x00000007abaf0350,0x00000007abb00000)
  from space 2560K, 98% used [0x00000007abb00000,0x00000007abd78060,0x00000007abd80000)
  to   space 2560K, 0% used [0x00000007abd80000,0x00000007abd80000,0x00000007ac000000)
 ParOldGen       total 44032K, used 6158K [0x0000000780000000, 0x0000000782b00000, 0x00000007aab00000)
  object space 44032K, 13% used [0x0000000780000000,0x0000000780603bc0,0x0000000782b00000)
 Metaspace       used 19662K, capacity 19823K, committed 20096K, reserved 1067008K
  class space    used 1996K, capacity 2078K, committed 2176K, reserved 1048576K
Event: 4.978 GC heap after
Heap after GC invocations=4 (full 0):
 PSYoungGen      total 18944K, used 2544K [0x00000007aab00000, 0x00000007ac000000, 0x00000007c0000000)
  eden space 16384K, 0% used [0x00000007aab00000,0x00000007aab00000,0x00000007abb00000)
  from space 2560K, 99% used [0x00000007abd80000,0x00000007abffc020,0x00000007ac000000)
  to   space 2560K, 0% used [0x00000007abb00000,0x00000007abb00000,0x00000007abd80000)
 ParOldGen       total 44032K, used 12716K [0x0000000780000000, 0x0000000782b00000, 0x00000007aab00000)
  object space 44032K, 28% used [0x0000000780000000,0x0000000780c6b2b0,0x0000000782b00000)
 Metaspace       used 19662K, capacity 19823K, committed 20096K, reserved 1067008K
  class space    used 1996K, capacity 2078K, committed 2176K, reserved 1048576K
}
Event: 5.411 GC heap before
{Heap before GC invocations=5 (full 0):
 PSYoungGen      total 18944K, used 18746K [0x00000007aab00000, 0x00000007ac000000, 0x00000007c0000000)
  eden space 16384K, 98% used [0x00000007aab00000,0x00000007abad2968,0x00000007abb00000)
  from space 2560K, 99% used [0x00000007abd80000,0x00000007abffc020,0x00000007ac000000)
  to   space 2560K, 0% used [0x00000007abb00000,0x00000007abb00000,0x00000007abd80000)
 ParOldGen       total 44032K, used 12716K [0x0000000780000000, 0x0000000782b00000, 0x00000007aab00000)
  object space 44032K, 28% used [0x0000000780000000,0x0000000780c6b2b0,0x0000000782b00000)
 Metaspace       used 20304K, capacity 20499K, committed 20864K, reserved 1069056K
  class space    used 2038K, capacity 2110K, committed 2176K, reserved 1048576K
Event: 5.418 GC heap after
Heap after GC invocations=5 (full 0):
 PSYoungGen      total 18944K, used 2544K [0x00000007aab00000, 0x00000007ace00000, 0x00000007c0000000)
  eden space 16384K, 0% used [0x00000007aab00000,0x00000007aab00000,0x00000007abb00000)
  from space 2560K, 99% used [0x00000007abb00000,0x00000007abd7c010,0x00000007abd80000)
  to   space 9728K, 0% used [0x00000007ac480000,0x00000007ac480000,0x00000007ace00000)
 ParOldGen       total 44032K, used 16774K [0x0000000780000000, 0x0000000782b00000, 0x00000007aab00000)
  object space 44032K, 38% used [0x0000000780000000,0x00000007810619c8,0x0000000782b00000)
 Metaspace       used 20304K, capacity 20499K, committed 20864K, reserved 1069056K
  class space    used 2038K, capacity 2110K, committed 2176K, reserved 1048576K
}
Event: 7.142 GC heap before
{Heap before GC invocations=6 (full 0):
 PSYoungGen      total 18944K, used 18928K [0x00000007aab00000, 0x00000007ace00000, 0x00000007c0000000)
  eden space 16384K, 100% used [0x00000007aab00000,0x00000007abb00000,0x00000007abb00000)
  from space 2560K, 99% used [0x00000007abb00000,0x00000007abd7c010,0x00000007abd80000)
  to   space 9728K, 0% used [0x00000007ac480000,0x00000007ac480000,0x00000007ace00000)
 ParOldGen       total 44032K, used 16774K [0x0000000780000000, 0x0000000782b00000, 0x00000007aab00000)
  object space 44032K, 38% used [0x0000000780000000,0x00000007810619c8,0x0000000782b00000)
 Metaspace       used 20525K, capacity 20761K, committed 21120K, reserved 1069056K
  class space    used 2039K, capacity 2111K, committed 2176K, reserved 1048576K
Event: 7.150 GC heap after
Heap after GC invocations=6 (full 0):
 PSYoungGen      total 25088K, used 4912K [0x00000007aab00000, 0x00000007acd00000, 0x00000007c0000000)
  eden space 16384K, 0% used [0x00000007aab00000,0x00000007aab00000,0x00000007abb00000)
  from space 8704K, 56% used [0x00000007ac480000,0x00000007ac94c0a0,0x00000007acd00000)
  to   space 9216K, 0% used [0x00000007abb00000,0x00000007abb00000,0x00000007ac400000)
 ParOldGen       total 44032K, used 16782K [0x0000000780000000, 0x0000000782b00000, 0x00000007aab00000)
  object space 44032K, 38% used [0x0000000780000000,0x00000007810639c8,0x0000000782b00000)
 Metaspace       used 20525K, capacity 20761K, committed 21120K, reserved 1069056K
  class space    used 2039K, capacity 2111K, committed 2176K, reserved 1048576K
}

Deoptimization events (10 events):
Event: 5.020 Thread 0x00007fe0cdc0e000 Uncommon trap: reason=unstable_if action=reinterpret pc=0x000000010873e690 method=java.lang.String.trim()Ljava/lang/String; @ 23
Event: 5.073 Thread 0x00007fe0cc7f3800 Uncommon trap: reason=unstable_if action=reinterpret pc=0x0000000108763594 method=java.lang.String.regionMatches(ZILjava/lang/String;II)Z @ 123
Event: 5.108 Thread 0x00007fe0ccf3e000 Uncommon trap: reason=class_check action=maybe_recompile pc=0x0000000108766b18 method=java.util.Arrays.copyOf([Ljava/lang/Object;ILjava/lang/Class;)[Ljava/lang/Object; @ 24
Event: 9.250 Thread 0x00007fe0cdc0e000 Uncommon trap: reason=class_check action=maybe_recompile pc=0x0000000108766b18 method=java.util.Arrays.copyOf([Ljava/lang/Object;ILjava/lang/Class;)[Ljava/lang/Object; @ 24
Event: 9.250 Thread 0x00007fe0cdc0e000 Uncommon trap: reason=class_check action=maybe_recompile pc=0x0000000108766b18 method=java.util.Arrays.copyOf([Ljava/lang/Object;ILjava/lang/Class;)[Ljava/lang/Object; @ 24
Event: 9.251 Thread 0x00007fe0cdc0e000 Uncommon trap: reason=unstable_if action=reinterpret pc=0x000000010862df28 method=com.jogamp.common.util.VersionNumber.compareTo(Lcom/jogamp/common/util/VersionNumber;)I @ 21
Event: 9.254 Thread 0x00007fe0cda7a800 Uncommon trap: reason=unstable_if action=reinterpret pc=0x0000000108a38904 method=java.awt.font.FontRenderContext.equals(Ljava/awt/font/FontRenderContext;)Z @ 2
Event: 9.299 Thread 0x00007fe0cca65000 Uncommon trap: reason=unstable_if action=reinterpret pc=0x000000010887dc44 method=java.util.HashMap.putVal(ILjava/lang/Object;Ljava/lang/Object;ZZ)Ljava/lang/Object; @ 81
Event: 9.299 Thread 0x00007fe0cca65000 Uncommon trap: reason=unstable_if action=reinterpret pc=0x0000000108a60c18 method=java.util.HashMap.putVal(ILjava/lang/Object;Ljava/lang/Object;ZZ)Ljava/lang/Object; @ 81
Event: 9.300 Thread 0x00007fe0cda7a800 Uncommon trap: reason=unstable_if action=reinterpret pc=0x0000000108538fb8 method=java.awt.font.FontRenderContext.equals(Ljava/awt/font/FontRenderContext;)Z @ 2

Internal exceptions (10 events):
Event: 0.325 Thread 0x00007fe0cc809800 Exception <a 'java/lang/NoSuchFieldError': method resolution failed> (0x00000007aad51428) thrown at [/Users/java_re/workspace/8-2-build-macosx-x86_64/jdk8u60/4407/hotspot/src/share/vm/prims/methodHandles.cpp, line 1146]
Event: 0.327 Thread 0x00007fe0cc809800 Exception <a 'java/lang/NoSuchFieldError': method resolution failed> (0x00000007aad5ebf8) thrown at [/Users/java_re/workspace/8-2-build-macosx-x86_64/jdk8u60/4407/hotspot/src/share/vm/prims/methodHandles.cpp, line 1146]
Event: 0.709 Thread 0x00007fe0cc809800 Exception <a 'java/io/FileNotFoundException'> (0x00000007aaddabf0) thrown at [/Users/java_re/workspace/8-2-build-macosx-x86_64/jdk8u60/4407/hotspot/src/share/vm/prims/jni.cpp, line 709]
Event: 0.709 Thread 0x00007fe0cc809800 Exception <a 'java/io/FileNotFoundException'> (0x00000007aaddb770) thrown at [/Users/java_re/workspace/8-2-build-macosx-x86_64/jdk8u60/4407/hotspot/src/share/vm/prims/jni.cpp, line 709]
Event: 0.879 Thread 0x00007fe0cc809800 Exception <a 'java/io/FileNotFoundException'> (0x00000007aaec9008) thrown at [/Users/java_re/workspace/8-2-build-macosx-x86_64/jdk8u60/4407/hotspot/src/share/vm/prims/jni.cpp, line 709]
Event: 2.905 Thread 0x00007fe0cd006000 Exception <a 'java/lang/NullPointerException'> (0x00000007aabab5c8) thrown at [/Users/java_re/workspace/8-2-build-macosx-x86_64/jdk8u60/4407/hotspot/src/share/vm/interpreter/linkResolver.cpp, line 1178]
Event: 3.033 Thread 0x00007fe0cdbf5000 Exception <a 'java/lang/UnsatisfiedLinkError': com.jogamp.common.util.JarUtil.fixNativeLibAttribs(Ljava/lang/String;)Z> (0x00000007ab0631f0) thrown at [/Users/java_re/workspace/8-2-build-macosx-x86_64/jdk8u60/4407/hotspot/src/share/vm/prims/nativeLookup.c
Event: 3.972 Thread 0x00007fe0cdc0e000 Exception <a 'java/io/FileNotFoundException'> (0x00000007ab4d24a0) thrown at [/Users/java_re/workspace/8-2-build-macosx-x86_64/jdk8u60/4407/hotspot/src/share/vm/prims/jni.cpp, line 709]
Event: 3.973 Thread 0x00007fe0cdc0e000 Exception <a 'java/io/FileNotFoundException'> (0x00000007ab4dba40) thrown at [/Users/java_re/workspace/8-2-build-macosx-x86_64/jdk8u60/4407/hotspot/src/share/vm/prims/jni.cpp, line 709]
Event: 3.973 Thread 0x00007fe0cdc0e000 Implicit null exception at 0x00000001084ffcf5 to 0x0000000108500059

Events (10 events):
Event: 9.311 loading class jogamp/nativewindow/jawt/macosx/MacOSXJAWTWindow$1 done
Event: 9.312 loading class java/awt/LightweightDispatcher$2
Event: 9.313 loading class java/awt/LightweightDispatcher$2 done
Event: 9.313 loading class java/awt/event/AWTEventListenerProxy
Event: 9.313 loading class java/awt/event/AWTEventListenerProxy done
Event: 9.313 loading class java/awt/Toolkit$ToolkitEventMulticaster
Event: 9.313 loading class java/awt/Toolkit$ToolkitEventMulticaster done
Event: 9.313 Thread 0x00007fe0cca65000 Thread exited: 0x00007fe0cca65000
Event: 9.313 loading class java/awt/Window$1DisposeAction
Event: 9.313 loading class java/awt/Window$1DisposeAction done


Dynamic libraries:
0x000000000646b000 	/System/Library/Frameworks/Cocoa.framework/Versions/A/Cocoa
0x000000000646b000 	/System/Library/Frameworks/Security.framework/Versions/A/Security
0x000000000646b000 	/System/Library/Frameworks/ApplicationServices.framework/Versions/A/ApplicationServices
0x000000000646b000 	/usr/lib/libz.1.dylib
0x000000000646b000 	/usr/lib/libSystem.B.dylib
0x000000000646b000 	/usr/lib/libobjc.A.dylib
0x000000000646b000 	/System/Library/Frameworks/CoreFoundation.framework/Versions/A/CoreFoundation
0x000000000646b000 	/System/Library/Frameworks/Foundation.framework/Versions/C/Foundation
0x000000000646b000 	/System/Library/Frameworks/AppKit.framework/Versions/C/AppKit
0x000000000646b000 	/System/Library/Frameworks/CoreData.framework/Versions/A/CoreData
0x000000000646b000 	/System/Library/PrivateFrameworks/RemoteViewServices.framework/Versions/A/RemoteViewServices
0x000000000646b000 	/System/Library/PrivateFrameworks/UIFoundation.framework/Versions/A/UIFoundation
0x000000000646b000 	/System/Library/Frameworks/IOSurface.framework/Versions/A/IOSurface
0x000000000646b000 	/System/Library/Frameworks/AudioToolbox.framework/Versions/A/AudioToolbox
0x000000000646b000 	/System/Library/Frameworks/AudioUnit.framework/Versions/A/AudioUnit
0x000000000646b000 	/System/Library/PrivateFrameworks/DataDetectorsCore.framework/Versions/A/DataDetectorsCore
0x000000000646b000 	/System/Library/PrivateFrameworks/DesktopServicesPriv.framework/Versions/A/DesktopServicesPriv
0x000000000646b000 	/System/Library/Frameworks/Carbon.framework/Versions/A/Frameworks/HIToolbox.framework/Versions/A/HIToolbox
0x000000000646b000 	/System/Library/Frameworks/QuartzCore.framework/Versions/A/QuartzCore
0x000000000646b000 	/System/Library/Frameworks/Carbon.framework/Versions/A/Frameworks/SpeechRecognition.framework/Versions/A/SpeechRecognition
0x000000000646b000 	/usr/lib/libauto.dylib
0x000000000646b000 	/usr/lib/libicucore.A.dylib
0x000000000646b000 	/usr/lib/libxml2.2.dylib
0x000000000646b000 	/System/Library/PrivateFrameworks/CoreUI.framework/Versions/A/CoreUI
0x000000000646b000 	/System/Library/Frameworks/CoreAudio.framework/Versions/A/CoreAudio
0x000000000646b000 	/System/Library/Frameworks/DiskArbitration.framework/Versions/A/DiskArbitration
0x000000000646b000 	/usr/lib/liblangid.dylib
0x000000000646b000 	/System/Library/PrivateFrameworks/MultitouchSupport.framework/Versions/A/MultitouchSupport
0x000000000646b000 	/System/Library/Frameworks/IOKit.framework/Versions/A/IOKit
0x000000000646b000 	/usr/lib/libDiagnosticMessagesClient.dylib
0x000000000646b000 	/System/Library/Frameworks/CoreServices.framework/Versions/A/CoreServices
0x000000000646b000 	/System/Library/PrivateFrameworks/PerformanceAnalysis.framework/Versions/A/PerformanceAnalysis
0x000000000646b000 	/System/Library/PrivateFrameworks/GenerationalStorage.framework/Versions/A/GenerationalStorage
0x000000000646b000 	/System/Library/Frameworks/OpenGL.framework/Versions/A/OpenGL
0x000000000646b000 	/System/Library/PrivateFrameworks/Sharing.framework/Versions/A/Sharing
0x000000000646b000 	/System/Library/Frameworks/CoreGraphics.framework/Versions/A/CoreGraphics
0x000000000646b000 	/System/Library/Frameworks/CoreText.framework/Versions/A/CoreText
0x000000000646b000 	/System/Library/Frameworks/ImageIO.framework/Versions/A/ImageIO
0x000000000646b000 	/usr/lib/libextension.dylib
0x000000000646b000 	/System/Library/PrivateFrameworks/Backup.framework/Versions/A/Backup
0x000000000646b000 	/usr/lib/libarchive.2.dylib
0x000000000646b000 	/System/Library/Frameworks/CFNetwork.framework/Versions/A/CFNetwork
0x000000000646b000 	/System/Library/Frameworks/SystemConfiguration.framework/Versions/A/SystemConfiguration
0x000000000646b000 	/usr/lib/libCRFSuite.dylib
0x000000000646b000 	/usr/lib/libc++.1.dylib
0x000000000646b000 	/usr/lib/libc++abi.dylib
0x000000000646b000 	/usr/lib/system/libcache.dylib
0x000000000646b000 	/usr/lib/system/libcommonCrypto.dylib
0x000000000646b000 	/usr/lib/system/libcompiler_rt.dylib
0x000000000646b000 	/usr/lib/system/libcopyfile.dylib
0x000000000646b000 	/usr/lib/system/libcorecrypto.dylib
0x000000000646b000 	/usr/lib/system/libdispatch.dylib
0x000000000646b000 	/usr/lib/system/libdyld.dylib
0x000000000646b000 	/usr/lib/system/libkeymgr.dylib
0x000000000646b000 	/usr/lib/system/liblaunch.dylib
0x000000000646b000 	/usr/lib/system/libmacho.dylib
0x000000000646b000 	/usr/lib/system/libquarantine.dylib
0x000000000646b000 	/usr/lib/system/libremovefile.dylib
0x000000000646b000 	/usr/lib/system/libsystem_asl.dylib
0x000000000646b000 	/usr/lib/system/libsystem_blocks.dylib
0x000000000646b000 	/usr/lib/system/libsystem_c.dylib
0x000000000646b000 	/usr/lib/system/libsystem_configuration.dylib
0x000000000646b000 	/usr/lib/system/libsystem_coreservices.dylib
0x000000000646b000 	/usr/lib/system/libsystem_coretls.dylib
0x000000000646b000 	/usr/lib/system/libsystem_dnssd.dylib
0x000000000646b000 	/usr/lib/system/libsystem_info.dylib
0x000000000646b000 	/usr/lib/system/libsystem_kernel.dylib
0x000000000646b000 	/usr/lib/system/libsystem_m.dylib
0x000000000646b000 	/usr/lib/system/libsystem_malloc.dylib
0x000000000646b000 	/usr/lib/system/libsystem_network.dylib
0x000000000646b000 	/usr/lib/system/libsystem_networkextension.dylib
0x000000000646b000 	/usr/lib/system/libsystem_notify.dylib
0x000000000646b000 	/usr/lib/system/libsystem_platform.dylib
0x000000000646b000 	/usr/lib/system/libsystem_pthread.dylib
0x000000000646b000 	/usr/lib/system/libsystem_sandbox.dylib
0x000000000646b000 	/usr/lib/system/libsystem_secinit.dylib
0x000000000646b000 	/usr/lib/system/libsystem_stats.dylib
0x000000000646b000 	/usr/lib/system/libsystem_trace.dylib
0x000000000646b000 	/usr/lib/system/libunc.dylib
0x000000000646b000 	/usr/lib/system/libunwind.dylib
0x000000000646b000 	/usr/lib/system/libxpc.dylib
0x000000000646b000 	/usr/lib/libbz2.1.0.dylib
0x000000000646b000 	/usr/lib/liblzma.5.dylib
0x000000000646b000 	/usr/lib/libbsm.0.dylib
0x000000000646b000 	/usr/lib/libsqlite3.dylib
0x000000000646b000 	/usr/lib/system/libkxld.dylib
0x000000000646b000 	/usr/lib/libxar.1.dylib
0x000000000646b000 	/usr/lib/libpam.2.dylib
0x000000000646b000 	/usr/lib/libOpenScriptingUtil.dylib
0x000000000646b000 	/System/Library/Frameworks/CoreServices.framework/Versions/A/Frameworks/FSEvents.framework/Versions/A/FSEvents
0x000000000646b000 	/System/Library/Frameworks/CoreServices.framework/Versions/A/Frameworks/CarbonCore.framework/Versions/A/CarbonCore
0x000000000646b000 	/System/Library/Frameworks/CoreServices.framework/Versions/A/Frameworks/Metadata.framework/Versions/A/Metadata
0x000000000646b000 	/System/Library/Frameworks/CoreServices.framework/Versions/A/Frameworks/OSServices.framework/Versions/A/OSServices
0x000000000646b000 	/System/Library/Frameworks/CoreServices.framework/Versions/A/Frameworks/SearchKit.framework/Versions/A/SearchKit
0x000000000646b000 	/System/Library/Frameworks/CoreServices.framework/Versions/A/Frameworks/AE.framework/Versions/A/AE
0x000000000646b000 	/System/Library/Frameworks/CoreServices.framework/Versions/A/Frameworks/LaunchServices.framework/Versions/A/LaunchServices
0x000000000646b000 	/System/Library/Frameworks/CoreServices.framework/Versions/A/Frameworks/DictionaryServices.framework/Versions/A/DictionaryServices
0x000000000646b000 	/System/Library/Frameworks/NetFS.framework/Versions/A/NetFS
0x000000000646b000 	/System/Library/PrivateFrameworks/NetAuth.framework/Versions/A/NetAuth
0x000000000646b000 	/System/Library/PrivateFrameworks/login.framework/Versions/A/Frameworks/loginsupport.framework/Versions/A/loginsupport
0x000000000646b000 	/System/Library/PrivateFrameworks/TCC.framework/Versions/A/TCC
0x000000000646b000 	/usr/lib/libmecabra.dylib
0x000000000646b000 	/System/Library/Frameworks/ApplicationServices.framework/Versions/A/Frameworks/ATS.framework/Versions/A/ATS
0x000000000646b000 	/System/Library/Frameworks/ApplicationServices.framework/Versions/A/Frameworks/ColorSync.framework/Versions/A/ColorSync
0x000000000646b000 	/System/Library/Frameworks/ApplicationServices.framework/Versions/A/Frameworks/HIServices.framework/Versions/A/HIServices
0x000000000646b000 	/System/Library/Frameworks/ApplicationServices.framework/Versions/A/Frameworks/LangAnalysis.framework/Versions/A/LangAnalysis
0x000000000646b000 	/System/Library/Frameworks/ApplicationServices.framework/Versions/A/Frameworks/PrintCore.framework/Versions/A/PrintCore
0x000000000646b000 	/System/Library/Frameworks/ApplicationServices.framework/Versions/A/Frameworks/QD.framework/Versions/A/QD
0x000000000646b000 	/System/Library/Frameworks/ApplicationServices.framework/Versions/A/Frameworks/SpeechSynthesis.framework/Versions/A/SpeechSynthesis
0x000000000646b000 	/System/Library/Frameworks/Accelerate.framework/Versions/A/Accelerate
0x000000000646b000 	/System/Library/Frameworks/Accelerate.framework/Versions/A/Frameworks/vImage.framework/Versions/A/vImage
0x000000000646b000 	/System/Library/Frameworks/Accelerate.framework/Versions/A/Frameworks/vecLib.framework/Versions/A/vecLib
0x000000000646b000 	/System/Library/Frameworks/Accelerate.framework/Versions/A/Frameworks/vecLib.framework/Versions/A/libvDSP.dylib
0x000000000646b000 	/System/Library/Frameworks/Accelerate.framework/Versions/A/Frameworks/vecLib.framework/Versions/A/libvMisc.dylib
0x000000000646b000 	/System/Library/Frameworks/Accelerate.framework/Versions/A/Frameworks/vecLib.framework/Versions/A/libLAPACK.dylib
0x000000000646b000 	/System/Library/Frameworks/Accelerate.framework/Versions/A/Frameworks/vecLib.framework/Versions/A/libBLAS.dylib
0x000000000646b000 	/System/Library/Frameworks/Accelerate.framework/Versions/A/Frameworks/vecLib.framework/Versions/A/libLinearAlgebra.dylib
0x000000000646b000 	/System/Library/Frameworks/ApplicationServices.framework/Versions/A/Frameworks/ATS.framework/Versions/A/Resources/libFontParser.dylib
0x000000000646b000 	/System/Library/Frameworks/ApplicationServices.framework/Versions/A/Frameworks/ATS.framework/Versions/A/Resources/libFontRegistry.dylib
0x000000000646b000 	/System/Library/PrivateFrameworks/AppleVPA.framework/Versions/A/AppleVPA
0x000000000646b000 	/System/Library/PrivateFrameworks/AppleJPEG.framework/Versions/A/AppleJPEG
0x000000000646b000 	/System/Library/Frameworks/ImageIO.framework/Versions/A/Resources/libJPEG.dylib
0x000000000646b000 	/System/Library/Frameworks/ImageIO.framework/Versions/A/Resources/libTIFF.dylib
0x000000000646b000 	/System/Library/Frameworks/ImageIO.framework/Versions/A/Resources/libPng.dylib
0x000000000646b000 	/System/Library/Frameworks/ImageIO.framework/Versions/A/Resources/libGIF.dylib
0x000000000646b000 	/System/Library/Frameworks/ImageIO.framework/Versions/A/Resources/libJP2.dylib
0x000000000646b000 	/System/Library/Frameworks/ImageIO.framework/Versions/A/Resources/libRadiance.dylib
0x000000000646b000 	/System/Library/Frameworks/CoreVideo.framework/Versions/A/CoreVideo
0x000000000646b000 	/System/Library/Frameworks/OpenGL.framework/Versions/A/Libraries/libGLU.dylib
0x000000000646b000 	/System/Library/Frameworks/OpenGL.framework/Versions/A/Libraries/libGFXShared.dylib
0x000000000646b000 	/System/Library/Frameworks/OpenGL.framework/Versions/A/Libraries/libGL.dylib
0x000000000646b000 	/System/Library/Frameworks/OpenGL.framework/Versions/A/Libraries/libGLImage.dylib
0x000000000646b000 	/System/Library/Frameworks/OpenGL.framework/Versions/A/Libraries/libCVMSPluginSupport.dylib
0x000000000646b000 	/System/Library/Frameworks/OpenGL.framework/Versions/A/Libraries/libCoreVMClient.dylib
0x000000000646b000 	/usr/lib/libcups.2.dylib
0x000000000646b000 	/System/Library/Frameworks/Kerberos.framework/Versions/A/Kerberos
0x000000000646b000 	/System/Library/Frameworks/GSS.framework/Versions/A/GSS
0x000000000646b000 	/usr/lib/libresolv.9.dylib
0x000000000646b000 	/usr/lib/libiconv.2.dylib
0x000000000646b000 	/System/Library/PrivateFrameworks/Heimdal.framework/Versions/A/Heimdal
0x000000000646b000 	/usr/lib/libheimdal-asn1.dylib
0x000000000646b000 	/System/Library/Frameworks/OpenDirectory.framework/Versions/A/OpenDirectory
0x000000000646b000 	/System/Library/PrivateFrameworks/CommonAuth.framework/Versions/A/CommonAuth
0x000000000646b000 	/System/Library/Frameworks/OpenDirectory.framework/Versions/A/Frameworks/CFOpenDirectory.framework/Versions/A/CFOpenDirectory
0x000000000646b000 	/System/Library/Frameworks/SecurityFoundation.framework/Versions/A/SecurityFoundation
0x000000000646b000 	/System/Library/PrivateFrameworks/LanguageModeling.framework/Versions/A/LanguageModeling
0x000000000646b000 	/usr/lib/libcmph.dylib
0x000000000646b000 	/System/Library/Frameworks/ServiceManagement.framework/Versions/A/ServiceManagement
0x000000000646b000 	/usr/lib/libxslt.1.dylib
0x000000000646b000 	/System/Library/Frameworks/Carbon.framework/Versions/A/Frameworks/Ink.framework/Versions/A/Ink
0x000000000646b000 	/System/Library/Frameworks/QuartzCore.framework/Versions/A/Frameworks/CoreImage.framework/Versions/A/CoreImage
0x000000000646b000 	/System/Library/PrivateFrameworks/CrashReporterSupport.framework/Versions/A/CrashReporterSupport
0x000000000646b000 	/System/Library/Frameworks/OpenCL.framework/Versions/A/OpenCL
0x000000000646b000 	/System/Library/PrivateFrameworks/FaceCore.framework/Versions/A/FaceCore
0x000000000646b000 	/System/Library/PrivateFrameworks/Ubiquity.framework/Versions/A/Ubiquity
0x000000000646b000 	/System/Library/PrivateFrameworks/IconServices.framework/Versions/A/IconServices
0x000000000646b000 	/System/Library/PrivateFrameworks/ChunkingLibrary.framework/Versions/A/ChunkingLibrary
0x000000000646b000 	/System/Library/PrivateFrameworks/Apple80211.framework/Versions/A/Apple80211
0x000000000646b000 	/System/Library/Frameworks/CoreWLAN.framework/Versions/A/CoreWLAN
0x000000000646b000 	/System/Library/Frameworks/IOBluetooth.framework/Versions/A/IOBluetooth
0x000000000646b000 	/System/Library/PrivateFrameworks/CoreWiFi.framework/Versions/A/CoreWiFi
0x000000000646b000 	/System/Library/Frameworks/CoreBluetooth.framework/Versions/A/CoreBluetooth
0x000000000646b000 	/System/Library/PrivateFrameworks/DebugSymbols.framework/Versions/A/DebugSymbols
0x000000000646b000 	/System/Library/PrivateFrameworks/CoreSymbolication.framework/Versions/A/CoreSymbolication
0x000000000646b000 	/System/Library/PrivateFrameworks/Symbolication.framework/Versions/A/Symbolication
0x000000000646b000 	/System/Library/PrivateFrameworks/SpeechRecognitionCore.framework/Versions/A/SpeechRecognitionCore
0x0000000106a4a000 	/Library/Java/JavaVirtualMachines/jdk1.8.0_60.jdk/Contents/Home/jre/lib/server/libjvm.dylib
0x000000000646b000 	/usr/lib/libstdc++.6.dylib
0x00000001079ea000 	/Library/Java/JavaVirtualMachines/jdk1.8.0_60.jdk/Contents/Home/jre/lib/libverify.dylib
0x0000000108303000 	/Library/Java/JavaVirtualMachines/jdk1.8.0_60.jdk/Contents/Home/jre/lib/libjava.dylib
0x0000000108340000 	/Library/Java/JavaVirtualMachines/jdk1.8.0_60.jdk/Contents/Home/jre/lib/libzip.dylib
0x000000011be57000 	/System/Library/Frameworks/JavaVM.framework/Frameworks/JavaRuntimeSupport.framework/JavaRuntimeSupport
0x000000011be6f000 	/System/Library/Frameworks/JavaVM.framework/Versions/A/Frameworks/JavaNativeFoundation.framework/Versions/A/JavaNativeFoundation
0x000000011be84000 	/System/Library/Frameworks/JavaVM.framework/Versions/A/JavaVM
0x000000000646b000 	/System/Library/Frameworks/Carbon.framework/Versions/A/Carbon
0x000000011be91000 	/System/Library/PrivateFrameworks/JavaLaunching.framework/Versions/A/JavaLaunching
0x000000000646b000 	/System/Library/Frameworks/Carbon.framework/Versions/A/Frameworks/CommonPanels.framework/Versions/A/CommonPanels
0x000000000646b000 	/System/Library/Frameworks/Carbon.framework/Versions/A/Frameworks/Help.framework/Versions/A/Help
0x000000000646b000 	/System/Library/Frameworks/Carbon.framework/Versions/A/Frameworks/ImageCapture.framework/Versions/A/ImageCapture
0x000000000646b000 	/System/Library/Frameworks/Carbon.framework/Versions/A/Frameworks/OpenScripting.framework/Versions/A/OpenScripting
0x000000000646b000 	/System/Library/Frameworks/Carbon.framework/Versions/A/Frameworks/Print.framework/Versions/A/Print
0x000000000646b000 	/System/Library/Frameworks/Carbon.framework/Versions/A/Frameworks/SecurityHI.framework/Versions/A/SecurityHI
0x000000011ddc2000 	/Library/Java/JavaVirtualMachines/jdk1.8.0_60.jdk/Contents/Home/jre/lib/libawt.dylib
0x000000011de6a000 	/Library/Java/JavaVirtualMachines/jdk1.8.0_60.jdk/Contents/Home/jre/lib/./libmlib_image.dylib
0x000000011df36000 	/Library/Java/JavaVirtualMachines/jdk1.8.0_60.jdk/Contents/Home/jre/lib/libawt_lwawt.dylib
0x000000011dfeb000 	/Library/Java/JavaVirtualMachines/jdk1.8.0_60.jdk/Contents/Home/jre/lib/./libosxapp.dylib
0x000000000646b000 	/System/Library/Frameworks/ExceptionHandling.framework/Versions/A/ExceptionHandling
0x000000000646b000 	/System/Library/PrivateFrameworks/CoreServicesInternal.framework/Versions/A/CoreServicesInternal
0x000000000646b000 	/System/Library/PrivateFrameworks/CloudDocs.framework/Versions/A/CloudDocs
0x000000000646b000 	/System/Library/PrivateFrameworks/CoreDuet.framework/Versions/A/CoreDuet
0x000000000646b000 	/System/Library/Frameworks/CloudKit.framework/Versions/A/CloudKit
0x000000000646b000 	/System/Library/PrivateFrameworks/ProtocolBuffer.framework/Versions/A/ProtocolBuffer
0x000000000646b000 	/System/Library/PrivateFrameworks/CoreDuetDaemonProtocol.framework/Versions/A/CoreDuetDaemonProtocol
0x000000000646b000 	/System/Library/PrivateFrameworks/CoreDuetDebugLogging.framework/Versions/A/CoreDuetDebugLogging
0x000000000646b000 	/System/Library/PrivateFrameworks/MMCS.framework/Versions/A/MMCS
0x000000000646b000 	/System/Library/Frameworks/CoreLocation.framework/Versions/A/CoreLocation
0x000000000646b000 	/System/Library/PrivateFrameworks/ProtectedCloudStorage.framework/Versions/A/ProtectedCloudStorage
0x000000000646b000 	/System/Library/PrivateFrameworks/GeoServices.framework/Versions/A/GeoServices
0x000000011f865000 	/System/Library/Frameworks/CoreGraphics.framework/Versions/A/Resources/libCGCMS.A.dylib
0x0000000120348000 	/System/Library/Frameworks/CoreGraphics.framework/Versions/A/Resources/libRIP.A.dylib
0x00000001205bd000 	/System/Library/Frameworks/CoreGraphics.framework/Versions/A/Resources/libCGXType.A.dylib
0x000000000646b000 	/System/Library/Frameworks/OpenCL.framework/Versions/A/Libraries/libcldcpuengine.dylib
0x000000000646b000 	/System/Library/PrivateFrameworks/DiskImages.framework/Versions/A/DiskImages
0x000000000646b000 	/System/Library/Frameworks/DiscRecording.framework/Versions/A/DiscRecording
0x000000000646b000 	/usr/lib/libcsfde.dylib
0x000000000646b000 	/usr/lib/libcurl.4.dylib
0x000000000646b000 	/System/Library/PrivateFrameworks/MediaKit.framework/Versions/A/MediaKit
0x000000000646b000 	/usr/lib/libCoreStorage.dylib
0x000000000646b000 	/System/Library/PrivateFrameworks/EFILogin.framework/Versions/A/EFILogin
0x000000000646b000 	/usr/lib/libutil.dylib
0x000000000646b000 	/System/Library/PrivateFrameworks/FindMyDevice.framework/Versions/A/FindMyDevice
0x000000000646b000 	/System/Library/Frameworks/LDAP.framework/Versions/A/LDAP
0x000000000646b000 	/usr/lib/libsasl2.2.dylib
0x000000000646b000 	/System/Library/PrivateFrameworks/CoreDaemon.framework/Versions/B/CoreDaemon
0x000000000646b000 	/usr/lib/libcrypto.0.9.8.dylib
0x000000000646b000 	/System/Library/PrivateFrameworks/AppleSRP.framework/Versions/A/AppleSRP
0x000000000646b000 	/System/Library/PrivateFrameworks/TrustEvaluationAgent.framework/Versions/A/TrustEvaluationAgent
0x000000012102e000 	cl_kernels
0x0000000121030000 	/System/Library/Frameworks/OpenCL.framework/Versions/A/Libraries/ImageFormats/unorm8_bgra.dylib
0x000000012101f000 	cl_kernels
0x000000000646b000 	/System/Library/PrivateFrameworks/FamilyControls.framework/Versions/A/FamilyControls
0x000000000646b000 	/System/Library/PrivateFrameworks/CommerceKit.framework/Versions/A/Frameworks/CommerceCore.framework/Versions/A/CommerceCore
0x000000000646b000 	/System/Library/PrivateFrameworks/SystemAdministration.framework/Versions/A/SystemAdministration
0x000000000646b000 	/System/Library/PrivateFrameworks/AppContainer.framework/Versions/A/AppContainer
0x000000000646b000 	/System/Library/PrivateFrameworks/SecCodeWrapper.framework/Versions/A/SecCodeWrapper
0x000000000646b000 	/System/Library/Frameworks/DirectoryService.framework/Versions/A/DirectoryService
0x000000000646b000 	/System/Library/PrivateFrameworks/LoginUIKit.framework/Versions/A/Frameworks/LoginUICore.framework/Versions/A/LoginUICore
0x000000000646b000 	/usr/lib/libodfde.dylib
0x000000012239c000 	/System/Library/Frameworks/OpenGL.framework/Resources/GLEngine.bundle/GLEngine
0x000000000646b000 	/System/Library/Frameworks/OpenGL.framework/Versions/A/Libraries/libGLProgrammability.dylib
0x0000000122587000 	/System/Library/Extensions/AppleIntelHD4000GraphicsGLDriver.bundle/Contents/MacOS/AppleIntelHD4000GraphicsGLDriver
0x000000000646b000 	/System/Library/PrivateFrameworks/IOAccelerator.framework/Versions/A/IOAccelerator
0x000000000646b000 	/System/Library/PrivateFrameworks/GPUSupport.framework/Versions/A/Libraries/libGPUSupportMercury.dylib
0x0000000122be6000 	/System/Library/Frameworks/OpenGL.framework/Resources//GLRendererFloat.bundle/GLRendererFloat
0x00000001235a7000 	/Library/Java/JavaVirtualMachines/jdk1.8.0_60.jdk/Contents/Home/jre/lib/libfontmanager.dylib
0x000000012482b000 	/Library/Java/JavaVirtualMachines/jdk1.8.0_60.jdk/Contents/Home/jre/lib/libosxui.dylib
0x0000000124ad4000 	/Library/Java/JavaVirtualMachines/jdk1.8.0_60.jdk/Contents/Home/jre/lib/libnet.dylib
0x00000001248e3000 	/Library/Java/JavaVirtualMachines/jdk1.8.0_60.jdk/Contents/Home/jre/lib/libnio.dylib
0x000000000646b000 	/System/Library/Frameworks/ApplicationServices.framework/Versions/A/Frameworks/ATS.framework/Versions/A/Resources/libTrueTypeScaler.dylib
0x00000001839dc000 	/private/var/folders/kq/rmq3xm_n5gb1c7xnh6sk0dkr0000gn/T/jogamp_0000/file_cache/jln7841015864750317202/jln2068765350366869413/libgluegen-rt.jnilib
0x00000001248f3000 	/private/var/folders/kq/rmq3xm_n5gb1c7xnh6sk0dkr0000gn/T/jogamp_0000/file_cache/jln7841015864750317202/jln2068765350366869413/libnativewindow_awt.jnilib
0x00000001839e0000 	/Library/Java/JavaVirtualMachines/jdk1.8.0_60.jdk/Contents/Home/jre/lib/libjawt.dylib
0x00000001839e3000 	/private/var/folders/kq/rmq3xm_n5gb1c7xnh6sk0dkr0000gn/T/jogamp_0000/file_cache/jln7841015864750317202/jln2068765350366869413/libnativewindow_macosx.jnilib
0x0000000185966000 	/private/var/folders/kq/rmq3xm_n5gb1c7xnh6sk0dkr0000gn/T/jogamp_0000/file_cache/jln7841015864750317202/jln2068765350366869413/libjogl_desktop.jnilib
0x0000000188cea000 	/Library/Java/JavaVirtualMachines/jdk1.8.0_60.jdk/Contents/Home/jre/lib/libt2k.dylib

VM Arguments:
jvm_args: -Djava.security.policy=java.policy.applet -Dfile.encoding=UTF-8 
java_command: sun.applet.AppletViewer module5.EarthquakeCityMap1443890170687.html
java_class_path (initial): /Users/kishwarkumar/Documents/workspace/UCSDUnfoldingMaps/build:/Users/kishwarkumar/Documents/workspace/UCSDUnfoldingMaps/lib/core.jar:/Users/kishwarkumar/Documents/workspace/UCSDUnfoldingMaps/lib/gluegen-rt.jar:/Users/kishwarkumar/Documents/workspace/UCSDUnfoldingMaps/lib/jogl-all.jar:/Users/kishwarkumar/Documents/workspace/UCSDUnfoldingMaps/lib/log4j-1.2.15.jar:/Users/kishwarkumar/Documents/workspace/UCSDUnfoldingMaps/lib/sqlite-jdbc-3.7.2.jar:/Users/kishwarkumar/Documents/workspace/UCSDUnfoldingMaps/lib/json4processing.jar:/Users/kishwarkumar/Documents/workspace/UCSDUnfoldingMaps/lib/libTUIO.jar:/Users/kishwarkumar/Documents/workspace/UCSDUnfoldingMaps/lib/unfolding.0.9.7-uscd.jar
Launcher Type: SUN_STANDARD

Environment Variables:
PATH=/usr/bin:/bin:/usr/sbin:/sbin
SHELL=/bin/bash
DISPLAY=/private/tmp/com.apple.launchd.aIaLzYblor/org.macosforge.xquartz:0

Signal Handlers:
SIGSEGV: [libjvm.dylib+0x5a6d31], sa_mask[0]=11111111011111110111111111111111, sa_flags=SA_ONSTACK|SA_RESTART|SA_SIGINFO
SIGBUS: [libjvm.dylib+0x5a6d31], sa_mask[0]=11111111011111110111111111111111, sa_flags=SA_RESTART|SA_SIGINFO
SIGFPE: [libjvm.dylib+0x480a4c], sa_mask[0]=11111111011111110111111111111111, sa_flags=SA_RESTART|SA_SIGINFO
SIGPIPE: [libjvm.dylib+0x480a4c], sa_mask[0]=11111111011111110111111111111111, sa_flags=SA_RESTART|SA_SIGINFO
SIGXFSZ: [libjvm.dylib+0x480a4c], sa_mask[0]=11111111011111110111111111111111, sa_flags=SA_RESTART|SA_SIGINFO
SIGILL: [libjvm.dylib+0x480a4c], sa_mask[0]=11111111011111110111111111111111, sa_flags=SA_RESTART|SA_SIGINFO
SIGUSR1: SIG_DFL, sa_mask[0]=00000000000000000000000000000000, sa_flags=none
SIGUSR2: [libjvm.dylib+0x48056a], sa_mask[0]=00100000000000000000000000000000, sa_flags=SA_RESTART|SA_SIGINFO
SIGHUP: [libjvm.dylib+0x47eb41], sa_mask[0]=11111111011111110111111111111111, sa_flags=SA_RESTART|SA_SIGINFO
SIGINT: [libjvm.dylib+0x47eb41], sa_mask[0]=11111111011111110111111111111111, sa_flags=SA_RESTART|SA_SIGINFO
SIGTERM: [libjvm.dylib+0x47eb41], sa_mask[0]=11111111011111110111111111111111, sa_flags=SA_RESTART|SA_SIGINFO
SIGQUIT: [libjvm.dylib+0x47eb41], sa_mask[0]=11111111011111110111111111111111, sa_flags=SA_RESTART|SA_SIGINFO


---------------  S Y S T E M  ---------------

OS:Bsduname:Darwin 14.5.0 Darwin Kernel Version 14.5.0: Wed Jul 29 02:26:53 PDT 2015; root:xnu-2782.40.9~1/RELEASE_X86_64 x86_64
rlimit: STACK 8192k, CORE 0k, NPROC 709, NOFILE 10240, AS infinity
load average:2.78 2.05 1.76

CPU:total 4 (2 cores per cpu, 2 threads per core) family 6 model 58 stepping 9, cmov, cx8, fxsr, mmx, sse, sse2, sse3, ssse3, sse4.1, sse4.2, popcnt, avx, aes, clmul, erms, ht, tsc, tscinvbit, tscinv

Memory: 4k page, physical 4194304k(150112k free)

/proc/meminfo:


vm_info: Java HotSpot(TM) 64-Bit Server VM (25.60-b23) for bsd-amd64 JRE (1.8.0_60-b27), built on Aug  4 2015 10:47:24 by "java_re" with gcc 4.2.1 (Based on Apple Inc. build 5658) (LLVM build 2336.11.00)

time: Sat Oct  3 18:36:20 2015
elapsed time: 9 seconds (0d 0h 0m 9s)

