#
# A fatal error has been detected by the Java Runtime Environment:
#
#  SIGSEGV (0xb) at pc=0x00007fff8ca540dd, pid=4429, tid=1811
#
# JRE version: Java(TM) SE Runtime Environment (8.0_60-b27) (build 1.8.0_60-b27)
# Java VM: Java HotSpot(TM) 64-Bit Server VM (25.60-b23 mixed mode bsd-amd64 compressed oops)
# Problematic frame:
# C  [libobjc.A.dylib+0x10dd]  objc_msgSend+0x1d
#
# Failed to write core dump. Core dumps have been disabled. To enable core dumping, try "ulimit -c unlimited" before starting Java again
#
# If you would like to submit a bug report, please visit:
#   http://bugreport.java.com/bugreport/crash.jsp
# The crash happened outside the Java Virtual Machine in native code.
# See problematic frame for where to report the bug.
#

---------------  T H R E A D  ---------------

Current thread (0x00007f7ff5116800):  JavaThread "AWT-AppKit" daemon [_thread_in_native, id=1811, stack(0x00007fff5ec4f000,0x00007fff5f44f000)]

siginfo: si_signo: 11 (SIGSEGV), si_code: 1 (SEGV_MAPERR), si_addr: 0x0000000000000018

Registers:
RAX=0x00007f7ff8583cd0, RBX=0x000000017d846450, RCX=0x000000011e47fd60, RDX=0x000000011e47f480
RSP=0x00007fff5f44a538, RBP=0x00007fff5f44a5f0, RSI=0x00007fff8d18540f, RDI=0x00007f7ff84ec5e0
R8 =0x0000000000000000, R9 =0x0000000000000f50, R10=0x00007fff8d18540f, R11=0x0000000000000000
R12=0x0000000000000000, R13=0x000000017f7e9ce8, R14=0x000000017d846440, R15=0x00007f7ff5116800
RIP=0x00007fff8ca540dd, EFLAGS=0x0000000000010246, ERR=0x0000000000000004
  TRAPNO=0x000000000000000e

Top of Stack: (sp=0x00007fff5f44a538)
0x00007fff5f44a538:   000000017d844157 00007fff5f44a590
0x00007fff5f44a548:   0000000000000003 00007fff5f44a570
0x00007fff5f44a558:   00000001013f1992 000000017f7e9ce8
0x00007fff5f44a568:   000000017f7e9ce8 00007f7ff8583cd0
0x00007fff5f44a578:   000000017d8466a0 000000017d846710
0x00007fff5f44a588:   00007fff77e39550 00007fff76bfcc80
0x00007fff5f44a598:   000000017d846450 000000017d846690
0x00007fff5f44a5a8:   00007f7ff8583cd0 00007f7ff84ec5e0
0x00007fff5f44a5b8:   00007f7ff3e42700 00007f7ff8583cd0
0x00007fff5f44a5c8:   00007f7ff84ec5e0 00007fff5f44a678
0x00007fff5f44a5d8:   00007f7ff51169f8 000000017f7e9ce8
0x00007fff5f44a5e8:   00007fff5f44a6a0 00007fff5f44a668
0x00007fff5f44a5f8:   00000001021d3954 000000017f7e9ce8
0x00007fff5f44a608:   00007fff5f44a6a0 00007fff5f44a668
0x00007fff5f44a618:   00000001021d36e7 00000001021d36a2
0x00007fff5f44a628:   00007fff5f44a628 000000017f7e9ce8
0x00007fff5f44a638:   00007fff5f44a6a0 000000017f7ec920
0x00007fff5f44a648:   0000000000000000 000000017f7e9ce8
0x00007fff5f44a658:   0000000000000000 00007fff5f44a688
0x00007fff5f44a668:   00007fff5f44a6e8 00000001021c5c4d
0x00007fff5f44a678:   0000000780ce9b20 00000001021cd578
0x00007fff5f44a688:   00007f7ff8583cd0 00007fff5f44a6e8
0x00007fff5f44a698:   00007f7ff84ec5e0 00000001021ced82
0x00007fff5f44a6a8:   00007fff5f44a6a8 000000017f7e9eb2
0x00007fff5f44a6b8:   00007fff5f44a710 000000017f7ec920
0x00007fff5f44a6c8:   0000000000000000 000000017f7e9ec0
0x00007fff5f44a6d8:   00007fff5f44a688 00007fff5f44a6f8
0x00007fff5f44a6e8:   00007fff5f44a758 00000001021c5c4d
0x00007fff5f44a6f8:   00007f7ff8583cd0 0000000780ce7e68
0x00007fff5f44a708:   00007f7ff84ec5e0 0000000780ce7e68
0x00007fff5f44a718:   00007fff5f44a718 000000018548c7e6
0x00007fff5f44a728:   00007fff5f44a768 000000018548c8a0 

Instructions: (pc=0x00007fff8ca540dd)
0x00007fff8ca540bd:   00 00 00 48 85 ff 2e 74 7a 40 f6 c7 01 2e 75 7e
0x00007fff8ca540cd:   49 bb f8 ff ff ff ff 7f 00 00 4c 23 1f 49 89 f2
0x00007fff8ca540dd:   45 23 53 18 49 c1 e2 04 4d 03 53 10 49 3b 32 75
0x00007fff8ca540ed:   04 41 ff 62 08 49 83 3a 00 74 6a 4d 3b 53 10 74 

Register to memory mapping:

RAX=0x00007f7ff8583cd0 is an unknown value
RBX=0x000000017d846450: Java_jogamp_nativewindow_macosx_OSXUtil_GetScreenRefreshRate0+0x1cf0 in /private/var/folders/kq/rmq3xm_n5gb1c7xnh6sk0dkr0000gn/T/jogamp_0000/file_cache/jln3207758824745494719/jln4833956431487448165/libnativewindow_macosx.jnilib at 0x000000017d83f000
RCX=0x000000011e47fd60 is an unknown value
RDX=0x000000011e47f480 is an unknown value
RSP=0x00007fff5f44a538 is pointing into the stack for thread: 0x00007f7ff5116800
RBP=0x00007fff5f44a5f0 is pointing into the stack for thread: 0x00007f7ff5116800
RSI=0x00007fff8d18540f is an unknown value
RDI=0x00007f7ff84ec5e0 is an unknown value
R8 =0x0000000000000000 is an unknown value
R9 =0x0000000000000f50 is an unknown value
R10=0x00007fff8d18540f is an unknown value
R11=0x0000000000000000 is an unknown value
R12=0x0000000000000000 is an unknown value
R13={method} {0x000000017f7e9ce8} 'UnsetJAWTRootSurfaceLayer0' '(JJ)V' in 'jogamp/nativewindow/jawt/macosx/MacOSXJAWTWindow'
R14=0x000000017d846440: Java_jogamp_nativewindow_macosx_OSXUtil_GetScreenRefreshRate0+0x1ce0 in /private/var/folders/kq/rmq3xm_n5gb1c7xnh6sk0dkr0000gn/T/jogamp_0000/file_cache/jln3207758824745494719/jln4833956431487448165/libnativewindow_macosx.jnilib at 0x000000017d83f000
R15=0x00007f7ff5116800 is a thread


Stack: [0x00007fff5ec4f000,0x00007fff5f44f000],  sp=0x00007fff5f44a538,  free space=8173k
Native frames: (J=compiled Java code, j=interpreted, Vv=VM code, C=native code)
C  [libobjc.A.dylib+0x10dd]  objc_msgSend+0x1d
j  jogamp.nativewindow.jawt.macosx.MacOSXJAWTWindow.UnsetJAWTRootSurfaceLayer0(JJ)V+0
j  jogamp.nativewindow.jawt.macosx.MacOSXJAWTWindow.access$200(JJ)V+2
j  jogamp.nativewindow.jawt.macosx.MacOSXJAWTWindow$1.run()V+38
j  com.jogamp.common.util.RunnableTask.run()V+24
v  ~StubRoutines::call_stub
V  [libjvm.dylib+0x2eab0e]  JavaCalls::call_helper(JavaValue*, methodHandle*, JavaCallArguments*, Thread*)+0x6ae
V  [libjvm.dylib+0x321bb7]  jni_invoke_nonstatic(JNIEnv_*, JavaValue*, _jobject*, JNICallType, _jmethodID*, JNI_ArgumentPusher*, Thread*)+0x2ec
V  [libjvm.dylib+0x31438b]  jni_CallVoidMethod+0x16b
C  [libnativewindow_macosx.jnilib+0x5326]  Java_jogamp_nativewindow_jawt_macosx_MacOSXJAWTWindow_UnsetJAWTRootSurfaceLayer0+0x2b6
C  [Foundation+0x92dd0]  __NSThreadPerformPerform+0x125
C  [CoreFoundation+0x80a01]  __CFRUNLOOP_IS_CALLING_OUT_TO_A_SOURCE0_PERFORM_FUNCTION__+0x11
C  [CoreFoundation+0x72b8d]  __CFRunLoopDoSources0+0x10d
C  [CoreFoundation+0x721bf]  __CFRunLoopRun+0x39f
C  [CoreFoundation+0x71bd8]  CFRunLoopRunSpecific+0x128
C  [HIToolbox+0x3256f]  RunCurrentEventLoopInMode+0xeb
C  [HIToolbox+0x321ee]  ReceiveNextEventCommon+0xb3
C  [HIToolbox+0x3212b]  _BlockUntilNextEventMatchingListInModeWithFilter+0x47
C  [AppKit+0x918ab]  _DPSNextEvent+0x3d2
C  [AppKit+0x90e58]  -[NSApplication nextEventMatchingMask:untilDate:inMode:dequeue:]+0x15a
C  [libosxapp.dylib+0x23aa]  -[NSApplicationAWT nextEventMatchingMask:untilDate:inMode:dequeue:]+0x7c
C  [AppKit+0x86af3]  -[NSApplication run]+0x252
C  [libosxapp.dylib+0x214d]  +[NSApplicationAWT runAWTLoopWithApp:]+0x9c
C  [libawt_lwawt.dylib+0x44517]  -[AWTStarter starter:]+0x389
C  [Foundation+0x92dd0]  __NSThreadPerformPerform+0x125
C  [CoreFoundation+0x80a01]  __CFRUNLOOP_IS_CALLING_OUT_TO_A_SOURCE0_PERFORM_FUNCTION__+0x11
C  [CoreFoundation+0x72b8d]  __CFRunLoopDoSources0+0x10d
C  [CoreFoundation+0x721bf]  __CFRunLoopRun+0x39f
C  [CoreFoundation+0x71bd8]  CFRunLoopRunSpecific+0x128
C  [java+0x6463]  CreateExecutionEnvironment+0x367
C  [java+0x21ac]  JLI_Launch+0x7a0
C  [java+0x84c0]  main+0x65
C  [java+0x1a04]  start+0x34
C  0x0000000000000007

Java frames: (J=compiled Java code, j=interpreted, Vv=VM code)
j  jogamp.nativewindow.jawt.macosx.MacOSXJAWTWindow.UnsetJAWTRootSurfaceLayer0(JJ)V+0
j  jogamp.nativewindow.jawt.macosx.MacOSXJAWTWindow.access$200(JJ)V+2
j  jogamp.nativewindow.jawt.macosx.MacOSXJAWTWindow$1.run()V+38
j  com.jogamp.common.util.RunnableTask.run()V+24
v  ~StubRoutines::call_stub

---------------  P R O C E S S  ---------------

Java Threads: ( => current thread )
  0x00007f7ff5a37800 JavaThread "Thread-234" [_thread_blocked, id=61855, stack(0x000000018edb0000,0x000000018eeb0000)]
  0x00007f7ff53a9000 JavaThread "AWT-EventQueue-1" [_thread_in_native, id=56595, stack(0x000000017de80000,0x000000017df80000)]
  0x00007f7ff436c000 JavaThread "DestroyJavaVM" [_thread_blocked, id=4867, stack(0x00000001008c8000,0x00000001009c8000)]
  0x00007f7ff51fd000 JavaThread "AWT-EventQueue-0" [_thread_blocked, id=54019, stack(0x000000011e50c000,0x000000011e60c000)]
  0x00007f7ff41d4000 JavaThread "Java2D Disposer" daemon [_thread_blocked, id=50967, stack(0x000000011d288000,0x000000011d388000)]
  0x00007f7ff4956000 JavaThread "Java2D Queue Flusher" daemon [_thread_blocked, id=49415, stack(0x000000011c07d000,0x000000011c17d000)]
  0x00007f7ff511f000 JavaThread "AWT-Shutdown" [_thread_blocked, id=27923, stack(0x00000001196dc000,0x00000001197dc000)]
=>0x00007f7ff5116800 JavaThread "AWT-AppKit" daemon [_thread_in_native, id=1811, stack(0x00007fff5ec4f000,0x00007fff5f44f000)]
  0x00007f7ff4012000 JavaThread "Service Thread" daemon [_thread_blocked, id=18179, stack(0x00000001179e7000,0x0000000117ae7000)]
  0x00007f7ff4036800 JavaThread "C1 CompilerThread2" daemon [_thread_blocked, id=17667, stack(0x00000001178e4000,0x00000001179e4000)]
  0x00007f7ff4014000 JavaThread "C2 CompilerThread1" daemon [_thread_blocked, id=17155, stack(0x00000001177e1000,0x00000001178e1000)]
  0x00007f7ff402f800 JavaThread "C2 CompilerThread0" daemon [_thread_blocked, id=16643, stack(0x00000001176de000,0x00000001177de000)]
  0x00007f7ff5005800 JavaThread "Signal Dispatcher" daemon [_thread_blocked, id=13331, stack(0x00000001175db000,0x00000001176db000)]
  0x00007f7ff502f800 JavaThread "Finalizer" daemon [_thread_blocked, id=11523, stack(0x0000000115bb6000,0x0000000115cb6000)]
  0x00007f7ff4007800 JavaThread "Reference Handler" daemon [_thread_blocked, id=11011, stack(0x0000000115ab3000,0x0000000115bb3000)]

Other Threads:
  0x00007f7ff580f000 VMThread [stack: 0x00000001159b0000,0x0000000115ab0000] [id=10499]
  0x00007f7ff4059800 WatcherThread [stack: 0x0000000117aea000,0x0000000117bea000] [id=18691]

VM state:not at safepoint (normal execution)

VM Mutex/Monitor currently owned by a thread: None

Heap:
 PSYoungGen      total 24064K, used 17969K [0x00000007aab00000, 0x00000007ad200000, 0x00000007c0000000)
  eden space 23552K, 75% used [0x00000007aab00000,0x00000007abc74648,0x00000007ac200000)
  from space 512K, 18% used [0x00000007ad180000,0x00000007ad198000,0x00000007ad200000)
  to   space 512K, 0% used [0x00000007ad100000,0x00000007ad100000,0x00000007ad180000)
 ParOldGen       total 124928K, used 96889K [0x0000000780000000, 0x0000000787a00000, 0x00000007aab00000)
  object space 124928K, 77% used [0x0000000780000000,0x0000000785e9e620,0x0000000787a00000)
 Metaspace       used 20313K, capacity 20471K, committed 20736K, reserved 1069056K
  class space    used 1940K, capacity 2014K, committed 2048K, reserved 1048576K

Card table byte_map: [0x000000011157e000,0x000000011177f000] byte_map_base: 0x000000010d97e000

Marking Bits: (ParMarkBitMap*) 0x0000000101adee20
 Begin Bits: [0x0000000111ce1000, 0x0000000112ce1000)
 End Bits:   [0x0000000112ce1000, 0x0000000113ce1000)

Polling page: 0x00000001009d8000

CodeCache: size=245760Kb used=9900Kb max_used=10104Kb free=235859Kb
 bounds [0x00000001021be000, 0x0000000102bee000, 0x00000001111be000]
 total_blobs=3630 nmethods=2746 adapters=797
 compilation: enabled

Compilation events (10 events):
Event: 1860.594 Thread 0x00007f7ff402f800 3576 % !   4       processing.core.PApplet::run @ 23 (298 bytes)
Event: 1860.603 Thread 0x00007f7ff402f800 nmethod 3576% 0x0000000102bdc810 code [0x0000000102bdc9c0, 0x0000000102bdcf28]
Event: 1869.228 Thread 0x00007f7ff4014000 3577       4       sun.java2d.SurfaceData::pixelFor (13 bytes)
Event: 1869.229 Thread 0x00007f7ff4014000 nmethod 3577 0x000000010291ec10 code [0x000000010291ed60, 0x000000010291ee58]
Event: 1869.274 Thread 0x00007f7ff4036800 3578       1       sun.java2d.SurfaceData::isValid (5 bytes)
Event: 1869.274 Thread 0x00007f7ff4036800 nmethod 3578 0x0000000102851f10 code [0x0000000102852060, 0x0000000102852170]
Event: 1869.310 Thread 0x00007f7ff4014000 3579       4       java.util.HashMap::putVal (300 bytes)
Event: 1869.312 Thread 0x00007f7ff402f800 3580       4       java.lang.CharacterDataLatin1::toUpperCase (53 bytes)
Event: 1869.313 Thread 0x00007f7ff402f800 nmethod 3580 0x00000001023b1b90 code [0x00000001023b1ce0, 0x00000001023b1db8]
Event: 1869.323 Thread 0x00007f7ff4014000 nmethod 3579 0x000000010293df10 code [0x000000010293e0e0, 0x000000010293ea68]

GC Heap History (10 events):
Event: 1866.790 GC heap before
{Heap before GC invocations=3794 (full 2):
 PSYoungGen      total 24064K, used 23616K [0x00000007aab00000, 0x00000007ad200000, 0x00000007c0000000)
  eden space 23552K, 100% used [0x00000007aab00000,0x00000007ac200000,0x00000007ac200000)
  from space 512K, 12% used [0x00000007ad100000,0x00000007ad110000,0x00000007ad180000)
  to   space 512K, 0% used [0x00000007ad180000,0x00000007ad180000,0x00000007ad200000)
 ParOldGen       total 124928K, used 96889K [0x0000000780000000, 0x0000000787a00000, 0x00000007aab00000)
  object space 124928K, 77% used [0x0000000780000000,0x0000000785e9e620,0x0000000787a00000)
 Metaspace       used 20285K, capacity 20471K, committed 20736K, reserved 1069056K
  class space    used 1933K, capacity 2014K, committed 2048K, reserved 1048576K
Event: 1866.792 GC heap after
Heap after GC invocations=3794 (full 2):
 PSYoungGen      total 24064K, used 64K [0x00000007aab00000, 0x00000007ad200000, 0x00000007c0000000)
  eden space 23552K, 0% used [0x00000007aab00000,0x00000007aab00000,0x00000007ac200000)
  from space 512K, 12% used [0x00000007ad180000,0x00000007ad190000,0x00000007ad200000)
  to   space 512K, 0% used [0x00000007ad100000,0x00000007ad100000,0x00000007ad180000)
 ParOldGen       total 124928K, used 96889K [0x0000000780000000, 0x0000000787a00000, 0x00000007aab00000)
  object space 124928K, 77% used [0x0000000780000000,0x0000000785e9e620,0x0000000787a00000)
 Metaspace       used 20285K, capacity 20471K, committed 20736K, reserved 1069056K
  class space    used 1933K, capacity 2014K, committed 2048K, reserved 1048576K
}
Event: 1867.249 GC heap before
{Heap before GC invocations=3795 (full 2):
 PSYoungGen      total 24064K, used 23616K [0x00000007aab00000, 0x00000007ad200000, 0x00000007c0000000)
  eden space 23552K, 100% used [0x00000007aab00000,0x00000007ac200000,0x00000007ac200000)
  from space 512K, 12% used [0x00000007ad180000,0x00000007ad190000,0x00000007ad200000)
  to   space 512K, 0% used [0x00000007ad100000,0x00000007ad100000,0x00000007ad180000)
 ParOldGen       total 124928K, used 96889K [0x0000000780000000, 0x0000000787a00000, 0x00000007aab00000)
  object space 124928K, 77% used [0x0000000780000000,0x0000000785e9e620,0x0000000787a00000)
 Metaspace       used 20285K, capacity 20471K, committed 20736K, reserved 1069056K
  class space    used 1933K, capacity 2014K, committed 2048K, reserved 1048576K
Event: 1867.251 GC heap after
Heap after GC invocations=3795 (full 2):
 PSYoungGen      total 24064K, used 64K [0x00000007aab00000, 0x00000007ad200000, 0x00000007c0000000)
  eden space 23552K, 0% used [0x00000007aab00000,0x00000007aab00000,0x00000007ac200000)
  from space 512K, 12% used [0x00000007ad100000,0x00000007ad110000,0x00000007ad180000)
  to   space 512K, 0% used [0x00000007ad180000,0x00000007ad180000,0x00000007ad200000)
 ParOldGen       total 124928K, used 96889K [0x0000000780000000, 0x0000000787a00000, 0x00000007aab00000)
  object space 124928K, 77% used [0x0000000780000000,0x0000000785e9e620,0x0000000787a00000)
 Metaspace       used 20285K, capacity 20471K, committed 20736K, reserved 1069056K
  class space    used 1933K, capacity 2014K, committed 2048K, reserved 1048576K
}
Event: 1867.752 GC heap before
{Heap before GC invocations=3796 (full 2):
 PSYoungGen      total 24064K, used 23616K [0x00000007aab00000, 0x00000007ad200000, 0x00000007c0000000)
  eden space 23552K, 100% used [0x00000007aab00000,0x00000007ac200000,0x00000007ac200000)
  from space 512K, 12% used [0x00000007ad100000,0x00000007ad110000,0x00000007ad180000)
  to   space 512K, 0% used [0x00000007ad180000,0x00000007ad180000,0x00000007ad200000)
 ParOldGen       total 124928K, used 96889K [0x0000000780000000, 0x0000000787a00000, 0x00000007aab00000)
  object space 124928K, 77% used [0x0000000780000000,0x0000000785e9e620,0x0000000787a00000)
 Metaspace       used 20285K, capacity 20471K, committed 20736K, reserved 1069056K
  class space    used 1933K, capacity 2014K, committed 2048K, reserved 1048576K
Event: 1867.754 GC heap after
Heap after GC invocations=3796 (full 2):
 PSYoungGen      total 24064K, used 128K [0x00000007aab00000, 0x00000007ad200000, 0x00000007c0000000)
  eden space 23552K, 0% used [0x00000007aab00000,0x00000007aab00000,0x00000007ac200000)
  from space 512K, 25% used [0x00000007ad180000,0x00000007ad1a0000,0x00000007ad200000)
  to   space 512K, 0% used [0x00000007ad100000,0x00000007ad100000,0x00000007ad180000)
 ParOldGen       total 124928K, used 96889K [0x0000000780000000, 0x0000000787a00000, 0x00000007aab00000)
  object space 124928K, 77% used [0x0000000780000000,0x0000000785e9e620,0x0000000787a00000)
 Metaspace       used 20285K, capacity 20471K, committed 20736K, reserved 1069056K
  class space    used 1933K, capacity 2014K, committed 2048K, reserved 1048576K
}
Event: 1868.277 GC heap before
{Heap before GC invocations=3797 (full 2):
 PSYoungGen      total 24064K, used 23680K [0x00000007aab00000, 0x00000007ad200000, 0x00000007c0000000)
  eden space 23552K, 100% used [0x00000007aab00000,0x00000007ac200000,0x00000007ac200000)
  from space 512K, 25% used [0x00000007ad180000,0x00000007ad1a0000,0x00000007ad200000)
  to   space 512K, 0% used [0x00000007ad100000,0x00000007ad100000,0x00000007ad180000)
 ParOldGen       total 124928K, used 96889K [0x0000000780000000, 0x0000000787a00000, 0x00000007aab00000)
  object space 124928K, 77% used [0x0000000780000000,0x0000000785e9e620,0x0000000787a00000)
 Metaspace       used 20285K, capacity 20471K, committed 20736K, reserved 1069056K
  class space    used 1933K, capacity 2014K, committed 2048K, reserved 1048576K
Event: 1868.279 GC heap after
Heap after GC invocations=3797 (full 2):
 PSYoungGen      total 24064K, used 96K [0x00000007aab00000, 0x00000007ad200000, 0x00000007c0000000)
  eden space 23552K, 0% used [0x00000007aab00000,0x00000007aab00000,0x00000007ac200000)
  from space 512K, 18% used [0x00000007ad100000,0x00000007ad118000,0x00000007ad180000)
  to   space 512K, 0% used [0x00000007ad180000,0x00000007ad180000,0x00000007ad200000)
 ParOldGen       total 124928K, used 96889K [0x0000000780000000, 0x0000000787a00000, 0x00000007aab00000)
  object space 124928K, 77% used [0x0000000780000000,0x0000000785e9e620,0x0000000787a00000)
 Metaspace       used 20285K, capacity 20471K, committed 20736K, reserved 1069056K
  class space    used 1933K, capacity 2014K, committed 2048K, reserved 1048576K
}
Event: 1868.687 GC heap before
{Heap before GC invocations=3798 (full 2):
 PSYoungGen      total 24064K, used 23648K [0x00000007aab00000, 0x00000007ad200000, 0x00000007c0000000)
  eden space 23552K, 100% used [0x00000007aab00000,0x00000007ac200000,0x00000007ac200000)
  from space 512K, 18% used [0x00000007ad100000,0x00000007ad118000,0x00000007ad180000)
  to   space 512K, 0% used [0x00000007ad180000,0x00000007ad180000,0x00000007ad200000)
 ParOldGen       total 124928K, used 96889K [0x0000000780000000, 0x0000000787a00000, 0x00000007aab00000)
  object space 124928K, 77% used [0x0000000780000000,0x0000000785e9e620,0x0000000787a00000)
 Metaspace       used 20285K, capacity 20471K, committed 20736K, reserved 1069056K
  class space    used 1933K, capacity 2014K, committed 2048K, reserved 1048576K
Event: 1868.689 GC heap after
Heap after GC invocations=3798 (full 2):
 PSYoungGen      total 24064K, used 96K [0x00000007aab00000, 0x00000007ad200000, 0x00000007c0000000)
  eden space 23552K, 0% used [0x00000007aab00000,0x00000007aab00000,0x00000007ac200000)
  from space 512K, 18% used [0x00000007ad180000,0x00000007ad198000,0x00000007ad200000)
  to   space 512K, 0% used [0x00000007ad100000,0x00000007ad100000,0x00000007ad180000)
 ParOldGen       total 124928K, used 96889K [0x0000000780000000, 0x0000000787a00000, 0x00000007aab00000)
  object space 124928K, 77% used [0x0000000780000000,0x0000000785e9e620,0x0000000787a00000)
 Metaspace       used 20285K, capacity 20471K, committed 20736K, reserved 1069056K
  class space    used 1933K, capacity 2014K, committed 2048K, reserved 1048576K
}

Deoptimization events (10 events):
Event: 1869.273 Thread 0x00007f7ff51a5800 Uncommon trap: reason=class_check action=maybe_recompile pc=0x0000000102692830 method=java.util.HashMap.putVal(ILjava/lang/Object;Ljava/lang/Object;ZZ)Ljava/lang/Object; @ 91
Event: 1869.274 Thread 0x00007f7ff51fd000 Uncommon trap: reason=class_check action=maybe_recompile pc=0x0000000102885e74 method=java.awt.event.InvocationEvent.dispatch()V @ 47
Event: 1869.274 Thread 0x00007f7ff51fd000 Uncommon trap: reason=class_check action=maybe_recompile pc=0x00000001027deddc method=java.awt.Component.getGraphics()Ljava/awt/Graphics; @ 114
Event: 1869.280 Thread 0x00007f7ff5116800 Uncommon trap: reason=class_check action=maybe_recompile pc=0x00000001023b0e40 method=com.jogamp.common.util.RunnableTask.run()V @ 24
Event: 1869.281 Thread 0x00007f7ff5116800 Uncommon trap: reason=unstable_if action=reinterpret pc=0x000000010237b2bc method=jogamp.nativewindow.macosx.OSXUtil.RunOnMainThread(ZZLjava/lang/Runnable;)V @ 3
Event: 1869.309 Thread 0x00007f7ff53a9000 Uncommon trap: reason=unstable_if action=reinterpret pc=0x00000001028ff798 method=jogamp.opengl.GLContextImpl.release(Z)V @ 161
Event: 1869.314 Thread 0x00007f7ff53a9000 Uncommon trap: reason=unstable_if action=reinterpret pc=0x000000010287c098 method=java.util.LinkedList$ListItr.<init>(Ljava/util/LinkedList;I)V @ 26
Event: 1869.347 Thread 0x00007f7ff53a9000 Uncommon trap: reason=unstable_if action=reinterpret pc=0x000000010277eeb8 method=java.security.AccessControlContext.optimize()Ljava/security/AccessControlContext; @ 233
Event: 1869.349 Thread 0x00007f7ff51fd000 Uncommon trap: reason=class_check action=maybe_recompile pc=0x00000001027deddc method=java.awt.Component.getGraphics()Ljava/awt/Graphics; @ 114
Event: 1869.350 Thread 0x00007f7ff5116800 Uncommon trap: reason=class_check action=maybe_recompile pc=0x00000001023b0e40 method=com.jogamp.common.util.RunnableTask.run()V @ 24

Internal exceptions (10 events):
Event: 0.294 Thread 0x00007f7ff4807000 Exception <a 'java/lang/NoSuchFieldError': method resolution failed> (0x00000007aad5ea20) thrown at [/Users/java_re/workspace/8-2-build-macosx-x86_64/jdk8u60/4407/hotspot/src/share/vm/prims/methodHandles.cpp, line 1146]
Event: 0.702 Thread 0x00007f7ff4807000 Exception <a 'java/io/FileNotFoundException'> (0x00000007aaddaa18) thrown at [/Users/java_re/workspace/8-2-build-macosx-x86_64/jdk8u60/4407/hotspot/src/share/vm/prims/jni.cpp, line 709]
Event: 0.702 Thread 0x00007f7ff4807000 Exception <a 'java/io/FileNotFoundException'> (0x00000007aaddb598) thrown at [/Users/java_re/workspace/8-2-build-macosx-x86_64/jdk8u60/4407/hotspot/src/share/vm/prims/jni.cpp, line 709]
Event: 0.886 Thread 0x00007f7ff4807000 Exception <a 'java/io/FileNotFoundException'> (0x00000007aaec8ce0) thrown at [/Users/java_re/workspace/8-2-build-macosx-x86_64/jdk8u60/4407/hotspot/src/share/vm/prims/jni.cpp, line 709]
Event: 3.068 Thread 0x00007f7ff502f800 Exception <a 'java/lang/NullPointerException'> (0x00000007aab84098) thrown at [/Users/java_re/workspace/8-2-build-macosx-x86_64/jdk8u60/4407/hotspot/src/share/vm/interpreter/linkResolver.cpp, line 1178]
Event: 3.220 Thread 0x00007f7ff4349000 Exception <a 'java/lang/UnsatisfiedLinkError': com.jogamp.common.util.JarUtil.fixNativeLibAttribs(Ljava/lang/String;)Z> (0x00000007ab063600) thrown at [/Users/java_re/workspace/8-2-build-macosx-x86_64/jdk8u60/4407/hotspot/src/share/vm/prims/nativeLookup.c
Event: 4.386 Thread 0x00007f7ff53a9000 Exception <a 'java/io/FileNotFoundException'> (0x00000007ab4d52c8) thrown at [/Users/java_re/workspace/8-2-build-macosx-x86_64/jdk8u60/4407/hotspot/src/share/vm/prims/jni.cpp, line 709]
Event: 4.386 Thread 0x00007f7ff53a9000 Exception <a 'java/io/FileNotFoundException'> (0x00000007ab4de868) thrown at [/Users/java_re/workspace/8-2-build-macosx-x86_64/jdk8u60/4407/hotspot/src/share/vm/prims/jni.cpp, line 709]
Event: 4.386 Thread 0x00007f7ff53a9000 Implicit null exception at 0x000000010236e635 to 0x000000010236e999
Event: 60.020 Thread 0x00007f7ff53a9000 Implicit null exception at 0x00000001028e6a73 to 0x00000001028e6c92

Events (10 events):
Event: 1869.348 loading class java/awt/Toolkit$ToolkitEventMulticaster done
Event: 1869.349 Thread 0x00007f7ff51a5800 Thread exited: 0x00007f7ff51a5800
Event: 1869.349 Thread 0x00007f7ff51fd000 Uncommon trap: trap_request=0xffffffde fr.pc=0x00000001027deddc
Event: 1869.349 Thread 0x00007f7ff51fd000 DEOPT PACKING pc=0x00000001027deddc sp=0x000000011e609d10
Event: 1869.349 Thread 0x00007f7ff51fd000 DEOPT UNPACKING pc=0x00000001021c3229 sp=0x000000011e609d20 mode 2
Event: 1869.349 loading class java/awt/Window$1DisposeAction
Event: 1869.350 loading class java/awt/Window$1DisposeAction done
Event: 1869.350 Thread 0x00007f7ff5116800 Uncommon trap: trap_request=0xffffffde fr.pc=0x00000001023b0e40
Event: 1869.350 Thread 0x00007f7ff5116800 DEOPT PACKING pc=0x00000001023b0e40 sp=0x00007fff5f44a7b0
Event: 1869.350 Thread 0x00007f7ff5116800 DEOPT UNPACKING pc=0x00000001021c3229 sp=0x00007fff5f44a758 mode 2


Dynamic libraries:
0x000000000646b000 	/System/Library/Frameworks/Cocoa.framework/Versions/A/Cocoa
0x000000000646b000 	/System/Library/Frameworks/Security.framework/Versions/A/Security
0x000000000646b000 	/System/Library/Frameworks/ApplicationServices.framework/Versions/A/ApplicationServices
0x000000000646b000 	/usr/lib/libz.1.dylib
0x000000000646b000 	/usr/lib/libSystem.B.dylib
0x000000000646b000 	/usr/lib/libobjc.A.dylib
0x000000000646b000 	/System/Library/Frameworks/CoreFoundation.framework/Versions/A/CoreFoundation
0x000000000646b000 	/System/Library/Frameworks/Foundation.framework/Versions/C/Foundation
0x000000000646b000 	/System/Library/Frameworks/AppKit.framework/Versions/C/AppKit
0x000000000646b000 	/System/Library/Frameworks/CoreData.framework/Versions/A/CoreData
0x000000000646b000 	/System/Library/PrivateFrameworks/RemoteViewServices.framework/Versions/A/RemoteViewServices
0x000000000646b000 	/System/Library/PrivateFrameworks/UIFoundation.framework/Versions/A/UIFoundation
0x000000000646b000 	/System/Library/Frameworks/IOSurface.framework/Versions/A/IOSurface
0x000000000646b000 	/System/Library/Frameworks/AudioToolbox.framework/Versions/A/AudioToolbox
0x000000000646b000 	/System/Library/Frameworks/AudioUnit.framework/Versions/A/AudioUnit
0x000000000646b000 	/System/Library/PrivateFrameworks/DataDetectorsCore.framework/Versions/A/DataDetectorsCore
0x000000000646b000 	/System/Library/PrivateFrameworks/DesktopServicesPriv.framework/Versions/A/DesktopServicesPriv
0x000000000646b000 	/System/Library/Frameworks/Carbon.framework/Versions/A/Frameworks/HIToolbox.framework/Versions/A/HIToolbox
0x000000000646b000 	/System/Library/Frameworks/QuartzCore.framework/Versions/A/QuartzCore
0x000000000646b000 	/System/Library/Frameworks/Carbon.framework/Versions/A/Frameworks/SpeechRecognition.framework/Versions/A/SpeechRecognition
0x000000000646b000 	/usr/lib/libauto.dylib
0x000000000646b000 	/usr/lib/libicucore.A.dylib
0x000000000646b000 	/usr/lib/libxml2.2.dylib
0x000000000646b000 	/System/Library/PrivateFrameworks/CoreUI.framework/Versions/A/CoreUI
0x000000000646b000 	/System/Library/Frameworks/CoreAudio.framework/Versions/A/CoreAudio
0x000000000646b000 	/System/Library/Frameworks/DiskArbitration.framework/Versions/A/DiskArbitration
0x000000000646b000 	/usr/lib/liblangid.dylib
0x000000000646b000 	/System/Library/PrivateFrameworks/MultitouchSupport.framework/Versions/A/MultitouchSupport
0x000000000646b000 	/System/Library/Frameworks/IOKit.framework/Versions/A/IOKit
0x000000000646b000 	/usr/lib/libDiagnosticMessagesClient.dylib
0x000000000646b000 	/System/Library/Frameworks/CoreServices.framework/Versions/A/CoreServices
0x000000000646b000 	/System/Library/PrivateFrameworks/PerformanceAnalysis.framework/Versions/A/PerformanceAnalysis
0x000000000646b000 	/System/Library/PrivateFrameworks/GenerationalStorage.framework/Versions/A/GenerationalStorage
0x000000000646b000 	/System/Library/Frameworks/OpenGL.framework/Versions/A/OpenGL
0x000000000646b000 	/System/Library/PrivateFrameworks/Sharing.framework/Versions/A/Sharing
0x000000000646b000 	/System/Library/Frameworks/CoreGraphics.framework/Versions/A/CoreGraphics
0x000000000646b000 	/System/Library/Frameworks/CoreText.framework/Versions/A/CoreText
0x000000000646b000 	/System/Library/Frameworks/ImageIO.framework/Versions/A/ImageIO
0x000000000646b000 	/usr/lib/libextension.dylib
0x000000000646b000 	/System/Library/PrivateFrameworks/Backup.framework/Versions/A/Backup
0x000000000646b000 	/usr/lib/libarchive.2.dylib
0x000000000646b000 	/System/Library/Frameworks/CFNetwork.framework/Versions/A/CFNetwork
0x000000000646b000 	/System/Library/Frameworks/SystemConfiguration.framework/Versions/A/SystemConfiguration
0x000000000646b000 	/usr/lib/libCRFSuite.dylib
0x000000000646b000 	/usr/lib/libc++.1.dylib
0x000000000646b000 	/usr/lib/libc++abi.dylib
0x000000000646b000 	/usr/lib/system/libcache.dylib
0x000000000646b000 	/usr/lib/system/libcommonCrypto.dylib
0x000000000646b000 	/usr/lib/system/libcompiler_rt.dylib
0x000000000646b000 	/usr/lib/system/libcopyfile.dylib
0x000000000646b000 	/usr/lib/system/libcorecrypto.dylib
0x000000000646b000 	/usr/lib/system/libdispatch.dylib
0x000000000646b000 	/usr/lib/system/libdyld.dylib
0x000000000646b000 	/usr/lib/system/libkeymgr.dylib
0x000000000646b000 	/usr/lib/system/liblaunch.dylib
0x000000000646b000 	/usr/lib/system/libmacho.dylib
0x000000000646b000 	/usr/lib/system/libquarantine.dylib
0x000000000646b000 	/usr/lib/system/libremovefile.dylib
0x000000000646b000 	/usr/lib/system/libsystem_asl.dylib
0x000000000646b000 	/usr/lib/system/libsystem_blocks.dylib
0x000000000646b000 	/usr/lib/system/libsystem_c.dylib
0x000000000646b000 	/usr/lib/system/libsystem_configuration.dylib
0x000000000646b000 	/usr/lib/system/libsystem_coreservices.dylib
0x000000000646b000 	/usr/lib/system/libsystem_coretls.dylib
0x000000000646b000 	/usr/lib/system/libsystem_dnssd.dylib
0x000000000646b000 	/usr/lib/system/libsystem_info.dylib
0x000000000646b000 	/usr/lib/system/libsystem_kernel.dylib
0x000000000646b000 	/usr/lib/system/libsystem_m.dylib
0x000000000646b000 	/usr/lib/system/libsystem_malloc.dylib
0x000000000646b000 	/usr/lib/system/libsystem_network.dylib
0x000000000646b000 	/usr/lib/system/libsystem_networkextension.dylib
0x000000000646b000 	/usr/lib/system/libsystem_notify.dylib
0x000000000646b000 	/usr/lib/system/libsystem_platform.dylib
0x000000000646b000 	/usr/lib/system/libsystem_pthread.dylib
0x000000000646b000 	/usr/lib/system/libsystem_sandbox.dylib
0x000000000646b000 	/usr/lib/system/libsystem_secinit.dylib
0x000000000646b000 	/usr/lib/system/libsystem_stats.dylib
0x000000000646b000 	/usr/lib/system/libsystem_trace.dylib
0x000000000646b000 	/usr/lib/system/libunc.dylib
0x000000000646b000 	/usr/lib/system/libunwind.dylib
0x000000000646b000 	/usr/lib/system/libxpc.dylib
0x000000000646b000 	/usr/lib/libbz2.1.0.dylib
0x000000000646b000 	/usr/lib/liblzma.5.dylib
0x000000000646b000 	/usr/lib/libbsm.0.dylib
0x000000000646b000 	/usr/lib/libsqlite3.dylib
0x000000000646b000 	/usr/lib/system/libkxld.dylib
0x000000000646b000 	/usr/lib/libxar.1.dylib
0x000000000646b000 	/usr/lib/libpam.2.dylib
0x000000000646b000 	/usr/lib/libOpenScriptingUtil.dylib
0x000000000646b000 	/System/Library/Frameworks/CoreServices.framework/Versions/A/Frameworks/FSEvents.framework/Versions/A/FSEvents
0x000000000646b000 	/System/Library/Frameworks/CoreServices.framework/Versions/A/Frameworks/CarbonCore.framework/Versions/A/CarbonCore
0x000000000646b000 	/System/Library/Frameworks/CoreServices.framework/Versions/A/Frameworks/Metadata.framework/Versions/A/Metadata
0x000000000646b000 	/System/Library/Frameworks/CoreServices.framework/Versions/A/Frameworks/OSServices.framework/Versions/A/OSServices
0x000000000646b000 	/System/Library/Frameworks/CoreServices.framework/Versions/A/Frameworks/SearchKit.framework/Versions/A/SearchKit
0x000000000646b000 	/System/Library/Frameworks/CoreServices.framework/Versions/A/Frameworks/AE.framework/Versions/A/AE
0x000000000646b000 	/System/Library/Frameworks/CoreServices.framework/Versions/A/Frameworks/LaunchServices.framework/Versions/A/LaunchServices
0x000000000646b000 	/System/Library/Frameworks/CoreServices.framework/Versions/A/Frameworks/DictionaryServices.framework/Versions/A/DictionaryServices
0x000000000646b000 	/System/Library/Frameworks/NetFS.framework/Versions/A/NetFS
0x000000000646b000 	/System/Library/PrivateFrameworks/NetAuth.framework/Versions/A/NetAuth
0x000000000646b000 	/System/Library/PrivateFrameworks/login.framework/Versions/A/Frameworks/loginsupport.framework/Versions/A/loginsupport
0x000000000646b000 	/System/Library/PrivateFrameworks/TCC.framework/Versions/A/TCC
0x000000000646b000 	/usr/lib/libmecabra.dylib
0x000000000646b000 	/System/Library/Frameworks/ApplicationServices.framework/Versions/A/Frameworks/ATS.framework/Versions/A/ATS
0x000000000646b000 	/System/Library/Frameworks/ApplicationServices.framework/Versions/A/Frameworks/ColorSync.framework/Versions/A/ColorSync
0x000000000646b000 	/System/Library/Frameworks/ApplicationServices.framework/Versions/A/Frameworks/HIServices.framework/Versions/A/HIServices
0x000000000646b000 	/System/Library/Frameworks/ApplicationServices.framework/Versions/A/Frameworks/LangAnalysis.framework/Versions/A/LangAnalysis
0x000000000646b000 	/System/Library/Frameworks/ApplicationServices.framework/Versions/A/Frameworks/PrintCore.framework/Versions/A/PrintCore
0x000000000646b000 	/System/Library/Frameworks/ApplicationServices.framework/Versions/A/Frameworks/QD.framework/Versions/A/QD
0x000000000646b000 	/System/Library/Frameworks/ApplicationServices.framework/Versions/A/Frameworks/SpeechSynthesis.framework/Versions/A/SpeechSynthesis
0x000000000646b000 	/System/Library/Frameworks/Accelerate.framework/Versions/A/Accelerate
0x000000000646b000 	/System/Library/Frameworks/Accelerate.framework/Versions/A/Frameworks/vImage.framework/Versions/A/vImage
0x000000000646b000 	/System/Library/Frameworks/Accelerate.framework/Versions/A/Frameworks/vecLib.framework/Versions/A/vecLib
0x000000000646b000 	/System/Library/Frameworks/Accelerate.framework/Versions/A/Frameworks/vecLib.framework/Versions/A/libvDSP.dylib
0x000000000646b000 	/System/Library/Frameworks/Accelerate.framework/Versions/A/Frameworks/vecLib.framework/Versions/A/libvMisc.dylib
0x000000000646b000 	/System/Library/Frameworks/Accelerate.framework/Versions/A/Frameworks/vecLib.framework/Versions/A/libLAPACK.dylib
0x000000000646b000 	/System/Library/Frameworks/Accelerate.framework/Versions/A/Frameworks/vecLib.framework/Versions/A/libBLAS.dylib
0x000000000646b000 	/System/Library/Frameworks/Accelerate.framework/Versions/A/Frameworks/vecLib.framework/Versions/A/libLinearAlgebra.dylib
0x000000000646b000 	/System/Library/Frameworks/ApplicationServices.framework/Versions/A/Frameworks/ATS.framework/Versions/A/Resources/libFontParser.dylib
0x000000000646b000 	/System/Library/Frameworks/ApplicationServices.framework/Versions/A/Frameworks/ATS.framework/Versions/A/Resources/libFontRegistry.dylib
0x000000000646b000 	/System/Library/PrivateFrameworks/AppleVPA.framework/Versions/A/AppleVPA
0x000000000646b000 	/System/Library/PrivateFrameworks/AppleJPEG.framework/Versions/A/AppleJPEG
0x000000000646b000 	/System/Library/Frameworks/ImageIO.framework/Versions/A/Resources/libJPEG.dylib
0x000000000646b000 	/System/Library/Frameworks/ImageIO.framework/Versions/A/Resources/libTIFF.dylib
0x000000000646b000 	/System/Library/Frameworks/ImageIO.framework/Versions/A/Resources/libPng.dylib
0x000000000646b000 	/System/Library/Frameworks/ImageIO.framework/Versions/A/Resources/libGIF.dylib
0x000000000646b000 	/System/Library/Frameworks/ImageIO.framework/Versions/A/Resources/libJP2.dylib
0x000000000646b000 	/System/Library/Frameworks/ImageIO.framework/Versions/A/Resources/libRadiance.dylib
0x000000000646b000 	/System/Library/Frameworks/CoreVideo.framework/Versions/A/CoreVideo
0x000000000646b000 	/System/Library/Frameworks/OpenGL.framework/Versions/A/Libraries/libGLU.dylib
0x000000000646b000 	/System/Library/Frameworks/OpenGL.framework/Versions/A/Libraries/libGFXShared.dylib
0x000000000646b000 	/System/Library/Frameworks/OpenGL.framework/Versions/A/Libraries/libGL.dylib
0x000000000646b000 	/System/Library/Frameworks/OpenGL.framework/Versions/A/Libraries/libGLImage.dylib
0x000000000646b000 	/System/Library/Frameworks/OpenGL.framework/Versions/A/Libraries/libCVMSPluginSupport.dylib
0x000000000646b000 	/System/Library/Frameworks/OpenGL.framework/Versions/A/Libraries/libCoreVMClient.dylib
0x000000000646b000 	/usr/lib/libcups.2.dylib
0x000000000646b000 	/System/Library/Frameworks/Kerberos.framework/Versions/A/Kerberos
0x000000000646b000 	/System/Library/Frameworks/GSS.framework/Versions/A/GSS
0x000000000646b000 	/usr/lib/libresolv.9.dylib
0x000000000646b000 	/usr/lib/libiconv.2.dylib
0x000000000646b000 	/System/Library/PrivateFrameworks/Heimdal.framework/Versions/A/Heimdal
0x000000000646b000 	/usr/lib/libheimdal-asn1.dylib
0x000000000646b000 	/System/Library/Frameworks/OpenDirectory.framework/Versions/A/OpenDirectory
0x000000000646b000 	/System/Library/PrivateFrameworks/CommonAuth.framework/Versions/A/CommonAuth
0x000000000646b000 	/System/Library/Frameworks/OpenDirectory.framework/Versions/A/Frameworks/CFOpenDirectory.framework/Versions/A/CFOpenDirectory
0x000000000646b000 	/System/Library/Frameworks/SecurityFoundation.framework/Versions/A/SecurityFoundation
0x000000000646b000 	/System/Library/PrivateFrameworks/LanguageModeling.framework/Versions/A/LanguageModeling
0x000000000646b000 	/usr/lib/libcmph.dylib
0x000000000646b000 	/System/Library/Frameworks/ServiceManagement.framework/Versions/A/ServiceManagement
0x000000000646b000 	/usr/lib/libxslt.1.dylib
0x000000000646b000 	/System/Library/Frameworks/Carbon.framework/Versions/A/Frameworks/Ink.framework/Versions/A/Ink
0x000000000646b000 	/System/Library/Frameworks/QuartzCore.framework/Versions/A/Frameworks/CoreImage.framework/Versions/A/CoreImage
0x000000000646b000 	/System/Library/PrivateFrameworks/CrashReporterSupport.framework/Versions/A/CrashReporterSupport
0x000000000646b000 	/System/Library/Frameworks/OpenCL.framework/Versions/A/OpenCL
0x000000000646b000 	/System/Library/PrivateFrameworks/FaceCore.framework/Versions/A/FaceCore
0x000000000646b000 	/System/Library/PrivateFrameworks/Ubiquity.framework/Versions/A/Ubiquity
0x000000000646b000 	/System/Library/PrivateFrameworks/IconServices.framework/Versions/A/IconServices
0x000000000646b000 	/System/Library/PrivateFrameworks/ChunkingLibrary.framework/Versions/A/ChunkingLibrary
0x000000000646b000 	/System/Library/PrivateFrameworks/Apple80211.framework/Versions/A/Apple80211
0x000000000646b000 	/System/Library/Frameworks/CoreWLAN.framework/Versions/A/CoreWLAN
0x000000000646b000 	/System/Library/Frameworks/IOBluetooth.framework/Versions/A/IOBluetooth
0x000000000646b000 	/System/Library/PrivateFrameworks/CoreWiFi.framework/Versions/A/CoreWiFi
0x000000000646b000 	/System/Library/Frameworks/CoreBluetooth.framework/Versions/A/CoreBluetooth
0x000000000646b000 	/System/Library/PrivateFrameworks/DebugSymbols.framework/Versions/A/DebugSymbols
0x000000000646b000 	/System/Library/PrivateFrameworks/CoreSymbolication.framework/Versions/A/CoreSymbolication
0x000000000646b000 	/System/Library/PrivateFrameworks/Symbolication.framework/Versions/A/Symbolication
0x000000000646b000 	/System/Library/PrivateFrameworks/SpeechRecognitionCore.framework/Versions/A/SpeechRecognitionCore
0x0000000101200000 	/Library/Java/JavaVirtualMachines/jdk1.8.0_60.jdk/Contents/Home/jre/lib/server/libjvm.dylib
0x000000000646b000 	/usr/lib/libstdc++.6.dylib
0x00000001009ca000 	/Library/Java/JavaVirtualMachines/jdk1.8.0_60.jdk/Contents/Home/jre/lib/libverify.dylib
0x0000000102189000 	/Library/Java/JavaVirtualMachines/jdk1.8.0_60.jdk/Contents/Home/jre/lib/libjava.dylib
0x00000001009e2000 	/Library/Java/JavaVirtualMachines/jdk1.8.0_60.jdk/Contents/Home/jre/lib/libzip.dylib
0x0000000115cb8000 	/System/Library/Frameworks/JavaVM.framework/Frameworks/JavaRuntimeSupport.framework/JavaRuntimeSupport
0x0000000115cd0000 	/System/Library/Frameworks/JavaVM.framework/Versions/A/Frameworks/JavaNativeFoundation.framework/Versions/A/JavaNativeFoundation
0x0000000115ce5000 	/System/Library/Frameworks/JavaVM.framework/Versions/A/JavaVM
0x000000000646b000 	/System/Library/Frameworks/Carbon.framework/Versions/A/Carbon
0x0000000115cf2000 	/System/Library/PrivateFrameworks/JavaLaunching.framework/Versions/A/JavaLaunching
0x000000000646b000 	/System/Library/Frameworks/Carbon.framework/Versions/A/Frameworks/CommonPanels.framework/Versions/A/CommonPanels
0x000000000646b000 	/System/Library/Frameworks/Carbon.framework/Versions/A/Frameworks/Help.framework/Versions/A/Help
0x000000000646b000 	/System/Library/Frameworks/Carbon.framework/Versions/A/Frameworks/ImageCapture.framework/Versions/A/ImageCapture
0x000000000646b000 	/System/Library/Frameworks/Carbon.framework/Versions/A/Frameworks/OpenScripting.framework/Versions/A/OpenScripting
0x000000000646b000 	/System/Library/Frameworks/Carbon.framework/Versions/A/Frameworks/Print.framework/Versions/A/Print
0x000000000646b000 	/System/Library/Frameworks/Carbon.framework/Versions/A/Frameworks/SecurityHI.framework/Versions/A/SecurityHI
0x0000000117c28000 	/Library/Java/JavaVirtualMachines/jdk1.8.0_60.jdk/Contents/Home/jre/lib/libawt.dylib
0x0000000117cd0000 	/Library/Java/JavaVirtualMachines/jdk1.8.0_60.jdk/Contents/Home/jre/lib/./libmlib_image.dylib
0x0000000117d9c000 	/Library/Java/JavaVirtualMachines/jdk1.8.0_60.jdk/Contents/Home/jre/lib/libawt_lwawt.dylib
0x0000000117e51000 	/Library/Java/JavaVirtualMachines/jdk1.8.0_60.jdk/Contents/Home/jre/lib/./libosxapp.dylib
0x000000000646b000 	/System/Library/Frameworks/ExceptionHandling.framework/Versions/A/ExceptionHandling
0x000000000646b000 	/System/Library/PrivateFrameworks/CoreServicesInternal.framework/Versions/A/CoreServicesInternal
0x000000000646b000 	/System/Library/PrivateFrameworks/CloudDocs.framework/Versions/A/CloudDocs
0x000000000646b000 	/System/Library/PrivateFrameworks/CoreDuet.framework/Versions/A/CoreDuet
0x000000000646b000 	/System/Library/Frameworks/CloudKit.framework/Versions/A/CloudKit
0x000000000646b000 	/System/Library/PrivateFrameworks/ProtocolBuffer.framework/Versions/A/ProtocolBuffer
0x000000000646b000 	/System/Library/PrivateFrameworks/CoreDuetDaemonProtocol.framework/Versions/A/CoreDuetDaemonProtocol
0x000000000646b000 	/System/Library/PrivateFrameworks/CoreDuetDebugLogging.framework/Versions/A/CoreDuetDebugLogging
0x000000000646b000 	/System/Library/PrivateFrameworks/MMCS.framework/Versions/A/MMCS
0x000000000646b000 	/System/Library/Frameworks/CoreLocation.framework/Versions/A/CoreLocation
0x000000000646b000 	/System/Library/PrivateFrameworks/ProtectedCloudStorage.framework/Versions/A/ProtectedCloudStorage
0x000000000646b000 	/System/Library/PrivateFrameworks/GeoServices.framework/Versions/A/GeoServices
0x00000001196cc000 	/System/Library/Frameworks/CoreGraphics.framework/Versions/A/Resources/libCGCMS.A.dylib
0x000000011a1af000 	/System/Library/Frameworks/CoreGraphics.framework/Versions/A/Resources/libRIP.A.dylib
0x000000011a424000 	/System/Library/Frameworks/CoreGraphics.framework/Versions/A/Resources/libCGXType.A.dylib
0x000000000646b000 	/System/Library/Frameworks/OpenCL.framework/Versions/A/Libraries/libcldcpuengine.dylib
0x000000000646b000 	/System/Library/PrivateFrameworks/DiskImages.framework/Versions/A/DiskImages
0x000000000646b000 	/System/Library/Frameworks/DiscRecording.framework/Versions/A/DiscRecording
0x000000000646b000 	/usr/lib/libcsfde.dylib
0x000000000646b000 	/usr/lib/libcurl.4.dylib
0x000000000646b000 	/System/Library/PrivateFrameworks/MediaKit.framework/Versions/A/MediaKit
0x000000000646b000 	/usr/lib/libCoreStorage.dylib
0x000000000646b000 	/System/Library/PrivateFrameworks/EFILogin.framework/Versions/A/EFILogin
0x000000000646b000 	/usr/lib/libutil.dylib
0x000000000646b000 	/System/Library/PrivateFrameworks/FindMyDevice.framework/Versions/A/FindMyDevice
0x000000000646b000 	/System/Library/Frameworks/LDAP.framework/Versions/A/LDAP
0x000000000646b000 	/usr/lib/libsasl2.2.dylib
0x000000000646b000 	/System/Library/PrivateFrameworks/CoreDaemon.framework/Versions/B/CoreDaemon
0x000000000646b000 	/usr/lib/libcrypto.0.9.8.dylib
0x000000000646b000 	/System/Library/PrivateFrameworks/AppleSRP.framework/Versions/A/AppleSRP
0x000000000646b000 	/System/Library/PrivateFrameworks/TrustEvaluationAgent.framework/Versions/A/TrustEvaluationAgent
0x000000011ae94000 	cl_kernels
0x000000011ae96000 	/System/Library/Frameworks/OpenCL.framework/Versions/A/Libraries/ImageFormats/unorm8_bgra.dylib
0x000000011ae85000 	cl_kernels
0x000000000646b000 	/System/Library/PrivateFrameworks/FamilyControls.framework/Versions/A/FamilyControls
0x000000000646b000 	/System/Library/PrivateFrameworks/CommerceKit.framework/Versions/A/Frameworks/CommerceCore.framework/Versions/A/CommerceCore
0x000000000646b000 	/System/Library/PrivateFrameworks/SystemAdministration.framework/Versions/A/SystemAdministration
0x000000000646b000 	/System/Library/PrivateFrameworks/AppContainer.framework/Versions/A/AppContainer
0x000000000646b000 	/System/Library/PrivateFrameworks/SecCodeWrapper.framework/Versions/A/SecCodeWrapper
0x000000000646b000 	/System/Library/Frameworks/DirectoryService.framework/Versions/A/DirectoryService
0x000000000646b000 	/System/Library/PrivateFrameworks/LoginUIKit.framework/Versions/A/Frameworks/LoginUICore.framework/Versions/A/LoginUICore
0x000000000646b000 	/usr/lib/libodfde.dylib
0x000000011c17f000 	/System/Library/Frameworks/OpenGL.framework/Resources/GLEngine.bundle/GLEngine
0x000000000646b000 	/System/Library/Frameworks/OpenGL.framework/Versions/A/Libraries/libGLProgrammability.dylib
0x000000011c36a000 	/System/Library/Extensions/AppleIntelHD4000GraphicsGLDriver.bundle/Contents/MacOS/AppleIntelHD4000GraphicsGLDriver
0x000000000646b000 	/System/Library/PrivateFrameworks/IOAccelerator.framework/Versions/A/IOAccelerator
0x000000000646b000 	/System/Library/PrivateFrameworks/GPUSupport.framework/Versions/A/Libraries/libGPUSupportMercury.dylib
0x000000011c9c9000 	/System/Library/Frameworks/OpenGL.framework/Resources//GLRendererFloat.bundle/GLRendererFloat
0x000000011d38a000 	/Library/Java/JavaVirtualMachines/jdk1.8.0_60.jdk/Contents/Home/jre/lib/libfontmanager.dylib
0x000000011e60e000 	/Library/Java/JavaVirtualMachines/jdk1.8.0_60.jdk/Contents/Home/jre/lib/libosxui.dylib
0x000000011e6d1000 	/Library/Java/JavaVirtualMachines/jdk1.8.0_60.jdk/Contents/Home/jre/lib/libnet.dylib
0x000000011e913000 	/Library/Java/JavaVirtualMachines/jdk1.8.0_60.jdk/Contents/Home/jre/lib/libnio.dylib
0x000000000646b000 	/System/Library/Frameworks/ApplicationServices.framework/Versions/A/Frameworks/ATS.framework/Versions/A/Resources/libTrueTypeScaler.dylib
0x000000017d835000 	/private/var/folders/kq/rmq3xm_n5gb1c7xnh6sk0dkr0000gn/T/jogamp_0000/file_cache/jln3207758824745494719/jln4833956431487448165/libgluegen-rt.jnilib
0x000000017d839000 	/private/var/folders/kq/rmq3xm_n5gb1c7xnh6sk0dkr0000gn/T/jogamp_0000/file_cache/jln3207758824745494719/jln4833956431487448165/libnativewindow_awt.jnilib
0x000000017d83c000 	/Library/Java/JavaVirtualMachines/jdk1.8.0_60.jdk/Contents/Home/jre/lib/libjawt.dylib
0x000000017d83f000 	/private/var/folders/kq/rmq3xm_n5gb1c7xnh6sk0dkr0000gn/T/jogamp_0000/file_cache/jln3207758824745494719/jln4833956431487448165/libnativewindow_macosx.jnilib
0x000000017f931000 	/private/var/folders/kq/rmq3xm_n5gb1c7xnh6sk0dkr0000gn/T/jogamp_0000/file_cache/jln3207758824745494719/jln4833956431487448165/libjogl_desktop.jnilib
0x0000000187b0e000 	/Library/Java/JavaVirtualMachines/jdk1.8.0_60.jdk/Contents/Home/jre/lib/libt2k.dylib

VM Arguments:
jvm_args: -Djava.security.policy=java.policy.applet -Dfile.encoding=UTF-8 
java_command: sun.applet.AppletViewer module6.AirportMap1444151194188.html
java_class_path (initial): /Users/kishwarkumar/Documents/workspace/UCSDUnfoldingMaps/build:/Users/kishwarkumar/Documents/workspace/UCSDUnfoldingMaps/lib/core.jar:/Users/kishwarkumar/Documents/workspace/UCSDUnfoldingMaps/lib/gluegen-rt.jar:/Users/kishwarkumar/Documents/workspace/UCSDUnfoldingMaps/lib/jogl-all.jar:/Users/kishwarkumar/Documents/workspace/UCSDUnfoldingMaps/lib/log4j-1.2.15.jar:/Users/kishwarkumar/Documents/workspace/UCSDUnfoldingMaps/lib/sqlite-jdbc-3.7.2.jar:/Users/kishwarkumar/Documents/workspace/UCSDUnfoldingMaps/lib/json4processing.jar:/Users/kishwarkumar/Documents/workspace/UCSDUnfoldingMaps/lib/libTUIO.jar:/Users/kishwarkumar/Documents/workspace/UCSDUnfoldingMaps/lib/unfolding.0.9.7-uscd.jar
Launcher Type: SUN_STANDARD

Environment Variables:
PATH=/usr/bin:/bin:/usr/sbin:/sbin
SHELL=/bin/bash
DISPLAY=/private/tmp/com.apple.launchd.aIaLzYblor/org.macosforge.xquartz:0

Signal Handlers:
SIGSEGV: [libjvm.dylib+0x5a6d31], sa_mask[0]=11111111011111110111111111111111, sa_flags=SA_ONSTACK|SA_RESTART|SA_SIGINFO
SIGBUS: [libjvm.dylib+0x5a6d31], sa_mask[0]=11111111011111110111111111111111, sa_flags=SA_RESTART|SA_SIGINFO
SIGFPE: [libjvm.dylib+0x480a4c], sa_mask[0]=11111111011111110111111111111111, sa_flags=SA_RESTART|SA_SIGINFO
SIGPIPE: [libjvm.dylib+0x480a4c], sa_mask[0]=11111111011111110111111111111111, sa_flags=SA_RESTART|SA_SIGINFO
SIGXFSZ: [libjvm.dylib+0x480a4c], sa_mask[0]=11111111011111110111111111111111, sa_flags=SA_RESTART|SA_SIGINFO
SIGILL: [libjvm.dylib+0x480a4c], sa_mask[0]=11111111011111110111111111111111, sa_flags=SA_RESTART|SA_SIGINFO
SIGUSR1: SIG_DFL, sa_mask[0]=00000000000000000000000000000000, sa_flags=none
SIGUSR2: [libjvm.dylib+0x48056a], sa_mask[0]=00100000000000000000000000000000, sa_flags=SA_RESTART|SA_SIGINFO
SIGHUP: [libjvm.dylib+0x47eb41], sa_mask[0]=11111111011111110111111111111111, sa_flags=SA_RESTART|SA_SIGINFO
SIGINT: [libjvm.dylib+0x47eb41], sa_mask[0]=11111111011111110111111111111111, sa_flags=SA_RESTART|SA_SIGINFO
SIGTERM: [libjvm.dylib+0x47eb41], sa_mask[0]=11111111011111110111111111111111, sa_flags=SA_RESTART|SA_SIGINFO
SIGQUIT: [libjvm.dylib+0x47eb41], sa_mask[0]=11111111011111110111111111111111, sa_flags=SA_RESTART|SA_SIGINFO


---------------  S Y S T E M  ---------------

OS:Bsduname:Darwin 14.5.0 Darwin Kernel Version 14.5.0: Wed Jul 29 02:26:53 PDT 2015; root:xnu-2782.40.9~1/RELEASE_X86_64 x86_64
rlimit: STACK 8192k, CORE 0k, NPROC 709, NOFILE 10240, AS infinity
load average:1.21 1.42 1.88

CPU:total 4 (2 cores per cpu, 2 threads per core) family 6 model 58 stepping 9, cmov, cx8, fxsr, mmx, sse, sse2, sse3, ssse3, sse4.1, sse4.2, popcnt, avx, aes, clmul, erms, ht, tsc, tscinvbit, tscinv

Memory: 4k page, physical 4194304k(791816k free)

/proc/meminfo:


vm_info: Java HotSpot(TM) 64-Bit Server VM (25.60-b23) for bsd-amd64 JRE (1.8.0_60-b27), built on Aug  4 2015 10:47:24 by "java_re" with gcc 4.2.1 (Based on Apple Inc. build 5658) (LLVM build 2336.11.00)

time: Tue Oct  6 19:37:43 2015
elapsed time: 1869 seconds (0d 0h 31m 9s)

