#
# A fatal error has been detected by the Java Runtime Environment:
#
#  SIGSEGV (0xb) at pc=0x00007fff8ca540dd, pid=1399, tid=1811
#
# JRE version: Java(TM) SE Runtime Environment (8.0_60-b27) (build 1.8.0_60-b27)
# Java VM: Java HotSpot(TM) 64-Bit Server VM (25.60-b23 mixed mode bsd-amd64 compressed oops)
# Problematic frame:
# C  [libobjc.A.dylib+0x10dd]  objc_msgSend+0x1d
#
# Failed to write core dump. Core dumps have been disabled. To enable core dumping, try "ulimit -c unlimited" before starting Java again
#
# If you would like to submit a bug report, please visit:
#   http://bugreport.java.com/bugreport/crash.jsp
# The crash happened outside the Java Virtual Machine in native code.
# See problematic frame for where to report the bug.
#

---------------  T H R E A D  ---------------

Current thread (0x00007ff4938b9800):  JavaThread "AWT-AppKit" daemon [_thread_in_native, id=1811, stack(0x00007fff5cedb000,0x00007fff5d6db000)]

siginfo: si_signo: 11 (SIGSEGV), si_code: 1 (SEGV_MAPERR), si_addr: 0x0000000000000018

Registers:
RAX=0x00007ff49646b820, RBX=0x000000017f591450, RCX=0x00000001201f37c0, RDX=0x000000011f26b320
RSP=0x00007fff5d6d6448, RBP=0x00007fff5d6d6500, RSI=0x00007fff8d18540f, RDI=0x00007ff49671dc70
R8 =0x0000000000000000, R9 =0x0000000000000f50, R10=0x00007fff8d18540f, R11=0x0000000000000000
R12=0x0000000000000000, R13=0x0000000181428818, R14=0x000000017f591440, R15=0x00007ff4938b9800
RIP=0x00007fff8ca540dd, EFLAGS=0x0000000000010246, ERR=0x0000000000000004
  TRAPNO=0x000000000000000e

Top of Stack: (sp=0x00007fff5d6d6448)
0x00007fff5d6d6448:   000000017f58f157 00007fff5d6d64a0
0x00007fff5d6d6458:   0000000000000003 00007fff5d6d6480
0x00007fff5d6d6468:   0000000102815992 0000000181428818
0x00007fff5d6d6478:   0000000181428818 00007ff49646b820
0x00007fff5d6d6488:   000000017f5916a0 000000017f591710
0x00007fff5d6d6498:   00007fff77e39550 00007fff76bfcc80
0x00007fff5d6d64a8:   000000017f591450 000000017f591690
0x00007fff5d6d64b8:   00007ff49646b820 00007ff49671dc70
0x00007fff5d6d64c8:   00007ff491d79740 00007ff49646b820
0x00007fff5d6d64d8:   00007ff49671dc70 00007fff5d6d6588
0x00007fff5d6d64e8:   00007ff4938b99f8 0000000181428818
0x00007fff5d6d64f8:   00007fff5d6d65b0 00007fff5d6d6578
0x00007fff5d6d6508:   0000000104015954 0000000181428818
0x00007fff5d6d6518:   00007fff5d6d65b0 00007fff5d6d6578
0x00007fff5d6d6528:   00000001040156e7 00000001040156a2
0x00007fff5d6d6538:   00007fff5d6d6538 0000000181428818
0x00007fff5d6d6548:   00007fff5d6d65b0 000000018142b450
0x00007fff5d6d6558:   0000000000000000 0000000181428818
0x00007fff5d6d6568:   0000000000000000 00007fff5d6d6598
0x00007fff5d6d6578:   00007fff5d6d65f8 0000000104007c4d
0x00007fff5d6d6588:   0000000780ba8678 000000010400f578
0x00007fff5d6d6598:   00007ff49646b820 00007fff5d6d65f8
0x00007fff5d6d65a8:   00007ff49671dc70 0000000104010d82
0x00007fff5d6d65b8:   00007fff5d6d65b8 00000001814289e2
0x00007fff5d6d65c8:   00007fff5d6d6620 000000018142b450
0x00007fff5d6d65d8:   0000000000000000 00000001814289f0
0x00007fff5d6d65e8:   00007fff5d6d6598 00007fff5d6d6608
0x00007fff5d6d65f8:   00007fff5d6d6668 0000000104007c4d
0x00007fff5d6d6608:   00007ff49646b820 0000000780bba660
0x00007fff5d6d6618:   00007ff49671dc70 0000000780bba660
0x00007fff5d6d6628:   00007fff5d6d6628 00000001884a2eae
0x00007fff5d6d6638:   00007fff5d6d6678 00000001884a2f68 

Instructions: (pc=0x00007fff8ca540dd)
0x00007fff8ca540bd:   00 00 00 48 85 ff 2e 74 7a 40 f6 c7 01 2e 75 7e
0x00007fff8ca540cd:   49 bb f8 ff ff ff ff 7f 00 00 4c 23 1f 49 89 f2
0x00007fff8ca540dd:   45 23 53 18 49 c1 e2 04 4d 03 53 10 49 3b 32 75
0x00007fff8ca540ed:   04 41 ff 62 08 49 83 3a 00 74 6a 4d 3b 53 10 74 

Register to memory mapping:

RAX=0x00007ff49646b820 is an unknown value
RBX=0x000000017f591450: Java_jogamp_nativewindow_macosx_OSXUtil_GetScreenRefreshRate0+0x1cf0 in /private/var/folders/kq/rmq3xm_n5gb1c7xnh6sk0dkr0000gn/T/jogamp_0000/file_cache/jln1736547913775241199/jln4455927750656051635/libnativewindow_macosx.jnilib at 0x000000017f58a000
RCX=0x00000001201f37c0 is an unknown value
RDX=0x000000011f26b320 is an unknown value
RSP=0x00007fff5d6d6448 is pointing into the stack for thread: 0x00007ff4938b9800
RBP=0x00007fff5d6d6500 is pointing into the stack for thread: 0x00007ff4938b9800
RSI=0x00007fff8d18540f is an unknown value
RDI=0x00007ff49671dc70 is an unknown value
R8 =0x0000000000000000 is an unknown value
R9 =0x0000000000000f50 is an unknown value
R10=0x00007fff8d18540f is an unknown value
R11=0x0000000000000000 is an unknown value
R12=0x0000000000000000 is an unknown value
R13={method} {0x0000000181428818} 'UnsetJAWTRootSurfaceLayer0' '(JJ)V' in 'jogamp/nativewindow/jawt/macosx/MacOSXJAWTWindow'
R14=0x000000017f591440: Java_jogamp_nativewindow_macosx_OSXUtil_GetScreenRefreshRate0+0x1ce0 in /private/var/folders/kq/rmq3xm_n5gb1c7xnh6sk0dkr0000gn/T/jogamp_0000/file_cache/jln1736547913775241199/jln4455927750656051635/libnativewindow_macosx.jnilib at 0x000000017f58a000
R15=0x00007ff4938b9800 is a thread


Stack: [0x00007fff5cedb000,0x00007fff5d6db000],  sp=0x00007fff5d6d6448,  free space=8173k
Native frames: (J=compiled Java code, j=interpreted, Vv=VM code, C=native code)
C  [libobjc.A.dylib+0x10dd]  objc_msgSend+0x1d
j  jogamp.nativewindow.jawt.macosx.MacOSXJAWTWindow.UnsetJAWTRootSurfaceLayer0(JJ)V+0
j  jogamp.nativewindow.jawt.macosx.MacOSXJAWTWindow.access$200(JJ)V+2
j  jogamp.nativewindow.jawt.macosx.MacOSXJAWTWindow$1.run()V+38
J 2439 C1 com.jogamp.common.util.RunnableTask.run()V (345 bytes) @ 0x0000000104797c94 [0x0000000104797b00+0x194]
v  ~StubRoutines::call_stub
V  [libjvm.dylib+0x2eab0e]
V  [libjvm.dylib+0x321bb7]
V  [libjvm.dylib+0x31438b]
C  [libnativewindow_macosx.jnilib+0x5326]  Java_jogamp_nativewindow_jawt_macosx_MacOSXJAWTWindow_UnsetJAWTRootSurfaceLayer0+0x2b6
C  [Foundation+0x92dd0]  __NSThreadPerformPerform+0x125
C  [CoreFoundation+0x80a01]  __CFRUNLOOP_IS_CALLING_OUT_TO_A_SOURCE0_PERFORM_FUNCTION__+0x11
C  [CoreFoundation+0x72c5c]  __CFRunLoopDoSources0+0x1dc
C  [CoreFoundation+0x721bf]  __CFRunLoopRun+0x39f
C  [CoreFoundation+0x71bd8]  CFRunLoopRunSpecific+0x128
C  [HIToolbox+0x3256f]  RunCurrentEventLoopInMode+0xeb
C  [HIToolbox+0x321ee]  ReceiveNextEventCommon+0xb3
C  [HIToolbox+0x3212b]  _BlockUntilNextEventMatchingListInModeWithFilter+0x47
C  [AppKit+0x918ab]  _DPSNextEvent+0x3d2
C  [AppKit+0x90e58]  -[NSApplication nextEventMatchingMask:untilDate:inMode:dequeue:]+0x15a
C  [libosxapp.dylib+0x23aa]  -[NSApplicationAWT nextEventMatchingMask:untilDate:inMode:dequeue:]+0x7c
C  [AppKit+0x86af3]  -[NSApplication run]+0x252
C  [libosxapp.dylib+0x214d]  +[NSApplicationAWT runAWTLoopWithApp:]+0x9c
C  [libawt_lwawt.dylib+0x44517]  -[AWTStarter starter:]+0x389
C  [Foundation+0x92dd0]  __NSThreadPerformPerform+0x125
C  [CoreFoundation+0x80a01]  __CFRUNLOOP_IS_CALLING_OUT_TO_A_SOURCE0_PERFORM_FUNCTION__+0x11
C  [CoreFoundation+0x72b8d]  __CFRunLoopDoSources0+0x10d
C  [CoreFoundation+0x721bf]  __CFRunLoopRun+0x39f
C  [CoreFoundation+0x71bd8]  CFRunLoopRunSpecific+0x128
C  [java+0x6463]  CreateExecutionEnvironment+0x367
C  [java+0x21ac]  JLI_Launch+0x7a0
C  [java+0x84c0]  main+0x65
C  [java+0x1a04]  start+0x34
C  0x0000000000000007

Java frames: (J=compiled Java code, j=interpreted, Vv=VM code)
j  jogamp.nativewindow.jawt.macosx.MacOSXJAWTWindow.UnsetJAWTRootSurfaceLayer0(JJ)V+0
j  jogamp.nativewindow.jawt.macosx.MacOSXJAWTWindow.access$200(JJ)V+2
j  jogamp.nativewindow.jawt.macosx.MacOSXJAWTWindow$1.run()V+38
J 2439 C1 com.jogamp.common.util.RunnableTask.run()V (345 bytes) @ 0x0000000104797c94 [0x0000000104797b00+0x194]
v  ~StubRoutines::call_stub

---------------  P R O C E S S  ---------------

Java Threads: ( => current thread )
  0x00007ff492b21800 JavaThread "Thread-19" [_thread_blocked, id=35395, stack(0x000000017f70e000,0x000000017f80e000)]
  0x00007ff492ae9000 JavaThread "AWT-EventQueue-1" [_thread_in_native, id=56851, stack(0x000000017fbca000,0x000000017fcca000)]
  0x00007ff4939a9800 JavaThread "DestroyJavaVM" [_thread_blocked, id=3331, stack(0x00000001035ae000,0x00000001036ae000)]
  0x00007ff4939a4800 JavaThread "AWT-EventQueue-0" [_thread_blocked, id=55047, stack(0x0000000120280000,0x0000000120380000)]
  0x00007ff49290e800 JavaThread "Java2D Disposer" daemon [_thread_blocked, id=51223, stack(0x000000011effc000,0x000000011f0fc000)]
  0x00007ff493102000 JavaThread "Java2D Queue Flusher" daemon [_thread_blocked, id=49671, stack(0x000000011ddf1000,0x000000011def1000)]
  0x00007ff4921b5800 JavaThread "AWT-Shutdown" [_thread_blocked, id=28435, stack(0x000000011b44f000,0x000000011b54f000)]
=>0x00007ff4938b9800 JavaThread "AWT-AppKit" daemon [_thread_in_native, id=1811, stack(0x00007fff5cedb000,0x00007fff5d6db000)]
  0x00007ff49303a800 JavaThread "Service Thread" daemon [_thread_blocked, id=18435, stack(0x0000000119762000,0x0000000119862000)]
  0x00007ff492824800 JavaThread "C1 CompilerThread2" daemon [_thread_blocked, id=17923, stack(0x000000011965f000,0x000000011975f000)]
  0x00007ff49380c000 JavaThread "C2 CompilerThread1" daemon [_thread_blocked, id=17411, stack(0x000000011955c000,0x000000011965c000)]
  0x00007ff49380a000 JavaThread "C2 CompilerThread0" daemon [_thread_blocked, id=16899, stack(0x0000000119459000,0x0000000119559000)]
  0x00007ff49203a000 JavaThread "Signal Dispatcher" daemon [_thread_blocked, id=14355, stack(0x0000000119356000,0x0000000119456000)]
  0x00007ff49281b000 JavaThread "Finalizer" daemon [_thread_blocked, id=12035, stack(0x0000000117935000,0x0000000117a35000)]
  0x00007ff492039000 JavaThread "Reference Handler" daemon [_thread_blocked, id=11523, stack(0x0000000117832000,0x0000000117932000)]

Other Threads:
  0x00007ff492036800 VMThread [stack: 0x000000011772f000,0x000000011782f000] [id=11011]
  0x00007ff49200c000 WatcherThread [stack: 0x0000000119865000,0x0000000119965000] [id=18947]

VM state:not at safepoint (normal execution)

VM Mutex/Monitor currently owned by a thread: None

Heap:
 PSYoungGen      total 38912K, used 1476K [0x00000007aab00000, 0x00000007adb00000, 0x00000007c0000000)
  eden space 30720K, 4% used [0x00000007aab00000,0x00000007aac71390,0x00000007ac900000)
  from space 8192K, 0% used [0x00000007ad300000,0x00000007ad300000,0x00000007adb00000)
  to   space 9216K, 0% used [0x00000007ac900000,0x00000007ac900000,0x00000007ad200000)
 ParOldGen       total 45568K, used 16384K [0x0000000780000000, 0x0000000782c80000, 0x00000007aab00000)
  object space 45568K, 35% used [0x0000000780000000,0x0000000781000138,0x0000000782c80000)
 Metaspace       used 21027K, capacity 21211K, committed 21552K, reserved 1069056K
  class space    used 2066K, capacity 2112K, committed 2176K, reserved 1048576K

Card table byte_map: [0x00000001133c0000,0x00000001135c1000] byte_map_base: 0x000000010f7c0000

Marking Bits: (ParMarkBitMap*) 0x0000000102f02e20
 Begin Bits: [0x0000000113b23000, 0x0000000114b23000)
 End Bits:   [0x0000000114b23000, 0x0000000115b23000)

Polling page: 0x000000010370a000

CodeCache: size=245760Kb used=8647Kb max_used=8660Kb free=237112Kb
 bounds [0x0000000104000000, 0x0000000104880000, 0x0000000113000000]
 total_blobs=3338 nmethods=2442 adapters=809
 compilation: enabled

Compilation events (10 events):
Event: 16.481 Thread 0x00007ff492824800 2712   !   3       sun.lwawt.LWComponentPeer::isShowing (49 bytes)
Event: 16.482 Thread 0x00007ff492824800 nmethod 2712 0x00000001048772d0 code [0x0000000104877480, 0x0000000104877d68]
Event: 16.496 Thread 0x00007ff492824800 2713       1       sun.java2d.SurfaceData::isValid (5 bytes)
Event: 16.496 Thread 0x00007ff492824800 nmethod 2713 0x00000001046c3f50 code [0x00000001046c40a0, 0x00000001046c41b0]
Event: 16.510 Thread 0x00007ff49380a000 2714  s!   4       sun.misc.URLClassPath::getLoader (197 bytes)
Event: 16.517 Thread 0x00007ff49380a000 nmethod 2714 0x000000010487b410 code [0x000000010487b580, 0x000000010487bd58]
Event: 16.529 Thread 0x00007ff492824800 2715       3       java.util.HashMap::put (13 bytes)
Event: 16.529 Thread 0x00007ff49380c000 2716  s    4       sun.misc.URLClassPath::getNextLoader (88 bytes)
Event: 16.530 Thread 0x00007ff492824800 nmethod 2715 0x000000010487ad90 code [0x000000010487af20, 0x000000010487b2d8]
Event: 16.536 Thread 0x00007ff49380c000 nmethod 2716 0x0000000104878a90 code [0x0000000104878c00, 0x0000000104879378]

GC Heap History (10 events):
Event: 4.958 GC heap before
{Heap before GC invocations=5 (full 0):
 PSYoungGen      total 18944K, used 18844K [0x00000007aab00000, 0x00000007ad000000, 0x00000007c0000000)
  eden space 16384K, 99% used [0x00000007aab00000,0x00000007abae70c0,0x00000007abb00000)
  from space 2560K, 100% used [0x00000007abd80000,0x00000007ac000000,0x00000007ac000000)
  to   space 2560K, 0% used [0x00000007abb00000,0x00000007abb00000,0x00000007abd80000)
 ParOldGen       total 44032K, used 13969K [0x0000000780000000, 0x0000000782b00000, 0x00000007aab00000)
  object space 44032K, 31% used [0x0000000780000000,0x0000000780da4610,0x0000000782b00000)
 Metaspace       used 20369K, capacity 20565K, committed 20864K, reserved 1069056K
  class space    used 2041K, capacity 2111K, committed 2176K, reserved 1048576K
Event: 4.968 GC heap after
Heap after GC invocations=5 (full 0):
 PSYoungGen      total 18944K, used 2528K [0x00000007aab00000, 0x00000007adf00000, 0x00000007c0000000)
  eden space 16384K, 0% used [0x00000007aab00000,0x00000007aab00000,0x00000007abb00000)
  from space 2560K, 98% used [0x00000007abb00000,0x00000007abd78010,0x00000007abd80000)
  to   space 10240K, 0% used [0x00000007ad500000,0x00000007ad500000,0x00000007adf00000)
 ParOldGen       total 44032K, used 17627K [0x0000000780000000, 0x0000000782b00000, 0x00000007aab00000)
  object space 44032K, 40% used [0x0000000780000000,0x0000000781136d78,0x0000000782b00000)
 Metaspace       used 20369K, capacity 20565K, committed 20864K, reserved 1069056K
  class space    used 2041K, capacity 2111K, committed 2176K, reserved 1048576K
}
Event: 5.637 GC heap before
{Heap before GC invocations=6 (full 0):
 PSYoungGen      total 18944K, used 18912K [0x00000007aab00000, 0x00000007adf00000, 0x00000007c0000000)
  eden space 16384K, 100% used [0x00000007aab00000,0x00000007abb00000,0x00000007abb00000)
  from space 2560K, 98% used [0x00000007abb00000,0x00000007abd78010,0x00000007abd80000)
  to   space 10240K, 0% used [0x00000007ad500000,0x00000007ad500000,0x00000007adf00000)
 ParOldGen       total 44032K, used 17627K [0x0000000780000000, 0x0000000782b00000, 0x00000007aab00000)
  object space 44032K, 40% used [0x0000000780000000,0x0000000781136d78,0x0000000782b00000)
 Metaspace       used 20496K, capacity 20699K, committed 20864K, reserved 1069056K
  class space    used 2042K, capacity 2112K, committed 2176K, reserved 1048576K
Event: 5.645 GC heap after
Heap after GC invocations=6 (full 0):
 PSYoungGen      total 41984K, used 5728K [0x00000007aab00000, 0x00000007ade00000, 0x00000007c0000000)
  eden space 32768K, 0% used [0x00000007aab00000,0x00000007aab00000,0x00000007acb00000)
  from space 9216K, 62% used [0x00000007ad500000,0x00000007ada980d0,0x00000007ade00000)
  to   space 9728K, 0% used [0x00000007acb00000,0x00000007acb00000,0x00000007ad480000)
 ParOldGen       total 44032K, used 17635K [0x0000000780000000, 0x0000000782b00000, 0x00000007aab00000)
  object space 44032K, 40% used [0x0000000780000000,0x0000000781138d78,0x0000000782b00000)
 Metaspace       used 20496K, capacity 20699K, committed 20864K, reserved 1069056K
  class space    used 2042K, capacity 2112K, committed 2176K, reserved 1048576K
}
Event: 10.327 GC heap before
{Heap before GC invocations=7 (full 0):
 PSYoungGen      total 41984K, used 38496K [0x00000007aab00000, 0x00000007ade00000, 0x00000007c0000000)
  eden space 32768K, 100% used [0x00000007aab00000,0x00000007acb00000,0x00000007acb00000)
  from space 9216K, 62% used [0x00000007ad500000,0x00000007ada980d0,0x00000007ade00000)
  to   space 9728K, 0% used [0x00000007acb00000,0x00000007acb00000,0x00000007ad480000)
 ParOldGen       total 44032K, used 17635K [0x0000000780000000, 0x0000000782b00000, 0x00000007aab00000)
  object space 44032K, 40% used [0x0000000780000000,0x0000000781138d78,0x0000000782b00000)
 Metaspace       used 20797K, capacity 21019K, committed 21296K, reserved 1069056K
  class space    used 2043K, capacity 2112K, committed 2176K, reserved 1048576K
Event: 10.336 GC heap after
Heap after GC invocations=7 (full 0):
 PSYoungGen      total 36864K, used 4704K [0x00000007aab00000, 0x00000007adc00000, 0x00000007c0000000)
  eden space 31744K, 0% used [0x00000007aab00000,0x00000007aab00000,0x00000007aca00000)
  from space 5120K, 91% used [0x00000007acb00000,0x00000007acf980d0,0x00000007ad000000)
  to   space 9216K, 0% used [0x00000007ad300000,0x00000007ad300000,0x00000007adc00000)
 ParOldGen       total 44032K, used 18747K [0x0000000780000000, 0x0000000782b00000, 0x00000007aab00000)
  object space 44032K, 42% used [0x0000000780000000,0x000000078124ede8,0x0000000782b00000)
 Metaspace       used 20797K, capacity 21019K, committed 21296K, reserved 1069056K
  class space    used 2043K, capacity 2112K, committed 2176K, reserved 1048576K
}
Event: 13.441 GC heap before
{Heap before GC invocations=8 (full 0):
 PSYoungGen      total 36864K, used 18817K [0x00000007aab00000, 0x00000007adc00000, 0x00000007c0000000)
  eden space 31744K, 44% used [0x00000007aab00000,0x00000007ab8c86e0,0x00000007aca00000)
  from space 5120K, 91% used [0x00000007acb00000,0x00000007acf980d0,0x00000007ad000000)
  to   space 9216K, 0% used [0x00000007ad300000,0x00000007ad300000,0x00000007adc00000)
 ParOldGen       total 44032K, used 18747K [0x0000000780000000, 0x0000000782b00000, 0x00000007aab00000)
  object space 44032K, 42% used [0x0000000780000000,0x000000078124ede8,0x0000000782b00000)
 Metaspace       used 20918K, capacity 21083K, committed 21296K, reserved 1069056K
  class space    used 2045K, capacity 2112K, committed 2176K, reserved 1048576K
Event: 13.445 GC heap after
Heap after GC invocations=8 (full 0):
 PSYoungGen      total 38912K, used 3712K [0x00000007aab00000, 0x00000007adb00000, 0x00000007c0000000)
  eden space 30720K, 0% used [0x00000007aab00000,0x00000007aab00000,0x00000007ac900000)
  from space 8192K, 45% used [0x00000007ad300000,0x00000007ad6a00d0,0x00000007adb00000)
  to   space 9216K, 0% used [0x00000007ac900000,0x00000007ac900000,0x00000007ad200000)
 ParOldGen       total 44032K, used 19684K [0x0000000780000000, 0x0000000782b00000, 0x00000007aab00000)
  object space 44032K, 44% used [0x0000000780000000,0x00000007813390c8,0x0000000782b00000)
 Metaspace       used 20918K, capacity 21083K, committed 21296K, reserved 1069056K
  class space    used 2045K, capacity 2112K, committed 2176K, reserved 1048576K
}
Event: 13.445 GC heap before
{Heap before GC invocations=9 (full 1):
 PSYoungGen      total 38912K, used 3712K [0x00000007aab00000, 0x00000007adb00000, 0x00000007c0000000)
  eden space 30720K, 0% used [0x00000007aab00000,0x00000007aab00000,0x00000007ac900000)
  from space 8192K, 45% used [0x00000007ad300000,0x00000007ad6a00d0,0x00000007adb00000)
  to   space 9216K, 0% used [0x00000007ac900000,0x00000007ac900000,0x00000007ad200000)
 ParOldGen       total 44032K, used 19684K [0x0000000780000000, 0x0000000782b00000, 0x00000007aab00000)
  object space 44032K, 44% used [0x0000000780000000,0x00000007813390c8,0x0000000782b00000)
 Metaspace       used 20918K, capacity 21083K, committed 21296K, reserved 1069056K
  class space    used 2045K, capacity 2112K, committed 2176K, reserved 1048576K
Event: 13.491 GC heap after
Heap after GC invocations=9 (full 1):
 PSYoungGen      total 38912K, used 0K [0x00000007aab00000, 0x00000007adb00000, 0x00000007c0000000)
  eden space 30720K, 0% used [0x00000007aab00000,0x00000007aab00000,0x00000007ac900000)
  from space 8192K, 0% used [0x00000007ad300000,0x00000007ad300000,0x00000007adb00000)
  to   space 9216K, 0% used [0x00000007ac900000,0x00000007ac900000,0x00000007ad200000)
 ParOldGen       total 45568K, used 16384K [0x0000000780000000, 0x0000000782c80000, 0x00000007aab00000)
  object space 45568K, 35% used [0x0000000780000000,0x0000000781000138,0x0000000782c80000)
 Metaspace       used 20918K, capacity 21083K, committed 21296K, reserved 1069056K
  class space    used 2045K, capacity 2112K, committed 2176K, reserved 1048576K
}

Deoptimization events (10 events):
Event: 10.975 Thread 0x00007ff492ae9000 Uncommon trap: reason=class_check action=maybe_recompile pc=0x000000010474a700 method=module5.CommonMarker.draw(Lprocessing/core/PGraphics;FF)V @ 25
Event: 10.992 Thread 0x00007ff492ae9000 Uncommon trap: reason=class_check action=maybe_recompile pc=0x000000010474a700 method=module5.CommonMarker.draw(Lprocessing/core/PGraphics;FF)V @ 25
Event: 11.009 Thread 0x00007ff492ae9000 Uncommon trap: reason=class_check action=maybe_recompile pc=0x000000010474a700 method=module5.CommonMarker.draw(Lprocessing/core/PGraphics;FF)V @ 25
Event: 11.025 Thread 0x00007ff492ae9000 Uncommon trap: reason=class_check action=maybe_recompile pc=0x000000010474a700 method=module5.CommonMarker.draw(Lprocessing/core/PGraphics;FF)V @ 25
Event: 14.661 Thread 0x00007ff4938b9800 Uncommon trap: reason=unstable_if action=reinterpret pc=0x00000001045b683c method=java.util.HashMap.putVal(ILjava/lang/Object;Ljava/lang/Object;ZZ)Ljava/lang/Object; @ 193
Event: 16.480 Thread 0x00007ff492ae9000 Uncommon trap: reason=class_check action=maybe_recompile pc=0x0000000104416710 method=java.util.Arrays.copyOf([Ljava/lang/Object;ILjava/lang/Class;)[Ljava/lang/Object; @ 24
Event: 16.480 Thread 0x00007ff492ae9000 Uncommon trap: reason=class_check action=maybe_recompile pc=0x0000000104416710 method=java.util.Arrays.copyOf([Ljava/lang/Object;ILjava/lang/Class;)[Ljava/lang/Object; @ 24
Event: 16.496 Thread 0x00007ff4939a4800 Uncommon trap: reason=unstable_if action=reinterpret pc=0x000000010454c5cc method=java.awt.Font.equals(Ljava/lang/Object;)Z @ 2
Event: 16.508 Thread 0x00007ff493119000 Uncommon trap: reason=unstable_if action=reinterpret pc=0x00000001045bc284 method=java.util.HashMap.putVal(ILjava/lang/Object;Ljava/lang/Object;ZZ)Ljava/lang/Object; @ 81
Event: 16.532 Thread 0x00007ff492ae9000 Uncommon trap: reason=unstable_if action=reinterpret pc=0x000000010484beb0 method=java.security.AccessControlContext.optimize()Ljava/security/AccessControlContext; @ 233

Internal exceptions (10 events):
Event: 0.218 Thread 0x00007ff492806000 Exception <a 'java/lang/NoSuchFieldError': method resolution failed> (0x00000007aad5e650) thrown at [/Users/java_re/workspace/8-2-build-macosx-x86_64/jdk8u60/4407/hotspot/src/share/vm/prims/methodHandles.cpp, line 1146]
Event: 0.407 Thread 0x00007ff492806000 Exception <a 'java/io/FileNotFoundException'> (0x00000007aadda6e8) thrown at [/Users/java_re/workspace/8-2-build-macosx-x86_64/jdk8u60/4407/hotspot/src/share/vm/prims/jni.cpp, line 709]
Event: 0.407 Thread 0x00007ff492806000 Exception <a 'java/io/FileNotFoundException'> (0x00000007aaddb268) thrown at [/Users/java_re/workspace/8-2-build-macosx-x86_64/jdk8u60/4407/hotspot/src/share/vm/prims/jni.cpp, line 709]
Event: 0.530 Thread 0x00007ff492806000 Exception <a 'java/io/FileNotFoundException'> (0x00000007aaec8aa0) thrown at [/Users/java_re/workspace/8-2-build-macosx-x86_64/jdk8u60/4407/hotspot/src/share/vm/prims/jni.cpp, line 709]
Event: 2.304 Thread 0x00007ff49281b000 Exception <a 'java/lang/NullPointerException'> (0x00000007aab85688) thrown at [/Users/java_re/workspace/8-2-build-macosx-x86_64/jdk8u60/4407/hotspot/src/share/vm/interpreter/linkResolver.cpp, line 1178]
Event: 2.448 Thread 0x00007ff492391000 Exception <a 'java/lang/UnsatisfiedLinkError': com.jogamp.common.util.JarUtil.fixNativeLibAttribs(Ljava/lang/String;)Z> (0x00000007ab070c30) thrown at [/Users/java_re/workspace/8-2-build-macosx-x86_64/jdk8u60/4407/hotspot/src/share/vm/prims/nativeLookup.c
Event: 3.401 Thread 0x00007ff492ae9000 Exception <a 'java/io/FileNotFoundException'> (0x00000007ab4d0ce0) thrown at [/Users/java_re/workspace/8-2-build-macosx-x86_64/jdk8u60/4407/hotspot/src/share/vm/prims/jni.cpp, line 709]
Event: 3.402 Thread 0x00007ff492ae9000 Exception <a 'java/io/FileNotFoundException'> (0x00000007ab4da5d0) thrown at [/Users/java_re/workspace/8-2-build-macosx-x86_64/jdk8u60/4407/hotspot/src/share/vm/prims/jni.cpp, line 709]
Event: 3.402 Thread 0x00007ff492ae9000 Implicit null exception at 0x00000001041b68f3 to 0x00000001041b6ca5
Event: 11.444 Thread 0x00007ff492ae9000 Exception <a 'java/lang/ClassCastException': module5.CityMarker cannot be cast to module5.EarthquakeMarker> (0x00000007ab863130) thrown at [/Users/java_re/workspace/8-2-build-macosx-x86_64/jdk8u60/4407/hotspot/src/share/vm/interpreter/interpreterRuntime.c

Events (10 events):
Event: 16.532 Thread 0x00007ff492ae9000 DEOPT UNPACKING pc=0x0000000104005229 sp=0x000000017fcc7880 mode 2
Event: 16.532 loading class java/awt/LightweightDispatcher$2
Event: 16.532 loading class java/awt/LightweightDispatcher$2 done
Event: 16.532 loading class java/awt/event/AWTEventListenerProxy
Event: 16.532 loading class java/awt/event/AWTEventListenerProxy done
Event: 16.532 loading class java/awt/Toolkit$ToolkitEventMulticaster
Event: 16.532 loading class java/awt/Toolkit$ToolkitEventMulticaster done
Event: 16.533 Thread 0x00007ff493119000 Thread exited: 0x00007ff493119000
Event: 16.533 loading class java/awt/Window$1DisposeAction
Event: 16.533 loading class java/awt/Window$1DisposeAction done


Dynamic libraries:
0x000000000646b000 	/System/Library/Frameworks/Cocoa.framework/Versions/A/Cocoa
0x000000000646b000 	/System/Library/Frameworks/Security.framework/Versions/A/Security
0x000000000646b000 	/System/Library/Frameworks/ApplicationServices.framework/Versions/A/ApplicationServices
0x000000000646b000 	/usr/lib/libz.1.dylib
0x000000000646b000 	/usr/lib/libSystem.B.dylib
0x000000000646b000 	/usr/lib/libobjc.A.dylib
0x000000000646b000 	/System/Library/Frameworks/CoreFoundation.framework/Versions/A/CoreFoundation
0x000000000646b000 	/System/Library/Frameworks/Foundation.framework/Versions/C/Foundation
0x000000000646b000 	/System/Library/Frameworks/AppKit.framework/Versions/C/AppKit
0x000000000646b000 	/System/Library/Frameworks/CoreData.framework/Versions/A/CoreData
0x000000000646b000 	/System/Library/PrivateFrameworks/RemoteViewServices.framework/Versions/A/RemoteViewServices
0x000000000646b000 	/System/Library/PrivateFrameworks/UIFoundation.framework/Versions/A/UIFoundation
0x000000000646b000 	/System/Library/Frameworks/IOSurface.framework/Versions/A/IOSurface
0x000000000646b000 	/System/Library/Frameworks/AudioToolbox.framework/Versions/A/AudioToolbox
0x000000000646b000 	/System/Library/Frameworks/AudioUnit.framework/Versions/A/AudioUnit
0x000000000646b000 	/System/Library/PrivateFrameworks/DataDetectorsCore.framework/Versions/A/DataDetectorsCore
0x000000000646b000 	/System/Library/PrivateFrameworks/DesktopServicesPriv.framework/Versions/A/DesktopServicesPriv
0x000000000646b000 	/System/Library/Frameworks/Carbon.framework/Versions/A/Frameworks/HIToolbox.framework/Versions/A/HIToolbox
0x000000000646b000 	/System/Library/Frameworks/QuartzCore.framework/Versions/A/QuartzCore
0x000000000646b000 	/System/Library/Frameworks/Carbon.framework/Versions/A/Frameworks/SpeechRecognition.framework/Versions/A/SpeechRecognition
0x000000000646b000 	/usr/lib/libauto.dylib
0x000000000646b000 	/usr/lib/libicucore.A.dylib
0x000000000646b000 	/usr/lib/libxml2.2.dylib
0x000000000646b000 	/System/Library/PrivateFrameworks/CoreUI.framework/Versions/A/CoreUI
0x000000000646b000 	/System/Library/Frameworks/CoreAudio.framework/Versions/A/CoreAudio
0x000000000646b000 	/System/Library/Frameworks/DiskArbitration.framework/Versions/A/DiskArbitration
0x000000000646b000 	/usr/lib/liblangid.dylib
0x000000000646b000 	/System/Library/PrivateFrameworks/MultitouchSupport.framework/Versions/A/MultitouchSupport
0x000000000646b000 	/System/Library/Frameworks/IOKit.framework/Versions/A/IOKit
0x000000000646b000 	/usr/lib/libDiagnosticMessagesClient.dylib
0x000000000646b000 	/System/Library/Frameworks/CoreServices.framework/Versions/A/CoreServices
0x000000000646b000 	/System/Library/PrivateFrameworks/PerformanceAnalysis.framework/Versions/A/PerformanceAnalysis
0x000000000646b000 	/System/Library/PrivateFrameworks/GenerationalStorage.framework/Versions/A/GenerationalStorage
0x000000000646b000 	/System/Library/Frameworks/OpenGL.framework/Versions/A/OpenGL
0x000000000646b000 	/System/Library/PrivateFrameworks/Sharing.framework/Versions/A/Sharing
0x000000000646b000 	/System/Library/Frameworks/CoreGraphics.framework/Versions/A/CoreGraphics
0x000000000646b000 	/System/Library/Frameworks/CoreText.framework/Versions/A/CoreText
0x000000000646b000 	/System/Library/Frameworks/ImageIO.framework/Versions/A/ImageIO
0x000000000646b000 	/usr/lib/libextension.dylib
0x000000000646b000 	/System/Library/PrivateFrameworks/Backup.framework/Versions/A/Backup
0x000000000646b000 	/usr/lib/libarchive.2.dylib
0x000000000646b000 	/System/Library/Frameworks/CFNetwork.framework/Versions/A/CFNetwork
0x000000000646b000 	/System/Library/Frameworks/SystemConfiguration.framework/Versions/A/SystemConfiguration
0x000000000646b000 	/usr/lib/libCRFSuite.dylib
0x000000000646b000 	/usr/lib/libc++.1.dylib
0x000000000646b000 	/usr/lib/libc++abi.dylib
0x000000000646b000 	/usr/lib/system/libcache.dylib
0x000000000646b000 	/usr/lib/system/libcommonCrypto.dylib
0x000000000646b000 	/usr/lib/system/libcompiler_rt.dylib
0x000000000646b000 	/usr/lib/system/libcopyfile.dylib
0x000000000646b000 	/usr/lib/system/libcorecrypto.dylib
0x000000000646b000 	/usr/lib/system/libdispatch.dylib
0x000000000646b000 	/usr/lib/system/libdyld.dylib
0x000000000646b000 	/usr/lib/system/libkeymgr.dylib
0x000000000646b000 	/usr/lib/system/liblaunch.dylib
0x000000000646b000 	/usr/lib/system/libmacho.dylib
0x000000000646b000 	/usr/lib/system/libquarantine.dylib
0x000000000646b000 	/usr/lib/system/libremovefile.dylib
0x000000000646b000 	/usr/lib/system/libsystem_asl.dylib
0x000000000646b000 	/usr/lib/system/libsystem_blocks.dylib
0x000000000646b000 	/usr/lib/system/libsystem_c.dylib
0x000000000646b000 	/usr/lib/system/libsystem_configuration.dylib
0x000000000646b000 	/usr/lib/system/libsystem_coreservices.dylib
0x000000000646b000 	/usr/lib/system/libsystem_coretls.dylib
0x000000000646b000 	/usr/lib/system/libsystem_dnssd.dylib
0x000000000646b000 	/usr/lib/system/libsystem_info.dylib
0x000000000646b000 	/usr/lib/system/libsystem_kernel.dylib
0x000000000646b000 	/usr/lib/system/libsystem_m.dylib
0x000000000646b000 	/usr/lib/system/libsystem_malloc.dylib
0x000000000646b000 	/usr/lib/system/libsystem_network.dylib
0x000000000646b000 	/usr/lib/system/libsystem_networkextension.dylib
0x000000000646b000 	/usr/lib/system/libsystem_notify.dylib
0x000000000646b000 	/usr/lib/system/libsystem_platform.dylib
0x000000000646b000 	/usr/lib/system/libsystem_pthread.dylib
0x000000000646b000 	/usr/lib/system/libsystem_sandbox.dylib
0x000000000646b000 	/usr/lib/system/libsystem_secinit.dylib
0x000000000646b000 	/usr/lib/system/libsystem_stats.dylib
0x000000000646b000 	/usr/lib/system/libsystem_trace.dylib
0x000000000646b000 	/usr/lib/system/libunc.dylib
0x000000000646b000 	/usr/lib/system/libunwind.dylib
0x000000000646b000 	/usr/lib/system/libxpc.dylib
0x000000000646b000 	/usr/lib/libbz2.1.0.dylib
0x000000000646b000 	/usr/lib/liblzma.5.dylib
0x000000000646b000 	/usr/lib/libbsm.0.dylib
0x000000000646b000 	/usr/lib/libsqlite3.dylib
0x000000000646b000 	/usr/lib/system/libkxld.dylib
0x000000000646b000 	/usr/lib/libxar.1.dylib
0x000000000646b000 	/usr/lib/libpam.2.dylib
0x000000000646b000 	/usr/lib/libOpenScriptingUtil.dylib
0x000000000646b000 	/System/Library/Frameworks/CoreServices.framework/Versions/A/Frameworks/FSEvents.framework/Versions/A/FSEvents
0x000000000646b000 	/System/Library/Frameworks/CoreServices.framework/Versions/A/Frameworks/CarbonCore.framework/Versions/A/CarbonCore
0x000000000646b000 	/System/Library/Frameworks/CoreServices.framework/Versions/A/Frameworks/Metadata.framework/Versions/A/Metadata
0x000000000646b000 	/System/Library/Frameworks/CoreServices.framework/Versions/A/Frameworks/OSServices.framework/Versions/A/OSServices
0x000000000646b000 	/System/Library/Frameworks/CoreServices.framework/Versions/A/Frameworks/SearchKit.framework/Versions/A/SearchKit
0x000000000646b000 	/System/Library/Frameworks/CoreServices.framework/Versions/A/Frameworks/AE.framework/Versions/A/AE
0x000000000646b000 	/System/Library/Frameworks/CoreServices.framework/Versions/A/Frameworks/LaunchServices.framework/Versions/A/LaunchServices
0x000000000646b000 	/System/Library/Frameworks/CoreServices.framework/Versions/A/Frameworks/DictionaryServices.framework/Versions/A/DictionaryServices
0x000000000646b000 	/System/Library/Frameworks/NetFS.framework/Versions/A/NetFS
0x000000000646b000 	/System/Library/PrivateFrameworks/NetAuth.framework/Versions/A/NetAuth
0x000000000646b000 	/System/Library/PrivateFrameworks/login.framework/Versions/A/Frameworks/loginsupport.framework/Versions/A/loginsupport
0x000000000646b000 	/System/Library/PrivateFrameworks/TCC.framework/Versions/A/TCC
0x000000000646b000 	/usr/lib/libmecabra.dylib
0x000000000646b000 	/System/Library/Frameworks/ApplicationServices.framework/Versions/A/Frameworks/ATS.framework/Versions/A/ATS
0x000000000646b000 	/System/Library/Frameworks/ApplicationServices.framework/Versions/A/Frameworks/ColorSync.framework/Versions/A/ColorSync
0x000000000646b000 	/System/Library/Frameworks/ApplicationServices.framework/Versions/A/Frameworks/HIServices.framework/Versions/A/HIServices
0x000000000646b000 	/System/Library/Frameworks/ApplicationServices.framework/Versions/A/Frameworks/LangAnalysis.framework/Versions/A/LangAnalysis
0x000000000646b000 	/System/Library/Frameworks/ApplicationServices.framework/Versions/A/Frameworks/PrintCore.framework/Versions/A/PrintCore
0x000000000646b000 	/System/Library/Frameworks/ApplicationServices.framework/Versions/A/Frameworks/QD.framework/Versions/A/QD
0x000000000646b000 	/System/Library/Frameworks/ApplicationServices.framework/Versions/A/Frameworks/SpeechSynthesis.framework/Versions/A/SpeechSynthesis
0x000000000646b000 	/System/Library/Frameworks/Accelerate.framework/Versions/A/Accelerate
0x000000000646b000 	/System/Library/Frameworks/Accelerate.framework/Versions/A/Frameworks/vImage.framework/Versions/A/vImage
0x000000000646b000 	/System/Library/Frameworks/Accelerate.framework/Versions/A/Frameworks/vecLib.framework/Versions/A/vecLib
0x000000000646b000 	/System/Library/Frameworks/Accelerate.framework/Versions/A/Frameworks/vecLib.framework/Versions/A/libvDSP.dylib
0x000000000646b000 	/System/Library/Frameworks/Accelerate.framework/Versions/A/Frameworks/vecLib.framework/Versions/A/libvMisc.dylib
0x000000000646b000 	/System/Library/Frameworks/Accelerate.framework/Versions/A/Frameworks/vecLib.framework/Versions/A/libLAPACK.dylib
0x000000000646b000 	/System/Library/Frameworks/Accelerate.framework/Versions/A/Frameworks/vecLib.framework/Versions/A/libBLAS.dylib
0x000000000646b000 	/System/Library/Frameworks/Accelerate.framework/Versions/A/Frameworks/vecLib.framework/Versions/A/libLinearAlgebra.dylib
0x000000000646b000 	/System/Library/Frameworks/ApplicationServices.framework/Versions/A/Frameworks/ATS.framework/Versions/A/Resources/libFontParser.dylib
0x000000000646b000 	/System/Library/Frameworks/ApplicationServices.framework/Versions/A/Frameworks/ATS.framework/Versions/A/Resources/libFontRegistry.dylib
0x000000000646b000 	/System/Library/PrivateFrameworks/AppleVPA.framework/Versions/A/AppleVPA
0x000000000646b000 	/System/Library/PrivateFrameworks/AppleJPEG.framework/Versions/A/AppleJPEG
0x000000000646b000 	/System/Library/Frameworks/ImageIO.framework/Versions/A/Resources/libJPEG.dylib
0x000000000646b000 	/System/Library/Frameworks/ImageIO.framework/Versions/A/Resources/libTIFF.dylib
0x000000000646b000 	/System/Library/Frameworks/ImageIO.framework/Versions/A/Resources/libPng.dylib
0x000000000646b000 	/System/Library/Frameworks/ImageIO.framework/Versions/A/Resources/libGIF.dylib
0x000000000646b000 	/System/Library/Frameworks/ImageIO.framework/Versions/A/Resources/libJP2.dylib
0x000000000646b000 	/System/Library/Frameworks/ImageIO.framework/Versions/A/Resources/libRadiance.dylib
0x000000000646b000 	/System/Library/Frameworks/CoreVideo.framework/Versions/A/CoreVideo
0x000000000646b000 	/System/Library/Frameworks/OpenGL.framework/Versions/A/Libraries/libGLU.dylib
0x000000000646b000 	/System/Library/Frameworks/OpenGL.framework/Versions/A/Libraries/libGFXShared.dylib
0x000000000646b000 	/System/Library/Frameworks/OpenGL.framework/Versions/A/Libraries/libGL.dylib
0x000000000646b000 	/System/Library/Frameworks/OpenGL.framework/Versions/A/Libraries/libGLImage.dylib
0x000000000646b000 	/System/Library/Frameworks/OpenGL.framework/Versions/A/Libraries/libCVMSPluginSupport.dylib
0x000000000646b000 	/System/Library/Frameworks/OpenGL.framework/Versions/A/Libraries/libCoreVMClient.dylib
0x000000000646b000 	/usr/lib/libcups.2.dylib
0x000000000646b000 	/System/Library/Frameworks/Kerberos.framework/Versions/A/Kerberos
0x000000000646b000 	/System/Library/Frameworks/GSS.framework/Versions/A/GSS
0x000000000646b000 	/usr/lib/libresolv.9.dylib
0x000000000646b000 	/usr/lib/libiconv.2.dylib
0x000000000646b000 	/System/Library/PrivateFrameworks/Heimdal.framework/Versions/A/Heimdal
0x000000000646b000 	/usr/lib/libheimdal-asn1.dylib
0x000000000646b000 	/System/Library/Frameworks/OpenDirectory.framework/Versions/A/OpenDirectory
0x000000000646b000 	/System/Library/PrivateFrameworks/CommonAuth.framework/Versions/A/CommonAuth
0x000000000646b000 	/System/Library/Frameworks/OpenDirectory.framework/Versions/A/Frameworks/CFOpenDirectory.framework/Versions/A/CFOpenDirectory
0x000000000646b000 	/System/Library/Frameworks/SecurityFoundation.framework/Versions/A/SecurityFoundation
0x000000000646b000 	/System/Library/PrivateFrameworks/LanguageModeling.framework/Versions/A/LanguageModeling
0x000000000646b000 	/usr/lib/libcmph.dylib
0x000000000646b000 	/System/Library/Frameworks/ServiceManagement.framework/Versions/A/ServiceManagement
0x000000000646b000 	/usr/lib/libxslt.1.dylib
0x000000000646b000 	/System/Library/Frameworks/Carbon.framework/Versions/A/Frameworks/Ink.framework/Versions/A/Ink
0x000000000646b000 	/System/Library/Frameworks/QuartzCore.framework/Versions/A/Frameworks/CoreImage.framework/Versions/A/CoreImage
0x000000000646b000 	/System/Library/PrivateFrameworks/CrashReporterSupport.framework/Versions/A/CrashReporterSupport
0x000000000646b000 	/System/Library/Frameworks/OpenCL.framework/Versions/A/OpenCL
0x000000000646b000 	/System/Library/PrivateFrameworks/FaceCore.framework/Versions/A/FaceCore
0x000000000646b000 	/System/Library/PrivateFrameworks/Ubiquity.framework/Versions/A/Ubiquity
0x000000000646b000 	/System/Library/PrivateFrameworks/IconServices.framework/Versions/A/IconServices
0x000000000646b000 	/System/Library/PrivateFrameworks/ChunkingLibrary.framework/Versions/A/ChunkingLibrary
0x000000000646b000 	/System/Library/PrivateFrameworks/Apple80211.framework/Versions/A/Apple80211
0x000000000646b000 	/System/Library/Frameworks/CoreWLAN.framework/Versions/A/CoreWLAN
0x000000000646b000 	/System/Library/Frameworks/IOBluetooth.framework/Versions/A/IOBluetooth
0x000000000646b000 	/System/Library/PrivateFrameworks/CoreWiFi.framework/Versions/A/CoreWiFi
0x000000000646b000 	/System/Library/Frameworks/CoreBluetooth.framework/Versions/A/CoreBluetooth
0x000000000646b000 	/System/Library/PrivateFrameworks/DebugSymbols.framework/Versions/A/DebugSymbols
0x000000000646b000 	/System/Library/PrivateFrameworks/CoreSymbolication.framework/Versions/A/CoreSymbolication
0x000000000646b000 	/System/Library/PrivateFrameworks/Symbolication.framework/Versions/A/Symbolication
0x000000000646b000 	/System/Library/PrivateFrameworks/SpeechRecognitionCore.framework/Versions/A/SpeechRecognitionCore
0x0000000102624000 	/Library/Java/JavaVirtualMachines/jdk1.8.0_60.jdk/Contents/Home/jre/lib/server/libjvm.dylib
0x000000000646b000 	/usr/lib/libstdc++.6.dylib
0x00000001036c7000 	/Library/Java/JavaVirtualMachines/jdk1.8.0_60.jdk/Contents/Home/jre/lib/libverify.dylib
0x00000001036d5000 	/Library/Java/JavaVirtualMachines/jdk1.8.0_60.jdk/Contents/Home/jre/lib/libjava.dylib
0x0000000103714000 	/Library/Java/JavaVirtualMachines/jdk1.8.0_60.jdk/Contents/Home/jre/lib/libzip.dylib
0x0000000117a37000 	/System/Library/Frameworks/JavaVM.framework/Frameworks/JavaRuntimeSupport.framework/JavaRuntimeSupport
0x0000000117a4f000 	/System/Library/Frameworks/JavaVM.framework/Versions/A/Frameworks/JavaNativeFoundation.framework/Versions/A/JavaNativeFoundation
0x0000000117a64000 	/System/Library/Frameworks/JavaVM.framework/Versions/A/JavaVM
0x000000000646b000 	/System/Library/Frameworks/Carbon.framework/Versions/A/Carbon
0x0000000117a71000 	/System/Library/PrivateFrameworks/JavaLaunching.framework/Versions/A/JavaLaunching
0x000000000646b000 	/System/Library/Frameworks/Carbon.framework/Versions/A/Frameworks/CommonPanels.framework/Versions/A/CommonPanels
0x000000000646b000 	/System/Library/Frameworks/Carbon.framework/Versions/A/Frameworks/Help.framework/Versions/A/Help
0x000000000646b000 	/System/Library/Frameworks/Carbon.framework/Versions/A/Frameworks/ImageCapture.framework/Versions/A/ImageCapture
0x000000000646b000 	/System/Library/Frameworks/Carbon.framework/Versions/A/Frameworks/OpenScripting.framework/Versions/A/OpenScripting
0x000000000646b000 	/System/Library/Frameworks/Carbon.framework/Versions/A/Frameworks/Print.framework/Versions/A/Print
0x000000000646b000 	/System/Library/Frameworks/Carbon.framework/Versions/A/Frameworks/SecurityHI.framework/Versions/A/SecurityHI
0x000000011999d000 	/Library/Java/JavaVirtualMachines/jdk1.8.0_60.jdk/Contents/Home/jre/lib/libawt.dylib
0x0000000119a45000 	/Library/Java/JavaVirtualMachines/jdk1.8.0_60.jdk/Contents/Home/jre/lib/./libmlib_image.dylib
0x0000000119b11000 	/Library/Java/JavaVirtualMachines/jdk1.8.0_60.jdk/Contents/Home/jre/lib/libawt_lwawt.dylib
0x0000000119bc6000 	/Library/Java/JavaVirtualMachines/jdk1.8.0_60.jdk/Contents/Home/jre/lib/./libosxapp.dylib
0x000000000646b000 	/System/Library/Frameworks/ExceptionHandling.framework/Versions/A/ExceptionHandling
0x000000000646b000 	/System/Library/PrivateFrameworks/CoreServicesInternal.framework/Versions/A/CoreServicesInternal
0x000000000646b000 	/System/Library/PrivateFrameworks/CloudDocs.framework/Versions/A/CloudDocs
0x000000000646b000 	/System/Library/PrivateFrameworks/CoreDuet.framework/Versions/A/CoreDuet
0x000000000646b000 	/System/Library/Frameworks/CloudKit.framework/Versions/A/CloudKit
0x000000000646b000 	/System/Library/PrivateFrameworks/ProtocolBuffer.framework/Versions/A/ProtocolBuffer
0x000000000646b000 	/System/Library/PrivateFrameworks/CoreDuetDaemonProtocol.framework/Versions/A/CoreDuetDaemonProtocol
0x000000000646b000 	/System/Library/PrivateFrameworks/CoreDuetDebugLogging.framework/Versions/A/CoreDuetDebugLogging
0x000000000646b000 	/System/Library/PrivateFrameworks/MMCS.framework/Versions/A/MMCS
0x000000000646b000 	/System/Library/Frameworks/CoreLocation.framework/Versions/A/CoreLocation
0x000000000646b000 	/System/Library/PrivateFrameworks/ProtectedCloudStorage.framework/Versions/A/ProtectedCloudStorage
0x000000000646b000 	/System/Library/PrivateFrameworks/GeoServices.framework/Versions/A/GeoServices
0x000000011b43f000 	/System/Library/Frameworks/CoreGraphics.framework/Versions/A/Resources/libCGCMS.A.dylib
0x000000011bf22000 	/System/Library/Frameworks/CoreGraphics.framework/Versions/A/Resources/libRIP.A.dylib
0x000000011c197000 	/System/Library/Frameworks/CoreGraphics.framework/Versions/A/Resources/libCGXType.A.dylib
0x000000000646b000 	/System/Library/Frameworks/OpenCL.framework/Versions/A/Libraries/libcldcpuengine.dylib
0x000000000646b000 	/System/Library/PrivateFrameworks/DiskImages.framework/Versions/A/DiskImages
0x000000000646b000 	/System/Library/Frameworks/DiscRecording.framework/Versions/A/DiscRecording
0x000000000646b000 	/usr/lib/libcsfde.dylib
0x000000000646b000 	/usr/lib/libcurl.4.dylib
0x000000000646b000 	/System/Library/PrivateFrameworks/MediaKit.framework/Versions/A/MediaKit
0x000000000646b000 	/usr/lib/libCoreStorage.dylib
0x000000000646b000 	/System/Library/PrivateFrameworks/EFILogin.framework/Versions/A/EFILogin
0x000000000646b000 	/usr/lib/libutil.dylib
0x000000000646b000 	/System/Library/PrivateFrameworks/FindMyDevice.framework/Versions/A/FindMyDevice
0x000000000646b000 	/System/Library/Frameworks/LDAP.framework/Versions/A/LDAP
0x000000000646b000 	/usr/lib/libsasl2.2.dylib
0x000000000646b000 	/System/Library/PrivateFrameworks/CoreDaemon.framework/Versions/B/CoreDaemon
0x000000000646b000 	/usr/lib/libcrypto.0.9.8.dylib
0x000000000646b000 	/System/Library/PrivateFrameworks/AppleSRP.framework/Versions/A/AppleSRP
0x000000000646b000 	/System/Library/PrivateFrameworks/TrustEvaluationAgent.framework/Versions/A/TrustEvaluationAgent
0x000000011cc08000 	cl_kernels
0x000000011cc0a000 	/System/Library/Frameworks/OpenCL.framework/Versions/A/Libraries/ImageFormats/unorm8_bgra.dylib
0x000000011cbf9000 	cl_kernels
0x000000000646b000 	/System/Library/PrivateFrameworks/FamilyControls.framework/Versions/A/FamilyControls
0x000000000646b000 	/System/Library/PrivateFrameworks/CommerceKit.framework/Versions/A/Frameworks/CommerceCore.framework/Versions/A/CommerceCore
0x000000000646b000 	/System/Library/PrivateFrameworks/SystemAdministration.framework/Versions/A/SystemAdministration
0x000000000646b000 	/System/Library/PrivateFrameworks/AppContainer.framework/Versions/A/AppContainer
0x000000000646b000 	/System/Library/PrivateFrameworks/SecCodeWrapper.framework/Versions/A/SecCodeWrapper
0x000000000646b000 	/System/Library/Frameworks/DirectoryService.framework/Versions/A/DirectoryService
0x000000000646b000 	/System/Library/PrivateFrameworks/LoginUIKit.framework/Versions/A/Frameworks/LoginUICore.framework/Versions/A/LoginUICore
0x000000000646b000 	/usr/lib/libodfde.dylib
0x000000011def3000 	/System/Library/Frameworks/OpenGL.framework/Resources/GLEngine.bundle/GLEngine
0x000000000646b000 	/System/Library/Frameworks/OpenGL.framework/Versions/A/Libraries/libGLProgrammability.dylib
0x000000011e0de000 	/System/Library/Extensions/AppleIntelHD4000GraphicsGLDriver.bundle/Contents/MacOS/AppleIntelHD4000GraphicsGLDriver
0x000000000646b000 	/System/Library/PrivateFrameworks/IOAccelerator.framework/Versions/A/IOAccelerator
0x000000000646b000 	/System/Library/PrivateFrameworks/GPUSupport.framework/Versions/A/Libraries/libGPUSupportMercury.dylib
0x000000011e73d000 	/System/Library/Frameworks/OpenGL.framework/Resources//GLRendererFloat.bundle/GLRendererFloat
0x000000011f0fe000 	/Library/Java/JavaVirtualMachines/jdk1.8.0_60.jdk/Contents/Home/jre/lib/libfontmanager.dylib
0x0000000120382000 	/Library/Java/JavaVirtualMachines/jdk1.8.0_60.jdk/Contents/Home/jre/lib/libosxui.dylib
0x000000012062b000 	/Library/Java/JavaVirtualMachines/jdk1.8.0_60.jdk/Contents/Home/jre/lib/libnet.dylib
0x000000012043a000 	/Library/Java/JavaVirtualMachines/jdk1.8.0_60.jdk/Contents/Home/jre/lib/libnio.dylib
0x000000000646b000 	/System/Library/Frameworks/ApplicationServices.framework/Versions/A/Frameworks/ATS.framework/Versions/A/Resources/libTrueTypeScaler.dylib
0x000000017f583000 	/private/var/folders/kq/rmq3xm_n5gb1c7xnh6sk0dkr0000gn/T/jogamp_0000/file_cache/jln1736547913775241199/jln4455927750656051635/libgluegen-rt.jnilib
0x000000012044a000 	/private/var/folders/kq/rmq3xm_n5gb1c7xnh6sk0dkr0000gn/T/jogamp_0000/file_cache/jln1736547913775241199/jln4455927750656051635/libnativewindow_awt.jnilib
0x000000017f587000 	/Library/Java/JavaVirtualMachines/jdk1.8.0_60.jdk/Contents/Home/jre/lib/libjawt.dylib
0x000000017f58a000 	/private/var/folders/kq/rmq3xm_n5gb1c7xnh6sk0dkr0000gn/T/jogamp_0000/file_cache/jln1736547913775241199/jln4455927750656051635/libnativewindow_macosx.jnilib
0x000000018156e000 	/private/var/folders/kq/rmq3xm_n5gb1c7xnh6sk0dkr0000gn/T/jogamp_0000/file_cache/jln1736547913775241199/jln4455927750656051635/libjogl_desktop.jnilib
0x0000000183ec9000 	/Library/Java/JavaVirtualMachines/jdk1.8.0_60.jdk/Contents/Home/jre/lib/libt2k.dylib

VM Arguments:
jvm_args: -Djava.security.policy=java.policy.applet -Dfile.encoding=UTF-8 
java_command: sun.applet.AppletViewer module5.EarthquakeCityMap1443890042612.html
java_class_path (initial): /Users/kishwarkumar/Documents/workspace/UCSDUnfoldingMaps/build:/Users/kishwarkumar/Documents/workspace/UCSDUnfoldingMaps/lib/core.jar:/Users/kishwarkumar/Documents/workspace/UCSDUnfoldingMaps/lib/gluegen-rt.jar:/Users/kishwarkumar/Documents/workspace/UCSDUnfoldingMaps/lib/jogl-all.jar:/Users/kishwarkumar/Documents/workspace/UCSDUnfoldingMaps/lib/log4j-1.2.15.jar:/Users/kishwarkumar/Documents/workspace/UCSDUnfoldingMaps/lib/sqlite-jdbc-3.7.2.jar:/Users/kishwarkumar/Documents/workspace/UCSDUnfoldingMaps/lib/json4processing.jar:/Users/kishwarkumar/Documents/workspace/UCSDUnfoldingMaps/lib/libTUIO.jar:/Users/kishwarkumar/Documents/workspace/UCSDUnfoldingMaps/lib/unfolding.0.9.7-uscd.jar
Launcher Type: SUN_STANDARD

Environment Variables:
PATH=/usr/bin:/bin:/usr/sbin:/sbin
SHELL=/bin/bash
DISPLAY=/private/tmp/com.apple.launchd.aIaLzYblor/org.macosforge.xquartz:0

Signal Handlers:
SIGSEGV: [libjvm.dylib+0x5a6d31], sa_mask[0]=11111111011111110111111111111111, sa_flags=SA_ONSTACK|SA_RESTART|SA_SIGINFO
SIGBUS: [libjvm.dylib+0x5a6d31], sa_mask[0]=11111111011111110111111111111111, sa_flags=SA_RESTART|SA_SIGINFO
SIGFPE: [libjvm.dylib+0x480a4c], sa_mask[0]=11111111011111110111111111111111, sa_flags=SA_RESTART|SA_SIGINFO
SIGPIPE: [libjvm.dylib+0x480a4c], sa_mask[0]=11111111011111110111111111111111, sa_flags=SA_RESTART|SA_SIGINFO
SIGXFSZ: [libjvm.dylib+0x480a4c], sa_mask[0]=11111111011111110111111111111111, sa_flags=SA_RESTART|SA_SIGINFO
SIGILL: [libjvm.dylib+0x480a4c], sa_mask[0]=11111111011111110111111111111111, sa_flags=SA_RESTART|SA_SIGINFO
SIGUSR1: SIG_DFL, sa_mask[0]=00000000000000000000000000000000, sa_flags=none
SIGUSR2: [libjvm.dylib+0x48056a], sa_mask[0]=00100000000000000000000000000000, sa_flags=SA_RESTART|SA_SIGINFO
SIGHUP: [libjvm.dylib+0x47eb41], sa_mask[0]=11111111011111110111111111111111, sa_flags=SA_RESTART|SA_SIGINFO
SIGINT: [libjvm.dylib+0x47eb41], sa_mask[0]=11111111011111110111111111111111, sa_flags=SA_RESTART|SA_SIGINFO
SIGTERM: [libjvm.dylib+0x47eb41], sa_mask[0]=11111111011111110111111111111111, sa_flags=SA_RESTART|SA_SIGINFO
SIGQUIT: [libjvm.dylib+0x47eb41], sa_mask[0]=11111111011111110111111111111111, sa_flags=SA_RESTART|SA_SIGINFO


---------------  S Y S T E M  ---------------

OS:Bsduname:Darwin 14.5.0 Darwin Kernel Version 14.5.0: Wed Jul 29 02:26:53 PDT 2015; root:xnu-2782.40.9~1/RELEASE_X86_64 x86_64
rlimit: STACK 8192k, CORE 0k, NPROC 709, NOFILE 10240, AS infinity
load average:1.94 1.69 1.61

CPU:total 4 (2 cores per cpu, 2 threads per core) family 6 model 58 stepping 9, cmov, cx8, fxsr, mmx, sse, sse2, sse3, ssse3, sse4.1, sse4.2, popcnt, avx, aes, clmul, erms, ht, tsc, tscinvbit, tscinv

Memory: 4k page, physical 4194304k(133544k free)

/proc/meminfo:


vm_info: Java HotSpot(TM) 64-Bit Server VM (25.60-b23) for bsd-amd64 JRE (1.8.0_60-b27), built on Aug  4 2015 10:47:24 by "java_re" with gcc 4.2.1 (Based on Apple Inc. build 5658) (LLVM build 2336.11.00)

time: Sat Oct  3 18:34:19 2015
elapsed time: 16 seconds (0d 0h 0m 16s)

