#
# A fatal error has been detected by the Java Runtime Environment:
#
#  SIGSEGV (0xb) at pc=0x00007fff8ca540dd, pid=1385, tid=1811
#
# JRE version: Java(TM) SE Runtime Environment (8.0_60-b27) (build 1.8.0_60-b27)
# Java VM: Java HotSpot(TM) 64-Bit Server VM (25.60-b23 mixed mode bsd-amd64 compressed oops)
# Problematic frame:
# C  [libobjc.A.dylib+0x10dd]  objc_msgSend+0x1d
#
# Failed to write core dump. Core dumps have been disabled. To enable core dumping, try "ulimit -c unlimited" before starting Java again
#
# If you would like to submit a bug report, please visit:
#   http://bugreport.java.com/bugreport/crash.jsp
# The crash happened outside the Java Virtual Machine in native code.
# See problematic frame for where to report the bug.
#

---------------  T H R E A D  ---------------

Current thread (0x00007f8d64034800):  JavaThread "AWT-AppKit" daemon [_thread_in_native, id=1811, stack(0x00007fff5501e000,0x00007fff5581e000)]

siginfo: si_signo: 11 (SIGSEGV), si_code: 1 (SEGV_MAPERR), si_addr: 0x0000000000000018

Registers:
RAX=0x00007f8d67e61780, RBX=0x0000000187521450, RCX=0x0000000128133b80, RDX=0x00000001281333c0
RSP=0x00007fff55819448, RBP=0x00007fff55819500, RSI=0x00007fff8d18540f, RDI=0x00007f8d67e5d870
R8 =0x0000000000000000, R9 =0x0000000000000f50, R10=0x00007fff8d18540f, R11=0x0000000000000000
R12=0x0000000000000000, R13=0x0000000189324818, R14=0x0000000187521440, R15=0x00007f8d64034800
RIP=0x00007fff8ca540dd, EFLAGS=0x0000000000010246, ERR=0x0000000000000004
  TRAPNO=0x000000000000000e

Top of Stack: (sp=0x00007fff55819448)
0x00007fff55819448:   000000018751f157 00007fff558194a0
0x00007fff55819458:   0000000000000003 00007fff55819480
0x00007fff55819468:   000000010aff1992 0000000189324818
0x00007fff55819478:   0000000189324818 00007f8d67e61780
0x00007fff55819488:   00000001875216a0 0000000187521710
0x00007fff55819498:   00007fff77e39550 00007fff76bfcc80
0x00007fff558194a8:   0000000187521450 0000000187521690
0x00007fff558194b8:   00007f8d67e61780 00007f8d67e5d870
0x00007fff558194c8:   00007f8d63563ad0 00007f8d67e61780
0x00007fff558194d8:   00007f8d67e5d870 00007fff55819588
0x00007fff558194e8:   00007f8d640349f8 0000000189324818
0x00007fff558194f8:   00007fff558195b0 00007fff55819578
0x00007fff55819508:   000000010bdf2954 0000000189324818
0x00007fff55819518:   00007fff558195b0 00007fff55819578
0x00007fff55819528:   000000010bdf26e7 000000010bdf26a2
0x00007fff55819538:   00007fff55819538 0000000189324818
0x00007fff55819548:   00007fff558195b0 0000000189327450
0x00007fff55819558:   0000000000000000 0000000189324818
0x00007fff55819568:   0000000000000000 00007fff55819598
0x00007fff55819578:   00007fff558195f8 000000010bde4c4d
0x00007fff55819588:   0000000780d61900 000000010bdec578
0x00007fff55819598:   00007f8d67e61780 00007fff558195f8
0x00007fff558195a8:   00007f8d67e5d870 000000010bdedd82
0x00007fff558195b8:   00007fff558195b8 00000001893249e2
0x00007fff558195c8:   00007fff55819620 0000000189327450
0x00007fff558195d8:   0000000000000000 00000001893249f0
0x00007fff558195e8:   00007fff55819598 00007fff55819608
0x00007fff558195f8:   00007fff55819668 000000010bde4c4d
0x00007fff55819608:   00007f8d67e61780 000000078026da20
0x00007fff55819618:   00007f8d67e5d870 000000078026da20
0x00007fff55819628:   00007fff55819628 0000000190730e8e
0x00007fff55819638:   00007fff55819678 0000000190730f48 

Instructions: (pc=0x00007fff8ca540dd)
0x00007fff8ca540bd:   00 00 00 48 85 ff 2e 74 7a 40 f6 c7 01 2e 75 7e
0x00007fff8ca540cd:   49 bb f8 ff ff ff ff 7f 00 00 4c 23 1f 49 89 f2
0x00007fff8ca540dd:   45 23 53 18 49 c1 e2 04 4d 03 53 10 49 3b 32 75
0x00007fff8ca540ed:   04 41 ff 62 08 49 83 3a 00 74 6a 4d 3b 53 10 74 

Register to memory mapping:

RAX=0x00007f8d67e61780 is an unknown value
RBX=0x0000000187521450: Java_jogamp_nativewindow_macosx_OSXUtil_GetScreenRefreshRate0+0x1cf0 in /private/var/folders/kq/rmq3xm_n5gb1c7xnh6sk0dkr0000gn/T/jogamp_0000/file_cache/jln124267330299864543/jln5822178689437714576/libnativewindow_macosx.jnilib at 0x000000018751a000
RCX=0x0000000128133b80 is an unknown value
RDX=0x00000001281333c0 is an unknown value
RSP=0x00007fff55819448 is pointing into the stack for thread: 0x00007f8d64034800
RBP=0x00007fff55819500 is pointing into the stack for thread: 0x00007f8d64034800
RSI=0x00007fff8d18540f is an unknown value
RDI=0x00007f8d67e5d870 is an unknown value
R8 =0x0000000000000000 is an unknown value
R9 =0x0000000000000f50 is an unknown value
R10=0x00007fff8d18540f is an unknown value
R11=0x0000000000000000 is an unknown value
R12=0x0000000000000000 is an unknown value
R13={method} {0x0000000189324818} 'UnsetJAWTRootSurfaceLayer0' '(JJ)V' in 'jogamp/nativewindow/jawt/macosx/MacOSXJAWTWindow'
R14=0x0000000187521440: Java_jogamp_nativewindow_macosx_OSXUtil_GetScreenRefreshRate0+0x1ce0 in /private/var/folders/kq/rmq3xm_n5gb1c7xnh6sk0dkr0000gn/T/jogamp_0000/file_cache/jln124267330299864543/jln5822178689437714576/libnativewindow_macosx.jnilib at 0x000000018751a000
R15=0x00007f8d64034800 is a thread


Stack: [0x00007fff5501e000,0x00007fff5581e000],  sp=0x00007fff55819448,  free space=8173k
Native frames: (J=compiled Java code, j=interpreted, Vv=VM code, C=native code)
C  [libobjc.A.dylib+0x10dd]  objc_msgSend+0x1d
j  jogamp.nativewindow.jawt.macosx.MacOSXJAWTWindow.UnsetJAWTRootSurfaceLayer0(JJ)V+0
j  jogamp.nativewindow.jawt.macosx.MacOSXJAWTWindow.access$200(JJ)V+2
j  jogamp.nativewindow.jawt.macosx.MacOSXJAWTWindow$1.run()V+38
J 2396 C1 com.jogamp.common.util.RunnableTask.run()V (345 bytes) @ 0x000000010c58e154 [0x000000010c58dfc0+0x194]
v  ~StubRoutines::call_stub
V  [libjvm.dylib+0x2eab0e]  JavaCalls::call_helper(JavaValue*, methodHandle*, JavaCallArguments*, Thread*)+0x6ae
V  [libjvm.dylib+0x321bb7]  jni_invoke_nonstatic(JNIEnv_*, JavaValue*, _jobject*, JNICallType, _jmethodID*, JNI_ArgumentPusher*, Thread*)+0x2ec
V  [libjvm.dylib+0x31438b]  jni_CallVoidMethod+0x16b
C  [libnativewindow_macosx.jnilib+0x5326]  Java_jogamp_nativewindow_jawt_macosx_MacOSXJAWTWindow_UnsetJAWTRootSurfaceLayer0+0x2b6
C  [Foundation+0x92dd0]  __NSThreadPerformPerform+0x125
C  [CoreFoundation+0x80a01]  __CFRUNLOOP_IS_CALLING_OUT_TO_A_SOURCE0_PERFORM_FUNCTION__+0x11
C  [CoreFoundation+0x72c5c]  __CFRunLoopDoSources0+0x1dc
C  [CoreFoundation+0x721bf]  __CFRunLoopRun+0x39f
C  [CoreFoundation+0x71bd8]  CFRunLoopRunSpecific+0x128
C  [HIToolbox+0x3256f]  RunCurrentEventLoopInMode+0xeb
C  [HIToolbox+0x321ee]  ReceiveNextEventCommon+0xb3
C  [HIToolbox+0x3212b]  _BlockUntilNextEventMatchingListInModeWithFilter+0x47
C  [AppKit+0x918ab]  _DPSNextEvent+0x3d2
C  [AppKit+0x90e58]  -[NSApplication nextEventMatchingMask:untilDate:inMode:dequeue:]+0x15a
C  [libosxapp.dylib+0x23aa]  -[NSApplicationAWT nextEventMatchingMask:untilDate:inMode:dequeue:]+0x7c
C  [AppKit+0x86af3]  -[NSApplication run]+0x252
C  [libosxapp.dylib+0x214d]  +[NSApplicationAWT runAWTLoopWithApp:]+0x9c
C  [libawt_lwawt.dylib+0x44517]  -[AWTStarter starter:]+0x389
C  [Foundation+0x92dd0]  __NSThreadPerformPerform+0x125
C  [CoreFoundation+0x80a01]  __CFRUNLOOP_IS_CALLING_OUT_TO_A_SOURCE0_PERFORM_FUNCTION__+0x11
C  [CoreFoundation+0x72b8d]  __CFRunLoopDoSources0+0x10d
C  [CoreFoundation+0x721bf]  __CFRunLoopRun+0x39f
C  [CoreFoundation+0x71bd8]  CFRunLoopRunSpecific+0x128
C  [java+0x6463]  CreateExecutionEnvironment+0x367
C  [java+0x21ac]  JLI_Launch+0x7a0
C  [java+0x84c0]  main+0x65
C  [java+0x1a04]  start+0x34
C  0x0000000000000007

Java frames: (J=compiled Java code, j=interpreted, Vv=VM code)
j  jogamp.nativewindow.jawt.macosx.MacOSXJAWTWindow.UnsetJAWTRootSurfaceLayer0(JJ)V+0
j  jogamp.nativewindow.jawt.macosx.MacOSXJAWTWindow.access$200(JJ)V+2
j  jogamp.nativewindow.jawt.macosx.MacOSXJAWTWindow$1.run()V+38
J 2396 C1 com.jogamp.common.util.RunnableTask.run()V (345 bytes) @ 0x000000010c58e154 [0x000000010c58dfc0+0x194]
v  ~StubRoutines::call_stub

---------------  P R O C E S S  ---------------

Java Threads: ( => current thread )
  0x00007f8d64445000 JavaThread "Thread-19" [_thread_blocked, id=57875, stack(0x000000018764a000,0x000000018774a000)]
  0x00007f8d65458800 JavaThread "AWT-EventQueue-1" [_thread_in_native, id=56595, stack(0x0000000187b32000,0x0000000187c32000)]
  0x00007f8d6380d000 JavaThread "DestroyJavaVM" [_thread_blocked, id=4867, stack(0x000000010a4f9000,0x000000010a5f9000)]
  0x00007f8d641fd800 JavaThread "AWT-EventQueue-0" [_thread_blocked, id=54791, stack(0x00000001281c0000,0x00000001282c0000)]
  0x00007f8d641e3800 JavaThread "Java2D Disposer" daemon [_thread_blocked, id=50459, stack(0x0000000126f3c000,0x000000012703c000)]
  0x00007f8d651ad800 JavaThread "Java2D Queue Flusher" daemon [_thread_blocked, id=49159, stack(0x0000000125cae000,0x0000000125dae000)]
  0x00007f8d64036800 JavaThread "AWT-Shutdown" [_thread_blocked, id=28179, stack(0x000000012330d000,0x000000012340d000)]
=>0x00007f8d64034800 JavaThread "AWT-AppKit" daemon [_thread_in_native, id=1811, stack(0x00007fff5501e000,0x00007fff5581e000)]
  0x00007f8d6402e000 JavaThread "Service Thread" daemon [_thread_blocked, id=18179, stack(0x0000000121618000,0x0000000121718000)]
  0x00007f8d65035000 JavaThread "C1 CompilerThread2" daemon [_thread_blocked, id=17667, stack(0x0000000121515000,0x0000000121615000)]
  0x00007f8d65034800 JavaThread "C2 CompilerThread1" daemon [_thread_blocked, id=17155, stack(0x0000000121412000,0x0000000121512000)]
  0x00007f8d64806000 JavaThread "C2 CompilerThread0" daemon [_thread_blocked, id=16643, stack(0x000000012130f000,0x000000012140f000)]
  0x00007f8d65032800 JavaThread "Signal Dispatcher" daemon [_thread_blocked, id=13335, stack(0x000000012120c000,0x000000012130c000)]
  0x00007f8d6505d800 JavaThread "Finalizer" daemon [_thread_blocked, id=11523, stack(0x000000011f7e9000,0x000000011f8e9000)]
  0x00007f8d64002800 JavaThread "Reference Handler" daemon [_thread_blocked, id=11011, stack(0x000000011f6e6000,0x000000011f7e6000)]

Other Threads:
  0x00007f8d6505c800 VMThread [stack: 0x000000011f5e3000,0x000000011f6e3000] [id=10499]
  0x00007f8d64804800 WatcherThread [stack: 0x000000012171b000,0x000000012181b000] [id=18691]

VM state:not at safepoint (normal execution)

VM Mutex/Monitor currently owned by a thread: None

Heap:
 PSYoungGen      total 29696K, used 13581K [0x00000007aab00000, 0x00000007ad000000, 0x00000007c0000000)
  eden space 23552K, 57% used [0x00000007aab00000,0x00000007ab82b7b0,0x00000007ac200000)
  from space 6144K, 1% used [0x00000007aca00000,0x00000007aca18000,0x00000007ad000000)
  to   space 7168K, 0% used [0x00000007ac200000,0x00000007ac200000,0x00000007ac900000)
 ParOldGen       total 46592K, used 16494K [0x0000000780000000, 0x0000000782d80000, 0x00000007aab00000)
  object space 46592K, 35% used [0x0000000780000000,0x000000078101b808,0x0000000782d80000)
 Metaspace       used 21266K, capacity 21471K, committed 21808K, reserved 1069056K
  class space    used 2063K, capacity 2112K, committed 2176K, reserved 1048576K

Card table byte_map: [0x000000011b19d000,0x000000011b39e000] byte_map_base: 0x000000011759d000

Marking Bits: (ParMarkBitMap*) 0x000000010b6dee20
 Begin Bits: [0x000000011b900000, 0x000000011c900000)
 End Bits:   [0x000000011c900000, 0x000000011d900000)

Polling page: 0x000000010a5fb000

CodeCache: size=245760Kb used=9752Kb max_used=9771Kb free=236007Kb
 bounds [0x000000010bddd000, 0x000000010c78d000, 0x000000011addd000]
 total_blobs=3554 nmethods=2658 adapters=809
 compilation: enabled

Compilation events (10 events):
Event: 54.688 Thread 0x00007f8d64806000 3021  s!   4       sun.misc.URLClassPath::getLoader (197 bytes)
Event: 54.692 Thread 0x00007f8d65035000 3022       3       java.util.Stack::empty (13 bytes)
Event: 54.692 Thread 0x00007f8d65035000 nmethod 3022 0x000000010c317050 code [0x000000010c3171c0, 0x000000010c317590]
Event: 54.694 Thread 0x00007f8d64806000 nmethod 3021 0x000000010c3fd690 code [0x000000010c3fd800, 0x000000010c3fdfd8]
Event: 54.695 Thread 0x00007f8d65034800 nmethod 3020 0x000000010c000f10 code [0x000000010c001080, 0x000000010c0017f8]
Event: 54.697 Thread 0x00007f8d65035000 3023       3       java.util.HashMap::removeNode (291 bytes)
Event: 54.697 Thread 0x00007f8d64806000 3024       4       java.util.HashMap::remove (26 bytes)
Event: 54.697 Thread 0x00007f8d65034800 3025       4       java.io.ExpiringCache::entryFor (57 bytes)
Event: 54.699 Thread 0x00007f8d65035000 nmethod 3023 0x000000010c315510 code [0x000000010c315760, 0x000000010c3169b8]
Event: 54.707 Thread 0x00007f8d64806000 nmethod 3024 0x000000010c0c9350 code [0x000000010c0c94e0, 0x000000010c0c9b38]

GC Heap History (10 events):
Event: 38.774 GC heap before
{Heap before GC invocations=19 (full 1):
 PSYoungGen      total 26624K, used 26240K [0x00000007aab00000, 0x00000007ad680000, 0x00000007c0000000)
  eden space 26112K, 100% used [0x00000007aab00000,0x00000007ac480000,0x00000007ac480000)
  from space 512K, 25% used [0x00000007ac500000,0x00000007ac520000,0x00000007ac580000)
  to   space 9216K, 0% used [0x00000007acd80000,0x00000007acd80000,0x00000007ad680000)
 ParOldGen       total 46592K, used 16478K [0x0000000780000000, 0x0000000782d80000, 0x00000007aab00000)
  object space 46592K, 35% used [0x0000000780000000,0x0000000781017808,0x0000000782d80000)
 Metaspace       used 21039K, capacity 21279K, committed 21552K, reserved 1069056K
  class space    used 2040K, capacity 2112K, committed 2176K, reserved 1048576K
Event: 38.776 GC heap after
Heap after GC invocations=19 (full 1):
 PSYoungGen      total 33280K, used 128K [0x00000007aab00000, 0x00000007ad500000, 0x00000007c0000000)
  eden space 25600K, 0% used [0x00000007aab00000,0x00000007aab00000,0x00000007ac400000)
  from space 7680K, 1% used [0x00000007acd80000,0x00000007acda0000,0x00000007ad500000)
  to   space 8704K, 0% used [0x00000007ac400000,0x00000007ac400000,0x00000007acc80000)
 ParOldGen       total 46592K, used 16478K [0x0000000780000000, 0x0000000782d80000, 0x00000007aab00000)
  object space 46592K, 35% used [0x0000000780000000,0x0000000781017808,0x0000000782d80000)
 Metaspace       used 21039K, capacity 21279K, committed 21552K, reserved 1069056K
  class space    used 2040K, capacity 2112K, committed 2176K, reserved 1048576K
}
Event: 42.334 GC heap before
{Heap before GC invocations=20 (full 1):
 PSYoungGen      total 33280K, used 25728K [0x00000007aab00000, 0x00000007ad500000, 0x00000007c0000000)
  eden space 25600K, 100% used [0x00000007aab00000,0x00000007ac400000,0x00000007ac400000)
  from space 7680K, 1% used [0x00000007acd80000,0x00000007acda0000,0x00000007ad500000)
  to   space 8704K, 0% used [0x00000007ac400000,0x00000007ac400000,0x00000007acc80000)
 ParOldGen       total 46592K, used 16478K [0x0000000780000000, 0x0000000782d80000, 0x00000007aab00000)
  object space 46592K, 35% used [0x0000000780000000,0x0000000781017808,0x0000000782d80000)
 Metaspace       used 21042K, capacity 21279K, committed 21552K, reserved 1069056K
  class space    used 2040K, capacity 2112K, committed 2176K, reserved 1048576K
Event: 42.335 GC heap after
Heap after GC invocations=20 (full 1):
 PSYoungGen      total 25600K, used 128K [0x00000007aab00000, 0x00000007ad380000, 0x00000007c0000000)
  eden space 25088K, 0% used [0x00000007aab00000,0x00000007aab00000,0x00000007ac380000)
  from space 512K, 25% used [0x00000007ac400000,0x00000007ac420000,0x00000007ac480000)
  to   space 8192K, 0% used [0x00000007acb80000,0x00000007acb80000,0x00000007ad380000)
 ParOldGen       total 46592K, used 16478K [0x0000000780000000, 0x0000000782d80000, 0x00000007aab00000)
  object space 46592K, 35% used [0x0000000780000000,0x0000000781017808,0x0000000782d80000)
 Metaspace       used 21042K, capacity 21279K, committed 21552K, reserved 1069056K
  class space    used 2040K, capacity 2112K, committed 2176K, reserved 1048576K
}
Event: 44.682 GC heap before
{Heap before GC invocations=21 (full 1):
 PSYoungGen      total 25600K, used 25216K [0x00000007aab00000, 0x00000007ad380000, 0x00000007c0000000)
  eden space 25088K, 100% used [0x00000007aab00000,0x00000007ac380000,0x00000007ac380000)
  from space 512K, 25% used [0x00000007ac400000,0x00000007ac420000,0x00000007ac480000)
  to   space 8192K, 0% used [0x00000007acb80000,0x00000007acb80000,0x00000007ad380000)
 ParOldGen       total 46592K, used 16478K [0x0000000780000000, 0x0000000782d80000, 0x00000007aab00000)
  object space 46592K, 35% used [0x0000000780000000,0x0000000781017808,0x0000000782d80000)
 Metaspace       used 21042K, capacity 21279K, committed 21552K, reserved 1069056K
  class space    used 2040K, capacity 2112K, committed 2176K, reserved 1048576K
Event: 44.683 GC heap after
Heap after GC invocations=21 (full 1):
 PSYoungGen      total 32256K, used 96K [0x00000007aab00000, 0x00000007ad300000, 0x00000007c0000000)
  eden space 24576K, 0% used [0x00000007aab00000,0x00000007aab00000,0x00000007ac300000)
  from space 7680K, 1% used [0x00000007acb80000,0x00000007acb98000,0x00000007ad300000)
  to   space 8192K, 0% used [0x00000007ac300000,0x00000007ac300000,0x00000007acb00000)
 ParOldGen       total 46592K, used 16478K [0x0000000780000000, 0x0000000782d80000, 0x00000007aab00000)
  object space 46592K, 35% used [0x0000000780000000,0x0000000781017808,0x0000000782d80000)
 Metaspace       used 21042K, capacity 21279K, committed 21552K, reserved 1069056K
  class space    used 2040K, capacity 2112K, committed 2176K, reserved 1048576K
}
Event: 46.989 GC heap before
{Heap before GC invocations=22 (full 1):
 PSYoungGen      total 32256K, used 24672K [0x00000007aab00000, 0x00000007ad300000, 0x00000007c0000000)
  eden space 24576K, 100% used [0x00000007aab00000,0x00000007ac300000,0x00000007ac300000)
  from space 7680K, 1% used [0x00000007acb80000,0x00000007acb98000,0x00000007ad300000)
  to   space 8192K, 0% used [0x00000007ac300000,0x00000007ac300000,0x00000007acb00000)
 ParOldGen       total 46592K, used 16478K [0x0000000780000000, 0x0000000782d80000, 0x00000007aab00000)
  object space 46592K, 35% used [0x0000000780000000,0x0000000781017808,0x0000000782d80000)
 Metaspace       used 21100K, capacity 21343K, committed 21552K, reserved 1069056K
  class space    used 2040K, capacity 2112K, committed 2176K, reserved 1048576K
Event: 46.990 GC heap after
Heap after GC invocations=22 (full 1):
 PSYoungGen      total 24576K, used 128K [0x00000007aab00000, 0x00000007ad180000, 0x00000007c0000000)
  eden space 24064K, 0% used [0x00000007aab00000,0x00000007aab00000,0x00000007ac280000)
  from space 512K, 25% used [0x00000007ac300000,0x00000007ac320000,0x00000007ac380000)
  to   space 7680K, 0% used [0x00000007aca00000,0x00000007aca00000,0x00000007ad180000)
 ParOldGen       total 46592K, used 16486K [0x0000000780000000, 0x0000000782d80000, 0x00000007aab00000)
  object space 46592K, 35% used [0x0000000780000000,0x0000000781019808,0x0000000782d80000)
 Metaspace       used 21100K, capacity 21343K, committed 21552K, reserved 1069056K
  class space    used 2040K, capacity 2112K, committed 2176K, reserved 1048576K
}
Event: 49.005 GC heap before
{Heap before GC invocations=23 (full 1):
 PSYoungGen      total 24576K, used 24192K [0x00000007aab00000, 0x00000007ad180000, 0x00000007c0000000)
  eden space 24064K, 100% used [0x00000007aab00000,0x00000007ac280000,0x00000007ac280000)
  from space 512K, 25% used [0x00000007ac300000,0x00000007ac320000,0x00000007ac380000)
  to   space 7680K, 0% used [0x00000007aca00000,0x00000007aca00000,0x00000007ad180000)
 ParOldGen       total 46592K, used 16486K [0x0000000780000000, 0x0000000782d80000, 0x00000007aab00000)
  object space 46592K, 35% used [0x0000000780000000,0x0000000781019808,0x0000000782d80000)
 Metaspace       used 21131K, capacity 21343K, committed 21552K, reserved 1069056K
  class space    used 2040K, capacity 2112K, committed 2176K, reserved 1048576K
Event: 49.006 GC heap after
Heap after GC invocations=23 (full 1):
 PSYoungGen      total 29696K, used 96K [0x00000007aab00000, 0x00000007ad000000, 0x00000007c0000000)
  eden space 23552K, 0% used [0x00000007aab00000,0x00000007aab00000,0x00000007ac200000)
  from space 6144K, 1% used [0x00000007aca00000,0x00000007aca18000,0x00000007ad000000)
  to   space 7168K, 0% used [0x00000007ac200000,0x00000007ac200000,0x00000007ac900000)
 ParOldGen       total 46592K, used 16494K [0x0000000780000000, 0x0000000782d80000, 0x00000007aab00000)
  object space 46592K, 35% used [0x0000000780000000,0x000000078101b808,0x0000000782d80000)
 Metaspace       used 21131K, capacity 21343K, committed 21552K, reserved 1069056K
  class space    used 2040K, capacity 2112K, committed 2176K, reserved 1048576K
}

Deoptimization events (10 events):
Event: 54.673 Thread 0x00007f8d65458800 Uncommon trap: reason=unstable_if action=reinterpret pc=0x000000010c3f43fc method=java.awt.EventQueue.isDispatchThreadImpl()Z @ 65
Event: 54.673 Thread 0x00007f8d641fd800 Uncommon trap: reason=unstable_if action=reinterpret pc=0x000000010c3cedb8 method=java.awt.EventQueue.getPriority(Ljava/awt/AWTEvent;)I @ 71
Event: 54.673 Thread 0x00007f8d65458800 Uncommon trap: reason=unstable_if action=reinterpret pc=0x000000010c4a6e68 method=com.jogamp.common.util.VersionNumber.compareTo(Lcom/jogamp/common/util/VersionNumber;)I @ 21
Event: 54.674 Thread 0x00007f8d65458800 Uncommon trap: reason=unstable_if action=reinterpret pc=0x000000010c437588 method=java.awt.EventQueue.uncacheEQItem(Lsun/awt/EventQueueItem;)V @ 23
Event: 54.676 Thread 0x00007f8d641fd800 Uncommon trap: reason=unstable_if action=reinterpret pc=0x000000010c7362ec method=sun.java2d.pipe.Region.intersectsQuickCheck(Lsun/java2d/pipe/Region;)Z @ 41
Event: 54.676 Thread 0x00007f8d641fd800 Uncommon trap: reason=unstable_if action=reinterpret pc=0x000000010c4c29cc method=java.awt.Font.equals(Ljava/lang/Object;)Z @ 2
Event: 54.685 Thread 0x00007f8d638d0000 Uncommon trap: reason=unstable_if action=reinterpret pc=0x000000010c2c9c88 method=java.util.HashMap.putVal(ILjava/lang/Object;Ljava/lang/Object;ZZ)Ljava/lang/Object; @ 81
Event: 54.700 Thread 0x00007f8d65458800 Uncommon trap: reason=unstable_if action=reinterpret pc=0x000000010c469798 method=java.util.LinkedList$ListItr.<init>(Ljava/util/LinkedList;I)V @ 26
Event: 54.701 Thread 0x00007f8d65458800 Uncommon trap: reason=unstable_if action=reinterpret pc=0x000000010c64b50c method=java.security.AccessControlContext.optimize()Ljava/security/AccessControlContext; @ 233
Event: 54.701 Thread 0x00007f8d65458800 Uncommon trap: reason=unstable_if action=reinterpret pc=0x000000010c4a1244 method=java.util.LinkedList$ListItr.<init>(Ljava/util/LinkedList;I)V @ 26

Internal exceptions (10 events):
Event: 0.179 Thread 0x00007f8d6380d000 Exception <a 'java/lang/NoSuchFieldError': method resolution failed> (0x00000007aad5ea20) thrown at [/Users/java_re/workspace/8-2-build-macosx-x86_64/jdk8u60/4407/hotspot/src/share/vm/prims/methodHandles.cpp, line 1146]
Event: 0.346 Thread 0x00007f8d6380d000 Exception <a 'java/io/FileNotFoundException'> (0x00000007aaddaa00) thrown at [/Users/java_re/workspace/8-2-build-macosx-x86_64/jdk8u60/4407/hotspot/src/share/vm/prims/jni.cpp, line 709]
Event: 0.346 Thread 0x00007f8d6380d000 Exception <a 'java/io/FileNotFoundException'> (0x00000007aaddb580) thrown at [/Users/java_re/workspace/8-2-build-macosx-x86_64/jdk8u60/4407/hotspot/src/share/vm/prims/jni.cpp, line 709]
Event: 0.467 Thread 0x00007f8d6380d000 Exception <a 'java/io/FileNotFoundException'> (0x00000007aaec8da8) thrown at [/Users/java_re/workspace/8-2-build-macosx-x86_64/jdk8u60/4407/hotspot/src/share/vm/prims/jni.cpp, line 709]
Event: 2.065 Thread 0x00007f8d6505d800 Exception <a 'java/lang/NullPointerException'> (0x00000007aab82d58) thrown at [/Users/java_re/workspace/8-2-build-macosx-x86_64/jdk8u60/4407/hotspot/src/share/vm/interpreter/linkResolver.cpp, line 1178]
Event: 2.172 Thread 0x00007f8d65459000 Exception <a 'java/lang/UnsatisfiedLinkError': com.jogamp.common.util.JarUtil.fixNativeLibAttribs(Ljava/lang/String;)Z> (0x00000007ab0760a8) thrown at [/Users/java_re/workspace/8-2-build-macosx-x86_64/jdk8u60/4407/hotspot/src/share/vm/prims/nativeLookup.c
Event: 3.111 Thread 0x00007f8d65458800 Exception <a 'java/io/FileNotFoundException'> (0x00000007ab4df1a8) thrown at [/Users/java_re/workspace/8-2-build-macosx-x86_64/jdk8u60/4407/hotspot/src/share/vm/prims/jni.cpp, line 709]
Event: 3.112 Thread 0x00007f8d65458800 Exception <a 'java/io/FileNotFoundException'> (0x00000007ab4e8748) thrown at [/Users/java_re/workspace/8-2-build-macosx-x86_64/jdk8u60/4407/hotspot/src/share/vm/prims/jni.cpp, line 709]
Event: 3.112 Thread 0x00007f8d65458800 Implicit null exception at 0x000000010bf90b35 to 0x000000010bf90e99
Event: 50.136 Thread 0x00007f8d65458800 Exception <a 'java/lang/ClassCastException': module5.CityMarker cannot be cast to module5.EarthquakeMarker> (0x00000007ab6ce680) thrown at [/Users/java_re/workspace/8-2-build-macosx-x86_64/jdk8u60/4407/hotspot/src/share/vm/interpreter/interpreterRuntime.c

Events (10 events):
Event: 54.701 loading class java/awt/event/AWTEventListenerProxy done
Event: 54.701 loading class java/awt/Toolkit$ToolkitEventMulticaster
Event: 54.701 loading class java/awt/Toolkit$ToolkitEventMulticaster done
Event: 54.701 Thread 0x00007f8d65458800 Uncommon trap: trap_request=0xffffff65 fr.pc=0x000000010c4a1244
Event: 54.701 Thread 0x00007f8d65458800 DEOPT PACKING pc=0x000000010c4a1244 sp=0x0000000187c2f950
Event: 54.701 Thread 0x00007f8d65458800 DEOPT UNPACKING pc=0x000000010bde2229 sp=0x0000000187c2f8a8 mode 2
Event: 54.702 Thread 0x00007f8d638d0000 Thread exited: 0x00007f8d638d0000
Event: 54.703 loading class java/awt/Window$1DisposeAction
Event: 54.703 loading class java/awt/Window$1DisposeAction done
Event: 54.708 Thread 0x00007f8d64806000 flushing nmethod 0x000000010c1b9550


Dynamic libraries:
0x000000000646b000 	/System/Library/Frameworks/Cocoa.framework/Versions/A/Cocoa
0x000000000646b000 	/System/Library/Frameworks/Security.framework/Versions/A/Security
0x000000000646b000 	/System/Library/Frameworks/ApplicationServices.framework/Versions/A/ApplicationServices
0x000000000646b000 	/usr/lib/libz.1.dylib
0x000000000646b000 	/usr/lib/libSystem.B.dylib
0x000000000646b000 	/usr/lib/libobjc.A.dylib
0x000000000646b000 	/System/Library/Frameworks/CoreFoundation.framework/Versions/A/CoreFoundation
0x000000000646b000 	/System/Library/Frameworks/Foundation.framework/Versions/C/Foundation
0x000000000646b000 	/System/Library/Frameworks/AppKit.framework/Versions/C/AppKit
0x000000000646b000 	/System/Library/Frameworks/CoreData.framework/Versions/A/CoreData
0x000000000646b000 	/System/Library/PrivateFrameworks/RemoteViewServices.framework/Versions/A/RemoteViewServices
0x000000000646b000 	/System/Library/PrivateFrameworks/UIFoundation.framework/Versions/A/UIFoundation
0x000000000646b000 	/System/Library/Frameworks/IOSurface.framework/Versions/A/IOSurface
0x000000000646b000 	/System/Library/Frameworks/AudioToolbox.framework/Versions/A/AudioToolbox
0x000000000646b000 	/System/Library/Frameworks/AudioUnit.framework/Versions/A/AudioUnit
0x000000000646b000 	/System/Library/PrivateFrameworks/DataDetectorsCore.framework/Versions/A/DataDetectorsCore
0x000000000646b000 	/System/Library/PrivateFrameworks/DesktopServicesPriv.framework/Versions/A/DesktopServicesPriv
0x000000000646b000 	/System/Library/Frameworks/Carbon.framework/Versions/A/Frameworks/HIToolbox.framework/Versions/A/HIToolbox
0x000000000646b000 	/System/Library/Frameworks/QuartzCore.framework/Versions/A/QuartzCore
0x000000000646b000 	/System/Library/Frameworks/Carbon.framework/Versions/A/Frameworks/SpeechRecognition.framework/Versions/A/SpeechRecognition
0x000000000646b000 	/usr/lib/libauto.dylib
0x000000000646b000 	/usr/lib/libicucore.A.dylib
0x000000000646b000 	/usr/lib/libxml2.2.dylib
0x000000000646b000 	/System/Library/PrivateFrameworks/CoreUI.framework/Versions/A/CoreUI
0x000000000646b000 	/System/Library/Frameworks/CoreAudio.framework/Versions/A/CoreAudio
0x000000000646b000 	/System/Library/Frameworks/DiskArbitration.framework/Versions/A/DiskArbitration
0x000000000646b000 	/usr/lib/liblangid.dylib
0x000000000646b000 	/System/Library/PrivateFrameworks/MultitouchSupport.framework/Versions/A/MultitouchSupport
0x000000000646b000 	/System/Library/Frameworks/IOKit.framework/Versions/A/IOKit
0x000000000646b000 	/usr/lib/libDiagnosticMessagesClient.dylib
0x000000000646b000 	/System/Library/Frameworks/CoreServices.framework/Versions/A/CoreServices
0x000000000646b000 	/System/Library/PrivateFrameworks/PerformanceAnalysis.framework/Versions/A/PerformanceAnalysis
0x000000000646b000 	/System/Library/PrivateFrameworks/GenerationalStorage.framework/Versions/A/GenerationalStorage
0x000000000646b000 	/System/Library/Frameworks/OpenGL.framework/Versions/A/OpenGL
0x000000000646b000 	/System/Library/PrivateFrameworks/Sharing.framework/Versions/A/Sharing
0x000000000646b000 	/System/Library/Frameworks/CoreGraphics.framework/Versions/A/CoreGraphics
0x000000000646b000 	/System/Library/Frameworks/CoreText.framework/Versions/A/CoreText
0x000000000646b000 	/System/Library/Frameworks/ImageIO.framework/Versions/A/ImageIO
0x000000000646b000 	/usr/lib/libextension.dylib
0x000000000646b000 	/System/Library/PrivateFrameworks/Backup.framework/Versions/A/Backup
0x000000000646b000 	/usr/lib/libarchive.2.dylib
0x000000000646b000 	/System/Library/Frameworks/CFNetwork.framework/Versions/A/CFNetwork
0x000000000646b000 	/System/Library/Frameworks/SystemConfiguration.framework/Versions/A/SystemConfiguration
0x000000000646b000 	/usr/lib/libCRFSuite.dylib
0x000000000646b000 	/usr/lib/libc++.1.dylib
0x000000000646b000 	/usr/lib/libc++abi.dylib
0x000000000646b000 	/usr/lib/system/libcache.dylib
0x000000000646b000 	/usr/lib/system/libcommonCrypto.dylib
0x000000000646b000 	/usr/lib/system/libcompiler_rt.dylib
0x000000000646b000 	/usr/lib/system/libcopyfile.dylib
0x000000000646b000 	/usr/lib/system/libcorecrypto.dylib
0x000000000646b000 	/usr/lib/system/libdispatch.dylib
0x000000000646b000 	/usr/lib/system/libdyld.dylib
0x000000000646b000 	/usr/lib/system/libkeymgr.dylib
0x000000000646b000 	/usr/lib/system/liblaunch.dylib
0x000000000646b000 	/usr/lib/system/libmacho.dylib
0x000000000646b000 	/usr/lib/system/libquarantine.dylib
0x000000000646b000 	/usr/lib/system/libremovefile.dylib
0x000000000646b000 	/usr/lib/system/libsystem_asl.dylib
0x000000000646b000 	/usr/lib/system/libsystem_blocks.dylib
0x000000000646b000 	/usr/lib/system/libsystem_c.dylib
0x000000000646b000 	/usr/lib/system/libsystem_configuration.dylib
0x000000000646b000 	/usr/lib/system/libsystem_coreservices.dylib
0x000000000646b000 	/usr/lib/system/libsystem_coretls.dylib
0x000000000646b000 	/usr/lib/system/libsystem_dnssd.dylib
0x000000000646b000 	/usr/lib/system/libsystem_info.dylib
0x000000000646b000 	/usr/lib/system/libsystem_kernel.dylib
0x000000000646b000 	/usr/lib/system/libsystem_m.dylib
0x000000000646b000 	/usr/lib/system/libsystem_malloc.dylib
0x000000000646b000 	/usr/lib/system/libsystem_network.dylib
0x000000000646b000 	/usr/lib/system/libsystem_networkextension.dylib
0x000000000646b000 	/usr/lib/system/libsystem_notify.dylib
0x000000000646b000 	/usr/lib/system/libsystem_platform.dylib
0x000000000646b000 	/usr/lib/system/libsystem_pthread.dylib
0x000000000646b000 	/usr/lib/system/libsystem_sandbox.dylib
0x000000000646b000 	/usr/lib/system/libsystem_secinit.dylib
0x000000000646b000 	/usr/lib/system/libsystem_stats.dylib
0x000000000646b000 	/usr/lib/system/libsystem_trace.dylib
0x000000000646b000 	/usr/lib/system/libunc.dylib
0x000000000646b000 	/usr/lib/system/libunwind.dylib
0x000000000646b000 	/usr/lib/system/libxpc.dylib
0x000000000646b000 	/usr/lib/libbz2.1.0.dylib
0x000000000646b000 	/usr/lib/liblzma.5.dylib
0x000000000646b000 	/usr/lib/libbsm.0.dylib
0x000000000646b000 	/usr/lib/libsqlite3.dylib
0x000000000646b000 	/usr/lib/system/libkxld.dylib
0x000000000646b000 	/usr/lib/libxar.1.dylib
0x000000000646b000 	/usr/lib/libpam.2.dylib
0x000000000646b000 	/usr/lib/libOpenScriptingUtil.dylib
0x000000000646b000 	/System/Library/Frameworks/CoreServices.framework/Versions/A/Frameworks/FSEvents.framework/Versions/A/FSEvents
0x000000000646b000 	/System/Library/Frameworks/CoreServices.framework/Versions/A/Frameworks/CarbonCore.framework/Versions/A/CarbonCore
0x000000000646b000 	/System/Library/Frameworks/CoreServices.framework/Versions/A/Frameworks/Metadata.framework/Versions/A/Metadata
0x000000000646b000 	/System/Library/Frameworks/CoreServices.framework/Versions/A/Frameworks/OSServices.framework/Versions/A/OSServices
0x000000000646b000 	/System/Library/Frameworks/CoreServices.framework/Versions/A/Frameworks/SearchKit.framework/Versions/A/SearchKit
0x000000000646b000 	/System/Library/Frameworks/CoreServices.framework/Versions/A/Frameworks/AE.framework/Versions/A/AE
0x000000000646b000 	/System/Library/Frameworks/CoreServices.framework/Versions/A/Frameworks/LaunchServices.framework/Versions/A/LaunchServices
0x000000000646b000 	/System/Library/Frameworks/CoreServices.framework/Versions/A/Frameworks/DictionaryServices.framework/Versions/A/DictionaryServices
0x000000000646b000 	/System/Library/Frameworks/NetFS.framework/Versions/A/NetFS
0x000000000646b000 	/System/Library/PrivateFrameworks/NetAuth.framework/Versions/A/NetAuth
0x000000000646b000 	/System/Library/PrivateFrameworks/login.framework/Versions/A/Frameworks/loginsupport.framework/Versions/A/loginsupport
0x000000000646b000 	/System/Library/PrivateFrameworks/TCC.framework/Versions/A/TCC
0x000000000646b000 	/usr/lib/libmecabra.dylib
0x000000000646b000 	/System/Library/Frameworks/ApplicationServices.framework/Versions/A/Frameworks/ATS.framework/Versions/A/ATS
0x000000000646b000 	/System/Library/Frameworks/ApplicationServices.framework/Versions/A/Frameworks/ColorSync.framework/Versions/A/ColorSync
0x000000000646b000 	/System/Library/Frameworks/ApplicationServices.framework/Versions/A/Frameworks/HIServices.framework/Versions/A/HIServices
0x000000000646b000 	/System/Library/Frameworks/ApplicationServices.framework/Versions/A/Frameworks/LangAnalysis.framework/Versions/A/LangAnalysis
0x000000000646b000 	/System/Library/Frameworks/ApplicationServices.framework/Versions/A/Frameworks/PrintCore.framework/Versions/A/PrintCore
0x000000000646b000 	/System/Library/Frameworks/ApplicationServices.framework/Versions/A/Frameworks/QD.framework/Versions/A/QD
0x000000000646b000 	/System/Library/Frameworks/ApplicationServices.framework/Versions/A/Frameworks/SpeechSynthesis.framework/Versions/A/SpeechSynthesis
0x000000000646b000 	/System/Library/Frameworks/Accelerate.framework/Versions/A/Accelerate
0x000000000646b000 	/System/Library/Frameworks/Accelerate.framework/Versions/A/Frameworks/vImage.framework/Versions/A/vImage
0x000000000646b000 	/System/Library/Frameworks/Accelerate.framework/Versions/A/Frameworks/vecLib.framework/Versions/A/vecLib
0x000000000646b000 	/System/Library/Frameworks/Accelerate.framework/Versions/A/Frameworks/vecLib.framework/Versions/A/libvDSP.dylib
0x000000000646b000 	/System/Library/Frameworks/Accelerate.framework/Versions/A/Frameworks/vecLib.framework/Versions/A/libvMisc.dylib
0x000000000646b000 	/System/Library/Frameworks/Accelerate.framework/Versions/A/Frameworks/vecLib.framework/Versions/A/libLAPACK.dylib
0x000000000646b000 	/System/Library/Frameworks/Accelerate.framework/Versions/A/Frameworks/vecLib.framework/Versions/A/libBLAS.dylib
0x000000000646b000 	/System/Library/Frameworks/Accelerate.framework/Versions/A/Frameworks/vecLib.framework/Versions/A/libLinearAlgebra.dylib
0x000000000646b000 	/System/Library/Frameworks/ApplicationServices.framework/Versions/A/Frameworks/ATS.framework/Versions/A/Resources/libFontParser.dylib
0x000000000646b000 	/System/Library/Frameworks/ApplicationServices.framework/Versions/A/Frameworks/ATS.framework/Versions/A/Resources/libFontRegistry.dylib
0x000000000646b000 	/System/Library/PrivateFrameworks/AppleVPA.framework/Versions/A/AppleVPA
0x000000000646b000 	/System/Library/PrivateFrameworks/AppleJPEG.framework/Versions/A/AppleJPEG
0x000000000646b000 	/System/Library/Frameworks/ImageIO.framework/Versions/A/Resources/libJPEG.dylib
0x000000000646b000 	/System/Library/Frameworks/ImageIO.framework/Versions/A/Resources/libTIFF.dylib
0x000000000646b000 	/System/Library/Frameworks/ImageIO.framework/Versions/A/Resources/libPng.dylib
0x000000000646b000 	/System/Library/Frameworks/ImageIO.framework/Versions/A/Resources/libGIF.dylib
0x000000000646b000 	/System/Library/Frameworks/ImageIO.framework/Versions/A/Resources/libJP2.dylib
0x000000000646b000 	/System/Library/Frameworks/ImageIO.framework/Versions/A/Resources/libRadiance.dylib
0x000000000646b000 	/System/Library/Frameworks/CoreVideo.framework/Versions/A/CoreVideo
0x000000000646b000 	/System/Library/Frameworks/OpenGL.framework/Versions/A/Libraries/libGLU.dylib
0x000000000646b000 	/System/Library/Frameworks/OpenGL.framework/Versions/A/Libraries/libGFXShared.dylib
0x000000000646b000 	/System/Library/Frameworks/OpenGL.framework/Versions/A/Libraries/libGL.dylib
0x000000000646b000 	/System/Library/Frameworks/OpenGL.framework/Versions/A/Libraries/libGLImage.dylib
0x000000000646b000 	/System/Library/Frameworks/OpenGL.framework/Versions/A/Libraries/libCVMSPluginSupport.dylib
0x000000000646b000 	/System/Library/Frameworks/OpenGL.framework/Versions/A/Libraries/libCoreVMClient.dylib
0x000000000646b000 	/usr/lib/libcups.2.dylib
0x000000000646b000 	/System/Library/Frameworks/Kerberos.framework/Versions/A/Kerberos
0x000000000646b000 	/System/Library/Frameworks/GSS.framework/Versions/A/GSS
0x000000000646b000 	/usr/lib/libresolv.9.dylib
0x000000000646b000 	/usr/lib/libiconv.2.dylib
0x000000000646b000 	/System/Library/PrivateFrameworks/Heimdal.framework/Versions/A/Heimdal
0x000000000646b000 	/usr/lib/libheimdal-asn1.dylib
0x000000000646b000 	/System/Library/Frameworks/OpenDirectory.framework/Versions/A/OpenDirectory
0x000000000646b000 	/System/Library/PrivateFrameworks/CommonAuth.framework/Versions/A/CommonAuth
0x000000000646b000 	/System/Library/Frameworks/OpenDirectory.framework/Versions/A/Frameworks/CFOpenDirectory.framework/Versions/A/CFOpenDirectory
0x000000000646b000 	/System/Library/Frameworks/SecurityFoundation.framework/Versions/A/SecurityFoundation
0x000000000646b000 	/System/Library/PrivateFrameworks/LanguageModeling.framework/Versions/A/LanguageModeling
0x000000000646b000 	/usr/lib/libcmph.dylib
0x000000000646b000 	/System/Library/Frameworks/ServiceManagement.framework/Versions/A/ServiceManagement
0x000000000646b000 	/usr/lib/libxslt.1.dylib
0x000000000646b000 	/System/Library/Frameworks/Carbon.framework/Versions/A/Frameworks/Ink.framework/Versions/A/Ink
0x000000000646b000 	/System/Library/Frameworks/QuartzCore.framework/Versions/A/Frameworks/CoreImage.framework/Versions/A/CoreImage
0x000000000646b000 	/System/Library/PrivateFrameworks/CrashReporterSupport.framework/Versions/A/CrashReporterSupport
0x000000000646b000 	/System/Library/Frameworks/OpenCL.framework/Versions/A/OpenCL
0x000000000646b000 	/System/Library/PrivateFrameworks/FaceCore.framework/Versions/A/FaceCore
0x000000000646b000 	/System/Library/PrivateFrameworks/Ubiquity.framework/Versions/A/Ubiquity
0x000000000646b000 	/System/Library/PrivateFrameworks/IconServices.framework/Versions/A/IconServices
0x000000000646b000 	/System/Library/PrivateFrameworks/ChunkingLibrary.framework/Versions/A/ChunkingLibrary
0x000000000646b000 	/System/Library/PrivateFrameworks/Apple80211.framework/Versions/A/Apple80211
0x000000000646b000 	/System/Library/Frameworks/CoreWLAN.framework/Versions/A/CoreWLAN
0x000000000646b000 	/System/Library/Frameworks/IOBluetooth.framework/Versions/A/IOBluetooth
0x000000000646b000 	/System/Library/PrivateFrameworks/CoreWiFi.framework/Versions/A/CoreWiFi
0x000000000646b000 	/System/Library/Frameworks/CoreBluetooth.framework/Versions/A/CoreBluetooth
0x000000000646b000 	/System/Library/PrivateFrameworks/DebugSymbols.framework/Versions/A/DebugSymbols
0x000000000646b000 	/System/Library/PrivateFrameworks/CoreSymbolication.framework/Versions/A/CoreSymbolication
0x000000000646b000 	/System/Library/PrivateFrameworks/Symbolication.framework/Versions/A/Symbolication
0x000000000646b000 	/System/Library/PrivateFrameworks/SpeechRecognitionCore.framework/Versions/A/SpeechRecognitionCore
0x000000010ae00000 	/Library/Java/JavaVirtualMachines/jdk1.8.0_60.jdk/Contents/Home/jre/lib/server/libjvm.dylib
0x000000000646b000 	/usr/lib/libstdc++.6.dylib
0x000000010bd89000 	/Library/Java/JavaVirtualMachines/jdk1.8.0_60.jdk/Contents/Home/jre/lib/libverify.dylib
0x000000010bd97000 	/Library/Java/JavaVirtualMachines/jdk1.8.0_60.jdk/Contents/Home/jre/lib/libjava.dylib
0x000000010bdd4000 	/Library/Java/JavaVirtualMachines/jdk1.8.0_60.jdk/Contents/Home/jre/lib/libzip.dylib
0x000000011f8eb000 	/System/Library/Frameworks/JavaVM.framework/Frameworks/JavaRuntimeSupport.framework/JavaRuntimeSupport
0x000000011f903000 	/System/Library/Frameworks/JavaVM.framework/Versions/A/Frameworks/JavaNativeFoundation.framework/Versions/A/JavaNativeFoundation
0x000000011f918000 	/System/Library/Frameworks/JavaVM.framework/Versions/A/JavaVM
0x000000000646b000 	/System/Library/Frameworks/Carbon.framework/Versions/A/Carbon
0x000000011f925000 	/System/Library/PrivateFrameworks/JavaLaunching.framework/Versions/A/JavaLaunching
0x000000000646b000 	/System/Library/Frameworks/Carbon.framework/Versions/A/Frameworks/CommonPanels.framework/Versions/A/CommonPanels
0x000000000646b000 	/System/Library/Frameworks/Carbon.framework/Versions/A/Frameworks/Help.framework/Versions/A/Help
0x000000000646b000 	/System/Library/Frameworks/Carbon.framework/Versions/A/Frameworks/ImageCapture.framework/Versions/A/ImageCapture
0x000000000646b000 	/System/Library/Frameworks/Carbon.framework/Versions/A/Frameworks/OpenScripting.framework/Versions/A/OpenScripting
0x000000000646b000 	/System/Library/Frameworks/Carbon.framework/Versions/A/Frameworks/Print.framework/Versions/A/Print
0x000000000646b000 	/System/Library/Frameworks/Carbon.framework/Versions/A/Frameworks/SecurityHI.framework/Versions/A/SecurityHI
0x0000000121859000 	/Library/Java/JavaVirtualMachines/jdk1.8.0_60.jdk/Contents/Home/jre/lib/libawt.dylib
0x0000000121901000 	/Library/Java/JavaVirtualMachines/jdk1.8.0_60.jdk/Contents/Home/jre/lib/./libmlib_image.dylib
0x00000001219cd000 	/Library/Java/JavaVirtualMachines/jdk1.8.0_60.jdk/Contents/Home/jre/lib/libawt_lwawt.dylib
0x0000000121a82000 	/Library/Java/JavaVirtualMachines/jdk1.8.0_60.jdk/Contents/Home/jre/lib/./libosxapp.dylib
0x000000000646b000 	/System/Library/Frameworks/ExceptionHandling.framework/Versions/A/ExceptionHandling
0x000000000646b000 	/System/Library/PrivateFrameworks/CoreServicesInternal.framework/Versions/A/CoreServicesInternal
0x000000000646b000 	/System/Library/PrivateFrameworks/CloudDocs.framework/Versions/A/CloudDocs
0x000000000646b000 	/System/Library/PrivateFrameworks/CoreDuet.framework/Versions/A/CoreDuet
0x000000000646b000 	/System/Library/Frameworks/CloudKit.framework/Versions/A/CloudKit
0x000000000646b000 	/System/Library/PrivateFrameworks/ProtocolBuffer.framework/Versions/A/ProtocolBuffer
0x000000000646b000 	/System/Library/PrivateFrameworks/CoreDuetDaemonProtocol.framework/Versions/A/CoreDuetDaemonProtocol
0x000000000646b000 	/System/Library/PrivateFrameworks/CoreDuetDebugLogging.framework/Versions/A/CoreDuetDebugLogging
0x000000000646b000 	/System/Library/PrivateFrameworks/MMCS.framework/Versions/A/MMCS
0x000000000646b000 	/System/Library/Frameworks/CoreLocation.framework/Versions/A/CoreLocation
0x000000000646b000 	/System/Library/PrivateFrameworks/ProtectedCloudStorage.framework/Versions/A/ProtectedCloudStorage
0x000000000646b000 	/System/Library/PrivateFrameworks/GeoServices.framework/Versions/A/GeoServices
0x00000001232fd000 	/System/Library/Frameworks/CoreGraphics.framework/Versions/A/Resources/libCGCMS.A.dylib
0x0000000123de0000 	/System/Library/Frameworks/CoreGraphics.framework/Versions/A/Resources/libRIP.A.dylib
0x0000000124055000 	/System/Library/Frameworks/CoreGraphics.framework/Versions/A/Resources/libCGXType.A.dylib
0x000000000646b000 	/System/Library/Frameworks/OpenCL.framework/Versions/A/Libraries/libcldcpuengine.dylib
0x000000000646b000 	/System/Library/PrivateFrameworks/DiskImages.framework/Versions/A/DiskImages
0x000000000646b000 	/System/Library/Frameworks/DiscRecording.framework/Versions/A/DiscRecording
0x000000000646b000 	/usr/lib/libcsfde.dylib
0x000000000646b000 	/usr/lib/libcurl.4.dylib
0x000000000646b000 	/System/Library/PrivateFrameworks/MediaKit.framework/Versions/A/MediaKit
0x000000000646b000 	/usr/lib/libCoreStorage.dylib
0x000000000646b000 	/System/Library/PrivateFrameworks/EFILogin.framework/Versions/A/EFILogin
0x000000000646b000 	/usr/lib/libutil.dylib
0x000000000646b000 	/System/Library/PrivateFrameworks/FindMyDevice.framework/Versions/A/FindMyDevice
0x000000000646b000 	/System/Library/Frameworks/LDAP.framework/Versions/A/LDAP
0x000000000646b000 	/usr/lib/libsasl2.2.dylib
0x000000000646b000 	/System/Library/PrivateFrameworks/CoreDaemon.framework/Versions/B/CoreDaemon
0x000000000646b000 	/usr/lib/libcrypto.0.9.8.dylib
0x000000000646b000 	/System/Library/PrivateFrameworks/AppleSRP.framework/Versions/A/AppleSRP
0x000000000646b000 	/System/Library/PrivateFrameworks/TrustEvaluationAgent.framework/Versions/A/TrustEvaluationAgent
0x0000000124ac5000 	cl_kernels
0x0000000124ac7000 	/System/Library/Frameworks/OpenCL.framework/Versions/A/Libraries/ImageFormats/unorm8_bgra.dylib
0x0000000124ab6000 	cl_kernels
0x000000000646b000 	/System/Library/PrivateFrameworks/FamilyControls.framework/Versions/A/FamilyControls
0x000000000646b000 	/System/Library/PrivateFrameworks/CommerceKit.framework/Versions/A/Frameworks/CommerceCore.framework/Versions/A/CommerceCore
0x000000000646b000 	/System/Library/PrivateFrameworks/SystemAdministration.framework/Versions/A/SystemAdministration
0x000000000646b000 	/System/Library/PrivateFrameworks/AppContainer.framework/Versions/A/AppContainer
0x000000000646b000 	/System/Library/PrivateFrameworks/SecCodeWrapper.framework/Versions/A/SecCodeWrapper
0x000000000646b000 	/System/Library/Frameworks/DirectoryService.framework/Versions/A/DirectoryService
0x000000000646b000 	/System/Library/PrivateFrameworks/LoginUIKit.framework/Versions/A/Frameworks/LoginUICore.framework/Versions/A/LoginUICore
0x000000000646b000 	/usr/lib/libodfde.dylib
0x0000000125db0000 	/System/Library/Frameworks/OpenGL.framework/Resources/GLEngine.bundle/GLEngine
0x000000000646b000 	/System/Library/Frameworks/OpenGL.framework/Versions/A/Libraries/libGLProgrammability.dylib
0x0000000125f9b000 	/System/Library/Extensions/AppleIntelHD4000GraphicsGLDriver.bundle/Contents/MacOS/AppleIntelHD4000GraphicsGLDriver
0x000000000646b000 	/System/Library/PrivateFrameworks/IOAccelerator.framework/Versions/A/IOAccelerator
0x000000000646b000 	/System/Library/PrivateFrameworks/GPUSupport.framework/Versions/A/Libraries/libGPUSupportMercury.dylib
0x00000001265fa000 	/System/Library/Frameworks/OpenGL.framework/Resources//GLRendererFloat.bundle/GLRendererFloat
0x000000012703e000 	/Library/Java/JavaVirtualMachines/jdk1.8.0_60.jdk/Contents/Home/jre/lib/libfontmanager.dylib
0x00000001282c2000 	/Library/Java/JavaVirtualMachines/jdk1.8.0_60.jdk/Contents/Home/jre/lib/libosxui.dylib
0x000000012856b000 	/Library/Java/JavaVirtualMachines/jdk1.8.0_60.jdk/Contents/Home/jre/lib/libnet.dylib
0x000000012837a000 	/Library/Java/JavaVirtualMachines/jdk1.8.0_60.jdk/Contents/Home/jre/lib/libnio.dylib
0x000000000646b000 	/System/Library/Frameworks/ApplicationServices.framework/Versions/A/Frameworks/ATS.framework/Versions/A/Resources/libTrueTypeScaler.dylib
0x0000000187513000 	/private/var/folders/kq/rmq3xm_n5gb1c7xnh6sk0dkr0000gn/T/jogamp_0000/file_cache/jln124267330299864543/jln5822178689437714576/libgluegen-rt.jnilib
0x000000012838a000 	/private/var/folders/kq/rmq3xm_n5gb1c7xnh6sk0dkr0000gn/T/jogamp_0000/file_cache/jln124267330299864543/jln5822178689437714576/libnativewindow_awt.jnilib
0x0000000187517000 	/Library/Java/JavaVirtualMachines/jdk1.8.0_60.jdk/Contents/Home/jre/lib/libjawt.dylib
0x000000018751a000 	/private/var/folders/kq/rmq3xm_n5gb1c7xnh6sk0dkr0000gn/T/jogamp_0000/file_cache/jln124267330299864543/jln5822178689437714576/libnativewindow_macosx.jnilib
0x000000018946a000 	/private/var/folders/kq/rmq3xm_n5gb1c7xnh6sk0dkr0000gn/T/jogamp_0000/file_cache/jln124267330299864543/jln5822178689437714576/libjogl_desktop.jnilib
0x0000000188f43000 	/Library/Java/JavaVirtualMachines/jdk1.8.0_60.jdk/Contents/Home/jre/lib/libt2k.dylib

VM Arguments:
jvm_args: -Djava.security.policy=java.policy.applet -Dfile.encoding=UTF-8 
java_command: sun.applet.AppletViewer module5.EarthquakeCityMap1443889654032.html
java_class_path (initial): /Users/kishwarkumar/Documents/workspace/UCSDUnfoldingMaps/build:/Users/kishwarkumar/Documents/workspace/UCSDUnfoldingMaps/lib/core.jar:/Users/kishwarkumar/Documents/workspace/UCSDUnfoldingMaps/lib/gluegen-rt.jar:/Users/kishwarkumar/Documents/workspace/UCSDUnfoldingMaps/lib/jogl-all.jar:/Users/kishwarkumar/Documents/workspace/UCSDUnfoldingMaps/lib/log4j-1.2.15.jar:/Users/kishwarkumar/Documents/workspace/UCSDUnfoldingMaps/lib/sqlite-jdbc-3.7.2.jar:/Users/kishwarkumar/Documents/workspace/UCSDUnfoldingMaps/lib/json4processing.jar:/Users/kishwarkumar/Documents/workspace/UCSDUnfoldingMaps/lib/libTUIO.jar:/Users/kishwarkumar/Documents/workspace/UCSDUnfoldingMaps/lib/unfolding.0.9.7-uscd.jar
Launcher Type: SUN_STANDARD

Environment Variables:
PATH=/usr/bin:/bin:/usr/sbin:/sbin
SHELL=/bin/bash
DISPLAY=/private/tmp/com.apple.launchd.aIaLzYblor/org.macosforge.xquartz:0

Signal Handlers:
SIGSEGV: [libjvm.dylib+0x5a6d31], sa_mask[0]=11111111011111110111111111111111, sa_flags=SA_ONSTACK|SA_RESTART|SA_SIGINFO
SIGBUS: [libjvm.dylib+0x5a6d31], sa_mask[0]=11111111011111110111111111111111, sa_flags=SA_RESTART|SA_SIGINFO
SIGFPE: [libjvm.dylib+0x480a4c], sa_mask[0]=11111111011111110111111111111111, sa_flags=SA_RESTART|SA_SIGINFO
SIGPIPE: [libjvm.dylib+0x480a4c], sa_mask[0]=11111111011111110111111111111111, sa_flags=SA_RESTART|SA_SIGINFO
SIGXFSZ: [libjvm.dylib+0x480a4c], sa_mask[0]=11111111011111110111111111111111, sa_flags=SA_RESTART|SA_SIGINFO
SIGILL: [libjvm.dylib+0x480a4c], sa_mask[0]=11111111011111110111111111111111, sa_flags=SA_RESTART|SA_SIGINFO
SIGUSR1: SIG_DFL, sa_mask[0]=00000000000000000000000000000000, sa_flags=none
SIGUSR2: [libjvm.dylib+0x48056a], sa_mask[0]=00100000000000000000000000000000, sa_flags=SA_RESTART|SA_SIGINFO
SIGHUP: [libjvm.dylib+0x47eb41], sa_mask[0]=11111111011111110111111111111111, sa_flags=SA_RESTART|SA_SIGINFO
SIGINT: [libjvm.dylib+0x47eb41], sa_mask[0]=11111111011111110111111111111111, sa_flags=SA_RESTART|SA_SIGINFO
SIGTERM: [libjvm.dylib+0x47eb41], sa_mask[0]=11111111011111110111111111111111, sa_flags=SA_RESTART|SA_SIGINFO
SIGQUIT: [libjvm.dylib+0x47eb41], sa_mask[0]=11111111011111110111111111111111, sa_flags=SA_RESTART|SA_SIGINFO


---------------  S Y S T E M  ---------------

OS:Bsduname:Darwin 14.5.0 Darwin Kernel Version 14.5.0: Wed Jul 29 02:26:53 PDT 2015; root:xnu-2782.40.9~1/RELEASE_X86_64 x86_64
rlimit: STACK 8192k, CORE 0k, NPROC 709, NOFILE 10240, AS infinity
load average:1.89 1.76 1.62

CPU:total 4 (2 cores per cpu, 2 threads per core) family 6 model 58 stepping 9, cmov, cx8, fxsr, mmx, sse, sse2, sse3, ssse3, sse4.1, sse4.2, popcnt, avx, aes, clmul, erms, ht, tsc, tscinvbit, tscinv

Memory: 4k page, physical 4194304k(205256k free)

/proc/meminfo:


vm_info: Java HotSpot(TM) 64-Bit Server VM (25.60-b23) for bsd-amd64 JRE (1.8.0_60-b27), built on Aug  4 2015 10:47:24 by "java_re" with gcc 4.2.1 (Based on Apple Inc. build 5658) (LLVM build 2336.11.00)

time: Sat Oct  3 18:28:28 2015
elapsed time: 54 seconds (0d 0h 0m 54s)

