#
# A fatal error has been detected by the Java Runtime Environment:
#
#  SIGSEGV (0xb) at pc=0x00007fff8ca5c44c, pid=3940, tid=1811
#
# JRE version: Java(TM) SE Runtime Environment (8.0_60-b27) (build 1.8.0_60-b27)
# Java VM: Java HotSpot(TM) 64-Bit Server VM (25.60-b23 mixed mode bsd-amd64 compressed oops)
# Problematic frame:
# C  [libobjc.A.dylib+0x944c]  objc_release+0xc
#
# Failed to write core dump. Core dumps have been disabled. To enable core dumping, try "ulimit -c unlimited" before starting Java again
#
# If you would like to submit a bug report, please visit:
#   http://bugreport.java.com/bugreport/crash.jsp
# The crash happened outside the Java Virtual Machine in native code.
# See problematic frame for where to report the bug.
#

---------------  T H R E A D  ---------------

Current thread (0x00007f9a14129800):  JavaThread "AWT-AppKit" daemon [_thread_in_native, id=1811, stack(0x00007fff5a352000,0x00007fff5ab52000)]

siginfo: si_signo: 11 (SIGSEGV), si_code: 0 (unknown), si_addr: 0x0000000000000000

Registers:
RAX=0x0000000000000008, RBX=0x0000000000000000, RCX=0x0000000000000003, RDX=0x00007f9a17457fc8
RSP=0x00007fff5ab4d518, RBP=0x00007fff5ab4d540, RSI=0x000000011c714f00, RDI=0x100007f9a1748726
R8 =0x0000000000000001, R9 =0x00007f9a17300000, R10=0x00007f9a13dbb7d0, R11=0x0000000182144840
R12=0x0000000000000000, R13=0x00000001840b3ce8, R14=0x00007f9a173ade30, R15=0x00007f9a14129800
RIP=0x00007fff8ca5c44c, EFLAGS=0x0000000000010246, ERR=0x0000000000000000
  TRAPNO=0x000000000000000d

Top of Stack: (sp=0x00007fff5ab4d518)
0x00007fff5ab4d518:   000000011c69e52b 00007fff5ab4d540
0x00007fff5ab4d528:   0000000182144450 0000000182144440
0x00007fff5ab4d538:   00007f9a14129800 00007fff5ab4d600
0x00007fff5ab4d548:   0000000182142215 0000000182144700
0x00007fff5ab4d558:   00000001821446e0 00000001821444b0
0x00007fff5ab4d568:   0000000000000000 00000001840b3ce8
0x00007fff5ab4d578:   00000001840b3ce8 00007f9a17457fc0
0x00007fff5ab4d588:   00000001821446a0 0000000182144710
0x00007fff5ab4d598:   00007fff77e39550 00007fff76bfcc80
0x00007fff5ab4d5a8:   0000000182144450 0000000182144690
0x00007fff5ab4d5b8:   00007f9a17457fc0 00007f9a173ade30
0x00007fff5ab4d5c8:   00007f9a13477dc0 00007f9a17457fc0
0x00007fff5ab4d5d8:   00007f9a173ade30 00007fff5ab4d680
0x00007fff5ab4d5e8:   00007f9a141299f8 00000001840b3ce8
0x00007fff5ab4d5f8:   00007fff5ab4d6a8 00007fff5ab4d670
0x00007fff5ab4d608:   0000000106ad6954 00007fff5ab4d670
0x00007fff5ab4d618:   0000000106ad66d9 0000000106ae2823
0x00007fff5ab4d628:   0000000106ad66a2 00007fff5ab4d630
0x00007fff5ab4d638:   00000001840b3ce8 00007fff5ab4d6a8
0x00007fff5ab4d648:   00000001840b6920 0000000000000000
0x00007fff5ab4d658:   00000001840b3ce8 0000000000000000
0x00007fff5ab4d668:   00007fff5ab4d690 00007fff5ab4d6f0
0x00007fff5ab4d678:   0000000106ac8c4d 0000000780d57d38
0x00007fff5ab4d688:   0000000106ad0578 00007f9a17457fc0
0x00007fff5ab4d698:   0000000106ad1db9 00007f9a173ade30
0x00007fff5ab4d6a8:   0000000106ad1d82 00007fff5ab4d6b0
0x00007fff5ab4d6b8:   00000001840b3eb2 00007fff5ab4d718
0x00007fff5ab4d6c8:   00000001840b6920 0000000000000000
0x00007fff5ab4d6d8:   00000001840b3ec0 00007fff5ab4d690
0x00007fff5ab4d6e8:   00007fff5ab4d700 00007fff5ab4d760
0x00007fff5ab4d6f8:   0000000106ac8c4d 00007f9a17457fc0
0x00007fff5ab4d708:   0000000780d59c58 00007f9a173ade30 

Instructions: (pc=0x00007fff8ca5c44c)
0x00007fff8ca5c42c:   5d c3 31 c0 48 85 ff 74 04 48 8b 47 08 c3 90 90
0x00007fff8ca5c43c:   90 90 90 90 48 85 ff 74 06 40 f6 c7 01 74 01 c3
0x00007fff8ca5c44c:   48 8b 07 f6 40 20 02 74 0a be 01 00 00 00 e9 51
0x00007fff8ca5c45c:   83 01 00 48 8d 05 7a a6 9f ea 48 8b 30 e9 52 7c 

Register to memory mapping:

RAX=0x0000000000000008 is an unknown value
RBX=0x0000000000000000 is an unknown value
RCX=0x0000000000000003 is an unknown value
RDX=0x00007f9a17457fc8 is an unknown value
RSP=0x00007fff5ab4d518 is pointing into the stack for thread: 0x00007f9a14129800
RBP=0x00007fff5ab4d540 is pointing into the stack for thread: 0x00007f9a14129800
RSI=0x000000011c714f00: OBJC_IVAR_$_PrinterView.fCurPeekGraphics+0x1aa8 in /Library/Java/JavaVirtualMachines/jdk1.8.0_60.jdk/Contents/Home/jre/lib/libawt_lwawt.dylib at 0x000000011c69a000
RDI=0x100007f9a1748726 is an unknown value
R8 =0x0000000000000001 is an unknown value
R9 =0x00007f9a17300000 is an unknown value
R10=0x00007f9a13dbb7d0 is an unknown value
R11=0x0000000182144840: OBJC_CLASS_$_MyCALayer+0 in /private/var/folders/kq/rmq3xm_n5gb1c7xnh6sk0dkr0000gn/T/jogamp_0000/file_cache/jln2354632291127687249/jln8684992424372889123/libnativewindow_macosx.jnilib at 0x000000018213d000
R12=0x0000000000000000 is an unknown value
R13={method} {0x00000001840b3ce8} 'UnsetJAWTRootSurfaceLayer0' '(JJ)V' in 'jogamp/nativewindow/jawt/macosx/MacOSXJAWTWindow'
R14=0x00007f9a173ade30 is an unknown value
R15=0x00007f9a14129800 is a thread


Stack: [0x00007fff5a352000,0x00007fff5ab52000],  sp=0x00007fff5ab4d518,  free space=8173k
Native frames: (J=compiled Java code, j=interpreted, Vv=VM code, C=native code)
C  [libobjc.A.dylib+0x944c]  objc_release+0xc
C  [libnativewindow_macosx.jnilib+0x5215]  Java_jogamp_nativewindow_jawt_macosx_MacOSXJAWTWindow_UnsetJAWTRootSurfaceLayer0+0x1a5
j  jogamp.nativewindow.jawt.macosx.MacOSXJAWTWindow.UnsetJAWTRootSurfaceLayer0(JJ)V+0
j  jogamp.nativewindow.jawt.macosx.MacOSXJAWTWindow.access$200(JJ)V+2
j  jogamp.nativewindow.jawt.macosx.MacOSXJAWTWindow$1.run()V+38
j  com.jogamp.common.util.RunnableTask.run()V+24
v  ~StubRoutines::call_stub
V  [libjvm.dylib+0x2eab0e]  JavaCalls::call_helper(JavaValue*, methodHandle*, JavaCallArguments*, Thread*)+0x6ae
V  [libjvm.dylib+0x321bb7]  jni_invoke_nonstatic(JNIEnv_*, JavaValue*, _jobject*, JNICallType, _jmethodID*, JNI_ArgumentPusher*, Thread*)+0x2ec
V  [libjvm.dylib+0x31438b]  jni_CallVoidMethod+0x16b
C  [libnativewindow_macosx.jnilib+0x5326]  Java_jogamp_nativewindow_jawt_macosx_MacOSXJAWTWindow_UnsetJAWTRootSurfaceLayer0+0x2b6
C  [Foundation+0x92dd0]  __NSThreadPerformPerform+0x125
C  [CoreFoundation+0x80a01]  __CFRUNLOOP_IS_CALLING_OUT_TO_A_SOURCE0_PERFORM_FUNCTION__+0x11
C  [CoreFoundation+0x72c5c]  __CFRunLoopDoSources0+0x1dc
C  [CoreFoundation+0x721bf]  __CFRunLoopRun+0x39f
C  [CoreFoundation+0x71bd8]  CFRunLoopRunSpecific+0x128
C  [HIToolbox+0x3256f]  RunCurrentEventLoopInMode+0xeb
C  [HIToolbox+0x321ee]  ReceiveNextEventCommon+0xb3
C  [HIToolbox+0x3212b]  _BlockUntilNextEventMatchingListInModeWithFilter+0x47
C  [AppKit+0x918ab]  _DPSNextEvent+0x3d2
C  [AppKit+0x90e58]  -[NSApplication nextEventMatchingMask:untilDate:inMode:dequeue:]+0x15a
C  [libosxapp.dylib+0x23aa]  -[NSApplicationAWT nextEventMatchingMask:untilDate:inMode:dequeue:]+0x7c
C  [AppKit+0x86af3]  -[NSApplication run]+0x252
C  [libosxapp.dylib+0x214d]  +[NSApplicationAWT runAWTLoopWithApp:]+0x9c
C  [libawt_lwawt.dylib+0x44517]  -[AWTStarter starter:]+0x389
C  [Foundation+0x92dd0]  __NSThreadPerformPerform+0x125
C  [CoreFoundation+0x80a01]  __CFRUNLOOP_IS_CALLING_OUT_TO_A_SOURCE0_PERFORM_FUNCTION__+0x11
C  [CoreFoundation+0x72b8d]  __CFRunLoopDoSources0+0x10d
C  [CoreFoundation+0x721bf]  __CFRunLoopRun+0x39f
C  [CoreFoundation+0x71bd8]  CFRunLoopRunSpecific+0x128
C  [java+0x6463]  CreateExecutionEnvironment+0x367
C  [java+0x21ac]  JLI_Launch+0x7a0
C  [java+0x84c0]  main+0x65
C  [java+0x1a04]  start+0x34
C  0x0000000000000007

Java frames: (J=compiled Java code, j=interpreted, Vv=VM code)
j  jogamp.nativewindow.jawt.macosx.MacOSXJAWTWindow.UnsetJAWTRootSurfaceLayer0(JJ)V+0
j  jogamp.nativewindow.jawt.macosx.MacOSXJAWTWindow.access$200(JJ)V+2
j  jogamp.nativewindow.jawt.macosx.MacOSXJAWTWindow$1.run()V+38
j  com.jogamp.common.util.RunnableTask.run()V+24
v  ~StubRoutines::call_stub

---------------  P R O C E S S  ---------------

Java Threads: ( => current thread )
  0x00007f9a1a018000 JavaThread "Thread-175" [_thread_blocked, id=22695, stack(0x00000001822be000,0x00000001823be000)]
  0x00007f9a13803000 JavaThread "AWT-EventQueue-1" [_thread_in_native, id=56595, stack(0x00000001827ca000,0x00000001828ca000)]
  0x00007f9a15003000 JavaThread "DestroyJavaVM" [_thread_blocked, id=4867, stack(0x000000010698a000,0x0000000106a8a000)]
  0x00007f9a1492b800 JavaThread "AWT-EventQueue-0" [_thread_blocked, id=54023, stack(0x0000000122e09000,0x0000000122f09000)]
  0x00007f9a13986000 JavaThread "Java2D Disposer" daemon [_thread_blocked, id=50967, stack(0x0000000121b85000,0x0000000121c85000)]
  0x00007f9a1419f000 JavaThread "Java2D Queue Flusher" daemon [_thread_blocked, id=49415, stack(0x000000012097a000,0x0000000120a7a000)]
  0x00007f9a138f8800 JavaThread "AWT-Shutdown" [_thread_blocked, id=28435, stack(0x000000011dfd9000,0x000000011e0d9000)]
=>0x00007f9a14129800 JavaThread "AWT-AppKit" daemon [_thread_in_native, id=1811, stack(0x00007fff5a352000,0x00007fff5ab52000)]
  0x00007f9a14012800 JavaThread "Service Thread" daemon [_thread_blocked, id=18179, stack(0x000000011c2e6000,0x000000011c3e6000)]
  0x00007f9a1402d000 JavaThread "C1 CompilerThread2" daemon [_thread_blocked, id=17667, stack(0x000000011c1e3000,0x000000011c2e3000)]
  0x00007f9a1402c800 JavaThread "C2 CompilerThread1" daemon [_thread_blocked, id=17155, stack(0x000000011c0e0000,0x000000011c1e0000)]
  0x00007f9a14012000 JavaThread "C2 CompilerThread0" daemon [_thread_blocked, id=16643, stack(0x000000011bfdd000,0x000000011c0dd000)]
  0x00007f9a13837000 JavaThread "Signal Dispatcher" daemon [_thread_blocked, id=13335, stack(0x000000011beda000,0x000000011bfda000)]
  0x00007f9a13812800 JavaThread "Finalizer" daemon [_thread_blocked, id=11523, stack(0x000000011a4b9000,0x000000011a5b9000)]
  0x00007f9a13812000 JavaThread "Reference Handler" daemon [_thread_blocked, id=11011, stack(0x000000011a3b6000,0x000000011a4b6000)]

Other Threads:
  0x00007f9a14026000 VMThread [stack: 0x000000011a2b3000,0x000000011a3b3000] [id=10499]
  0x00007f9a15001000 WatcherThread [stack: 0x000000011c3e9000,0x000000011c4e9000] [id=18691]

VM state:not at safepoint (normal execution)

VM Mutex/Monitor currently owned by a thread: None

Heap:
 PSYoungGen      total 161280K, used 141171K [0x00000007aab00000, 0x00000007b9580000, 0x00000007c0000000)
  eden space 142848K, 93% used [0x00000007aab00000,0x00000007b2de3f38,0x00000007b3680000)
  from space 18432K, 38% used [0x00000007b3680000,0x00000007b3d78d60,0x00000007b4880000)
  to   space 28160K, 0% used [0x00000007b7a00000,0x00000007b7a00000,0x00000007b9580000)
 ParOldGen       total 133120K, used 80009K [0x0000000780000000, 0x0000000788200000, 0x00000007aab00000)
  object space 133120K, 60% used [0x0000000780000000,0x0000000784e225c8,0x0000000788200000)
 Metaspace       used 19966K, capacity 20179K, committed 20480K, reserved 1067008K
  class space    used 1955K, capacity 2046K, committed 2048K, reserved 1048576K

Card table byte_map: [0x0000000115e81000,0x0000000116082000] byte_map_base: 0x0000000112281000

Marking Bits: (ParMarkBitMap*) 0x00000001062dee20
 Begin Bits: [0x00000001165e4000, 0x00000001175e4000)
 End Bits:   [0x00000001175e4000, 0x00000001185e4000)

Polling page: 0x00000001051d2000

CodeCache: size=245760Kb used=8900Kb max_used=8911Kb free=236859Kb
 bounds [0x0000000106ac1000, 0x0000000107391000, 0x0000000115ac1000]
 total_blobs=3280 nmethods=2392 adapters=801
 compilation: enabled

Compilation events (10 events):
Event: 132.816 Thread 0x00007f9a1402d000 2831       3       java.util.concurrent.atomic.AtomicBoolean::set (14 bytes)
Event: 132.817 Thread 0x00007f9a1402d000 nmethod 2831 0x0000000106e78fd0 code [0x0000000106e79140, 0x0000000106e792f0]
Event: 133.709 Thread 0x00007f9a1402d000 2832       3       java.util.concurrent.locks.ReentrantLock$NonfairSync::tryAcquire (6 bytes)
Event: 133.710 Thread 0x00007f9a1402d000 nmethod 2832 0x0000000106e78bd0 code [0x0000000106e78d40, 0x0000000106e78f48]
Event: 133.725 Thread 0x00007f9a1402d000 2833       3       sun.lwawt.LWComponentPeer::handleEvent (104 bytes)
Event: 133.727 Thread 0x00007f9a1402d000 nmethod 2833 0x0000000106e77550 code [0x0000000106e77760, 0x0000000106e78808]
Event: 133.727 Thread 0x00007f9a1402d000 2834   !   3       sun.lwawt.LWComponentPeer::sendEventToDelegate (87 bytes)
Event: 133.728 Thread 0x00007f9a1402d000 nmethod 2834 0x0000000106eaa7d0 code [0x0000000106eaaa00, 0x0000000106eabb88]
Event: 133.803 Thread 0x00007f9a1402c800 2835       4       java.util.concurrent.locks.ReentrantLock$Sync::tryRelease (45 bytes)
Event: 133.804 Thread 0x00007f9a1402c800 nmethod 2835 0x0000000106ea7ad0 code [0x0000000106ea7c20, 0x0000000106ea7cf8]

GC Heap History (10 events):
Event: 15.874 GC heap before
{Heap before GC invocations=11 (full 0):
 PSYoungGen      total 109056K, used 109024K [0x00000007aab00000, 0x00000007b3080000, 0x00000007c0000000)
  eden space 93696K, 100% used [0x00000007aab00000,0x00000007b0680000,0x00000007b0680000)
  from space 15360K, 99% used [0x00000007b1980000,0x00000007b28783b0,0x00000007b2880000)
  to   space 19456K, 0% used [0x00000007b0680000,0x00000007b0680000,0x00000007b1980000)
 ParOldGen       total 44032K, used 31291K [0x0000000780000000, 0x0000000782b00000, 0x00000007aab00000)
  object space 44032K, 71% used [0x0000000780000000,0x0000000781e8eed0,0x0000000782b00000)
 Metaspace       used 19348K, capacity 19539K, committed 19712K, reserved 1067008K
  class space    used 1902K, capacity 1982K, committed 2048K, reserved 1048576K
Event: 15.903 GC heap after
Heap after GC invocations=11 (full 0):
 PSYoungGen      total 113152K, used 7872K [0x00000007aab00000, 0x00000007b6280000, 0x00000007c0000000)
  eden space 93696K, 0% used [0x00000007aab00000,0x00000007aab00000,0x00000007b0680000)
  from space 19456K, 40% used [0x00000007b0680000,0x00000007b0e301e0,0x00000007b1980000)
  to   space 18944K, 0% used [0x00000007b5000000,0x00000007b5000000,0x00000007b6280000)
 ParOldGen       total 46592K, used 46512K [0x0000000780000000, 0x0000000782d80000, 0x00000007aab00000)
  object space 46592K, 99% used [0x0000000780000000,0x0000000782d6c290,0x0000000782d80000)
 Metaspace       used 19348K, capacity 19539K, committed 19712K, reserved 1067008K
  class space    used 1902K, capacity 1982K, committed 2048K, reserved 1048576K
}
Event: 15.903 GC heap before
{Heap before GC invocations=12 (full 1):
 PSYoungGen      total 113152K, used 7872K [0x00000007aab00000, 0x00000007b6280000, 0x00000007c0000000)
  eden space 93696K, 0% used [0x00000007aab00000,0x00000007aab00000,0x00000007b0680000)
  from space 19456K, 40% used [0x00000007b0680000,0x00000007b0e301e0,0x00000007b1980000)
  to   space 18944K, 0% used [0x00000007b5000000,0x00000007b5000000,0x00000007b6280000)
 ParOldGen       total 46592K, used 46512K [0x0000000780000000, 0x0000000782d80000, 0x00000007aab00000)
  object space 46592K, 99% used [0x0000000780000000,0x0000000782d6c290,0x0000000782d80000)
 Metaspace       used 19348K, capacity 19539K, committed 19712K, reserved 1067008K
  class space    used 1902K, capacity 1982K, committed 2048K, reserved 1048576K
Event: 15.989 GC heap after
Heap after GC invocations=12 (full 1):
 PSYoungGen      total 113152K, used 2596K [0x00000007aab00000, 0x00000007b6280000, 0x00000007c0000000)
  eden space 93696K, 0% used [0x00000007aab00000,0x00000007aab00000,0x00000007b0680000)
  from space 19456K, 13% used [0x00000007b0680000,0x00000007b09093c0,0x00000007b1980000)
  to   space 18944K, 0% used [0x00000007b5000000,0x00000007b5000000,0x00000007b6280000)
 ParOldGen       total 80384K, used 46293K [0x0000000780000000, 0x0000000784e80000, 0x00000007aab00000)
  object space 80384K, 57% used [0x0000000780000000,0x0000000782d357c8,0x0000000784e80000)
 Metaspace       used 19348K, capacity 19539K, committed 19712K, reserved 1067008K
  class space    used 1902K, capacity 1982K, committed 2048K, reserved 1048576K
}
Event: 19.229 GC heap before
{Heap before GC invocations=13 (full 1):
 PSYoungGen      total 113152K, used 96189K [0x00000007aab00000, 0x00000007b6280000, 0x00000007c0000000)
  eden space 93696K, 99% used [0x00000007aab00000,0x00000007b0666100,0x00000007b0680000)
  from space 19456K, 13% used [0x00000007b0680000,0x00000007b09093c0,0x00000007b1980000)
  to   space 18944K, 0% used [0x00000007b5000000,0x00000007b5000000,0x00000007b6280000)
 ParOldGen       total 80384K, used 46293K [0x0000000780000000, 0x0000000784e80000, 0x00000007aab00000)
  object space 80384K, 57% used [0x0000000780000000,0x0000000782d357c8,0x0000000784e80000)
 Metaspace       used 19469K, capacity 19667K, committed 19968K, reserved 1067008K
  class space    used 1902K, capacity 1982K, committed 2048K, reserved 1048576K
Event: 19.243 GC heap after
Heap after GC invocations=13 (full 1):
 PSYoungGen      total 140288K, used 10592K [0x00000007aab00000, 0x00000007b5a80000, 0x00000007c0000000)
  eden space 129536K, 0% used [0x00000007aab00000,0x00000007aab00000,0x00000007b2980000)
  from space 10752K, 98% used [0x00000007b5000000,0x00000007b5a582a0,0x00000007b5a80000)
  to   space 18432K, 0% used [0x00000007b3680000,0x00000007b3680000,0x00000007b4880000)
 ParOldGen       total 80384K, used 48862K [0x0000000780000000, 0x0000000784e80000, 0x00000007aab00000)
  object space 80384K, 60% used [0x0000000780000000,0x0000000782fb7868,0x0000000784e80000)
 Metaspace       used 19469K, capacity 19667K, committed 19968K, reserved 1067008K
  class space    used 1902K, capacity 1982K, committed 2048K, reserved 1048576K
}
Event: 21.606 GC heap before
{Heap before GC invocations=14 (full 1):
 PSYoungGen      total 140288K, used 140128K [0x00000007aab00000, 0x00000007b5a80000, 0x00000007c0000000)
  eden space 129536K, 100% used [0x00000007aab00000,0x00000007b2980000,0x00000007b2980000)
  from space 10752K, 98% used [0x00000007b5000000,0x00000007b5a582a0,0x00000007b5a80000)
  to   space 18432K, 0% used [0x00000007b3680000,0x00000007b3680000,0x00000007b4880000)
 ParOldGen       total 80384K, used 48862K [0x0000000780000000, 0x0000000784e80000, 0x00000007aab00000)
  object space 80384K, 60% used [0x0000000780000000,0x0000000782fb7868,0x0000000784e80000)
 Metaspace       used 19528K, capacity 19731K, committed 19968K, reserved 1067008K
  class space    used 1904K, capacity 1982K, committed 2048K, reserved 1048576K
Event: 21.657 GC heap after
Heap after GC invocations=14 (full 1):
 PSYoungGen      total 161280K, used 18422K [0x00000007aab00000, 0x00000007b9580000, 0x00000007c0000000)
  eden space 142848K, 0% used [0x00000007aab00000,0x00000007aab00000,0x00000007b3680000)
  from space 18432K, 99% used [0x00000007b3680000,0x00000007b487d920,0x00000007b4880000)
  to   space 28160K, 0% used [0x00000007b7a00000,0x00000007b7a00000,0x00000007b9580000)
 ParOldGen       total 80384K, used 68835K [0x0000000780000000, 0x0000000784e80000, 0x00000007aab00000)
  object space 80384K, 85% used [0x0000000780000000,0x0000000784338ff8,0x0000000784e80000)
 Metaspace       used 19528K, capacity 19731K, committed 19968K, reserved 1067008K
  class space    used 1904K, capacity 1982K, committed 2048K, reserved 1048576K
}
Event: 21.657 GC heap before
{Heap before GC invocations=15 (full 2):
 PSYoungGen      total 161280K, used 18422K [0x00000007aab00000, 0x00000007b9580000, 0x00000007c0000000)
  eden space 142848K, 0% used [0x00000007aab00000,0x00000007aab00000,0x00000007b3680000)
  from space 18432K, 99% used [0x00000007b3680000,0x00000007b487d920,0x00000007b4880000)
  to   space 28160K, 0% used [0x00000007b7a00000,0x00000007b7a00000,0x00000007b9580000)
 ParOldGen       total 80384K, used 68835K [0x0000000780000000, 0x0000000784e80000, 0x00000007aab00000)
  object space 80384K, 85% used [0x0000000780000000,0x0000000784338ff8,0x0000000784e80000)
 Metaspace       used 19528K, capacity 19731K, committed 19968K, reserved 1067008K
  class space    used 1904K, capacity 1982K, committed 2048K, reserved 1048576K
Event: 21.886 GC heap after
Heap after GC invocations=15 (full 2):
 PSYoungGen      total 161280K, used 7139K [0x00000007aab00000, 0x00000007b9580000, 0x00000007c0000000)
  eden space 142848K, 0% used [0x00000007aab00000,0x00000007aab00000,0x00000007b3680000)
  from space 18432K, 38% used [0x00000007b3680000,0x00000007b3d78d60,0x00000007b4880000)
  to   space 28160K, 0% used [0x00000007b7a00000,0x00000007b7a00000,0x00000007b9580000)
 ParOldGen       total 133120K, used 80009K [0x0000000780000000, 0x0000000788200000, 0x00000007aab00000)
  object space 133120K, 60% used [0x0000000780000000,0x0000000784e225c8,0x0000000788200000)
 Metaspace       used 19528K, capacity 19731K, committed 19968K, reserved 1067008K
  class space    used 1904K, capacity 1982K, committed 2048K, reserved 1048576K
}

Deoptimization events (10 events):
Event: 23.653 Thread 0x00007f9a13803000 Uncommon trap: reason=unstable_if action=reinterpret pc=0x0000000107025b60 method=java.util.regex.Pattern$Start.match(Ljava/util/regex/Matcher;ILjava/lang/CharSequence;)Z @ 10
Event: 23.653 Thread 0x00007f9a13803000 Uncommon trap: reason=class_check action=maybe_recompile pc=0x0000000106f06f8c method=java.util.regex.Pattern$Start.match(Ljava/util/regex/Matcher;ILjava/lang/CharSequence;)Z @ 44
Event: 23.653 Thread 0x00007f9a13803000 Uncommon trap: reason=class_check action=maybe_recompile pc=0x0000000106f06f8c method=java.util.regex.Pattern$Start.match(Ljava/util/regex/Matcher;ILjava/lang/CharSequence;)Z @ 44
Event: 23.653 Thread 0x00007f9a13803000 Uncommon trap: reason=class_check action=maybe_recompile pc=0x0000000106e858f0 method=java.util.regex.Pattern$Dollar.match(Ljava/util/regex/Matcher;ILjava/lang/CharSequence;)Z @ 205
Event: 23.653 Thread 0x00007f9a13803000 Uncommon trap: reason=class_check action=maybe_recompile pc=0x0000000106e858f0 method=java.util.regex.Pattern$Dollar.match(Ljava/util/regex/Matcher;ILjava/lang/CharSequence;)Z @ 205
Event: 23.653 Thread 0x00007f9a13803000 Uncommon trap: reason=class_check action=maybe_recompile pc=0x0000000106e858f0 method=java.util.regex.Pattern$Dollar.match(Ljava/util/regex/Matcher;ILjava/lang/CharSequence;)Z @ 205
Event: 125.201 Thread 0x00007f9a14129800 Uncommon trap: reason=unstable_if action=reinterpret pc=0x000000010715e418 method=java.io.ExpiringCache.entryFor(Ljava/lang/String;)Ljava/io/ExpiringCache$Entry; @ 39
Event: 125.203 Thread 0x00007f9a14129800 Uncommon trap: reason=unstable_if action=reinterpret pc=0x0000000106f32a48 method=java.util.HashMap.putVal(ILjava/lang/Object;Ljava/lang/Object;ZZ)Ljava/lang/Object; @ 81
Event: 133.737 Thread 0x00007f9a141ee800 Uncommon trap: reason=unstable_if action=reinterpret pc=0x0000000106f2f640 method=java.util.HashMap.putVal(ILjava/lang/Object;Ljava/lang/Object;ZZ)Ljava/lang/Object; @ 81
Event: 133.825 Thread 0x00007f9a13803000 Uncommon trap: reason=unstable_if action=reinterpret pc=0x00000001071b0ba4 method=java.security.AccessControlContext.optimize()Ljava/security/AccessControlContext; @ 233

Internal exceptions (10 events):
Event: 0.372 Thread 0x00007f9a15003000 Exception <a 'java/lang/NoSuchFieldError': method resolution failed> (0x00000007aad5ea20) thrown at [/Users/java_re/workspace/8-2-build-macosx-x86_64/jdk8u60/4407/hotspot/src/share/vm/prims/methodHandles.cpp, line 1146]
Event: 1.264 Thread 0x00007f9a15003000 Exception <a 'java/io/FileNotFoundException'> (0x00000007aaddaa18) thrown at [/Users/java_re/workspace/8-2-build-macosx-x86_64/jdk8u60/4407/hotspot/src/share/vm/prims/jni.cpp, line 709]
Event: 1.264 Thread 0x00007f9a15003000 Exception <a 'java/io/FileNotFoundException'> (0x00000007aaddb598) thrown at [/Users/java_re/workspace/8-2-build-macosx-x86_64/jdk8u60/4407/hotspot/src/share/vm/prims/jni.cpp, line 709]
Event: 1.493 Thread 0x00007f9a15003000 Exception <a 'java/io/FileNotFoundException'> (0x00000007aaec8ce0) thrown at [/Users/java_re/workspace/8-2-build-macosx-x86_64/jdk8u60/4407/hotspot/src/share/vm/prims/jni.cpp, line 709]
Event: 3.759 Thread 0x00007f9a13812800 Exception <a 'java/lang/NullPointerException'> (0x00000007aab8ead8) thrown at [/Users/java_re/workspace/8-2-build-macosx-x86_64/jdk8u60/4407/hotspot/src/share/vm/interpreter/linkResolver.cpp, line 1178]
Event: 3.876 Thread 0x00007f9a13b24000 Exception <a 'java/lang/UnsatisfiedLinkError': com.jogamp.common.util.JarUtil.fixNativeLibAttribs(Ljava/lang/String;)Z> (0x00000007ab04c030) thrown at [/Users/java_re/workspace/8-2-build-macosx-x86_64/jdk8u60/4407/hotspot/src/share/vm/prims/nativeLookup.c
Event: 4.810 Thread 0x00007f9a13803000 Exception <a 'java/io/FileNotFoundException'> (0x00000007ab4c4c78) thrown at [/Users/java_re/workspace/8-2-build-macosx-x86_64/jdk8u60/4407/hotspot/src/share/vm/prims/jni.cpp, line 709]
Event: 4.811 Thread 0x00007f9a13803000 Exception <a 'java/io/FileNotFoundException'> (0x00000007ab4ce218) thrown at [/Users/java_re/workspace/8-2-build-macosx-x86_64/jdk8u60/4407/hotspot/src/share/vm/prims/jni.cpp, line 709]
Event: 4.811 Thread 0x00007f9a13803000 Implicit null exception at 0x0000000106c70273 to 0x0000000106c705fd
Event: 23.654 Thread 0x00007f9a13803000 Exception <a 'java/lang/ClassCastException': java.lang.String cannot be cast to java.lang.Integer> (0x00000007b295fa58) thrown at [/Users/java_re/workspace/8-2-build-macosx-x86_64/jdk8u60/4407/hotspot/src/share/vm/interpreter/interpreterRuntime.cpp, line 

Events (10 events):
Event: 133.825 Thread 0x00007f9a13803000 DEOPT UNPACKING pc=0x0000000106ac6229 sp=0x00000001828c7880 mode 2
Event: 133.825 loading class java/awt/LightweightDispatcher$2
Event: 133.825 loading class java/awt/LightweightDispatcher$2 done
Event: 133.825 loading class java/awt/event/AWTEventListenerProxy
Event: 133.825 loading class java/awt/event/AWTEventListenerProxy done
Event: 133.825 loading class java/awt/Toolkit$ToolkitEventMulticaster
Event: 133.825 loading class java/awt/Toolkit$ToolkitEventMulticaster done
Event: 133.826 Thread 0x00007f9a141ee800 Thread exited: 0x00007f9a141ee800
Event: 133.826 loading class java/awt/Window$1DisposeAction
Event: 133.826 loading class java/awt/Window$1DisposeAction done


Dynamic libraries:
0x000000000646b000 	/System/Library/Frameworks/Cocoa.framework/Versions/A/Cocoa
0x000000000646b000 	/System/Library/Frameworks/Security.framework/Versions/A/Security
0x000000000646b000 	/System/Library/Frameworks/ApplicationServices.framework/Versions/A/ApplicationServices
0x000000000646b000 	/usr/lib/libz.1.dylib
0x000000000646b000 	/usr/lib/libSystem.B.dylib
0x000000000646b000 	/usr/lib/libobjc.A.dylib
0x000000000646b000 	/System/Library/Frameworks/CoreFoundation.framework/Versions/A/CoreFoundation
0x000000000646b000 	/System/Library/Frameworks/Foundation.framework/Versions/C/Foundation
0x000000000646b000 	/System/Library/Frameworks/AppKit.framework/Versions/C/AppKit
0x000000000646b000 	/System/Library/Frameworks/CoreData.framework/Versions/A/CoreData
0x000000000646b000 	/System/Library/PrivateFrameworks/RemoteViewServices.framework/Versions/A/RemoteViewServices
0x000000000646b000 	/System/Library/PrivateFrameworks/UIFoundation.framework/Versions/A/UIFoundation
0x000000000646b000 	/System/Library/Frameworks/IOSurface.framework/Versions/A/IOSurface
0x000000000646b000 	/System/Library/Frameworks/AudioToolbox.framework/Versions/A/AudioToolbox
0x000000000646b000 	/System/Library/Frameworks/AudioUnit.framework/Versions/A/AudioUnit
0x000000000646b000 	/System/Library/PrivateFrameworks/DataDetectorsCore.framework/Versions/A/DataDetectorsCore
0x000000000646b000 	/System/Library/PrivateFrameworks/DesktopServicesPriv.framework/Versions/A/DesktopServicesPriv
0x000000000646b000 	/System/Library/Frameworks/Carbon.framework/Versions/A/Frameworks/HIToolbox.framework/Versions/A/HIToolbox
0x000000000646b000 	/System/Library/Frameworks/QuartzCore.framework/Versions/A/QuartzCore
0x000000000646b000 	/System/Library/Frameworks/Carbon.framework/Versions/A/Frameworks/SpeechRecognition.framework/Versions/A/SpeechRecognition
0x000000000646b000 	/usr/lib/libauto.dylib
0x000000000646b000 	/usr/lib/libicucore.A.dylib
0x000000000646b000 	/usr/lib/libxml2.2.dylib
0x000000000646b000 	/System/Library/PrivateFrameworks/CoreUI.framework/Versions/A/CoreUI
0x000000000646b000 	/System/Library/Frameworks/CoreAudio.framework/Versions/A/CoreAudio
0x000000000646b000 	/System/Library/Frameworks/DiskArbitration.framework/Versions/A/DiskArbitration
0x000000000646b000 	/usr/lib/liblangid.dylib
0x000000000646b000 	/System/Library/PrivateFrameworks/MultitouchSupport.framework/Versions/A/MultitouchSupport
0x000000000646b000 	/System/Library/Frameworks/IOKit.framework/Versions/A/IOKit
0x000000000646b000 	/usr/lib/libDiagnosticMessagesClient.dylib
0x000000000646b000 	/System/Library/Frameworks/CoreServices.framework/Versions/A/CoreServices
0x000000000646b000 	/System/Library/PrivateFrameworks/PerformanceAnalysis.framework/Versions/A/PerformanceAnalysis
0x000000000646b000 	/System/Library/PrivateFrameworks/GenerationalStorage.framework/Versions/A/GenerationalStorage
0x000000000646b000 	/System/Library/Frameworks/OpenGL.framework/Versions/A/OpenGL
0x000000000646b000 	/System/Library/PrivateFrameworks/Sharing.framework/Versions/A/Sharing
0x000000000646b000 	/System/Library/Frameworks/CoreGraphics.framework/Versions/A/CoreGraphics
0x000000000646b000 	/System/Library/Frameworks/CoreText.framework/Versions/A/CoreText
0x000000000646b000 	/System/Library/Frameworks/ImageIO.framework/Versions/A/ImageIO
0x000000000646b000 	/usr/lib/libextension.dylib
0x000000000646b000 	/System/Library/PrivateFrameworks/Backup.framework/Versions/A/Backup
0x000000000646b000 	/usr/lib/libarchive.2.dylib
0x000000000646b000 	/System/Library/Frameworks/CFNetwork.framework/Versions/A/CFNetwork
0x000000000646b000 	/System/Library/Frameworks/SystemConfiguration.framework/Versions/A/SystemConfiguration
0x000000000646b000 	/usr/lib/libCRFSuite.dylib
0x000000000646b000 	/usr/lib/libc++.1.dylib
0x000000000646b000 	/usr/lib/libc++abi.dylib
0x000000000646b000 	/usr/lib/system/libcache.dylib
0x000000000646b000 	/usr/lib/system/libcommonCrypto.dylib
0x000000000646b000 	/usr/lib/system/libcompiler_rt.dylib
0x000000000646b000 	/usr/lib/system/libcopyfile.dylib
0x000000000646b000 	/usr/lib/system/libcorecrypto.dylib
0x000000000646b000 	/usr/lib/system/libdispatch.dylib
0x000000000646b000 	/usr/lib/system/libdyld.dylib
0x000000000646b000 	/usr/lib/system/libkeymgr.dylib
0x000000000646b000 	/usr/lib/system/liblaunch.dylib
0x000000000646b000 	/usr/lib/system/libmacho.dylib
0x000000000646b000 	/usr/lib/system/libquarantine.dylib
0x000000000646b000 	/usr/lib/system/libremovefile.dylib
0x000000000646b000 	/usr/lib/system/libsystem_asl.dylib
0x000000000646b000 	/usr/lib/system/libsystem_blocks.dylib
0x000000000646b000 	/usr/lib/system/libsystem_c.dylib
0x000000000646b000 	/usr/lib/system/libsystem_configuration.dylib
0x000000000646b000 	/usr/lib/system/libsystem_coreservices.dylib
0x000000000646b000 	/usr/lib/system/libsystem_coretls.dylib
0x000000000646b000 	/usr/lib/system/libsystem_dnssd.dylib
0x000000000646b000 	/usr/lib/system/libsystem_info.dylib
0x000000000646b000 	/usr/lib/system/libsystem_kernel.dylib
0x000000000646b000 	/usr/lib/system/libsystem_m.dylib
0x000000000646b000 	/usr/lib/system/libsystem_malloc.dylib
0x000000000646b000 	/usr/lib/system/libsystem_network.dylib
0x000000000646b000 	/usr/lib/system/libsystem_networkextension.dylib
0x000000000646b000 	/usr/lib/system/libsystem_notify.dylib
0x000000000646b000 	/usr/lib/system/libsystem_platform.dylib
0x000000000646b000 	/usr/lib/system/libsystem_pthread.dylib
0x000000000646b000 	/usr/lib/system/libsystem_sandbox.dylib
0x000000000646b000 	/usr/lib/system/libsystem_secinit.dylib
0x000000000646b000 	/usr/lib/system/libsystem_stats.dylib
0x000000000646b000 	/usr/lib/system/libsystem_trace.dylib
0x000000000646b000 	/usr/lib/system/libunc.dylib
0x000000000646b000 	/usr/lib/system/libunwind.dylib
0x000000000646b000 	/usr/lib/system/libxpc.dylib
0x000000000646b000 	/usr/lib/libbz2.1.0.dylib
0x000000000646b000 	/usr/lib/liblzma.5.dylib
0x000000000646b000 	/usr/lib/libbsm.0.dylib
0x000000000646b000 	/usr/lib/libsqlite3.dylib
0x000000000646b000 	/usr/lib/system/libkxld.dylib
0x000000000646b000 	/usr/lib/libxar.1.dylib
0x000000000646b000 	/usr/lib/libpam.2.dylib
0x000000000646b000 	/usr/lib/libOpenScriptingUtil.dylib
0x000000000646b000 	/System/Library/Frameworks/CoreServices.framework/Versions/A/Frameworks/FSEvents.framework/Versions/A/FSEvents
0x000000000646b000 	/System/Library/Frameworks/CoreServices.framework/Versions/A/Frameworks/CarbonCore.framework/Versions/A/CarbonCore
0x000000000646b000 	/System/Library/Frameworks/CoreServices.framework/Versions/A/Frameworks/Metadata.framework/Versions/A/Metadata
0x000000000646b000 	/System/Library/Frameworks/CoreServices.framework/Versions/A/Frameworks/OSServices.framework/Versions/A/OSServices
0x000000000646b000 	/System/Library/Frameworks/CoreServices.framework/Versions/A/Frameworks/SearchKit.framework/Versions/A/SearchKit
0x000000000646b000 	/System/Library/Frameworks/CoreServices.framework/Versions/A/Frameworks/AE.framework/Versions/A/AE
0x000000000646b000 	/System/Library/Frameworks/CoreServices.framework/Versions/A/Frameworks/LaunchServices.framework/Versions/A/LaunchServices
0x000000000646b000 	/System/Library/Frameworks/CoreServices.framework/Versions/A/Frameworks/DictionaryServices.framework/Versions/A/DictionaryServices
0x000000000646b000 	/System/Library/Frameworks/NetFS.framework/Versions/A/NetFS
0x000000000646b000 	/System/Library/PrivateFrameworks/NetAuth.framework/Versions/A/NetAuth
0x000000000646b000 	/System/Library/PrivateFrameworks/login.framework/Versions/A/Frameworks/loginsupport.framework/Versions/A/loginsupport
0x000000000646b000 	/System/Library/PrivateFrameworks/TCC.framework/Versions/A/TCC
0x000000000646b000 	/usr/lib/libmecabra.dylib
0x000000000646b000 	/System/Library/Frameworks/ApplicationServices.framework/Versions/A/Frameworks/ATS.framework/Versions/A/ATS
0x000000000646b000 	/System/Library/Frameworks/ApplicationServices.framework/Versions/A/Frameworks/ColorSync.framework/Versions/A/ColorSync
0x000000000646b000 	/System/Library/Frameworks/ApplicationServices.framework/Versions/A/Frameworks/HIServices.framework/Versions/A/HIServices
0x000000000646b000 	/System/Library/Frameworks/ApplicationServices.framework/Versions/A/Frameworks/LangAnalysis.framework/Versions/A/LangAnalysis
0x000000000646b000 	/System/Library/Frameworks/ApplicationServices.framework/Versions/A/Frameworks/PrintCore.framework/Versions/A/PrintCore
0x000000000646b000 	/System/Library/Frameworks/ApplicationServices.framework/Versions/A/Frameworks/QD.framework/Versions/A/QD
0x000000000646b000 	/System/Library/Frameworks/ApplicationServices.framework/Versions/A/Frameworks/SpeechSynthesis.framework/Versions/A/SpeechSynthesis
0x000000000646b000 	/System/Library/Frameworks/Accelerate.framework/Versions/A/Accelerate
0x000000000646b000 	/System/Library/Frameworks/Accelerate.framework/Versions/A/Frameworks/vImage.framework/Versions/A/vImage
0x000000000646b000 	/System/Library/Frameworks/Accelerate.framework/Versions/A/Frameworks/vecLib.framework/Versions/A/vecLib
0x000000000646b000 	/System/Library/Frameworks/Accelerate.framework/Versions/A/Frameworks/vecLib.framework/Versions/A/libvDSP.dylib
0x000000000646b000 	/System/Library/Frameworks/Accelerate.framework/Versions/A/Frameworks/vecLib.framework/Versions/A/libvMisc.dylib
0x000000000646b000 	/System/Library/Frameworks/Accelerate.framework/Versions/A/Frameworks/vecLib.framework/Versions/A/libLAPACK.dylib
0x000000000646b000 	/System/Library/Frameworks/Accelerate.framework/Versions/A/Frameworks/vecLib.framework/Versions/A/libBLAS.dylib
0x000000000646b000 	/System/Library/Frameworks/Accelerate.framework/Versions/A/Frameworks/vecLib.framework/Versions/A/libLinearAlgebra.dylib
0x000000000646b000 	/System/Library/Frameworks/ApplicationServices.framework/Versions/A/Frameworks/ATS.framework/Versions/A/Resources/libFontParser.dylib
0x000000000646b000 	/System/Library/Frameworks/ApplicationServices.framework/Versions/A/Frameworks/ATS.framework/Versions/A/Resources/libFontRegistry.dylib
0x000000000646b000 	/System/Library/PrivateFrameworks/AppleVPA.framework/Versions/A/AppleVPA
0x000000000646b000 	/System/Library/PrivateFrameworks/AppleJPEG.framework/Versions/A/AppleJPEG
0x000000000646b000 	/System/Library/Frameworks/ImageIO.framework/Versions/A/Resources/libJPEG.dylib
0x000000000646b000 	/System/Library/Frameworks/ImageIO.framework/Versions/A/Resources/libTIFF.dylib
0x000000000646b000 	/System/Library/Frameworks/ImageIO.framework/Versions/A/Resources/libPng.dylib
0x000000000646b000 	/System/Library/Frameworks/ImageIO.framework/Versions/A/Resources/libGIF.dylib
0x000000000646b000 	/System/Library/Frameworks/ImageIO.framework/Versions/A/Resources/libJP2.dylib
0x000000000646b000 	/System/Library/Frameworks/ImageIO.framework/Versions/A/Resources/libRadiance.dylib
0x000000000646b000 	/System/Library/Frameworks/CoreVideo.framework/Versions/A/CoreVideo
0x000000000646b000 	/System/Library/Frameworks/OpenGL.framework/Versions/A/Libraries/libGLU.dylib
0x000000000646b000 	/System/Library/Frameworks/OpenGL.framework/Versions/A/Libraries/libGFXShared.dylib
0x000000000646b000 	/System/Library/Frameworks/OpenGL.framework/Versions/A/Libraries/libGL.dylib
0x000000000646b000 	/System/Library/Frameworks/OpenGL.framework/Versions/A/Libraries/libGLImage.dylib
0x000000000646b000 	/System/Library/Frameworks/OpenGL.framework/Versions/A/Libraries/libCVMSPluginSupport.dylib
0x000000000646b000 	/System/Library/Frameworks/OpenGL.framework/Versions/A/Libraries/libCoreVMClient.dylib
0x000000000646b000 	/usr/lib/libcups.2.dylib
0x000000000646b000 	/System/Library/Frameworks/Kerberos.framework/Versions/A/Kerberos
0x000000000646b000 	/System/Library/Frameworks/GSS.framework/Versions/A/GSS
0x000000000646b000 	/usr/lib/libresolv.9.dylib
0x000000000646b000 	/usr/lib/libiconv.2.dylib
0x000000000646b000 	/System/Library/PrivateFrameworks/Heimdal.framework/Versions/A/Heimdal
0x000000000646b000 	/usr/lib/libheimdal-asn1.dylib
0x000000000646b000 	/System/Library/Frameworks/OpenDirectory.framework/Versions/A/OpenDirectory
0x000000000646b000 	/System/Library/PrivateFrameworks/CommonAuth.framework/Versions/A/CommonAuth
0x000000000646b000 	/System/Library/Frameworks/OpenDirectory.framework/Versions/A/Frameworks/CFOpenDirectory.framework/Versions/A/CFOpenDirectory
0x000000000646b000 	/System/Library/Frameworks/SecurityFoundation.framework/Versions/A/SecurityFoundation
0x000000000646b000 	/System/Library/PrivateFrameworks/LanguageModeling.framework/Versions/A/LanguageModeling
0x000000000646b000 	/usr/lib/libcmph.dylib
0x000000000646b000 	/System/Library/Frameworks/ServiceManagement.framework/Versions/A/ServiceManagement
0x000000000646b000 	/usr/lib/libxslt.1.dylib
0x000000000646b000 	/System/Library/Frameworks/Carbon.framework/Versions/A/Frameworks/Ink.framework/Versions/A/Ink
0x000000000646b000 	/System/Library/Frameworks/QuartzCore.framework/Versions/A/Frameworks/CoreImage.framework/Versions/A/CoreImage
0x000000000646b000 	/System/Library/PrivateFrameworks/CrashReporterSupport.framework/Versions/A/CrashReporterSupport
0x000000000646b000 	/System/Library/Frameworks/OpenCL.framework/Versions/A/OpenCL
0x000000000646b000 	/System/Library/PrivateFrameworks/FaceCore.framework/Versions/A/FaceCore
0x000000000646b000 	/System/Library/PrivateFrameworks/Ubiquity.framework/Versions/A/Ubiquity
0x000000000646b000 	/System/Library/PrivateFrameworks/IconServices.framework/Versions/A/IconServices
0x000000000646b000 	/System/Library/PrivateFrameworks/ChunkingLibrary.framework/Versions/A/ChunkingLibrary
0x000000000646b000 	/System/Library/PrivateFrameworks/Apple80211.framework/Versions/A/Apple80211
0x000000000646b000 	/System/Library/Frameworks/CoreWLAN.framework/Versions/A/CoreWLAN
0x000000000646b000 	/System/Library/Frameworks/IOBluetooth.framework/Versions/A/IOBluetooth
0x000000000646b000 	/System/Library/PrivateFrameworks/CoreWiFi.framework/Versions/A/CoreWiFi
0x000000000646b000 	/System/Library/Frameworks/CoreBluetooth.framework/Versions/A/CoreBluetooth
0x000000000646b000 	/System/Library/PrivateFrameworks/DebugSymbols.framework/Versions/A/DebugSymbols
0x000000000646b000 	/System/Library/PrivateFrameworks/CoreSymbolication.framework/Versions/A/CoreSymbolication
0x000000000646b000 	/System/Library/PrivateFrameworks/Symbolication.framework/Versions/A/Symbolication
0x000000000646b000 	/System/Library/PrivateFrameworks/SpeechRecognitionCore.framework/Versions/A/SpeechRecognitionCore
0x0000000105a00000 	/Library/Java/JavaVirtualMachines/jdk1.8.0_60.jdk/Contents/Home/jre/lib/server/libjvm.dylib
0x000000000646b000 	/usr/lib/libstdc++.6.dylib
0x00000001051c4000 	/Library/Java/JavaVirtualMachines/jdk1.8.0_60.jdk/Contents/Home/jre/lib/libverify.dylib
0x0000000106a8c000 	/Library/Java/JavaVirtualMachines/jdk1.8.0_60.jdk/Contents/Home/jre/lib/libjava.dylib
0x00000001051dc000 	/Library/Java/JavaVirtualMachines/jdk1.8.0_60.jdk/Contents/Home/jre/lib/libzip.dylib
0x000000011a5bb000 	/System/Library/Frameworks/JavaVM.framework/Frameworks/JavaRuntimeSupport.framework/JavaRuntimeSupport
0x000000011a5d3000 	/System/Library/Frameworks/JavaVM.framework/Versions/A/Frameworks/JavaNativeFoundation.framework/Versions/A/JavaNativeFoundation
0x000000011a5e8000 	/System/Library/Frameworks/JavaVM.framework/Versions/A/JavaVM
0x000000000646b000 	/System/Library/Frameworks/Carbon.framework/Versions/A/Carbon
0x000000011a5f5000 	/System/Library/PrivateFrameworks/JavaLaunching.framework/Versions/A/JavaLaunching
0x000000000646b000 	/System/Library/Frameworks/Carbon.framework/Versions/A/Frameworks/CommonPanels.framework/Versions/A/CommonPanels
0x000000000646b000 	/System/Library/Frameworks/Carbon.framework/Versions/A/Frameworks/Help.framework/Versions/A/Help
0x000000000646b000 	/System/Library/Frameworks/Carbon.framework/Versions/A/Frameworks/ImageCapture.framework/Versions/A/ImageCapture
0x000000000646b000 	/System/Library/Frameworks/Carbon.framework/Versions/A/Frameworks/OpenScripting.framework/Versions/A/OpenScripting
0x000000000646b000 	/System/Library/Frameworks/Carbon.framework/Versions/A/Frameworks/Print.framework/Versions/A/Print
0x000000000646b000 	/System/Library/Frameworks/Carbon.framework/Versions/A/Frameworks/SecurityHI.framework/Versions/A/SecurityHI
0x000000011c526000 	/Library/Java/JavaVirtualMachines/jdk1.8.0_60.jdk/Contents/Home/jre/lib/libawt.dylib
0x000000011c5ce000 	/Library/Java/JavaVirtualMachines/jdk1.8.0_60.jdk/Contents/Home/jre/lib/./libmlib_image.dylib
0x000000011c69a000 	/Library/Java/JavaVirtualMachines/jdk1.8.0_60.jdk/Contents/Home/jre/lib/libawt_lwawt.dylib
0x000000011c74f000 	/Library/Java/JavaVirtualMachines/jdk1.8.0_60.jdk/Contents/Home/jre/lib/./libosxapp.dylib
0x000000000646b000 	/System/Library/Frameworks/ExceptionHandling.framework/Versions/A/ExceptionHandling
0x000000000646b000 	/System/Library/PrivateFrameworks/CoreServicesInternal.framework/Versions/A/CoreServicesInternal
0x000000000646b000 	/System/Library/PrivateFrameworks/CloudDocs.framework/Versions/A/CloudDocs
0x000000000646b000 	/System/Library/PrivateFrameworks/CoreDuet.framework/Versions/A/CoreDuet
0x000000000646b000 	/System/Library/Frameworks/CloudKit.framework/Versions/A/CloudKit
0x000000000646b000 	/System/Library/PrivateFrameworks/ProtocolBuffer.framework/Versions/A/ProtocolBuffer
0x000000000646b000 	/System/Library/PrivateFrameworks/CoreDuetDaemonProtocol.framework/Versions/A/CoreDuetDaemonProtocol
0x000000000646b000 	/System/Library/PrivateFrameworks/CoreDuetDebugLogging.framework/Versions/A/CoreDuetDebugLogging
0x000000000646b000 	/System/Library/PrivateFrameworks/MMCS.framework/Versions/A/MMCS
0x000000000646b000 	/System/Library/Frameworks/CoreLocation.framework/Versions/A/CoreLocation
0x000000000646b000 	/System/Library/PrivateFrameworks/ProtectedCloudStorage.framework/Versions/A/ProtectedCloudStorage
0x000000000646b000 	/System/Library/PrivateFrameworks/GeoServices.framework/Versions/A/GeoServices
0x000000011dfc9000 	/System/Library/Frameworks/CoreGraphics.framework/Versions/A/Resources/libCGCMS.A.dylib
0x000000011eaac000 	/System/Library/Frameworks/CoreGraphics.framework/Versions/A/Resources/libRIP.A.dylib
0x000000011ed21000 	/System/Library/Frameworks/CoreGraphics.framework/Versions/A/Resources/libCGXType.A.dylib
0x000000000646b000 	/System/Library/Frameworks/OpenCL.framework/Versions/A/Libraries/libcldcpuengine.dylib
0x000000000646b000 	/System/Library/PrivateFrameworks/DiskImages.framework/Versions/A/DiskImages
0x000000000646b000 	/System/Library/Frameworks/DiscRecording.framework/Versions/A/DiscRecording
0x000000000646b000 	/usr/lib/libcsfde.dylib
0x000000000646b000 	/usr/lib/libcurl.4.dylib
0x000000000646b000 	/System/Library/PrivateFrameworks/MediaKit.framework/Versions/A/MediaKit
0x000000000646b000 	/usr/lib/libCoreStorage.dylib
0x000000000646b000 	/System/Library/PrivateFrameworks/EFILogin.framework/Versions/A/EFILogin
0x000000000646b000 	/usr/lib/libutil.dylib
0x000000000646b000 	/System/Library/PrivateFrameworks/FindMyDevice.framework/Versions/A/FindMyDevice
0x000000000646b000 	/System/Library/Frameworks/LDAP.framework/Versions/A/LDAP
0x000000000646b000 	/usr/lib/libsasl2.2.dylib
0x000000000646b000 	/System/Library/PrivateFrameworks/CoreDaemon.framework/Versions/B/CoreDaemon
0x000000000646b000 	/usr/lib/libcrypto.0.9.8.dylib
0x000000000646b000 	/System/Library/PrivateFrameworks/AppleSRP.framework/Versions/A/AppleSRP
0x000000000646b000 	/System/Library/PrivateFrameworks/TrustEvaluationAgent.framework/Versions/A/TrustEvaluationAgent
0x000000011f791000 	cl_kernels
0x000000011f793000 	/System/Library/Frameworks/OpenCL.framework/Versions/A/Libraries/ImageFormats/unorm8_bgra.dylib
0x000000011f782000 	cl_kernels
0x000000000646b000 	/System/Library/PrivateFrameworks/FamilyControls.framework/Versions/A/FamilyControls
0x000000000646b000 	/System/Library/PrivateFrameworks/CommerceKit.framework/Versions/A/Frameworks/CommerceCore.framework/Versions/A/CommerceCore
0x000000000646b000 	/System/Library/PrivateFrameworks/SystemAdministration.framework/Versions/A/SystemAdministration
0x000000000646b000 	/System/Library/PrivateFrameworks/AppContainer.framework/Versions/A/AppContainer
0x000000000646b000 	/System/Library/PrivateFrameworks/SecCodeWrapper.framework/Versions/A/SecCodeWrapper
0x000000000646b000 	/System/Library/Frameworks/DirectoryService.framework/Versions/A/DirectoryService
0x000000000646b000 	/System/Library/PrivateFrameworks/LoginUIKit.framework/Versions/A/Frameworks/LoginUICore.framework/Versions/A/LoginUICore
0x000000000646b000 	/usr/lib/libodfde.dylib
0x0000000120a7c000 	/System/Library/Frameworks/OpenGL.framework/Resources/GLEngine.bundle/GLEngine
0x000000000646b000 	/System/Library/Frameworks/OpenGL.framework/Versions/A/Libraries/libGLProgrammability.dylib
0x0000000120c67000 	/System/Library/Extensions/AppleIntelHD4000GraphicsGLDriver.bundle/Contents/MacOS/AppleIntelHD4000GraphicsGLDriver
0x000000000646b000 	/System/Library/PrivateFrameworks/IOAccelerator.framework/Versions/A/IOAccelerator
0x000000000646b000 	/System/Library/PrivateFrameworks/GPUSupport.framework/Versions/A/Libraries/libGPUSupportMercury.dylib
0x00000001212c6000 	/System/Library/Frameworks/OpenGL.framework/Resources//GLRendererFloat.bundle/GLRendererFloat
0x0000000121c87000 	/Library/Java/JavaVirtualMachines/jdk1.8.0_60.jdk/Contents/Home/jre/lib/libfontmanager.dylib
0x0000000122f2c000 	/Library/Java/JavaVirtualMachines/jdk1.8.0_60.jdk/Contents/Home/jre/lib/libosxui.dylib
0x0000000122fef000 	/Library/Java/JavaVirtualMachines/jdk1.8.0_60.jdk/Contents/Home/jre/lib/libnet.dylib
0x0000000123231000 	/Library/Java/JavaVirtualMachines/jdk1.8.0_60.jdk/Contents/Home/jre/lib/libnio.dylib
0x000000000646b000 	/System/Library/Frameworks/ApplicationServices.framework/Versions/A/Frameworks/ATS.framework/Versions/A/Resources/libTrueTypeScaler.dylib
0x0000000182133000 	/private/var/folders/kq/rmq3xm_n5gb1c7xnh6sk0dkr0000gn/T/jogamp_0000/file_cache/jln2354632291127687249/jln8684992424372889123/libgluegen-rt.jnilib
0x0000000182137000 	/private/var/folders/kq/rmq3xm_n5gb1c7xnh6sk0dkr0000gn/T/jogamp_0000/file_cache/jln2354632291127687249/jln8684992424372889123/libnativewindow_awt.jnilib
0x000000018213a000 	/Library/Java/JavaVirtualMachines/jdk1.8.0_60.jdk/Contents/Home/jre/lib/libjawt.dylib
0x000000018213d000 	/private/var/folders/kq/rmq3xm_n5gb1c7xnh6sk0dkr0000gn/T/jogamp_0000/file_cache/jln2354632291127687249/jln8684992424372889123/libnativewindow_macosx.jnilib
0x00000001841fb000 	/private/var/folders/kq/rmq3xm_n5gb1c7xnh6sk0dkr0000gn/T/jogamp_0000/file_cache/jln2354632291127687249/jln8684992424372889123/libjogl_desktop.jnilib
0x000000018d5e6000 	/Library/Java/JavaVirtualMachines/jdk1.8.0_60.jdk/Contents/Home/jre/lib/libt2k.dylib

VM Arguments:
jvm_args: -Djava.security.policy=java.policy.applet -Dfile.encoding=UTF-8 
java_command: sun.applet.AppletViewer module6.AirportMap1444075764612.html
java_class_path (initial): /Users/kishwarkumar/Documents/workspace/UCSDUnfoldingMaps/build:/Users/kishwarkumar/Documents/workspace/UCSDUnfoldingMaps/lib/core.jar:/Users/kishwarkumar/Documents/workspace/UCSDUnfoldingMaps/lib/gluegen-rt.jar:/Users/kishwarkumar/Documents/workspace/UCSDUnfoldingMaps/lib/jogl-all.jar:/Users/kishwarkumar/Documents/workspace/UCSDUnfoldingMaps/lib/log4j-1.2.15.jar:/Users/kishwarkumar/Documents/workspace/UCSDUnfoldingMaps/lib/sqlite-jdbc-3.7.2.jar:/Users/kishwarkumar/Documents/workspace/UCSDUnfoldingMaps/lib/json4processing.jar:/Users/kishwarkumar/Documents/workspace/UCSDUnfoldingMaps/lib/libTUIO.jar:/Users/kishwarkumar/Documents/workspace/UCSDUnfoldingMaps/lib/unfolding.0.9.7-uscd.jar
Launcher Type: SUN_STANDARD

Environment Variables:
PATH=/usr/bin:/bin:/usr/sbin:/sbin
SHELL=/bin/bash
DISPLAY=/private/tmp/com.apple.launchd.aIaLzYblor/org.macosforge.xquartz:0

Signal Handlers:
SIGSEGV: [libjvm.dylib+0x5a6d31], sa_mask[0]=11111111011111110111111111111111, sa_flags=SA_ONSTACK|SA_RESTART|SA_SIGINFO
SIGBUS: [libjvm.dylib+0x5a6d31], sa_mask[0]=11111111011111110111111111111111, sa_flags=SA_RESTART|SA_SIGINFO
SIGFPE: [libjvm.dylib+0x480a4c], sa_mask[0]=11111111011111110111111111111111, sa_flags=SA_RESTART|SA_SIGINFO
SIGPIPE: [libjvm.dylib+0x480a4c], sa_mask[0]=11111111011111110111111111111111, sa_flags=SA_RESTART|SA_SIGINFO
SIGXFSZ: [libjvm.dylib+0x480a4c], sa_mask[0]=11111111011111110111111111111111, sa_flags=SA_RESTART|SA_SIGINFO
SIGILL: [libjvm.dylib+0x480a4c], sa_mask[0]=11111111011111110111111111111111, sa_flags=SA_RESTART|SA_SIGINFO
SIGUSR1: SIG_DFL, sa_mask[0]=00000000000000000000000000000000, sa_flags=none
SIGUSR2: [libjvm.dylib+0x48056a], sa_mask[0]=00100000000000000000000000000000, sa_flags=SA_RESTART|SA_SIGINFO
SIGHUP: [libjvm.dylib+0x47eb41], sa_mask[0]=11111111011111110111111111111111, sa_flags=SA_RESTART|SA_SIGINFO
SIGINT: [libjvm.dylib+0x47eb41], sa_mask[0]=11111111011111110111111111111111, sa_flags=SA_RESTART|SA_SIGINFO
SIGTERM: [libjvm.dylib+0x47eb41], sa_mask[0]=11111111011111110111111111111111, sa_flags=SA_RESTART|SA_SIGINFO
SIGQUIT: [libjvm.dylib+0x47eb41], sa_mask[0]=11111111011111110111111111111111, sa_flags=SA_RESTART|SA_SIGINFO


---------------  S Y S T E M  ---------------

OS:Bsduname:Darwin 14.5.0 Darwin Kernel Version 14.5.0: Wed Jul 29 02:26:53 PDT 2015; root:xnu-2782.40.9~1/RELEASE_X86_64 x86_64
rlimit: STACK 8192k, CORE 0k, NPROC 709, NOFILE 10240, AS infinity
load average:1.50 1.60 1.58

CPU:total 4 (2 cores per cpu, 2 threads per core) family 6 model 58 stepping 9, cmov, cx8, fxsr, mmx, sse, sse2, sse3, ssse3, sse4.1, sse4.2, popcnt, avx, aes, clmul, erms, ht, tsc, tscinvbit, tscinv

Memory: 4k page, physical 4194304k(90680k free)

/proc/meminfo:


vm_info: Java HotSpot(TM) 64-Bit Server VM (25.60-b23) for bsd-amd64 JRE (1.8.0_60-b27), built on Aug  4 2015 10:47:24 by "java_re" with gcc 4.2.1 (Based on Apple Inc. build 5658) (LLVM build 2336.11.00)

time: Mon Oct  5 22:11:38 2015
elapsed time: 133 seconds (0d 0h 2m 13s)

