#
# A fatal error has been detected by the Java Runtime Environment:
#
#  SIGSEGV (0xb) at pc=0x00007fff8ca540dd, pid=1505, tid=1811
#
# JRE version: Java(TM) SE Runtime Environment (8.0_60-b27) (build 1.8.0_60-b27)
# Java VM: Java HotSpot(TM) 64-Bit Server VM (25.60-b23 mixed mode bsd-amd64 compressed oops)
# Problematic frame:
# C  [libobjc.A.dylib+0x10dd]  objc_msgSend+0x1d
#
# Failed to write core dump. Core dumps have been disabled. To enable core dumping, try "ulimit -c unlimited" before starting Java again
#
# If you would like to submit a bug report, please visit:
#   http://bugreport.java.com/bugreport/crash.jsp
# The crash happened outside the Java Virtual Machine in native code.
# See problematic frame for where to report the bug.
#

---------------  T H R E A D  ---------------

Current thread (0x00007fcab30ef000):  JavaThread "AWT-AppKit" daemon [_thread_in_native, id=1811, stack(0x00007fff57619000,0x00007fff57e19000)]

siginfo: si_signo: 11 (SIGSEGV), si_code: 1 (SEGV_MAPERR), si_addr: 0x0000000000000018

Registers:
RAX=0x00007fcab6e96850, RBX=0x0000000184e74450, RCX=0x0000000124b2d520, RDX=0x0000000124b2d340
RSP=0x00007fff57e14448, RBP=0x00007fff57e14500, RSI=0x00007fff8d18540f, RDI=0x00007fcab6e935f0
R8 =0x0000000000000000, R9 =0x0000000000000f50, R10=0x00007fff8d18540f, R11=0x0000000000000000
R12=0x0000000000000000, R13=0x0000000186cba4f0, R14=0x0000000184e74440, R15=0x00007fcab30ef000
RIP=0x00007fff8ca540dd, EFLAGS=0x0000000000010246, ERR=0x0000000000000004
  TRAPNO=0x000000000000000e

Top of Stack: (sp=0x00007fff57e14448)
0x00007fff57e14448:   0000000184e72157 00007fff57e144a0
0x00007fff57e14458:   0000000000000003 00007fff57e14480
0x00007fff57e14468:   00000001080d7992 0000000186cba4f0
0x00007fff57e14478:   0000000186cba4f0 00007fcab6e96850
0x00007fff57e14488:   0000000184e746a0 0000000184e74710
0x00007fff57e14498:   00007fff77e39550 00007fff76bfcc80
0x00007fff57e144a8:   0000000184e74450 0000000184e74690
0x00007fff57e144b8:   00007fcab6e96850 00007fcab6e935f0
0x00007fff57e144c8:   00007fcab265bda0 00007fcab6e96850
0x00007fff57e144d8:   00007fcab6e935f0 00007fff57e14588
0x00007fff57e144e8:   00007fcab30ef1f8 0000000186cba4f0
0x00007fff57e144f8:   00007fff57e145b0 00007fff57e14578
0x00007fff57e14508:   0000000109815954 0000000186cba4f0
0x00007fff57e14518:   00007fff57e145b0 00007fff57e14578
0x00007fff57e14528:   00000001098156e7 00000001098156a2
0x00007fff57e14538:   00007fff57e14538 0000000186cba4f0
0x00007fff57e14548:   00007fff57e145b0 0000000186cbd128
0x00007fff57e14558:   0000000000000000 0000000186cba4f0
0x00007fff57e14568:   0000000000000000 00007fff57e14598
0x00007fff57e14578:   00007fff57e145f8 0000000109807c4d
0x00007fff57e14588:   0000000780d71cb0 000000010980f578
0x00007fff57e14598:   00007fcab6e96850 00007fff57e145f8
0x00007fff57e145a8:   00007fcab6e935f0 0000000109810d82
0x00007fff57e145b8:   00007fff57e145b8 0000000186cba6ba
0x00007fff57e145c8:   00007fff57e14620 0000000186cbd128
0x00007fff57e145d8:   0000000000000000 0000000186cba6c8
0x00007fff57e145e8:   00007fff57e14598 00007fff57e14608
0x00007fff57e145f8:   00007fff57e14668 0000000109807c4d
0x00007fff57e14608:   00007fcab6e96850 0000000780d06ad0
0x00007fff57e14618:   00007fcab6e935f0 0000000780d06ad0
0x00007fff57e14628:   00007fff57e14628 000000018de4acb6
0x00007fff57e14638:   00007fff57e14678 000000018de4ad70 

Instructions: (pc=0x00007fff8ca540dd)
0x00007fff8ca540bd:   00 00 00 48 85 ff 2e 74 7a 40 f6 c7 01 2e 75 7e
0x00007fff8ca540cd:   49 bb f8 ff ff ff ff 7f 00 00 4c 23 1f 49 89 f2
0x00007fff8ca540dd:   45 23 53 18 49 c1 e2 04 4d 03 53 10 49 3b 32 75
0x00007fff8ca540ed:   04 41 ff 62 08 49 83 3a 00 74 6a 4d 3b 53 10 74 

Register to memory mapping:

RAX=0x00007fcab6e96850 is an unknown value
RBX=0x0000000184e74450: Java_jogamp_nativewindow_macosx_OSXUtil_GetScreenRefreshRate0+0x1cf0 in /private/var/folders/kq/rmq3xm_n5gb1c7xnh6sk0dkr0000gn/T/jogamp_0000/file_cache/jln5101380733172785110/jln2524335887288583395/libnativewindow_macosx.jnilib at 0x0000000184e6d000
RCX=0x0000000124b2d520 is an unknown value
RDX=0x0000000124b2d340 is an unknown value
RSP=0x00007fff57e14448 is pointing into the stack for thread: 0x00007fcab30ef000
RBP=0x00007fff57e14500 is pointing into the stack for thread: 0x00007fcab30ef000
RSI=0x00007fff8d18540f is an unknown value
RDI=0x00007fcab6e935f0 is an unknown value
R8 =0x0000000000000000 is an unknown value
R9 =0x0000000000000f50 is an unknown value
R10=0x00007fff8d18540f is an unknown value
R11=0x0000000000000000 is an unknown value
R12=0x0000000000000000 is an unknown value
R13={method} {0x0000000186cba4f0} 'UnsetJAWTRootSurfaceLayer0' '(JJ)V' in 'jogamp/nativewindow/jawt/macosx/MacOSXJAWTWindow'
R14=0x0000000184e74440: Java_jogamp_nativewindow_macosx_OSXUtil_GetScreenRefreshRate0+0x1ce0 in /private/var/folders/kq/rmq3xm_n5gb1c7xnh6sk0dkr0000gn/T/jogamp_0000/file_cache/jln5101380733172785110/jln2524335887288583395/libnativewindow_macosx.jnilib at 0x0000000184e6d000
R15=0x00007fcab30ef000 is a thread


Stack: [0x00007fff57619000,0x00007fff57e19000],  sp=0x00007fff57e14448,  free space=8173k
Native frames: (J=compiled Java code, j=interpreted, Vv=VM code, C=native code)
C  [libobjc.A.dylib+0x10dd]  objc_msgSend+0x1d
j  jogamp.nativewindow.jawt.macosx.MacOSXJAWTWindow.UnsetJAWTRootSurfaceLayer0(JJ)V+0
j  jogamp.nativewindow.jawt.macosx.MacOSXJAWTWindow.access$200(JJ)V+2
j  jogamp.nativewindow.jawt.macosx.MacOSXJAWTWindow$1.run()V+38
J 2317 C1 com.jogamp.common.util.RunnableTask.run()V (345 bytes) @ 0x0000000109f9a1d4 [0x0000000109f9a040+0x194]
v  ~StubRoutines::call_stub
V  [libjvm.dylib+0x2eab0e]  JavaCalls::call_helper(JavaValue*, methodHandle*, JavaCallArguments*, Thread*)+0x6ae
V  [libjvm.dylib+0x321bb7]  jni_invoke_nonstatic(JNIEnv_*, JavaValue*, _jobject*, JNICallType, _jmethodID*, JNI_ArgumentPusher*, Thread*)+0x2ec
V  [libjvm.dylib+0x31438b]  jni_CallVoidMethod+0x16b
C  [libnativewindow_macosx.jnilib+0x5326]  Java_jogamp_nativewindow_jawt_macosx_MacOSXJAWTWindow_UnsetJAWTRootSurfaceLayer0+0x2b6
C  [Foundation+0x92dd0]  __NSThreadPerformPerform+0x125
C  [CoreFoundation+0x80a01]  __CFRUNLOOP_IS_CALLING_OUT_TO_A_SOURCE0_PERFORM_FUNCTION__+0x11
C  [CoreFoundation+0x72c5c]  __CFRunLoopDoSources0+0x1dc
C  [CoreFoundation+0x721bf]  __CFRunLoopRun+0x39f
C  [CoreFoundation+0x71bd8]  CFRunLoopRunSpecific+0x128
C  [HIToolbox+0x3256f]  RunCurrentEventLoopInMode+0xeb
C  [HIToolbox+0x321ee]  ReceiveNextEventCommon+0xb3
C  [HIToolbox+0x3212b]  _BlockUntilNextEventMatchingListInModeWithFilter+0x47
C  [AppKit+0x918ab]  _DPSNextEvent+0x3d2
C  [AppKit+0x90e58]  -[NSApplication nextEventMatchingMask:untilDate:inMode:dequeue:]+0x15a
C  [libosxapp.dylib+0x23aa]  -[NSApplicationAWT nextEventMatchingMask:untilDate:inMode:dequeue:]+0x7c
C  [AppKit+0x86af3]  -[NSApplication run]+0x252
C  [libosxapp.dylib+0x214d]  +[NSApplicationAWT runAWTLoopWithApp:]+0x9c
C  [libawt_lwawt.dylib+0x44517]  -[AWTStarter starter:]+0x389
C  [Foundation+0x92dd0]  __NSThreadPerformPerform+0x125
C  [CoreFoundation+0x80a01]  __CFRUNLOOP_IS_CALLING_OUT_TO_A_SOURCE0_PERFORM_FUNCTION__+0x11
C  [CoreFoundation+0x72b8d]  __CFRunLoopDoSources0+0x10d
C  [CoreFoundation+0x721bf]  __CFRunLoopRun+0x39f
C  [CoreFoundation+0x71bd8]  CFRunLoopRunSpecific+0x128
C  [java+0x6463]  CreateExecutionEnvironment+0x367
C  [java+0x21ac]  JLI_Launch+0x7a0
C  [java+0x84c0]  main+0x65
C  [java+0x1a04]  start+0x34
C  0x0000000000000007

Java frames: (J=compiled Java code, j=interpreted, Vv=VM code)
j  jogamp.nativewindow.jawt.macosx.MacOSXJAWTWindow.UnsetJAWTRootSurfaceLayer0(JJ)V+0
j  jogamp.nativewindow.jawt.macosx.MacOSXJAWTWindow.access$200(JJ)V+2
j  jogamp.nativewindow.jawt.macosx.MacOSXJAWTWindow$1.run()V+38
J 2317 C1 com.jogamp.common.util.RunnableTask.run()V (345 bytes) @ 0x0000000109f9a1d4 [0x0000000109f9a040+0x194]
v  ~StubRoutines::call_stub

---------------  P R O C E S S  ---------------

Java Threads: ( => current thread )
  0x00007fcab8b5c800 JavaThread "Thread-159" [_thread_blocked, id=57131, stack(0x000000018e746000,0x000000018e846000)]
  0x00007fcab332e000 JavaThread "AWT-EventQueue-1" [_thread_in_native, id=56595, stack(0x00000001854fd000,0x00000001855fd000)]
  0x00007fcab28c4800 JavaThread "DestroyJavaVM" [_thread_blocked, id=4867, stack(0x0000000108e87000,0x0000000108f87000)]
  0x00007fcab3885000 JavaThread "AWT-EventQueue-0" [_thread_blocked, id=54019, stack(0x0000000125b42000,0x0000000125c42000)]
  0x00007fcab4157000 JavaThread "Java2D Disposer" daemon [_thread_blocked, id=50967, stack(0x00000001248be000,0x00000001249be000)]
  0x00007fcab3882000 JavaThread "Java2D Queue Flusher" daemon [_thread_blocked, id=49415, stack(0x00000001236b3000,0x00000001237b3000)]
  0x00007fcab28d0000 JavaThread "AWT-Shutdown" [_thread_blocked, id=28435, stack(0x0000000120d12000,0x0000000120e12000)]
=>0x00007fcab30ef000 JavaThread "AWT-AppKit" daemon [_thread_in_native, id=1811, stack(0x00007fff57619000,0x00007fff57e19000)]
  0x00007fcab281d800 JavaThread "Service Thread" daemon [_thread_blocked, id=18179, stack(0x000000011f01d000,0x000000011f11d000)]
  0x00007fcab403a000 JavaThread "C1 CompilerThread2" daemon [_thread_blocked, id=17667, stack(0x000000011ef1a000,0x000000011f01a000)]
  0x00007fcab402d800 JavaThread "C2 CompilerThread1" daemon [_thread_blocked, id=17155, stack(0x000000011ee17000,0x000000011ef17000)]
  0x00007fcab402c000 JavaThread "C2 CompilerThread0" daemon [_thread_blocked, id=16643, stack(0x000000011ed14000,0x000000011ee14000)]
  0x00007fcab4039000 JavaThread "Signal Dispatcher" daemon [_thread_blocked, id=13331, stack(0x000000011ec11000,0x000000011ed11000)]
  0x00007fcab4022800 JavaThread "Finalizer" daemon [_thread_blocked, id=11523, stack(0x000000011d1f8000,0x000000011d2f8000)]
  0x00007fcab4022000 JavaThread "Reference Handler" daemon [_thread_blocked, id=11011, stack(0x000000011d0f5000,0x000000011d1f5000)]

Other Threads:
  0x00007fcab4021000 VMThread [stack: 0x000000011cff2000,0x000000011d0f2000] [id=10499]
  0x00007fcab280c800 WatcherThread [stack: 0x000000011f120000,0x000000011f220000] [id=18691]

VM state:not at safepoint (normal execution)

VM Mutex/Monitor currently owned by a thread: None

Heap:
 PSYoungGen      total 35328K, used 30551K [0x00000007aab00000, 0x00000007ad580000, 0x00000007c0000000)
  eden space 28160K, 90% used [0x00000007aab00000,0x00000007ac3ddb00,0x00000007ac680000)
  from space 7168K, 70% used [0x00000007ace80000,0x00000007ad378130,0x00000007ad580000)
  to   space 7680K, 0% used [0x00000007ac680000,0x00000007ac680000,0x00000007ace00000)
 ParOldGen       total 68608K, used 47573K [0x0000000780000000, 0x0000000784300000, 0x00000007aab00000)
  object space 68608K, 69% used [0x0000000780000000,0x0000000782e757a8,0x0000000784300000)
 Metaspace       used 21502K, capacity 21663K, committed 22064K, reserved 1069056K
  class space    used 2066K, capacity 2112K, committed 2176K, reserved 1048576K

Card table byte_map: [0x0000000118bc0000,0x0000000118dc1000] byte_map_base: 0x0000000114fc0000

Marking Bits: (ParMarkBitMap*) 0x00000001087c4e20
 Begin Bits: [0x0000000119323000, 0x000000011a323000)
 End Bits:   [0x000000011a323000, 0x000000011b323000)

Polling page: 0x0000000108fcc000

CodeCache: size=245760Kb used=10453Kb max_used=10472Kb free=235306Kb
 bounds [0x0000000109800000, 0x000000010a250000, 0x0000000118800000]
 total_blobs=3810 nmethods=2914 adapters=809
 compilation: enabled

Compilation events (10 events):
Event: 56.787 Thread 0x00007fcab402d800 nmethod 3371 0x000000010a22efd0 code [0x000000010a22f120, 0x000000010a22f1b8]
Event: 56.868 Thread 0x00007fcab402c000 nmethod 3370 0x000000010a245390 code [0x000000010a245880, 0x000000010a248740]
Event: 57.738 Thread 0x00007fcab403a000 3372       3       sun.lwawt.LWComponentPeer::getVisibleRegion (9 bytes)
Event: 57.739 Thread 0x00007fcab403a000 nmethod 3372 0x000000010a201810 code [0x000000010a201980, 0x000000010a201bb8]
Event: 57.739 Thread 0x00007fcab403a000 3373       1       sun.java2d.SurfaceData::isValid (5 bytes)
Event: 57.739 Thread 0x00007fcab403a000 nmethod 3373 0x000000010a239310 code [0x000000010a239460, 0x000000010a239570]
Event: 57.765 Thread 0x00007fcab403a000 3374       3       sun.java2d.SunGraphics2D::setColor (108 bytes)
Event: 57.765 Thread 0x00007fcab402d800 3375       4       java.util.concurrent.locks.ReentrantLock::lock (8 bytes)
Event: 57.766 Thread 0x00007fcab403a000 nmethod 3374 0x000000010a238b90 code [0x000000010a238d20, 0x000000010a239258]
Event: 57.766 Thread 0x00007fcab402d800 nmethod 3375 0x000000010a238890 code [0x000000010a2389e0, 0x000000010a238ac8]

GC Heap History (10 events):
Event: 39.590 GC heap before
{Heap before GC invocations=32 (full 2):
 PSYoungGen      total 35840K, used 35776K [0x00000007aab00000, 0x00000007ad900000, 0x00000007c0000000)
  eden space 30720K, 100% used [0x00000007aab00000,0x00000007ac900000,0x00000007ac900000)
  from space 5120K, 98% used [0x00000007ac980000,0x00000007ace70130,0x00000007ace80000)
  to   space 8192K, 0% used [0x00000007ad100000,0x00000007ad100000,0x00000007ad900000)
 ParOldGen       total 68608K, used 47573K [0x0000000780000000, 0x0000000784300000, 0x00000007aab00000)
  object space 68608K, 69% used [0x0000000780000000,0x0000000782e757a8,0x0000000784300000)
 Metaspace       used 21396K, capacity 21599K, committed 21808K, reserved 1069056K
  class space    used 2042K, capacity 2112K, committed 2176K, reserved 1048576K
Event: 39.593 GC heap after
Heap after GC invocations=32 (full 2):
 PSYoungGen      total 36864K, used 5056K [0x00000007aab00000, 0x00000007ad780000, 0x00000007c0000000)
  eden space 30208K, 0% used [0x00000007aab00000,0x00000007aab00000,0x00000007ac880000)
  from space 6656K, 75% used [0x00000007ad100000,0x00000007ad5f0130,0x00000007ad780000)
  to   space 7680K, 0% used [0x00000007ac880000,0x00000007ac880000,0x00000007ad000000)
 ParOldGen       total 68608K, used 47573K [0x0000000780000000, 0x0000000784300000, 0x00000007aab00000)
  object space 68608K, 69% used [0x0000000780000000,0x0000000782e757a8,0x0000000784300000)
 Metaspace       used 21396K, capacity 21599K, committed 21808K, reserved 1069056K
  class space    used 2042K, capacity 2112K, committed 2176K, reserved 1048576K
}
Event: 42.577 GC heap before
{Heap before GC invocations=33 (full 2):
 PSYoungGen      total 36864K, used 35264K [0x00000007aab00000, 0x00000007ad780000, 0x00000007c0000000)
  eden space 30208K, 100% used [0x00000007aab00000,0x00000007ac880000,0x00000007ac880000)
  from space 6656K, 75% used [0x00000007ad100000,0x00000007ad5f0130,0x00000007ad780000)
  to   space 7680K, 0% used [0x00000007ac880000,0x00000007ac880000,0x00000007ad000000)
 ParOldGen       total 68608K, used 47573K [0x0000000780000000, 0x0000000784300000, 0x00000007aab00000)
  object space 68608K, 69% used [0x0000000780000000,0x0000000782e757a8,0x0000000784300000)
 Metaspace       used 21396K, capacity 21599K, committed 21808K, reserved 1069056K
  class space    used 2042K, capacity 2112K, committed 2176K, reserved 1048576K
Event: 42.578 GC heap after
Heap after GC invocations=33 (full 2):
 PSYoungGen      total 34816K, used 5056K [0x00000007aab00000, 0x00000007ad700000, 0x00000007c0000000)
  eden space 29696K, 0% used [0x00000007aab00000,0x00000007aab00000,0x00000007ac800000)
  from space 5120K, 98% used [0x00000007ac880000,0x00000007acd70130,0x00000007acd80000)
  to   space 7680K, 0% used [0x00000007acf80000,0x00000007acf80000,0x00000007ad700000)
 ParOldGen       total 68608K, used 47573K [0x0000000780000000, 0x0000000784300000, 0x00000007aab00000)
  object space 68608K, 69% used [0x0000000780000000,0x0000000782e757a8,0x0000000784300000)
 Metaspace       used 21396K, capacity 21599K, committed 21808K, reserved 1069056K
  class space    used 2042K, capacity 2112K, committed 2176K, reserved 1048576K
}
Event: 46.068 GC heap before
{Heap before GC invocations=34 (full 2):
 PSYoungGen      total 34816K, used 34752K [0x00000007aab00000, 0x00000007ad700000, 0x00000007c0000000)
  eden space 29696K, 100% used [0x00000007aab00000,0x00000007ac800000,0x00000007ac800000)
  from space 5120K, 98% used [0x00000007ac880000,0x00000007acd70130,0x00000007acd80000)
  to   space 7680K, 0% used [0x00000007acf80000,0x00000007acf80000,0x00000007ad700000)
 ParOldGen       total 68608K, used 47573K [0x0000000780000000, 0x0000000784300000, 0x00000007aab00000)
  object space 68608K, 69% used [0x0000000780000000,0x0000000782e757a8,0x0000000784300000)
 Metaspace       used 21396K, capacity 21599K, committed 21808K, reserved 1069056K
  class space    used 2042K, capacity 2112K, committed 2176K, reserved 1048576K
Event: 46.070 GC heap after
Heap after GC invocations=34 (full 2):
 PSYoungGen      total 36352K, used 5056K [0x00000007aab00000, 0x00000007ad680000, 0x00000007c0000000)
  eden space 29184K, 0% used [0x00000007aab00000,0x00000007aab00000,0x00000007ac780000)
  from space 7168K, 70% used [0x00000007acf80000,0x00000007ad470130,0x00000007ad680000)
  to   space 7680K, 0% used [0x00000007ac780000,0x00000007ac780000,0x00000007acf00000)
 ParOldGen       total 68608K, used 47573K [0x0000000780000000, 0x0000000784300000, 0x00000007aab00000)
  object space 68608K, 69% used [0x0000000780000000,0x0000000782e757a8,0x0000000784300000)
 Metaspace       used 21396K, capacity 21599K, committed 21808K, reserved 1069056K
  class space    used 2042K, capacity 2112K, committed 2176K, reserved 1048576K
}
Event: 48.910 GC heap before
{Heap before GC invocations=35 (full 2):
 PSYoungGen      total 36352K, used 34240K [0x00000007aab00000, 0x00000007ad680000, 0x00000007c0000000)
  eden space 29184K, 100% used [0x00000007aab00000,0x00000007ac780000,0x00000007ac780000)
  from space 7168K, 70% used [0x00000007acf80000,0x00000007ad470130,0x00000007ad680000)
  to   space 7680K, 0% used [0x00000007ac780000,0x00000007ac780000,0x00000007acf00000)
 ParOldGen       total 68608K, used 47573K [0x0000000780000000, 0x0000000784300000, 0x00000007aab00000)
  object space 68608K, 69% used [0x0000000780000000,0x0000000782e757a8,0x0000000784300000)
 Metaspace       used 21396K, capacity 21599K, committed 21808K, reserved 1069056K
  class space    used 2042K, capacity 2112K, committed 2176K, reserved 1048576K
Event: 48.913 GC heap after
Heap after GC invocations=35 (full 2):
 PSYoungGen      total 33792K, used 5088K [0x00000007aab00000, 0x00000007ad600000, 0x00000007c0000000)
  eden space 28672K, 0% used [0x00000007aab00000,0x00000007aab00000,0x00000007ac700000)
  from space 5120K, 99% used [0x00000007ac780000,0x00000007acc78130,0x00000007acc80000)
  to   space 7680K, 0% used [0x00000007ace80000,0x00000007ace80000,0x00000007ad600000)
 ParOldGen       total 68608K, used 47573K [0x0000000780000000, 0x0000000784300000, 0x00000007aab00000)
  object space 68608K, 69% used [0x0000000780000000,0x0000000782e757a8,0x0000000784300000)
 Metaspace       used 21396K, capacity 21599K, committed 21808K, reserved 1069056K
  class space    used 2042K, capacity 2112K, committed 2176K, reserved 1048576K
}
Event: 51.624 GC heap before
{Heap before GC invocations=36 (full 2):
 PSYoungGen      total 33792K, used 33760K [0x00000007aab00000, 0x00000007ad600000, 0x00000007c0000000)
  eden space 28672K, 100% used [0x00000007aab00000,0x00000007ac700000,0x00000007ac700000)
  from space 5120K, 99% used [0x00000007ac780000,0x00000007acc78130,0x00000007acc80000)
  to   space 7680K, 0% used [0x00000007ace80000,0x00000007ace80000,0x00000007ad600000)
 ParOldGen       total 68608K, used 47573K [0x0000000780000000, 0x0000000784300000, 0x00000007aab00000)
  object space 68608K, 69% used [0x0000000780000000,0x0000000782e757a8,0x0000000784300000)
 Metaspace       used 21396K, capacity 21599K, committed 21808K, reserved 1069056K
  class space    used 2042K, capacity 2112K, committed 2176K, reserved 1048576K
Event: 51.626 GC heap after
Heap after GC invocations=36 (full 2):
 PSYoungGen      total 35328K, used 5088K [0x00000007aab00000, 0x00000007ad580000, 0x00000007c0000000)
  eden space 28160K, 0% used [0x00000007aab00000,0x00000007aab00000,0x00000007ac680000)
  from space 7168K, 70% used [0x00000007ace80000,0x00000007ad378130,0x00000007ad580000)
  to   space 7680K, 0% used [0x00000007ac680000,0x00000007ac680000,0x00000007ace00000)
 ParOldGen       total 68608K, used 47573K [0x0000000780000000, 0x0000000784300000, 0x00000007aab00000)
  object space 68608K, 69% used [0x0000000780000000,0x0000000782e757a8,0x0000000784300000)
 Metaspace       used 21396K, capacity 21599K, committed 21808K, reserved 1069056K
  class space    used 2042K, capacity 2112K, committed 2176K, reserved 1048576K
}

Deoptimization events (10 events):
Event: 57.706 Thread 0x00007fcab3885000 Uncommon trap: reason=unstable_if action=reinterpret pc=0x000000010a23ca48 method=sun.lwawt.LWContainerPeer.cutChildren(Lsun/java2d/pipe/Region;Lsun/lwawt/LWComponentPeer;)Lsun/java2d/pipe/Region; @ 67
Event: 57.706 Thread 0x00007fcab3885000 Uncommon trap: reason=unstable_if action=reinterpret pc=0x0000000109e28d2c method=sun.java2d.SunGraphics2D.validateCompClip()V @ 9
Event: 57.723 Thread 0x00007fcab332e000 Uncommon trap: reason=unstable_if action=reinterpret pc=0x000000010a247c24 method=java.awt.EventQueue.uncacheEQItem(Lsun/awt/EventQueueItem;)V @ 23
Event: 57.724 Thread 0x00007fcab3885000 Uncommon trap: reason=unstable_if action=reinterpret pc=0x000000010a209f44 method=sun.java2d.pipe.Region.intersectsQuickCheck(Lsun/java2d/pipe/Region;)Z @ 41
Event: 57.725 Thread 0x00007fcab3885000 Uncommon trap: reason=unstable_if action=reinterpret pc=0x0000000109eeab0c method=java.awt.Font.equals(Ljava/lang/Object;)Z @ 2
Event: 57.726 Thread 0x00007fcab3885000 Uncommon trap: reason=unstable_if action=reinterpret pc=0x000000010a206124 method=java.util.HashMap.removeNode(ILjava/lang/Object;Ljava/lang/Object;ZZ)Ljava/util/HashMap$Node; @ 46
Event: 57.737 Thread 0x00007fcab41a7800 Uncommon trap: reason=unstable_if action=reinterpret pc=0x0000000109dc5048 method=java.util.HashMap.putVal(ILjava/lang/Object;Ljava/lang/Object;ZZ)Ljava/lang/Object; @ 81
Event: 57.763 Thread 0x00007fcab332e000 Uncommon trap: reason=unstable_if action=reinterpret pc=0x000000010a1f0658 method=java.util.LinkedList$ListItr.<init>(Ljava/util/LinkedList;I)V @ 26
Event: 57.763 Thread 0x00007fcab332e000 Uncommon trap: reason=unstable_if action=reinterpret pc=0x000000010a081098 method=java.security.AccessControlContext.optimize()Ljava/security/AccessControlContext; @ 233
Event: 57.764 Thread 0x00007fcab332e000 Uncommon trap: reason=unstable_if action=reinterpret pc=0x000000010a1f0b84 method=java.util.LinkedList$ListItr.<init>(Ljava/util/LinkedList;I)V @ 26

Internal exceptions (10 events):
Event: 0.218 Thread 0x00007fcab3007000 Exception <a 'java/lang/NoSuchFieldError': method resolution failed> (0x00000007aad5ea20) thrown at [/Users/java_re/workspace/8-2-build-macosx-x86_64/jdk8u60/4407/hotspot/src/share/vm/prims/methodHandles.cpp, line 1146]
Event: 0.569 Thread 0x00007fcab3007000 Exception <a 'java/io/FileNotFoundException'> (0x00000007aaddaa18) thrown at [/Users/java_re/workspace/8-2-build-macosx-x86_64/jdk8u60/4407/hotspot/src/share/vm/prims/jni.cpp, line 709]
Event: 0.569 Thread 0x00007fcab3007000 Exception <a 'java/io/FileNotFoundException'> (0x00000007aaddb598) thrown at [/Users/java_re/workspace/8-2-build-macosx-x86_64/jdk8u60/4407/hotspot/src/share/vm/prims/jni.cpp, line 709]
Event: 0.703 Thread 0x00007fcab3007000 Exception <a 'java/io/FileNotFoundException'> (0x00000007aaec8e30) thrown at [/Users/java_re/workspace/8-2-build-macosx-x86_64/jdk8u60/4407/hotspot/src/share/vm/prims/jni.cpp, line 709]
Event: 2.628 Thread 0x00007fcab4022800 Exception <a 'java/lang/NullPointerException'> (0x00000007aab82a68) thrown at [/Users/java_re/workspace/8-2-build-macosx-x86_64/jdk8u60/4407/hotspot/src/share/vm/interpreter/linkResolver.cpp, line 1178]
Event: 2.753 Thread 0x00007fcab3977000 Exception <a 'java/lang/UnsatisfiedLinkError': com.jogamp.common.util.JarUtil.fixNativeLibAttribs(Ljava/lang/String;)Z> (0x00000007ab072130) thrown at [/Users/java_re/workspace/8-2-build-macosx-x86_64/jdk8u60/4407/hotspot/src/share/vm/prims/nativeLookup.c
Event: 3.687 Thread 0x00007fcab332e000 Exception <a 'java/io/FileNotFoundException'> (0x00000007ab4debf8) thrown at [/Users/java_re/workspace/8-2-build-macosx-x86_64/jdk8u60/4407/hotspot/src/share/vm/prims/jni.cpp, line 709]
Event: 3.688 Thread 0x00007fcab332e000 Exception <a 'java/io/FileNotFoundException'> (0x00000007ab4e8198) thrown at [/Users/java_re/workspace/8-2-build-macosx-x86_64/jdk8u60/4407/hotspot/src/share/vm/prims/jni.cpp, line 709]
Event: 3.688 Thread 0x00007fcab332e000 Implicit null exception at 0x00000001099b0bf5 to 0x00000001099b0f59
Event: 53.618 Thread 0x00007fcab332e000 Exception <a 'java/lang/ClassCastException': module5.CityMarker cannot be cast to module5.EarthquakeMarker> (0x00000007ac225b78) thrown at [/Users/java_re/workspace/8-2-build-macosx-x86_64/jdk8u60/4407/hotspot/src/share/vm/interpreter/interpreterRuntime.c

Events (10 events):
Event: 57.764 Executing VM operation: Deoptimize done
Event: 57.764 loading class java/awt/Toolkit$ToolkitEventMulticaster
Event: 57.764 loading class java/awt/Toolkit$ToolkitEventMulticaster done
Event: 57.764 Thread 0x00007fcab332e000 Uncommon trap: trap_request=0xffffff65 fr.pc=0x000000010a1f0b84
Event: 57.764 Thread 0x00007fcab332e000 DEOPT PACKING pc=0x000000010a1f0b84 sp=0x00000001855fa980
Event: 57.764 Thread 0x00007fcab332e000 DEOPT UNPACKING pc=0x0000000109805229 sp=0x00000001855fa8d8 mode 2
Event: 57.765 Thread 0x00007fcab41a7800 Thread exited: 0x00007fcab41a7800
Event: 57.765 loading class java/awt/Window$1DisposeAction
Event: 57.765 loading class java/awt/Window$1DisposeAction done
Event: 57.767 Thread 0x00007fcab402d800 flushing nmethod 0x00000001099ac650


Dynamic libraries:
0x000000000646b000 	/System/Library/Frameworks/Cocoa.framework/Versions/A/Cocoa
0x000000000646b000 	/System/Library/Frameworks/Security.framework/Versions/A/Security
0x000000000646b000 	/System/Library/Frameworks/ApplicationServices.framework/Versions/A/ApplicationServices
0x000000000646b000 	/usr/lib/libz.1.dylib
0x000000000646b000 	/usr/lib/libSystem.B.dylib
0x000000000646b000 	/usr/lib/libobjc.A.dylib
0x000000000646b000 	/System/Library/Frameworks/CoreFoundation.framework/Versions/A/CoreFoundation
0x000000000646b000 	/System/Library/Frameworks/Foundation.framework/Versions/C/Foundation
0x000000000646b000 	/System/Library/Frameworks/AppKit.framework/Versions/C/AppKit
0x000000000646b000 	/System/Library/Frameworks/CoreData.framework/Versions/A/CoreData
0x000000000646b000 	/System/Library/PrivateFrameworks/RemoteViewServices.framework/Versions/A/RemoteViewServices
0x000000000646b000 	/System/Library/PrivateFrameworks/UIFoundation.framework/Versions/A/UIFoundation
0x000000000646b000 	/System/Library/Frameworks/IOSurface.framework/Versions/A/IOSurface
0x000000000646b000 	/System/Library/Frameworks/AudioToolbox.framework/Versions/A/AudioToolbox
0x000000000646b000 	/System/Library/Frameworks/AudioUnit.framework/Versions/A/AudioUnit
0x000000000646b000 	/System/Library/PrivateFrameworks/DataDetectorsCore.framework/Versions/A/DataDetectorsCore
0x000000000646b000 	/System/Library/PrivateFrameworks/DesktopServicesPriv.framework/Versions/A/DesktopServicesPriv
0x000000000646b000 	/System/Library/Frameworks/Carbon.framework/Versions/A/Frameworks/HIToolbox.framework/Versions/A/HIToolbox
0x000000000646b000 	/System/Library/Frameworks/QuartzCore.framework/Versions/A/QuartzCore
0x000000000646b000 	/System/Library/Frameworks/Carbon.framework/Versions/A/Frameworks/SpeechRecognition.framework/Versions/A/SpeechRecognition
0x000000000646b000 	/usr/lib/libauto.dylib
0x000000000646b000 	/usr/lib/libicucore.A.dylib
0x000000000646b000 	/usr/lib/libxml2.2.dylib
0x000000000646b000 	/System/Library/PrivateFrameworks/CoreUI.framework/Versions/A/CoreUI
0x000000000646b000 	/System/Library/Frameworks/CoreAudio.framework/Versions/A/CoreAudio
0x000000000646b000 	/System/Library/Frameworks/DiskArbitration.framework/Versions/A/DiskArbitration
0x000000000646b000 	/usr/lib/liblangid.dylib
0x000000000646b000 	/System/Library/PrivateFrameworks/MultitouchSupport.framework/Versions/A/MultitouchSupport
0x000000000646b000 	/System/Library/Frameworks/IOKit.framework/Versions/A/IOKit
0x000000000646b000 	/usr/lib/libDiagnosticMessagesClient.dylib
0x000000000646b000 	/System/Library/Frameworks/CoreServices.framework/Versions/A/CoreServices
0x000000000646b000 	/System/Library/PrivateFrameworks/PerformanceAnalysis.framework/Versions/A/PerformanceAnalysis
0x000000000646b000 	/System/Library/PrivateFrameworks/GenerationalStorage.framework/Versions/A/GenerationalStorage
0x000000000646b000 	/System/Library/Frameworks/OpenGL.framework/Versions/A/OpenGL
0x000000000646b000 	/System/Library/PrivateFrameworks/Sharing.framework/Versions/A/Sharing
0x000000000646b000 	/System/Library/Frameworks/CoreGraphics.framework/Versions/A/CoreGraphics
0x000000000646b000 	/System/Library/Frameworks/CoreText.framework/Versions/A/CoreText
0x000000000646b000 	/System/Library/Frameworks/ImageIO.framework/Versions/A/ImageIO
0x000000000646b000 	/usr/lib/libextension.dylib
0x000000000646b000 	/System/Library/PrivateFrameworks/Backup.framework/Versions/A/Backup
0x000000000646b000 	/usr/lib/libarchive.2.dylib
0x000000000646b000 	/System/Library/Frameworks/CFNetwork.framework/Versions/A/CFNetwork
0x000000000646b000 	/System/Library/Frameworks/SystemConfiguration.framework/Versions/A/SystemConfiguration
0x000000000646b000 	/usr/lib/libCRFSuite.dylib
0x000000000646b000 	/usr/lib/libc++.1.dylib
0x000000000646b000 	/usr/lib/libc++abi.dylib
0x000000000646b000 	/usr/lib/system/libcache.dylib
0x000000000646b000 	/usr/lib/system/libcommonCrypto.dylib
0x000000000646b000 	/usr/lib/system/libcompiler_rt.dylib
0x000000000646b000 	/usr/lib/system/libcopyfile.dylib
0x000000000646b000 	/usr/lib/system/libcorecrypto.dylib
0x000000000646b000 	/usr/lib/system/libdispatch.dylib
0x000000000646b000 	/usr/lib/system/libdyld.dylib
0x000000000646b000 	/usr/lib/system/libkeymgr.dylib
0x000000000646b000 	/usr/lib/system/liblaunch.dylib
0x000000000646b000 	/usr/lib/system/libmacho.dylib
0x000000000646b000 	/usr/lib/system/libquarantine.dylib
0x000000000646b000 	/usr/lib/system/libremovefile.dylib
0x000000000646b000 	/usr/lib/system/libsystem_asl.dylib
0x000000000646b000 	/usr/lib/system/libsystem_blocks.dylib
0x000000000646b000 	/usr/lib/system/libsystem_c.dylib
0x000000000646b000 	/usr/lib/system/libsystem_configuration.dylib
0x000000000646b000 	/usr/lib/system/libsystem_coreservices.dylib
0x000000000646b000 	/usr/lib/system/libsystem_coretls.dylib
0x000000000646b000 	/usr/lib/system/libsystem_dnssd.dylib
0x000000000646b000 	/usr/lib/system/libsystem_info.dylib
0x000000000646b000 	/usr/lib/system/libsystem_kernel.dylib
0x000000000646b000 	/usr/lib/system/libsystem_m.dylib
0x000000000646b000 	/usr/lib/system/libsystem_malloc.dylib
0x000000000646b000 	/usr/lib/system/libsystem_network.dylib
0x000000000646b000 	/usr/lib/system/libsystem_networkextension.dylib
0x000000000646b000 	/usr/lib/system/libsystem_notify.dylib
0x000000000646b000 	/usr/lib/system/libsystem_platform.dylib
0x000000000646b000 	/usr/lib/system/libsystem_pthread.dylib
0x000000000646b000 	/usr/lib/system/libsystem_sandbox.dylib
0x000000000646b000 	/usr/lib/system/libsystem_secinit.dylib
0x000000000646b000 	/usr/lib/system/libsystem_stats.dylib
0x000000000646b000 	/usr/lib/system/libsystem_trace.dylib
0x000000000646b000 	/usr/lib/system/libunc.dylib
0x000000000646b000 	/usr/lib/system/libunwind.dylib
0x000000000646b000 	/usr/lib/system/libxpc.dylib
0x000000000646b000 	/usr/lib/libbz2.1.0.dylib
0x000000000646b000 	/usr/lib/liblzma.5.dylib
0x000000000646b000 	/usr/lib/libbsm.0.dylib
0x000000000646b000 	/usr/lib/libsqlite3.dylib
0x000000000646b000 	/usr/lib/system/libkxld.dylib
0x000000000646b000 	/usr/lib/libxar.1.dylib
0x000000000646b000 	/usr/lib/libpam.2.dylib
0x000000000646b000 	/usr/lib/libOpenScriptingUtil.dylib
0x000000000646b000 	/System/Library/Frameworks/CoreServices.framework/Versions/A/Frameworks/FSEvents.framework/Versions/A/FSEvents
0x000000000646b000 	/System/Library/Frameworks/CoreServices.framework/Versions/A/Frameworks/CarbonCore.framework/Versions/A/CarbonCore
0x000000000646b000 	/System/Library/Frameworks/CoreServices.framework/Versions/A/Frameworks/Metadata.framework/Versions/A/Metadata
0x000000000646b000 	/System/Library/Frameworks/CoreServices.framework/Versions/A/Frameworks/OSServices.framework/Versions/A/OSServices
0x000000000646b000 	/System/Library/Frameworks/CoreServices.framework/Versions/A/Frameworks/SearchKit.framework/Versions/A/SearchKit
0x000000000646b000 	/System/Library/Frameworks/CoreServices.framework/Versions/A/Frameworks/AE.framework/Versions/A/AE
0x000000000646b000 	/System/Library/Frameworks/CoreServices.framework/Versions/A/Frameworks/LaunchServices.framework/Versions/A/LaunchServices
0x000000000646b000 	/System/Library/Frameworks/CoreServices.framework/Versions/A/Frameworks/DictionaryServices.framework/Versions/A/DictionaryServices
0x000000000646b000 	/System/Library/Frameworks/NetFS.framework/Versions/A/NetFS
0x000000000646b000 	/System/Library/PrivateFrameworks/NetAuth.framework/Versions/A/NetAuth
0x000000000646b000 	/System/Library/PrivateFrameworks/login.framework/Versions/A/Frameworks/loginsupport.framework/Versions/A/loginsupport
0x000000000646b000 	/System/Library/PrivateFrameworks/TCC.framework/Versions/A/TCC
0x000000000646b000 	/usr/lib/libmecabra.dylib
0x000000000646b000 	/System/Library/Frameworks/ApplicationServices.framework/Versions/A/Frameworks/ATS.framework/Versions/A/ATS
0x000000000646b000 	/System/Library/Frameworks/ApplicationServices.framework/Versions/A/Frameworks/ColorSync.framework/Versions/A/ColorSync
0x000000000646b000 	/System/Library/Frameworks/ApplicationServices.framework/Versions/A/Frameworks/HIServices.framework/Versions/A/HIServices
0x000000000646b000 	/System/Library/Frameworks/ApplicationServices.framework/Versions/A/Frameworks/LangAnalysis.framework/Versions/A/LangAnalysis
0x000000000646b000 	/System/Library/Frameworks/ApplicationServices.framework/Versions/A/Frameworks/PrintCore.framework/Versions/A/PrintCore
0x000000000646b000 	/System/Library/Frameworks/ApplicationServices.framework/Versions/A/Frameworks/QD.framework/Versions/A/QD
0x000000000646b000 	/System/Library/Frameworks/ApplicationServices.framework/Versions/A/Frameworks/SpeechSynthesis.framework/Versions/A/SpeechSynthesis
0x000000000646b000 	/System/Library/Frameworks/Accelerate.framework/Versions/A/Accelerate
0x000000000646b000 	/System/Library/Frameworks/Accelerate.framework/Versions/A/Frameworks/vImage.framework/Versions/A/vImage
0x000000000646b000 	/System/Library/Frameworks/Accelerate.framework/Versions/A/Frameworks/vecLib.framework/Versions/A/vecLib
0x000000000646b000 	/System/Library/Frameworks/Accelerate.framework/Versions/A/Frameworks/vecLib.framework/Versions/A/libvDSP.dylib
0x000000000646b000 	/System/Library/Frameworks/Accelerate.framework/Versions/A/Frameworks/vecLib.framework/Versions/A/libvMisc.dylib
0x000000000646b000 	/System/Library/Frameworks/Accelerate.framework/Versions/A/Frameworks/vecLib.framework/Versions/A/libLAPACK.dylib
0x000000000646b000 	/System/Library/Frameworks/Accelerate.framework/Versions/A/Frameworks/vecLib.framework/Versions/A/libBLAS.dylib
0x000000000646b000 	/System/Library/Frameworks/Accelerate.framework/Versions/A/Frameworks/vecLib.framework/Versions/A/libLinearAlgebra.dylib
0x000000000646b000 	/System/Library/Frameworks/ApplicationServices.framework/Versions/A/Frameworks/ATS.framework/Versions/A/Resources/libFontParser.dylib
0x000000000646b000 	/System/Library/Frameworks/ApplicationServices.framework/Versions/A/Frameworks/ATS.framework/Versions/A/Resources/libFontRegistry.dylib
0x000000000646b000 	/System/Library/PrivateFrameworks/AppleVPA.framework/Versions/A/AppleVPA
0x000000000646b000 	/System/Library/PrivateFrameworks/AppleJPEG.framework/Versions/A/AppleJPEG
0x000000000646b000 	/System/Library/Frameworks/ImageIO.framework/Versions/A/Resources/libJPEG.dylib
0x000000000646b000 	/System/Library/Frameworks/ImageIO.framework/Versions/A/Resources/libTIFF.dylib
0x000000000646b000 	/System/Library/Frameworks/ImageIO.framework/Versions/A/Resources/libPng.dylib
0x000000000646b000 	/System/Library/Frameworks/ImageIO.framework/Versions/A/Resources/libGIF.dylib
0x000000000646b000 	/System/Library/Frameworks/ImageIO.framework/Versions/A/Resources/libJP2.dylib
0x000000000646b000 	/System/Library/Frameworks/ImageIO.framework/Versions/A/Resources/libRadiance.dylib
0x000000000646b000 	/System/Library/Frameworks/CoreVideo.framework/Versions/A/CoreVideo
0x000000000646b000 	/System/Library/Frameworks/OpenGL.framework/Versions/A/Libraries/libGLU.dylib
0x000000000646b000 	/System/Library/Frameworks/OpenGL.framework/Versions/A/Libraries/libGFXShared.dylib
0x000000000646b000 	/System/Library/Frameworks/OpenGL.framework/Versions/A/Libraries/libGL.dylib
0x000000000646b000 	/System/Library/Frameworks/OpenGL.framework/Versions/A/Libraries/libGLImage.dylib
0x000000000646b000 	/System/Library/Frameworks/OpenGL.framework/Versions/A/Libraries/libCVMSPluginSupport.dylib
0x000000000646b000 	/System/Library/Frameworks/OpenGL.framework/Versions/A/Libraries/libCoreVMClient.dylib
0x000000000646b000 	/usr/lib/libcups.2.dylib
0x000000000646b000 	/System/Library/Frameworks/Kerberos.framework/Versions/A/Kerberos
0x000000000646b000 	/System/Library/Frameworks/GSS.framework/Versions/A/GSS
0x000000000646b000 	/usr/lib/libresolv.9.dylib
0x000000000646b000 	/usr/lib/libiconv.2.dylib
0x000000000646b000 	/System/Library/PrivateFrameworks/Heimdal.framework/Versions/A/Heimdal
0x000000000646b000 	/usr/lib/libheimdal-asn1.dylib
0x000000000646b000 	/System/Library/Frameworks/OpenDirectory.framework/Versions/A/OpenDirectory
0x000000000646b000 	/System/Library/PrivateFrameworks/CommonAuth.framework/Versions/A/CommonAuth
0x000000000646b000 	/System/Library/Frameworks/OpenDirectory.framework/Versions/A/Frameworks/CFOpenDirectory.framework/Versions/A/CFOpenDirectory
0x000000000646b000 	/System/Library/Frameworks/SecurityFoundation.framework/Versions/A/SecurityFoundation
0x000000000646b000 	/System/Library/PrivateFrameworks/LanguageModeling.framework/Versions/A/LanguageModeling
0x000000000646b000 	/usr/lib/libcmph.dylib
0x000000000646b000 	/System/Library/Frameworks/ServiceManagement.framework/Versions/A/ServiceManagement
0x000000000646b000 	/usr/lib/libxslt.1.dylib
0x000000000646b000 	/System/Library/Frameworks/Carbon.framework/Versions/A/Frameworks/Ink.framework/Versions/A/Ink
0x000000000646b000 	/System/Library/Frameworks/QuartzCore.framework/Versions/A/Frameworks/CoreImage.framework/Versions/A/CoreImage
0x000000000646b000 	/System/Library/PrivateFrameworks/CrashReporterSupport.framework/Versions/A/CrashReporterSupport
0x000000000646b000 	/System/Library/Frameworks/OpenCL.framework/Versions/A/OpenCL
0x000000000646b000 	/System/Library/PrivateFrameworks/FaceCore.framework/Versions/A/FaceCore
0x000000000646b000 	/System/Library/PrivateFrameworks/Ubiquity.framework/Versions/A/Ubiquity
0x000000000646b000 	/System/Library/PrivateFrameworks/IconServices.framework/Versions/A/IconServices
0x000000000646b000 	/System/Library/PrivateFrameworks/ChunkingLibrary.framework/Versions/A/ChunkingLibrary
0x000000000646b000 	/System/Library/PrivateFrameworks/Apple80211.framework/Versions/A/Apple80211
0x000000000646b000 	/System/Library/Frameworks/CoreWLAN.framework/Versions/A/CoreWLAN
0x000000000646b000 	/System/Library/Frameworks/IOBluetooth.framework/Versions/A/IOBluetooth
0x000000000646b000 	/System/Library/PrivateFrameworks/CoreWiFi.framework/Versions/A/CoreWiFi
0x000000000646b000 	/System/Library/Frameworks/CoreBluetooth.framework/Versions/A/CoreBluetooth
0x000000000646b000 	/System/Library/PrivateFrameworks/DebugSymbols.framework/Versions/A/DebugSymbols
0x000000000646b000 	/System/Library/PrivateFrameworks/CoreSymbolication.framework/Versions/A/CoreSymbolication
0x000000000646b000 	/System/Library/PrivateFrameworks/Symbolication.framework/Versions/A/Symbolication
0x000000000646b000 	/System/Library/PrivateFrameworks/SpeechRecognitionCore.framework/Versions/A/SpeechRecognitionCore
0x0000000107ee6000 	/Library/Java/JavaVirtualMachines/jdk1.8.0_60.jdk/Contents/Home/jre/lib/server/libjvm.dylib
0x000000000646b000 	/usr/lib/libstdc++.6.dylib
0x0000000108f89000 	/Library/Java/JavaVirtualMachines/jdk1.8.0_60.jdk/Contents/Home/jre/lib/libverify.dylib
0x0000000108f97000 	/Library/Java/JavaVirtualMachines/jdk1.8.0_60.jdk/Contents/Home/jre/lib/libjava.dylib
0x0000000108fd6000 	/Library/Java/JavaVirtualMachines/jdk1.8.0_60.jdk/Contents/Home/jre/lib/libzip.dylib
0x000000011d2fa000 	/System/Library/Frameworks/JavaVM.framework/Frameworks/JavaRuntimeSupport.framework/JavaRuntimeSupport
0x000000011d312000 	/System/Library/Frameworks/JavaVM.framework/Versions/A/Frameworks/JavaNativeFoundation.framework/Versions/A/JavaNativeFoundation
0x000000011d327000 	/System/Library/Frameworks/JavaVM.framework/Versions/A/JavaVM
0x000000000646b000 	/System/Library/Frameworks/Carbon.framework/Versions/A/Carbon
0x0000000108ff4000 	/System/Library/PrivateFrameworks/JavaLaunching.framework/Versions/A/JavaLaunching
0x000000000646b000 	/System/Library/Frameworks/Carbon.framework/Versions/A/Frameworks/CommonPanels.framework/Versions/A/CommonPanels
0x000000000646b000 	/System/Library/Frameworks/Carbon.framework/Versions/A/Frameworks/Help.framework/Versions/A/Help
0x000000000646b000 	/System/Library/Frameworks/Carbon.framework/Versions/A/Frameworks/ImageCapture.framework/Versions/A/ImageCapture
0x000000000646b000 	/System/Library/Frameworks/Carbon.framework/Versions/A/Frameworks/OpenScripting.framework/Versions/A/OpenScripting
0x000000000646b000 	/System/Library/Frameworks/Carbon.framework/Versions/A/Frameworks/Print.framework/Versions/A/Print
0x000000000646b000 	/System/Library/Frameworks/Carbon.framework/Versions/A/Frameworks/SecurityHI.framework/Versions/A/SecurityHI
0x000000011f25e000 	/Library/Java/JavaVirtualMachines/jdk1.8.0_60.jdk/Contents/Home/jre/lib/libawt.dylib
0x000000011f306000 	/Library/Java/JavaVirtualMachines/jdk1.8.0_60.jdk/Contents/Home/jre/lib/./libmlib_image.dylib
0x000000011f3d2000 	/Library/Java/JavaVirtualMachines/jdk1.8.0_60.jdk/Contents/Home/jre/lib/libawt_lwawt.dylib
0x000000011f487000 	/Library/Java/JavaVirtualMachines/jdk1.8.0_60.jdk/Contents/Home/jre/lib/./libosxapp.dylib
0x000000000646b000 	/System/Library/Frameworks/ExceptionHandling.framework/Versions/A/ExceptionHandling
0x000000000646b000 	/System/Library/PrivateFrameworks/CoreServicesInternal.framework/Versions/A/CoreServicesInternal
0x000000000646b000 	/System/Library/PrivateFrameworks/CloudDocs.framework/Versions/A/CloudDocs
0x000000000646b000 	/System/Library/PrivateFrameworks/CoreDuet.framework/Versions/A/CoreDuet
0x000000000646b000 	/System/Library/Frameworks/CloudKit.framework/Versions/A/CloudKit
0x000000000646b000 	/System/Library/PrivateFrameworks/ProtocolBuffer.framework/Versions/A/ProtocolBuffer
0x000000000646b000 	/System/Library/PrivateFrameworks/CoreDuetDaemonProtocol.framework/Versions/A/CoreDuetDaemonProtocol
0x000000000646b000 	/System/Library/PrivateFrameworks/CoreDuetDebugLogging.framework/Versions/A/CoreDuetDebugLogging
0x000000000646b000 	/System/Library/PrivateFrameworks/MMCS.framework/Versions/A/MMCS
0x000000000646b000 	/System/Library/Frameworks/CoreLocation.framework/Versions/A/CoreLocation
0x000000000646b000 	/System/Library/PrivateFrameworks/ProtectedCloudStorage.framework/Versions/A/ProtectedCloudStorage
0x000000000646b000 	/System/Library/PrivateFrameworks/GeoServices.framework/Versions/A/GeoServices
0x0000000120d02000 	/System/Library/Frameworks/CoreGraphics.framework/Versions/A/Resources/libCGCMS.A.dylib
0x00000001217e5000 	/System/Library/Frameworks/CoreGraphics.framework/Versions/A/Resources/libRIP.A.dylib
0x0000000121a5a000 	/System/Library/Frameworks/CoreGraphics.framework/Versions/A/Resources/libCGXType.A.dylib
0x000000000646b000 	/System/Library/Frameworks/OpenCL.framework/Versions/A/Libraries/libcldcpuengine.dylib
0x000000000646b000 	/System/Library/PrivateFrameworks/DiskImages.framework/Versions/A/DiskImages
0x000000000646b000 	/System/Library/Frameworks/DiscRecording.framework/Versions/A/DiscRecording
0x000000000646b000 	/usr/lib/libcsfde.dylib
0x000000000646b000 	/usr/lib/libcurl.4.dylib
0x000000000646b000 	/System/Library/PrivateFrameworks/MediaKit.framework/Versions/A/MediaKit
0x000000000646b000 	/usr/lib/libCoreStorage.dylib
0x000000000646b000 	/System/Library/PrivateFrameworks/EFILogin.framework/Versions/A/EFILogin
0x000000000646b000 	/usr/lib/libutil.dylib
0x000000000646b000 	/System/Library/PrivateFrameworks/FindMyDevice.framework/Versions/A/FindMyDevice
0x000000000646b000 	/System/Library/Frameworks/LDAP.framework/Versions/A/LDAP
0x000000000646b000 	/usr/lib/libsasl2.2.dylib
0x000000000646b000 	/System/Library/PrivateFrameworks/CoreDaemon.framework/Versions/B/CoreDaemon
0x000000000646b000 	/usr/lib/libcrypto.0.9.8.dylib
0x000000000646b000 	/System/Library/PrivateFrameworks/AppleSRP.framework/Versions/A/AppleSRP
0x000000000646b000 	/System/Library/PrivateFrameworks/TrustEvaluationAgent.framework/Versions/A/TrustEvaluationAgent
0x00000001224ca000 	cl_kernels
0x00000001224cc000 	/System/Library/Frameworks/OpenCL.framework/Versions/A/Libraries/ImageFormats/unorm8_bgra.dylib
0x00000001224bb000 	cl_kernels
0x000000000646b000 	/System/Library/PrivateFrameworks/FamilyControls.framework/Versions/A/FamilyControls
0x000000000646b000 	/System/Library/PrivateFrameworks/CommerceKit.framework/Versions/A/Frameworks/CommerceCore.framework/Versions/A/CommerceCore
0x000000000646b000 	/System/Library/PrivateFrameworks/SystemAdministration.framework/Versions/A/SystemAdministration
0x000000000646b000 	/System/Library/PrivateFrameworks/AppContainer.framework/Versions/A/AppContainer
0x000000000646b000 	/System/Library/PrivateFrameworks/SecCodeWrapper.framework/Versions/A/SecCodeWrapper
0x000000000646b000 	/System/Library/Frameworks/DirectoryService.framework/Versions/A/DirectoryService
0x000000000646b000 	/System/Library/PrivateFrameworks/LoginUIKit.framework/Versions/A/Frameworks/LoginUICore.framework/Versions/A/LoginUICore
0x000000000646b000 	/usr/lib/libodfde.dylib
0x00000001237b5000 	/System/Library/Frameworks/OpenGL.framework/Resources/GLEngine.bundle/GLEngine
0x000000000646b000 	/System/Library/Frameworks/OpenGL.framework/Versions/A/Libraries/libGLProgrammability.dylib
0x00000001239a0000 	/System/Library/Extensions/AppleIntelHD4000GraphicsGLDriver.bundle/Contents/MacOS/AppleIntelHD4000GraphicsGLDriver
0x000000000646b000 	/System/Library/PrivateFrameworks/IOAccelerator.framework/Versions/A/IOAccelerator
0x000000000646b000 	/System/Library/PrivateFrameworks/GPUSupport.framework/Versions/A/Libraries/libGPUSupportMercury.dylib
0x0000000123fff000 	/System/Library/Frameworks/OpenGL.framework/Resources//GLRendererFloat.bundle/GLRendererFloat
0x00000001249c0000 	/Library/Java/JavaVirtualMachines/jdk1.8.0_60.jdk/Contents/Home/jre/lib/libfontmanager.dylib
0x0000000125c65000 	/Library/Java/JavaVirtualMachines/jdk1.8.0_60.jdk/Contents/Home/jre/lib/libosxui.dylib
0x0000000125f0e000 	/Library/Java/JavaVirtualMachines/jdk1.8.0_60.jdk/Contents/Home/jre/lib/libnet.dylib
0x0000000125d1d000 	/Library/Java/JavaVirtualMachines/jdk1.8.0_60.jdk/Contents/Home/jre/lib/libnio.dylib
0x000000000646b000 	/System/Library/Frameworks/ApplicationServices.framework/Versions/A/Frameworks/ATS.framework/Versions/A/Resources/libTrueTypeScaler.dylib
0x0000000184e66000 	/private/var/folders/kq/rmq3xm_n5gb1c7xnh6sk0dkr0000gn/T/jogamp_0000/file_cache/jln5101380733172785110/jln2524335887288583395/libgluegen-rt.jnilib
0x0000000125d2d000 	/private/var/folders/kq/rmq3xm_n5gb1c7xnh6sk0dkr0000gn/T/jogamp_0000/file_cache/jln5101380733172785110/jln2524335887288583395/libnativewindow_awt.jnilib
0x0000000184e6a000 	/Library/Java/JavaVirtualMachines/jdk1.8.0_60.jdk/Contents/Home/jre/lib/libjawt.dylib
0x0000000184e6d000 	/private/var/folders/kq/rmq3xm_n5gb1c7xnh6sk0dkr0000gn/T/jogamp_0000/file_cache/jln5101380733172785110/jln2524335887288583395/libnativewindow_macosx.jnilib
0x0000000186e01000 	/private/var/folders/kq/rmq3xm_n5gb1c7xnh6sk0dkr0000gn/T/jogamp_0000/file_cache/jln5101380733172785110/jln2524335887288583395/libjogl_desktop.jnilib
0x000000018c9a1000 	/Library/Java/JavaVirtualMachines/jdk1.8.0_60.jdk/Contents/Home/jre/lib/libt2k.dylib

VM Arguments:
jvm_args: -Djava.security.policy=java.policy.applet -Dfile.encoding=UTF-8 
java_command: sun.applet.AppletViewer module5.EarthquakeCityMap1443892650529.html
java_class_path (initial): /Users/kishwarkumar/Documents/workspace/UCSDUnfoldingMaps/build:/Users/kishwarkumar/Documents/workspace/UCSDUnfoldingMaps/lib/core.jar:/Users/kishwarkumar/Documents/workspace/UCSDUnfoldingMaps/lib/gluegen-rt.jar:/Users/kishwarkumar/Documents/workspace/UCSDUnfoldingMaps/lib/jogl-all.jar:/Users/kishwarkumar/Documents/workspace/UCSDUnfoldingMaps/lib/log4j-1.2.15.jar:/Users/kishwarkumar/Documents/workspace/UCSDUnfoldingMaps/lib/sqlite-jdbc-3.7.2.jar:/Users/kishwarkumar/Documents/workspace/UCSDUnfoldingMaps/lib/json4processing.jar:/Users/kishwarkumar/Documents/workspace/UCSDUnfoldingMaps/lib/libTUIO.jar:/Users/kishwarkumar/Documents/workspace/UCSDUnfoldingMaps/lib/unfolding.0.9.7-uscd.jar
Launcher Type: SUN_STANDARD

Environment Variables:
PATH=/usr/bin:/bin:/usr/sbin:/sbin
SHELL=/bin/bash
DISPLAY=/private/tmp/com.apple.launchd.aIaLzYblor/org.macosforge.xquartz:0

Signal Handlers:
SIGSEGV: [libjvm.dylib+0x5a6d31], sa_mask[0]=11111111011111110111111111111111, sa_flags=SA_ONSTACK|SA_RESTART|SA_SIGINFO
SIGBUS: [libjvm.dylib+0x5a6d31], sa_mask[0]=11111111011111110111111111111111, sa_flags=SA_RESTART|SA_SIGINFO
SIGFPE: [libjvm.dylib+0x480a4c], sa_mask[0]=11111111011111110111111111111111, sa_flags=SA_RESTART|SA_SIGINFO
SIGPIPE: [libjvm.dylib+0x480a4c], sa_mask[0]=11111111011111110111111111111111, sa_flags=SA_RESTART|SA_SIGINFO
SIGXFSZ: [libjvm.dylib+0x480a4c], sa_mask[0]=11111111011111110111111111111111, sa_flags=SA_RESTART|SA_SIGINFO
SIGILL: [libjvm.dylib+0x480a4c], sa_mask[0]=11111111011111110111111111111111, sa_flags=SA_RESTART|SA_SIGINFO
SIGUSR1: SIG_DFL, sa_mask[0]=00000000000000000000000000000000, sa_flags=none
SIGUSR2: [libjvm.dylib+0x48056a], sa_mask[0]=00100000000000000000000000000000, sa_flags=SA_RESTART|SA_SIGINFO
SIGHUP: [libjvm.dylib+0x47eb41], sa_mask[0]=11111111011111110111111111111111, sa_flags=SA_RESTART|SA_SIGINFO
SIGINT: [libjvm.dylib+0x47eb41], sa_mask[0]=11111111011111110111111111111111, sa_flags=SA_RESTART|SA_SIGINFO
SIGTERM: [libjvm.dylib+0x47eb41], sa_mask[0]=11111111011111110111111111111111, sa_flags=SA_RESTART|SA_SIGINFO
SIGQUIT: [libjvm.dylib+0x47eb41], sa_mask[0]=11111111011111110111111111111111, sa_flags=SA_RESTART|SA_SIGINFO


---------------  S Y S T E M  ---------------

OS:Bsduname:Darwin 14.5.0 Darwin Kernel Version 14.5.0: Wed Jul 29 02:26:53 PDT 2015; root:xnu-2782.40.9~1/RELEASE_X86_64 x86_64
rlimit: STACK 8192k, CORE 0k, NPROC 709, NOFILE 10240, AS infinity
load average:1.02 1.25 1.34

CPU:total 4 (2 cores per cpu, 2 threads per core) family 6 model 58 stepping 9, cmov, cx8, fxsr, mmx, sse, sse2, sse3, ssse3, sse4.1, sse4.2, popcnt, avx, aes, clmul, erms, ht, tsc, tscinvbit, tscinv

Memory: 4k page, physical 4194304k(246596k free)

/proc/meminfo:


vm_info: Java HotSpot(TM) 64-Bit Server VM (25.60-b23) for bsd-amd64 JRE (1.8.0_60-b27), built on Aug  4 2015 10:47:24 by "java_re" with gcc 4.2.1 (Based on Apple Inc. build 5658) (LLVM build 2336.11.00)

time: Sat Oct  3 19:18:28 2015
elapsed time: 57 seconds (0d 0h 0m 57s)

