#
# A fatal error has been detected by the Java Runtime Environment:
#
#  SIGSEGV (0xb) at pc=0x00007fff8ca540dd, pid=1444, tid=1811
#
# JRE version: Java(TM) SE Runtime Environment (8.0_60-b27) (build 1.8.0_60-b27)
# Java VM: Java HotSpot(TM) 64-Bit Server VM (25.60-b23 mixed mode bsd-amd64 compressed oops)
# Problematic frame:
# C  [libobjc.A.dylib+0x10dd]  objc_msgSend+0x1d
#
# Failed to write core dump. Core dumps have been disabled. To enable core dumping, try "ulimit -c unlimited" before starting Java again
#
# If you would like to submit a bug report, please visit:
#   http://bugreport.java.com/bugreport/crash.jsp
# The crash happened outside the Java Virtual Machine in native code.
# See problematic frame for where to report the bug.
#

---------------  T H R E A D  ---------------

Current thread (0x00007fb3d111a000):  JavaThread "AWT-AppKit" daemon [_thread_in_native, id=1811, stack(0x00007fff586fe000,0x00007fff58efe000)]

siginfo: si_signo: 11 (SIGSEGV), si_code: 1 (SEGV_MAPERR), si_addr: 0x0000000000000018

Registers:
RAX=0x00007fb3d533dd90, RBX=0x0000000183e41450, RCX=0x0000000124a539c0, RDX=0x0000000124a53460
RSP=0x00007fff58ef9448, RBP=0x00007fff58ef9500, RSI=0x00007fff8d18540f, RDI=0x00007fb3d5612380
R8 =0x0000000000000000, R9 =0x0000000000000f50, R10=0x00007fff8d18540f, R11=0x0000000000000000
R12=0x0000000000000000, R13=0x0000000185c2b4f0, R14=0x0000000183e41440, R15=0x00007fb3d111a000
RIP=0x00007fff8ca540dd, EFLAGS=0x0000000000010246, ERR=0x0000000000000004
  TRAPNO=0x000000000000000e

Top of Stack: (sp=0x00007fff58ef9448)
0x00007fff58ef9448:   0000000183e3f157 00007fff58ef94a0
0x00007fff58ef9458:   0000000000000003 00007fff58ef9480
0x00007fff58ef9468:   0000000106ff2992 0000000185c2b4f0
0x00007fff58ef9478:   0000000185c2b4f0 00007fb3d533dd90
0x00007fff58ef9488:   0000000183e416a0 0000000183e41710
0x00007fff58ef9498:   00007fff77e39550 00007fff76bfcc80
0x00007fff58ef94a8:   0000000183e41450 0000000183e41690
0x00007fff58ef94b8:   00007fb3d533dd90 00007fb3d5612380
0x00007fff58ef94c8:   00007fb3d0f4ffd0 00007fb3d533dd90
0x00007fff58ef94d8:   00007fb3d5612380 00007fff58ef9588
0x00007fff58ef94e8:   00007fb3d111a1f8 0000000185c2b4f0
0x00007fff58ef94f8:   00007fff58ef95b0 00007fff58ef9578
0x00007fff58ef9508:   0000000108815954 0000000185c2b4f0
0x00007fff58ef9518:   00007fff58ef95b0 00007fff58ef9578
0x00007fff58ef9528:   00000001088156e7 00000001088156a2
0x00007fff58ef9538:   00007fff58ef9538 0000000185c2b4f0
0x00007fff58ef9548:   00007fff58ef95b0 0000000185c2e128
0x00007fff58ef9558:   0000000000000000 0000000185c2b4f0
0x00007fff58ef9568:   0000000000000000 00007fff58ef9598
0x00007fff58ef9578:   00007fff58ef95f8 0000000108807c4d
0x00007fff58ef9588:   00000007808ac168 000000010880f578
0x00007fff58ef9598:   00007fb3d533dd90 00007fff58ef95f8
0x00007fff58ef95a8:   00007fb3d5612380 0000000108810d82
0x00007fff58ef95b8:   00007fff58ef95b8 0000000185c2b6ba
0x00007fff58ef95c8:   00007fff58ef9620 0000000185c2e128
0x00007fff58ef95d8:   0000000000000000 0000000185c2b6c8
0x00007fff58ef95e8:   00007fff58ef9598 00007fff58ef9608
0x00007fff58ef95f8:   00007fff58ef9668 0000000108807c4d
0x00007fff58ef9608:   00007fb3d533dd90 0000000780cc3e68
0x00007fff58ef9618:   00007fb3d5612380 0000000780cc3e68
0x00007fff58ef9628:   00007fff58ef9628 000000018d3eac0e
0x00007fff58ef9638:   00007fff58ef9678 000000018d3eacc8 

Instructions: (pc=0x00007fff8ca540dd)
0x00007fff8ca540bd:   00 00 00 48 85 ff 2e 74 7a 40 f6 c7 01 2e 75 7e
0x00007fff8ca540cd:   49 bb f8 ff ff ff ff 7f 00 00 4c 23 1f 49 89 f2
0x00007fff8ca540dd:   45 23 53 18 49 c1 e2 04 4d 03 53 10 49 3b 32 75
0x00007fff8ca540ed:   04 41 ff 62 08 49 83 3a 00 74 6a 4d 3b 53 10 74 

Register to memory mapping:

RAX=0x00007fb3d533dd90 is an unknown value
RBX=0x0000000183e41450: Java_jogamp_nativewindow_macosx_OSXUtil_GetScreenRefreshRate0+0x1cf0 in /private/var/folders/kq/rmq3xm_n5gb1c7xnh6sk0dkr0000gn/T/jogamp_0000/file_cache/jln2067899198174944844/jln3215836837160686733/libnativewindow_macosx.jnilib at 0x0000000183e3a000
RCX=0x0000000124a539c0 is an unknown value
RDX=0x0000000124a53460 is an unknown value
RSP=0x00007fff58ef9448 is pointing into the stack for thread: 0x00007fb3d111a000
RBP=0x00007fff58ef9500 is pointing into the stack for thread: 0x00007fb3d111a000
RSI=0x00007fff8d18540f is an unknown value
RDI=0x00007fb3d5612380 is an unknown value
R8 =0x0000000000000000 is an unknown value
R9 =0x0000000000000f50 is an unknown value
R10=0x00007fff8d18540f is an unknown value
R11=0x0000000000000000 is an unknown value
R12=0x0000000000000000 is an unknown value
R13={method} {0x0000000185c2b4f0} 'UnsetJAWTRootSurfaceLayer0' '(JJ)V' in 'jogamp/nativewindow/jawt/macosx/MacOSXJAWTWindow'
R14=0x0000000183e41440: Java_jogamp_nativewindow_macosx_OSXUtil_GetScreenRefreshRate0+0x1ce0 in /private/var/folders/kq/rmq3xm_n5gb1c7xnh6sk0dkr0000gn/T/jogamp_0000/file_cache/jln2067899198174944844/jln3215836837160686733/libnativewindow_macosx.jnilib at 0x0000000183e3a000
R15=0x00007fb3d111a000 is a thread


Stack: [0x00007fff586fe000,0x00007fff58efe000],  sp=0x00007fff58ef9448,  free space=8173k
Native frames: (J=compiled Java code, j=interpreted, Vv=VM code, C=native code)
C  [libobjc.A.dylib+0x10dd]  objc_msgSend+0x1d
j  jogamp.nativewindow.jawt.macosx.MacOSXJAWTWindow.UnsetJAWTRootSurfaceLayer0(JJ)V+0
j  jogamp.nativewindow.jawt.macosx.MacOSXJAWTWindow.access$200(JJ)V+2
j  jogamp.nativewindow.jawt.macosx.MacOSXJAWTWindow$1.run()V+38
J 2406 C1 com.jogamp.common.util.RunnableTask.run()V (345 bytes) @ 0x0000000108fcb5d4 [0x0000000108fcb440+0x194]
v  ~StubRoutines::call_stub
V  [libjvm.dylib+0x2eab0e]
V  [libjvm.dylib+0x321bb7]
V  [libjvm.dylib+0x31438b]
C  [libnativewindow_macosx.jnilib+0x5326]  Java_jogamp_nativewindow_jawt_macosx_MacOSXJAWTWindow_UnsetJAWTRootSurfaceLayer0+0x2b6
C  [Foundation+0x92dd0]  __NSThreadPerformPerform+0x125
C  [CoreFoundation+0x80a01]  __CFRUNLOOP_IS_CALLING_OUT_TO_A_SOURCE0_PERFORM_FUNCTION__+0x11
C  [CoreFoundation+0x72c5c]  __CFRunLoopDoSources0+0x1dc
C  [CoreFoundation+0x721bf]  __CFRunLoopRun+0x39f
C  [CoreFoundation+0x71bd8]  CFRunLoopRunSpecific+0x128
C  [HIToolbox+0x3256f]  RunCurrentEventLoopInMode+0xeb
C  [HIToolbox+0x321ee]  ReceiveNextEventCommon+0xb3
C  [HIToolbox+0x3212b]  _BlockUntilNextEventMatchingListInModeWithFilter+0x47
C  [AppKit+0x918ab]  _DPSNextEvent+0x3d2
C  [AppKit+0x90e58]  -[NSApplication nextEventMatchingMask:untilDate:inMode:dequeue:]+0x15a
C  [libosxapp.dylib+0x23aa]  -[NSApplicationAWT nextEventMatchingMask:untilDate:inMode:dequeue:]+0x7c
C  [AppKit+0x86af3]  -[NSApplication run]+0x252
C  [libosxapp.dylib+0x214d]  +[NSApplicationAWT runAWTLoopWithApp:]+0x9c
C  [libawt_lwawt.dylib+0x44517]  -[AWTStarter starter:]+0x389
C  [Foundation+0x92dd0]  __NSThreadPerformPerform+0x125
C  [CoreFoundation+0x80a01]  __CFRUNLOOP_IS_CALLING_OUT_TO_A_SOURCE0_PERFORM_FUNCTION__+0x11
C  [CoreFoundation+0x72b8d]  __CFRunLoopDoSources0+0x10d
C  [CoreFoundation+0x721bf]  __CFRunLoopRun+0x39f
C  [CoreFoundation+0x71bd8]  CFRunLoopRunSpecific+0x128
C  [java+0x6463]  CreateExecutionEnvironment+0x367
C  [java+0x21ac]  JLI_Launch+0x7a0
C  [java+0x84c0]  main+0x65
C  [java+0x1a04]  start+0x34
C  0x0000000000000007

Java frames: (J=compiled Java code, j=interpreted, Vv=VM code)
j  jogamp.nativewindow.jawt.macosx.MacOSXJAWTWindow.UnsetJAWTRootSurfaceLayer0(JJ)V+0
j  jogamp.nativewindow.jawt.macosx.MacOSXJAWTWindow.access$200(JJ)V+2
j  jogamp.nativewindow.jawt.macosx.MacOSXJAWTWindow$1.run()V+38
J 2406 C1 com.jogamp.common.util.RunnableTask.run()V (345 bytes) @ 0x0000000108fcb5d4 [0x0000000108fcb440+0x194]
v  ~StubRoutines::call_stub

---------------  P R O C E S S  ---------------

Java Threads: ( => current thread )
  0x00007fb3d107a000 JavaThread "Thread-189" [_thread_blocked, id=63807, stack(0x00000001925df000,0x00000001926df000)]
  0x00007fb3d2d08800 JavaThread "Keep-Alive-Timer" daemon [_thread_blocked, id=34787, stack(0x0000000191781000,0x0000000191881000)]
  0x00007fb3d2b94800 JavaThread "AWT-EventQueue-1" [_thread_in_native, id=56851, stack(0x000000018444a000,0x000000018454a000)]
  0x00007fb3d28c1000 JavaThread "DestroyJavaVM" [_thread_blocked, id=3331, stack(0x0000000107d8b000,0x0000000107e8b000)]
  0x00007fb3d2a1f000 JavaThread "AWT-EventQueue-0" [_thread_blocked, id=55047, stack(0x0000000124ae0000,0x0000000124be0000)]
  0x00007fb3d29fc800 JavaThread "Java2D Disposer" daemon [_thread_blocked, id=51223, stack(0x000000012385c000,0x000000012395c000)]
  0x00007fb3d20f7000 JavaThread "Java2D Queue Flusher" daemon [_thread_blocked, id=49671, stack(0x0000000122651000,0x0000000122751000)]
  0x00007fb3d10ff000 JavaThread "AWT-Shutdown" [_thread_blocked, id=28435, stack(0x000000011fcb0000,0x000000011fdb0000)]
=>0x00007fb3d111a000 JavaThread "AWT-AppKit" daemon [_thread_in_native, id=1811, stack(0x00007fff586fe000,0x00007fff58efe000)]
  0x00007fb3d1820800 JavaThread "Service Thread" daemon [_thread_blocked, id=18179, stack(0x000000011df38000,0x000000011e038000)]
  0x00007fb3d1817800 JavaThread "C1 CompilerThread2" daemon [_thread_blocked, id=17667, stack(0x000000011de35000,0x000000011df35000)]
  0x00007fb3d1817000 JavaThread "C2 CompilerThread1" daemon [_thread_blocked, id=17155, stack(0x000000011dd32000,0x000000011de32000)]
  0x00007fb3d1815000 JavaThread "C2 CompilerThread0" daemon [_thread_blocked, id=16643, stack(0x000000011dc2f000,0x000000011dd2f000)]
  0x00007fb3d180b800 JavaThread "Signal Dispatcher" daemon [_thread_blocked, id=12559, stack(0x000000011db2c000,0x000000011dc2c000)]
  0x00007fb3d1810800 JavaThread "Finalizer" daemon [_thread_blocked, id=11523, stack(0x000000011c109000,0x000000011c209000)]
  0x00007fb3d180f800 JavaThread "Reference Handler" daemon [_thread_blocked, id=11011, stack(0x000000011c006000,0x000000011c106000)]

Other Threads:
  0x00007fb3d1034800 VMThread [stack: 0x000000011bf03000,0x000000011c003000] [id=10499]
  0x00007fb3d100e000 WatcherThread [stack: 0x000000011e03b000,0x000000011e13b000] [id=18691]

VM state:not at safepoint (normal execution)

VM Mutex/Monitor currently owned by a thread: None

Heap:
 PSYoungGen      total 35840K, used 13171K [0x00000007aab00000, 0x00000007ad980000, 0x00000007c0000000)
  eden space 25088K, 20% used [0x00000007aab00000,0x00000007ab014b50,0x00000007ac380000)
  from space 10752K, 74% used [0x00000007ace80000,0x00000007ad648200,0x00000007ad900000)
  to   space 11264K, 0% used [0x00000007ac380000,0x00000007ac380000,0x00000007ace80000)
 ParOldGen       total 66560K, used 52496K [0x0000000780000000, 0x0000000784100000, 0x00000007aab00000)
  object space 66560K, 78% used [0x0000000780000000,0x00000007833443c0,0x0000000784100000)
 Metaspace       used 21414K, capacity 21591K, committed 21808K, reserved 1069056K
  class space    used 2048K, capacity 2112K, committed 2176K, reserved 1048576K

Card table byte_map: [0x0000000117bc0000,0x0000000117dc1000] byte_map_base: 0x0000000113fc0000

Marking Bits: (ParMarkBitMap*) 0x00000001076dfe20
 Begin Bits: [0x0000000118220000, 0x0000000119220000)
 End Bits:   [0x0000000119220000, 0x000000011a220000)

Polling page: 0x0000000107ed0000

CodeCache: size=245760Kb used=10065Kb max_used=10097Kb free=235694Kb
 bounds [0x0000000108800000, 0x0000000109200000, 0x0000000117800000]
 total_blobs=3709 nmethods=2817 adapters=805
 compilation: enabled

Compilation events (10 events):
Event: 36.622 Thread 0x00007fb3d1815000 nmethod 3299 0x0000000108e33ad0 code [0x0000000108e33c40, 0x0000000108e33da8]
Event: 36.637 Thread 0x00007fb3d1815000 3300       4       processing.opengl.PGraphicsOpenGL::setDrawDefaults (460 bytes)
Event: 36.692 Thread 0x00007fb3d1815000 nmethod 3300 0x00000001091d7950 code [0x00000001091d7e40, 0x00000001091d9ca8]
Event: 36.692 Thread 0x00007fb3d1815000 3301       4       jogamp.opengl.gl4.GL4bcImpl::glBlitFramebuffer (68 bytes)
Event: 36.694 Thread 0x00007fb3d1815000 nmethod 3301 0x0000000108e31d50 code [0x0000000108e31ec0, 0x0000000108e32068]
Event: 36.793 Thread 0x00007fb3d1817000 nmethod 3298 0x00000001091e39d0 code [0x00000001091e3e80, 0x00000001091e9980]
Event: 37.358 Thread 0x00007fb3d1815000 3302       4       processing.core.PApplet::color (94 bytes)
Event: 37.359 Thread 0x00007fb3d1815000 nmethod 3302 0x0000000108e35dd0 code [0x0000000108e35f20, 0x0000000108e35fe8]
Event: 39.049 Thread 0x00007fb3d1817800 3303       1       sun.java2d.SurfaceData::isValid (5 bytes)
Event: 39.049 Thread 0x00007fb3d1817800 nmethod 3303 0x00000001091c3290 code [0x00000001091c33e0, 0x00000001091c34f0]

GC Heap History (10 events):
Event: 32.267 GC heap before
{Heap before GC invocations=30 (full 2):
 PSYoungGen      total 36864K, used 28736K [0x00000007aab00000, 0x00000007adb00000, 0x00000007c0000000)
  eden space 28672K, 100% used [0x00000007aab00000,0x00000007ac700000,0x00000007ac700000)
  from space 8192K, 0% used [0x00000007ac700000,0x00000007ac710000,0x00000007acf00000)
  to   space 8192K, 0% used [0x00000007ad300000,0x00000007ad300000,0x00000007adb00000)
 ParOldGen       total 66560K, used 52488K [0x0000000780000000, 0x0000000784100000, 0x00000007aab00000)
  object space 66560K, 78% used [0x0000000780000000,0x00000007833423c0,0x0000000784100000)
 Metaspace       used 21371K, capacity 21591K, committed 21808K, reserved 1069056K
  class space    used 2040K, capacity 2112K, committed 2176K, reserved 1048576K
Event: 32.268 GC heap after
Heap after GC invocations=30 (full 2):
 PSYoungGen      total 31744K, used 128K [0x00000007aab00000, 0x00000007ad680000, 0x00000007c0000000)
  eden space 28160K, 0% used [0x00000007aab00000,0x00000007aab00000,0x00000007ac680000)
  from space 3584K, 3% used [0x00000007ad300000,0x00000007ad320000,0x00000007ad680000)
  to   space 8192K, 0% used [0x00000007ac680000,0x00000007ac680000,0x00000007ace80000)
 ParOldGen       total 66560K, used 52488K [0x0000000780000000, 0x0000000784100000, 0x00000007aab00000)
  object space 66560K, 78% used [0x0000000780000000,0x00000007833423c0,0x0000000784100000)
 Metaspace       used 21371K, capacity 21591K, committed 21808K, reserved 1069056K
  class space    used 2040K, capacity 2112K, committed 2176K, reserved 1048576K
}
Event: 33.655 GC heap before
{Heap before GC invocations=31 (full 2):
 PSYoungGen      total 31744K, used 28288K [0x00000007aab00000, 0x00000007ad680000, 0x00000007c0000000)
  eden space 28160K, 100% used [0x00000007aab00000,0x00000007ac680000,0x00000007ac680000)
  from space 3584K, 3% used [0x00000007ad300000,0x00000007ad320000,0x00000007ad680000)
  to   space 8192K, 0% used [0x00000007ac680000,0x00000007ac680000,0x00000007ace80000)
 ParOldGen       total 66560K, used 52488K [0x0000000780000000, 0x0000000784100000, 0x00000007aab00000)
  object space 66560K, 78% used [0x0000000780000000,0x00000007833423c0,0x0000000784100000)
 Metaspace       used 21371K, capacity 21591K, committed 21808K, reserved 1069056K
  class space    used 2040K, capacity 2112K, committed 2176K, reserved 1048576K
Event: 33.657 GC heap after
Heap after GC invocations=31 (full 2):
 PSYoungGen      total 31744K, used 3920K [0x00000007aab00000, 0x00000007ad600000, 0x00000007c0000000)
  eden space 27648K, 0% used [0x00000007aab00000,0x00000007aab00000,0x00000007ac600000)
  from space 4096K, 95% used [0x00000007ac680000,0x00000007aca54110,0x00000007aca80000)
  to   space 8192K, 0% used [0x00000007ace00000,0x00000007ace00000,0x00000007ad600000)
 ParOldGen       total 66560K, used 52488K [0x0000000780000000, 0x0000000784100000, 0x00000007aab00000)
  object space 66560K, 78% used [0x0000000780000000,0x00000007833423c0,0x0000000784100000)
 Metaspace       used 21371K, capacity 21591K, committed 21808K, reserved 1069056K
  class space    used 2040K, capacity 2112K, committed 2176K, reserved 1048576K
}
Event: 34.331 GC heap before
{Heap before GC invocations=32 (full 2):
 PSYoungGen      total 31744K, used 31568K [0x00000007aab00000, 0x00000007ad600000, 0x00000007c0000000)
  eden space 27648K, 100% used [0x00000007aab00000,0x00000007ac600000,0x00000007ac600000)
  from space 4096K, 95% used [0x00000007ac680000,0x00000007aca54110,0x00000007aca80000)
  to   space 8192K, 0% used [0x00000007ace00000,0x00000007ace00000,0x00000007ad600000)
 ParOldGen       total 66560K, used 52488K [0x0000000780000000, 0x0000000784100000, 0x00000007aab00000)
  object space 66560K, 78% used [0x0000000780000000,0x00000007833423c0,0x0000000784100000)
 Metaspace       used 21380K, capacity 21591K, committed 21808K, reserved 1069056K
  class space    used 2040K, capacity 2112K, committed 2176K, reserved 1048576K
Event: 34.336 GC heap after
Heap after GC invocations=32 (full 2):
 PSYoungGen      total 34304K, used 8000K [0x00000007aab00000, 0x00000007ad880000, 0x00000007c0000000)
  eden space 26112K, 0% used [0x00000007aab00000,0x00000007aab00000,0x00000007ac480000)
  from space 8192K, 97% used [0x00000007ace00000,0x00000007ad5d0200,0x00000007ad600000)
  to   space 9728K, 0% used [0x00000007ac480000,0x00000007ac480000,0x00000007ace00000)
 ParOldGen       total 66560K, used 52496K [0x0000000780000000, 0x0000000784100000, 0x00000007aab00000)
  object space 66560K, 78% used [0x0000000780000000,0x00000007833443c0,0x0000000784100000)
 Metaspace       used 21380K, capacity 21591K, committed 21808K, reserved 1069056K
  class space    used 2040K, capacity 2112K, committed 2176K, reserved 1048576K
}
Event: 36.475 GC heap before
{Heap before GC invocations=33 (full 2):
 PSYoungGen      total 34304K, used 34112K [0x00000007aab00000, 0x00000007ad880000, 0x00000007c0000000)
  eden space 26112K, 100% used [0x00000007aab00000,0x00000007ac480000,0x00000007ac480000)
  from space 8192K, 97% used [0x00000007ace00000,0x00000007ad5d0200,0x00000007ad600000)
  to   space 9728K, 0% used [0x00000007ac480000,0x00000007ac480000,0x00000007ace00000)
 ParOldGen       total 66560K, used 52496K [0x0000000780000000, 0x0000000784100000, 0x00000007aab00000)
  object space 66560K, 78% used [0x0000000780000000,0x00000007833443c0,0x0000000784100000)
 Metaspace       used 21380K, capacity 21591K, committed 21808K, reserved 1069056K
  class space    used 2040K, capacity 2112K, committed 2176K, reserved 1048576K
Event: 36.478 GC heap after
Heap after GC invocations=33 (full 2):
 PSYoungGen      total 35328K, used 7936K [0x00000007aab00000, 0x00000007ad900000, 0x00000007c0000000)
  eden space 25600K, 0% used [0x00000007aab00000,0x00000007aab00000,0x00000007ac400000)
  from space 9728K, 81% used [0x00000007ac480000,0x00000007acc40200,0x00000007ace00000)
  to   space 10752K, 0% used [0x00000007ace80000,0x00000007ace80000,0x00000007ad900000)
 ParOldGen       total 66560K, used 52496K [0x0000000780000000, 0x0000000784100000, 0x00000007aab00000)
  object space 66560K, 78% used [0x0000000780000000,0x00000007833443c0,0x0000000784100000)
 Metaspace       used 21380K, capacity 21591K, committed 21808K, reserved 1069056K
  class space    used 2040K, capacity 2112K, committed 2176K, reserved 1048576K
}
Event: 38.652 GC heap before
{Heap before GC invocations=34 (full 2):
 PSYoungGen      total 35328K, used 33536K [0x00000007aab00000, 0x00000007ad900000, 0x00000007c0000000)
  eden space 25600K, 100% used [0x00000007aab00000,0x00000007ac400000,0x00000007ac400000)
  from space 9728K, 81% used [0x00000007ac480000,0x00000007acc40200,0x00000007ace00000)
  to   space 10752K, 0% used [0x00000007ace80000,0x00000007ace80000,0x00000007ad900000)
 ParOldGen       total 66560K, used 52496K [0x0000000780000000, 0x0000000784100000, 0x00000007aab00000)
  object space 66560K, 78% used [0x0000000780000000,0x00000007833443c0,0x0000000784100000)
 Metaspace       used 21380K, capacity 21591K, committed 21808K, reserved 1069056K
  class space    used 2040K, capacity 2112K, committed 2176K, reserved 1048576K
Event: 38.655 GC heap after
Heap after GC invocations=34 (full 2):
 PSYoungGen      total 35840K, used 7968K [0x00000007aab00000, 0x00000007ad980000, 0x00000007c0000000)
  eden space 25088K, 0% used [0x00000007aab00000,0x00000007aab00000,0x00000007ac380000)
  from space 10752K, 74% used [0x00000007ace80000,0x00000007ad648200,0x00000007ad900000)
  to   space 11264K, 0% used [0x00000007ac380000,0x00000007ac380000,0x00000007ace80000)
 ParOldGen       total 66560K, used 52496K [0x0000000780000000, 0x0000000784100000, 0x00000007aab00000)
  object space 66560K, 78% used [0x0000000780000000,0x00000007833443c0,0x0000000784100000)
 Metaspace       used 21380K, capacity 21591K, committed 21808K, reserved 1069056K
  class space    used 2040K, capacity 2112K, committed 2176K, reserved 1048576K
}

Deoptimization events (10 events):
Event: 39.033 Thread 0x00007fb3d2b94800 Uncommon trap: reason=unstable_if action=reinterpret pc=0x0000000108e3653c method=java.awt.EventQueue.isDispatchThreadImpl()Z @ 65
Event: 39.033 Thread 0x00007fb3d2a1f000 Uncommon trap: reason=unstable_if action=reinterpret pc=0x00000001091b3e84 method=java.awt.EventQueue.getPriority(Ljava/awt/AWTEvent;)I @ 71
Event: 39.033 Thread 0x00007fb3d2b94800 Uncommon trap: reason=unstable_if action=reinterpret pc=0x0000000108eae3e8 method=com.jogamp.common.util.VersionNumber.compareTo(Lcom/jogamp/common/util/VersionNumber;)I @ 21
Event: 39.035 Thread 0x00007fb3d2a1f000 Uncommon trap: reason=unstable_if action=reinterpret pc=0x00000001091e6cec method=sun.java2d.pipe.Region.intersectsQuickCheck(Lsun/java2d/pipe/Region;)Z @ 41
Event: 39.036 Thread 0x00007fb3d2a1f000 Uncommon trap: reason=unstable_if action=reinterpret pc=0x0000000108f2ed0c method=java.awt.Font.equals(Ljava/lang/Object;)Z @ 2
Event: 39.047 Thread 0x00007fb3d2a05800 Uncommon trap: reason=unstable_if action=reinterpret pc=0x0000000108dd2a48 method=java.util.HashMap.putVal(ILjava/lang/Object;Ljava/lang/Object;ZZ)Ljava/lang/Object; @ 81
Event: 39.047 Thread 0x00007fb3d2a05800 Uncommon trap: reason=unstable_if action=reinterpret pc=0x0000000108dbee58 method=java.util.HashMap.putVal(ILjava/lang/Object;Ljava/lang/Object;ZZ)Ljava/lang/Object; @ 81
Event: 39.068 Thread 0x00007fb3d2b94800 Uncommon trap: reason=unstable_if action=reinterpret pc=0x0000000108e35a58 method=java.util.LinkedList$ListItr.<init>(Ljava/util/LinkedList;I)V @ 26
Event: 39.069 Thread 0x00007fb3d2b94800 Uncommon trap: reason=unstable_if action=reinterpret pc=0x000000010908b598 method=java.security.AccessControlContext.optimize()Ljava/security/AccessControlContext; @ 233
Event: 39.070 Thread 0x00007fb3d2b94800 Uncommon trap: reason=unstable_if action=reinterpret pc=0x0000000108e37ec4 method=java.util.LinkedList$ListItr.<init>(Ljava/util/LinkedList;I)V @ 26

Internal exceptions (10 events):
Event: 0.201 Thread 0x00007fb3d2002000 Exception <a 'java/lang/NoSuchFieldError': method resolution failed> (0x00000007aad51250) thrown at [/Users/java_re/workspace/8-2-build-macosx-x86_64/jdk8u60/4407/hotspot/src/share/vm/prims/methodHandles.cpp, line 1146]
Event: 0.203 Thread 0x00007fb3d2002000 Exception <a 'java/lang/NoSuchFieldError': method resolution failed> (0x00000007aad5ea20) thrown at [/Users/java_re/workspace/8-2-build-macosx-x86_64/jdk8u60/4407/hotspot/src/share/vm/prims/methodHandles.cpp, line 1146]
Event: 0.368 Thread 0x00007fb3d2002000 Exception <a 'java/io/FileNotFoundException'> (0x00000007aaddaa18) thrown at [/Users/java_re/workspace/8-2-build-macosx-x86_64/jdk8u60/4407/hotspot/src/share/vm/prims/jni.cpp, line 709]
Event: 0.368 Thread 0x00007fb3d2002000 Exception <a 'java/io/FileNotFoundException'> (0x00000007aaddb598) thrown at [/Users/java_re/workspace/8-2-build-macosx-x86_64/jdk8u60/4407/hotspot/src/share/vm/prims/jni.cpp, line 709]
Event: 0.473 Thread 0x00007fb3d2002000 Exception <a 'java/io/FileNotFoundException'> (0x00000007aaec8e30) thrown at [/Users/java_re/workspace/8-2-build-macosx-x86_64/jdk8u60/4407/hotspot/src/share/vm/prims/jni.cpp, line 709]
Event: 2.050 Thread 0x00007fb3d1810800 Exception <a 'java/lang/NullPointerException'> (0x00000007aab8e870) thrown at [/Users/java_re/workspace/8-2-build-macosx-x86_64/jdk8u60/4407/hotspot/src/share/vm/interpreter/linkResolver.cpp, line 1178]
Event: 2.155 Thread 0x00007fb3d2bb5000 Exception <a 'java/lang/UnsatisfiedLinkError': com.jogamp.common.util.JarUtil.fixNativeLibAttribs(Ljava/lang/String;)Z> (0x00000007ab0424b0) thrown at [/Users/java_re/workspace/8-2-build-macosx-x86_64/jdk8u60/4407/hotspot/src/share/vm/prims/nativeLookup.c
Event: 3.103 Thread 0x00007fb3d2b94800 Exception <a 'java/io/FileNotFoundException'> (0x00000007ab4b0500) thrown at [/Users/java_re/workspace/8-2-build-macosx-x86_64/jdk8u60/4407/hotspot/src/share/vm/prims/jni.cpp, line 709]
Event: 3.104 Thread 0x00007fb3d2b94800 Exception <a 'java/io/FileNotFoundException'> (0x00000007ab4b9aa0) thrown at [/Users/java_re/workspace/8-2-build-macosx-x86_64/jdk8u60/4407/hotspot/src/share/vm/prims/jni.cpp, line 709]
Event: 3.104 Thread 0x00007fb3d2b94800 Implicit null exception at 0x00000001089b29b5 to 0x00000001089b2d19

Events (10 events):
Event: 39.070 Thread 0x00007fb3d2b94800 Uncommon trap: trap_request=0xffffff65 fr.pc=0x0000000108e37ec4
Event: 39.070 Thread 0x00007fb3d2b94800 DEOPT PACKING pc=0x0000000108e37ec4 sp=0x0000000184547950
Event: 39.070 Thread 0x00007fb3d2b94800 DEOPT UNPACKING pc=0x0000000108805229 sp=0x00000001845478a8 mode 2
Event: 39.070 Thread 0x00007fb3d2a05800 Thread exited: 0x00007fb3d2a05800
Event: 39.071 loading class java/awt/Window$1DisposeAction
Event: 39.071 loading class java/awt/Window$1DisposeAction done
Event: 39.080 Executing VM operation: RevokeBias
Event: 39.080 Executing VM operation: RevokeBias done
Event: 39.080 Thread 0x00007fb3d2e24800 Thread exited: 0x00007fb3d2e24800
Event: 39.080 Thread 0x00007fb3d6656800 Thread exited: 0x00007fb3d6656800


Dynamic libraries:
0x000000000646b000 	/System/Library/Frameworks/Cocoa.framework/Versions/A/Cocoa
0x000000000646b000 	/System/Library/Frameworks/Security.framework/Versions/A/Security
0x000000000646b000 	/System/Library/Frameworks/ApplicationServices.framework/Versions/A/ApplicationServices
0x000000000646b000 	/usr/lib/libz.1.dylib
0x000000000646b000 	/usr/lib/libSystem.B.dylib
0x000000000646b000 	/usr/lib/libobjc.A.dylib
0x000000000646b000 	/System/Library/Frameworks/CoreFoundation.framework/Versions/A/CoreFoundation
0x000000000646b000 	/System/Library/Frameworks/Foundation.framework/Versions/C/Foundation
0x000000000646b000 	/System/Library/Frameworks/AppKit.framework/Versions/C/AppKit
0x000000000646b000 	/System/Library/Frameworks/CoreData.framework/Versions/A/CoreData
0x000000000646b000 	/System/Library/PrivateFrameworks/RemoteViewServices.framework/Versions/A/RemoteViewServices
0x000000000646b000 	/System/Library/PrivateFrameworks/UIFoundation.framework/Versions/A/UIFoundation
0x000000000646b000 	/System/Library/Frameworks/IOSurface.framework/Versions/A/IOSurface
0x000000000646b000 	/System/Library/Frameworks/AudioToolbox.framework/Versions/A/AudioToolbox
0x000000000646b000 	/System/Library/Frameworks/AudioUnit.framework/Versions/A/AudioUnit
0x000000000646b000 	/System/Library/PrivateFrameworks/DataDetectorsCore.framework/Versions/A/DataDetectorsCore
0x000000000646b000 	/System/Library/PrivateFrameworks/DesktopServicesPriv.framework/Versions/A/DesktopServicesPriv
0x000000000646b000 	/System/Library/Frameworks/Carbon.framework/Versions/A/Frameworks/HIToolbox.framework/Versions/A/HIToolbox
0x000000000646b000 	/System/Library/Frameworks/QuartzCore.framework/Versions/A/QuartzCore
0x000000000646b000 	/System/Library/Frameworks/Carbon.framework/Versions/A/Frameworks/SpeechRecognition.framework/Versions/A/SpeechRecognition
0x000000000646b000 	/usr/lib/libauto.dylib
0x000000000646b000 	/usr/lib/libicucore.A.dylib
0x000000000646b000 	/usr/lib/libxml2.2.dylib
0x000000000646b000 	/System/Library/PrivateFrameworks/CoreUI.framework/Versions/A/CoreUI
0x000000000646b000 	/System/Library/Frameworks/CoreAudio.framework/Versions/A/CoreAudio
0x000000000646b000 	/System/Library/Frameworks/DiskArbitration.framework/Versions/A/DiskArbitration
0x000000000646b000 	/usr/lib/liblangid.dylib
0x000000000646b000 	/System/Library/PrivateFrameworks/MultitouchSupport.framework/Versions/A/MultitouchSupport
0x000000000646b000 	/System/Library/Frameworks/IOKit.framework/Versions/A/IOKit
0x000000000646b000 	/usr/lib/libDiagnosticMessagesClient.dylib
0x000000000646b000 	/System/Library/Frameworks/CoreServices.framework/Versions/A/CoreServices
0x000000000646b000 	/System/Library/PrivateFrameworks/PerformanceAnalysis.framework/Versions/A/PerformanceAnalysis
0x000000000646b000 	/System/Library/PrivateFrameworks/GenerationalStorage.framework/Versions/A/GenerationalStorage
0x000000000646b000 	/System/Library/Frameworks/OpenGL.framework/Versions/A/OpenGL
0x000000000646b000 	/System/Library/PrivateFrameworks/Sharing.framework/Versions/A/Sharing
0x000000000646b000 	/System/Library/Frameworks/CoreGraphics.framework/Versions/A/CoreGraphics
0x000000000646b000 	/System/Library/Frameworks/CoreText.framework/Versions/A/CoreText
0x000000000646b000 	/System/Library/Frameworks/ImageIO.framework/Versions/A/ImageIO
0x000000000646b000 	/usr/lib/libextension.dylib
0x000000000646b000 	/System/Library/PrivateFrameworks/Backup.framework/Versions/A/Backup
0x000000000646b000 	/usr/lib/libarchive.2.dylib
0x000000000646b000 	/System/Library/Frameworks/CFNetwork.framework/Versions/A/CFNetwork
0x000000000646b000 	/System/Library/Frameworks/SystemConfiguration.framework/Versions/A/SystemConfiguration
0x000000000646b000 	/usr/lib/libCRFSuite.dylib
0x000000000646b000 	/usr/lib/libc++.1.dylib
0x000000000646b000 	/usr/lib/libc++abi.dylib
0x000000000646b000 	/usr/lib/system/libcache.dylib
0x000000000646b000 	/usr/lib/system/libcommonCrypto.dylib
0x000000000646b000 	/usr/lib/system/libcompiler_rt.dylib
0x000000000646b000 	/usr/lib/system/libcopyfile.dylib
0x000000000646b000 	/usr/lib/system/libcorecrypto.dylib
0x000000000646b000 	/usr/lib/system/libdispatch.dylib
0x000000000646b000 	/usr/lib/system/libdyld.dylib
0x000000000646b000 	/usr/lib/system/libkeymgr.dylib
0x000000000646b000 	/usr/lib/system/liblaunch.dylib
0x000000000646b000 	/usr/lib/system/libmacho.dylib
0x000000000646b000 	/usr/lib/system/libquarantine.dylib
0x000000000646b000 	/usr/lib/system/libremovefile.dylib
0x000000000646b000 	/usr/lib/system/libsystem_asl.dylib
0x000000000646b000 	/usr/lib/system/libsystem_blocks.dylib
0x000000000646b000 	/usr/lib/system/libsystem_c.dylib
0x000000000646b000 	/usr/lib/system/libsystem_configuration.dylib
0x000000000646b000 	/usr/lib/system/libsystem_coreservices.dylib
0x000000000646b000 	/usr/lib/system/libsystem_coretls.dylib
0x000000000646b000 	/usr/lib/system/libsystem_dnssd.dylib
0x000000000646b000 	/usr/lib/system/libsystem_info.dylib
0x000000000646b000 	/usr/lib/system/libsystem_kernel.dylib
0x000000000646b000 	/usr/lib/system/libsystem_m.dylib
0x000000000646b000 	/usr/lib/system/libsystem_malloc.dylib
0x000000000646b000 	/usr/lib/system/libsystem_network.dylib
0x000000000646b000 	/usr/lib/system/libsystem_networkextension.dylib
0x000000000646b000 	/usr/lib/system/libsystem_notify.dylib
0x000000000646b000 	/usr/lib/system/libsystem_platform.dylib
0x000000000646b000 	/usr/lib/system/libsystem_pthread.dylib
0x000000000646b000 	/usr/lib/system/libsystem_sandbox.dylib
0x000000000646b000 	/usr/lib/system/libsystem_secinit.dylib
0x000000000646b000 	/usr/lib/system/libsystem_stats.dylib
0x000000000646b000 	/usr/lib/system/libsystem_trace.dylib
0x000000000646b000 	/usr/lib/system/libunc.dylib
0x000000000646b000 	/usr/lib/system/libunwind.dylib
0x000000000646b000 	/usr/lib/system/libxpc.dylib
0x000000000646b000 	/usr/lib/libbz2.1.0.dylib
0x000000000646b000 	/usr/lib/liblzma.5.dylib
0x000000000646b000 	/usr/lib/libbsm.0.dylib
0x000000000646b000 	/usr/lib/libsqlite3.dylib
0x000000000646b000 	/usr/lib/system/libkxld.dylib
0x000000000646b000 	/usr/lib/libxar.1.dylib
0x000000000646b000 	/usr/lib/libpam.2.dylib
0x000000000646b000 	/usr/lib/libOpenScriptingUtil.dylib
0x000000000646b000 	/System/Library/Frameworks/CoreServices.framework/Versions/A/Frameworks/FSEvents.framework/Versions/A/FSEvents
0x000000000646b000 	/System/Library/Frameworks/CoreServices.framework/Versions/A/Frameworks/CarbonCore.framework/Versions/A/CarbonCore
0x000000000646b000 	/System/Library/Frameworks/CoreServices.framework/Versions/A/Frameworks/Metadata.framework/Versions/A/Metadata
0x000000000646b000 	/System/Library/Frameworks/CoreServices.framework/Versions/A/Frameworks/OSServices.framework/Versions/A/OSServices
0x000000000646b000 	/System/Library/Frameworks/CoreServices.framework/Versions/A/Frameworks/SearchKit.framework/Versions/A/SearchKit
0x000000000646b000 	/System/Library/Frameworks/CoreServices.framework/Versions/A/Frameworks/AE.framework/Versions/A/AE
0x000000000646b000 	/System/Library/Frameworks/CoreServices.framework/Versions/A/Frameworks/LaunchServices.framework/Versions/A/LaunchServices
0x000000000646b000 	/System/Library/Frameworks/CoreServices.framework/Versions/A/Frameworks/DictionaryServices.framework/Versions/A/DictionaryServices
0x000000000646b000 	/System/Library/Frameworks/NetFS.framework/Versions/A/NetFS
0x000000000646b000 	/System/Library/PrivateFrameworks/NetAuth.framework/Versions/A/NetAuth
0x000000000646b000 	/System/Library/PrivateFrameworks/login.framework/Versions/A/Frameworks/loginsupport.framework/Versions/A/loginsupport
0x000000000646b000 	/System/Library/PrivateFrameworks/TCC.framework/Versions/A/TCC
0x000000000646b000 	/usr/lib/libmecabra.dylib
0x000000000646b000 	/System/Library/Frameworks/ApplicationServices.framework/Versions/A/Frameworks/ATS.framework/Versions/A/ATS
0x000000000646b000 	/System/Library/Frameworks/ApplicationServices.framework/Versions/A/Frameworks/ColorSync.framework/Versions/A/ColorSync
0x000000000646b000 	/System/Library/Frameworks/ApplicationServices.framework/Versions/A/Frameworks/HIServices.framework/Versions/A/HIServices
0x000000000646b000 	/System/Library/Frameworks/ApplicationServices.framework/Versions/A/Frameworks/LangAnalysis.framework/Versions/A/LangAnalysis
0x000000000646b000 	/System/Library/Frameworks/ApplicationServices.framework/Versions/A/Frameworks/PrintCore.framework/Versions/A/PrintCore
0x000000000646b000 	/System/Library/Frameworks/ApplicationServices.framework/Versions/A/Frameworks/QD.framework/Versions/A/QD
0x000000000646b000 	/System/Library/Frameworks/ApplicationServices.framework/Versions/A/Frameworks/SpeechSynthesis.framework/Versions/A/SpeechSynthesis
0x000000000646b000 	/System/Library/Frameworks/Accelerate.framework/Versions/A/Accelerate
0x000000000646b000 	/System/Library/Frameworks/Accelerate.framework/Versions/A/Frameworks/vImage.framework/Versions/A/vImage
0x000000000646b000 	/System/Library/Frameworks/Accelerate.framework/Versions/A/Frameworks/vecLib.framework/Versions/A/vecLib
0x000000000646b000 	/System/Library/Frameworks/Accelerate.framework/Versions/A/Frameworks/vecLib.framework/Versions/A/libvDSP.dylib
0x000000000646b000 	/System/Library/Frameworks/Accelerate.framework/Versions/A/Frameworks/vecLib.framework/Versions/A/libvMisc.dylib
0x000000000646b000 	/System/Library/Frameworks/Accelerate.framework/Versions/A/Frameworks/vecLib.framework/Versions/A/libLAPACK.dylib
0x000000000646b000 	/System/Library/Frameworks/Accelerate.framework/Versions/A/Frameworks/vecLib.framework/Versions/A/libBLAS.dylib
0x000000000646b000 	/System/Library/Frameworks/Accelerate.framework/Versions/A/Frameworks/vecLib.framework/Versions/A/libLinearAlgebra.dylib
0x000000000646b000 	/System/Library/Frameworks/ApplicationServices.framework/Versions/A/Frameworks/ATS.framework/Versions/A/Resources/libFontParser.dylib
0x000000000646b000 	/System/Library/Frameworks/ApplicationServices.framework/Versions/A/Frameworks/ATS.framework/Versions/A/Resources/libFontRegistry.dylib
0x000000000646b000 	/System/Library/PrivateFrameworks/AppleVPA.framework/Versions/A/AppleVPA
0x000000000646b000 	/System/Library/PrivateFrameworks/AppleJPEG.framework/Versions/A/AppleJPEG
0x000000000646b000 	/System/Library/Frameworks/ImageIO.framework/Versions/A/Resources/libJPEG.dylib
0x000000000646b000 	/System/Library/Frameworks/ImageIO.framework/Versions/A/Resources/libTIFF.dylib
0x000000000646b000 	/System/Library/Frameworks/ImageIO.framework/Versions/A/Resources/libPng.dylib
0x000000000646b000 	/System/Library/Frameworks/ImageIO.framework/Versions/A/Resources/libGIF.dylib
0x000000000646b000 	/System/Library/Frameworks/ImageIO.framework/Versions/A/Resources/libJP2.dylib
0x000000000646b000 	/System/Library/Frameworks/ImageIO.framework/Versions/A/Resources/libRadiance.dylib
0x000000000646b000 	/System/Library/Frameworks/CoreVideo.framework/Versions/A/CoreVideo
0x000000000646b000 	/System/Library/Frameworks/OpenGL.framework/Versions/A/Libraries/libGLU.dylib
0x000000000646b000 	/System/Library/Frameworks/OpenGL.framework/Versions/A/Libraries/libGFXShared.dylib
0x000000000646b000 	/System/Library/Frameworks/OpenGL.framework/Versions/A/Libraries/libGL.dylib
0x000000000646b000 	/System/Library/Frameworks/OpenGL.framework/Versions/A/Libraries/libGLImage.dylib
0x000000000646b000 	/System/Library/Frameworks/OpenGL.framework/Versions/A/Libraries/libCVMSPluginSupport.dylib
0x000000000646b000 	/System/Library/Frameworks/OpenGL.framework/Versions/A/Libraries/libCoreVMClient.dylib
0x000000000646b000 	/usr/lib/libcups.2.dylib
0x000000000646b000 	/System/Library/Frameworks/Kerberos.framework/Versions/A/Kerberos
0x000000000646b000 	/System/Library/Frameworks/GSS.framework/Versions/A/GSS
0x000000000646b000 	/usr/lib/libresolv.9.dylib
0x000000000646b000 	/usr/lib/libiconv.2.dylib
0x000000000646b000 	/System/Library/PrivateFrameworks/Heimdal.framework/Versions/A/Heimdal
0x000000000646b000 	/usr/lib/libheimdal-asn1.dylib
0x000000000646b000 	/System/Library/Frameworks/OpenDirectory.framework/Versions/A/OpenDirectory
0x000000000646b000 	/System/Library/PrivateFrameworks/CommonAuth.framework/Versions/A/CommonAuth
0x000000000646b000 	/System/Library/Frameworks/OpenDirectory.framework/Versions/A/Frameworks/CFOpenDirectory.framework/Versions/A/CFOpenDirectory
0x000000000646b000 	/System/Library/Frameworks/SecurityFoundation.framework/Versions/A/SecurityFoundation
0x000000000646b000 	/System/Library/PrivateFrameworks/LanguageModeling.framework/Versions/A/LanguageModeling
0x000000000646b000 	/usr/lib/libcmph.dylib
0x000000000646b000 	/System/Library/Frameworks/ServiceManagement.framework/Versions/A/ServiceManagement
0x000000000646b000 	/usr/lib/libxslt.1.dylib
0x000000000646b000 	/System/Library/Frameworks/Carbon.framework/Versions/A/Frameworks/Ink.framework/Versions/A/Ink
0x000000000646b000 	/System/Library/Frameworks/QuartzCore.framework/Versions/A/Frameworks/CoreImage.framework/Versions/A/CoreImage
0x000000000646b000 	/System/Library/PrivateFrameworks/CrashReporterSupport.framework/Versions/A/CrashReporterSupport
0x000000000646b000 	/System/Library/Frameworks/OpenCL.framework/Versions/A/OpenCL
0x000000000646b000 	/System/Library/PrivateFrameworks/FaceCore.framework/Versions/A/FaceCore
0x000000000646b000 	/System/Library/PrivateFrameworks/Ubiquity.framework/Versions/A/Ubiquity
0x000000000646b000 	/System/Library/PrivateFrameworks/IconServices.framework/Versions/A/IconServices
0x000000000646b000 	/System/Library/PrivateFrameworks/ChunkingLibrary.framework/Versions/A/ChunkingLibrary
0x000000000646b000 	/System/Library/PrivateFrameworks/Apple80211.framework/Versions/A/Apple80211
0x000000000646b000 	/System/Library/Frameworks/CoreWLAN.framework/Versions/A/CoreWLAN
0x000000000646b000 	/System/Library/Frameworks/IOBluetooth.framework/Versions/A/IOBluetooth
0x000000000646b000 	/System/Library/PrivateFrameworks/CoreWiFi.framework/Versions/A/CoreWiFi
0x000000000646b000 	/System/Library/Frameworks/CoreBluetooth.framework/Versions/A/CoreBluetooth
0x000000000646b000 	/System/Library/PrivateFrameworks/DebugSymbols.framework/Versions/A/DebugSymbols
0x000000000646b000 	/System/Library/PrivateFrameworks/CoreSymbolication.framework/Versions/A/CoreSymbolication
0x000000000646b000 	/System/Library/PrivateFrameworks/Symbolication.framework/Versions/A/Symbolication
0x000000000646b000 	/System/Library/PrivateFrameworks/SpeechRecognitionCore.framework/Versions/A/SpeechRecognitionCore
0x0000000106e01000 	/Library/Java/JavaVirtualMachines/jdk1.8.0_60.jdk/Contents/Home/jre/lib/server/libjvm.dylib
0x000000000646b000 	/usr/lib/libstdc++.6.dylib
0x0000000107e8d000 	/Library/Java/JavaVirtualMachines/jdk1.8.0_60.jdk/Contents/Home/jre/lib/libverify.dylib
0x0000000107e9b000 	/Library/Java/JavaVirtualMachines/jdk1.8.0_60.jdk/Contents/Home/jre/lib/libjava.dylib
0x0000000107ef1000 	/Library/Java/JavaVirtualMachines/jdk1.8.0_60.jdk/Contents/Home/jre/lib/libzip.dylib
0x000000011c20b000 	/System/Library/Frameworks/JavaVM.framework/Frameworks/JavaRuntimeSupport.framework/JavaRuntimeSupport
0x000000011c223000 	/System/Library/Frameworks/JavaVM.framework/Versions/A/Frameworks/JavaNativeFoundation.framework/Versions/A/JavaNativeFoundation
0x000000011c238000 	/System/Library/Frameworks/JavaVM.framework/Versions/A/JavaVM
0x000000000646b000 	/System/Library/Frameworks/Carbon.framework/Versions/A/Carbon
0x000000011c245000 	/System/Library/PrivateFrameworks/JavaLaunching.framework/Versions/A/JavaLaunching
0x000000000646b000 	/System/Library/Frameworks/Carbon.framework/Versions/A/Frameworks/CommonPanels.framework/Versions/A/CommonPanels
0x000000000646b000 	/System/Library/Frameworks/Carbon.framework/Versions/A/Frameworks/Help.framework/Versions/A/Help
0x000000000646b000 	/System/Library/Frameworks/Carbon.framework/Versions/A/Frameworks/ImageCapture.framework/Versions/A/ImageCapture
0x000000000646b000 	/System/Library/Frameworks/Carbon.framework/Versions/A/Frameworks/OpenScripting.framework/Versions/A/OpenScripting
0x000000000646b000 	/System/Library/Frameworks/Carbon.framework/Versions/A/Frameworks/Print.framework/Versions/A/Print
0x000000000646b000 	/System/Library/Frameworks/Carbon.framework/Versions/A/Frameworks/SecurityHI.framework/Versions/A/SecurityHI
0x000000011e179000 	/Library/Java/JavaVirtualMachines/jdk1.8.0_60.jdk/Contents/Home/jre/lib/libawt.dylib
0x000000011e221000 	/Library/Java/JavaVirtualMachines/jdk1.8.0_60.jdk/Contents/Home/jre/lib/./libmlib_image.dylib
0x000000011e2ed000 	/Library/Java/JavaVirtualMachines/jdk1.8.0_60.jdk/Contents/Home/jre/lib/libawt_lwawt.dylib
0x000000011e3a2000 	/Library/Java/JavaVirtualMachines/jdk1.8.0_60.jdk/Contents/Home/jre/lib/./libosxapp.dylib
0x000000000646b000 	/System/Library/Frameworks/ExceptionHandling.framework/Versions/A/ExceptionHandling
0x000000000646b000 	/System/Library/PrivateFrameworks/CoreServicesInternal.framework/Versions/A/CoreServicesInternal
0x000000000646b000 	/System/Library/PrivateFrameworks/CloudDocs.framework/Versions/A/CloudDocs
0x000000000646b000 	/System/Library/PrivateFrameworks/CoreDuet.framework/Versions/A/CoreDuet
0x000000000646b000 	/System/Library/Frameworks/CloudKit.framework/Versions/A/CloudKit
0x000000000646b000 	/System/Library/PrivateFrameworks/ProtocolBuffer.framework/Versions/A/ProtocolBuffer
0x000000000646b000 	/System/Library/PrivateFrameworks/CoreDuetDaemonProtocol.framework/Versions/A/CoreDuetDaemonProtocol
0x000000000646b000 	/System/Library/PrivateFrameworks/CoreDuetDebugLogging.framework/Versions/A/CoreDuetDebugLogging
0x000000000646b000 	/System/Library/PrivateFrameworks/MMCS.framework/Versions/A/MMCS
0x000000000646b000 	/System/Library/Frameworks/CoreLocation.framework/Versions/A/CoreLocation
0x000000000646b000 	/System/Library/PrivateFrameworks/ProtectedCloudStorage.framework/Versions/A/ProtectedCloudStorage
0x000000000646b000 	/System/Library/PrivateFrameworks/GeoServices.framework/Versions/A/GeoServices
0x000000011fca0000 	/System/Library/Frameworks/CoreGraphics.framework/Versions/A/Resources/libCGCMS.A.dylib
0x0000000120783000 	/System/Library/Frameworks/CoreGraphics.framework/Versions/A/Resources/libRIP.A.dylib
0x00000001209f8000 	/System/Library/Frameworks/CoreGraphics.framework/Versions/A/Resources/libCGXType.A.dylib
0x000000000646b000 	/System/Library/Frameworks/OpenCL.framework/Versions/A/Libraries/libcldcpuengine.dylib
0x000000000646b000 	/System/Library/PrivateFrameworks/DiskImages.framework/Versions/A/DiskImages
0x000000000646b000 	/System/Library/Frameworks/DiscRecording.framework/Versions/A/DiscRecording
0x000000000646b000 	/usr/lib/libcsfde.dylib
0x000000000646b000 	/usr/lib/libcurl.4.dylib
0x000000000646b000 	/System/Library/PrivateFrameworks/MediaKit.framework/Versions/A/MediaKit
0x000000000646b000 	/usr/lib/libCoreStorage.dylib
0x000000000646b000 	/System/Library/PrivateFrameworks/EFILogin.framework/Versions/A/EFILogin
0x000000000646b000 	/usr/lib/libutil.dylib
0x000000000646b000 	/System/Library/PrivateFrameworks/FindMyDevice.framework/Versions/A/FindMyDevice
0x000000000646b000 	/System/Library/Frameworks/LDAP.framework/Versions/A/LDAP
0x000000000646b000 	/usr/lib/libsasl2.2.dylib
0x000000000646b000 	/System/Library/PrivateFrameworks/CoreDaemon.framework/Versions/B/CoreDaemon
0x000000000646b000 	/usr/lib/libcrypto.0.9.8.dylib
0x000000000646b000 	/System/Library/PrivateFrameworks/AppleSRP.framework/Versions/A/AppleSRP
0x000000000646b000 	/System/Library/PrivateFrameworks/TrustEvaluationAgent.framework/Versions/A/TrustEvaluationAgent
0x0000000121468000 	cl_kernels
0x000000012146a000 	/System/Library/Frameworks/OpenCL.framework/Versions/A/Libraries/ImageFormats/unorm8_bgra.dylib
0x0000000121459000 	cl_kernels
0x000000000646b000 	/System/Library/PrivateFrameworks/FamilyControls.framework/Versions/A/FamilyControls
0x000000000646b000 	/System/Library/PrivateFrameworks/CommerceKit.framework/Versions/A/Frameworks/CommerceCore.framework/Versions/A/CommerceCore
0x000000000646b000 	/System/Library/PrivateFrameworks/SystemAdministration.framework/Versions/A/SystemAdministration
0x000000000646b000 	/System/Library/PrivateFrameworks/AppContainer.framework/Versions/A/AppContainer
0x000000000646b000 	/System/Library/PrivateFrameworks/SecCodeWrapper.framework/Versions/A/SecCodeWrapper
0x000000000646b000 	/System/Library/Frameworks/DirectoryService.framework/Versions/A/DirectoryService
0x000000000646b000 	/System/Library/PrivateFrameworks/LoginUIKit.framework/Versions/A/Frameworks/LoginUICore.framework/Versions/A/LoginUICore
0x000000000646b000 	/usr/lib/libodfde.dylib
0x0000000122753000 	/System/Library/Frameworks/OpenGL.framework/Resources/GLEngine.bundle/GLEngine
0x000000000646b000 	/System/Library/Frameworks/OpenGL.framework/Versions/A/Libraries/libGLProgrammability.dylib
0x000000012293e000 	/System/Library/Extensions/AppleIntelHD4000GraphicsGLDriver.bundle/Contents/MacOS/AppleIntelHD4000GraphicsGLDriver
0x000000000646b000 	/System/Library/PrivateFrameworks/IOAccelerator.framework/Versions/A/IOAccelerator
0x000000000646b000 	/System/Library/PrivateFrameworks/GPUSupport.framework/Versions/A/Libraries/libGPUSupportMercury.dylib
0x0000000122f9d000 	/System/Library/Frameworks/OpenGL.framework/Resources//GLRendererFloat.bundle/GLRendererFloat
0x000000012395e000 	/Library/Java/JavaVirtualMachines/jdk1.8.0_60.jdk/Contents/Home/jre/lib/libfontmanager.dylib
0x0000000124be2000 	/Library/Java/JavaVirtualMachines/jdk1.8.0_60.jdk/Contents/Home/jre/lib/libosxui.dylib
0x0000000124e8b000 	/Library/Java/JavaVirtualMachines/jdk1.8.0_60.jdk/Contents/Home/jre/lib/libnet.dylib
0x0000000124c9a000 	/Library/Java/JavaVirtualMachines/jdk1.8.0_60.jdk/Contents/Home/jre/lib/libnio.dylib
0x000000000646b000 	/System/Library/Frameworks/ApplicationServices.framework/Versions/A/Frameworks/ATS.framework/Versions/A/Resources/libTrueTypeScaler.dylib
0x0000000183e33000 	/private/var/folders/kq/rmq3xm_n5gb1c7xnh6sk0dkr0000gn/T/jogamp_0000/file_cache/jln2067899198174944844/jln3215836837160686733/libgluegen-rt.jnilib
0x0000000124caa000 	/private/var/folders/kq/rmq3xm_n5gb1c7xnh6sk0dkr0000gn/T/jogamp_0000/file_cache/jln2067899198174944844/jln3215836837160686733/libnativewindow_awt.jnilib
0x0000000183e37000 	/Library/Java/JavaVirtualMachines/jdk1.8.0_60.jdk/Contents/Home/jre/lib/libjawt.dylib
0x0000000183e3a000 	/private/var/folders/kq/rmq3xm_n5gb1c7xnh6sk0dkr0000gn/T/jogamp_0000/file_cache/jln2067899198174944844/jln3215836837160686733/libnativewindow_macosx.jnilib
0x0000000185d82000 	/private/var/folders/kq/rmq3xm_n5gb1c7xnh6sk0dkr0000gn/T/jogamp_0000/file_cache/jln2067899198174944844/jln3215836837160686733/libjogl_desktop.jnilib
0x000000018b817000 	/Library/Java/JavaVirtualMachines/jdk1.8.0_60.jdk/Contents/Home/jre/lib/libt2k.dylib

VM Arguments:
jvm_args: -Djava.security.policy=java.policy.applet -Dfile.encoding=UTF-8 
java_command: sun.applet.AppletViewer module5.EarthquakeCityMap1443890218295.html
java_class_path (initial): /Users/kishwarkumar/Documents/workspace/UCSDUnfoldingMaps/build:/Users/kishwarkumar/Documents/workspace/UCSDUnfoldingMaps/lib/core.jar:/Users/kishwarkumar/Documents/workspace/UCSDUnfoldingMaps/lib/gluegen-rt.jar:/Users/kishwarkumar/Documents/workspace/UCSDUnfoldingMaps/lib/jogl-all.jar:/Users/kishwarkumar/Documents/workspace/UCSDUnfoldingMaps/lib/log4j-1.2.15.jar:/Users/kishwarkumar/Documents/workspace/UCSDUnfoldingMaps/lib/sqlite-jdbc-3.7.2.jar:/Users/kishwarkumar/Documents/workspace/UCSDUnfoldingMaps/lib/json4processing.jar:/Users/kishwarkumar/Documents/workspace/UCSDUnfoldingMaps/lib/libTUIO.jar:/Users/kishwarkumar/Documents/workspace/UCSDUnfoldingMaps/lib/unfolding.0.9.7-uscd.jar
Launcher Type: SUN_STANDARD

Environment Variables:
PATH=/usr/bin:/bin:/usr/sbin:/sbin
SHELL=/bin/bash
DISPLAY=/private/tmp/com.apple.launchd.aIaLzYblor/org.macosforge.xquartz:0

Signal Handlers:
SIGSEGV: [libjvm.dylib+0x5a6d31], sa_mask[0]=11111111011111110111111111111111, sa_flags=SA_ONSTACK|SA_RESTART|SA_SIGINFO
SIGBUS: [libjvm.dylib+0x5a6d31], sa_mask[0]=11111111011111110111111111111111, sa_flags=SA_RESTART|SA_SIGINFO
SIGFPE: [libjvm.dylib+0x480a4c], sa_mask[0]=11111111011111110111111111111111, sa_flags=SA_RESTART|SA_SIGINFO
SIGPIPE: [libjvm.dylib+0x480a4c], sa_mask[0]=11111111011111110111111111111111, sa_flags=SA_RESTART|SA_SIGINFO
SIGXFSZ: [libjvm.dylib+0x480a4c], sa_mask[0]=11111111011111110111111111111111, sa_flags=SA_RESTART|SA_SIGINFO
SIGILL: [libjvm.dylib+0x480a4c], sa_mask[0]=11111111011111110111111111111111, sa_flags=SA_RESTART|SA_SIGINFO
SIGUSR1: SIG_DFL, sa_mask[0]=00000000000000000000000000000000, sa_flags=none
SIGUSR2: [libjvm.dylib+0x48056a], sa_mask[0]=00100000000000000000000000000000, sa_flags=SA_RESTART|SA_SIGINFO
SIGHUP: [libjvm.dylib+0x47eb41], sa_mask[0]=11111111011111110111111111111111, sa_flags=SA_RESTART|SA_SIGINFO
SIGINT: [libjvm.dylib+0x47eb41], sa_mask[0]=11111111011111110111111111111111, sa_flags=SA_RESTART|SA_SIGINFO
SIGTERM: [libjvm.dylib+0x47eb41], sa_mask[0]=11111111011111110111111111111111, sa_flags=SA_RESTART|SA_SIGINFO
SIGQUIT: [libjvm.dylib+0x47eb41], sa_mask[0]=11111111011111110111111111111111, sa_flags=SA_RESTART|SA_SIGINFO


---------------  S Y S T E M  ---------------

OS:Bsduname:Darwin 14.5.0 Darwin Kernel Version 14.5.0: Wed Jul 29 02:26:53 PDT 2015; root:xnu-2782.40.9~1/RELEASE_X86_64 x86_64
rlimit: STACK 8192k, CORE 0k, NPROC 709, NOFILE 10240, AS infinity
load average:1.62 1.86 1.71

CPU:total 4 (2 cores per cpu, 2 threads per core) family 6 model 58 stepping 9, cmov, cx8, fxsr, mmx, sse, sse2, sse3, ssse3, sse4.1, sse4.2, popcnt, avx, aes, clmul, erms, ht, tsc, tscinvbit, tscinv

Memory: 4k page, physical 4194304k(266800k free)

/proc/meminfo:


vm_info: Java HotSpot(TM) 64-Bit Server VM (25.60-b23) for bsd-amd64 JRE (1.8.0_60-b27), built on Aug  4 2015 10:47:24 by "java_re" with gcc 4.2.1 (Based on Apple Inc. build 5658) (LLVM build 2336.11.00)

time: Sat Oct  3 18:37:37 2015
elapsed time: 39 seconds (0d 0h 0m 39s)

